2014-01-31 15:45:29+0000 [scrapy] INFO: Enabled extensions: LogStats, TelnetConsole, CloseSpider, WebService, CoreStats, MemoryUsage, MemoryDebugger, SpiderState
2014-01-31 15:45:29+0000 [scrapy] INFO: Enabled downloader middlewares: HttpAuthMiddleware, DownloadTimeoutMiddleware, UserAgentMiddleware, RetryMiddleware, DefaultHeadersMiddleware, MetaRefreshMiddleware, HttpCompressionMiddleware, RedirectMiddleware, CookiesMiddleware, ChunkedTransferMiddleware, DownloaderStats
2014-01-31 15:45:29+0000 [scrapy] INFO: Enabled spider middlewares: HttpErrorMiddleware, OffsiteMiddleware, RefererMiddleware, UrlLengthMiddleware, DepthMiddleware
2014-01-31 15:45:29+0000 [scrapy] INFO: Enabled item pipelines: AllPipeline
2014-01-31 15:45:29+0000 [chapmantripp] INFO: Spider opened
2014-01-31 15:45:29+0000 [chapmantripp] INFO: Crawled 0 pages (at 0 pages/min), scraped 0 items (at 0 items/min)
2014-01-31 15:45:42+0000 [scrapy] INFO: Scraped 10 items
2014-01-31 15:46:30+0000 [chapmantripp] INFO: Crawled 48 pages (at 48 pages/min), scraped 13 items (at 13 items/min)
2014-01-31 15:47:29+0000 [chapmantripp] INFO: Crawled 102 pages (at 54 pages/min), scraped 19 items (at 6 items/min)
2014-01-31 15:48:29+0000 [chapmantripp] INFO: Crawled 157 pages (at 55 pages/min), scraped 25 items (at 6 items/min)
2014-01-31 15:49:29+0000 [chapmantripp] INFO: Crawled 206 pages (at 49 pages/min), scraped 32 items (at 7 items/min)
2014-01-31 15:50:29+0000 [chapmantripp] INFO: Crawled 255 pages (at 49 pages/min), scraped 33 items (at 1 items/min)
2014-01-31 15:51:29+0000 [chapmantripp] INFO: Crawled 305 pages (at 50 pages/min), scraped 39 items (at 6 items/min)
2014-01-31 15:52:29+0000 [chapmantripp] INFO: Crawled 356 pages (at 51 pages/min), scraped 40 items (at 1 items/min)
2014-01-31 15:53:30+0000 [chapmantripp] INFO: Crawled 408 pages (at 52 pages/min), scraped 40 items (at 0 items/min)
2014-01-31 15:54:30+0000 [chapmantripp] INFO: Crawled 454 pages (at 46 pages/min), scraped 40 items (at 0 items/min)
2014-01-31 15:55:29+0000 [chapmantripp] INFO: Crawled 502 pages (at 48 pages/min), scraped 45 items (at 5 items/min)
2014-01-31 15:56:30+0000 [chapmantripp] INFO: Crawled 550 pages (at 48 pages/min), scraped 46 items (at 1 items/min)
2014-01-31 15:57:30+0000 [chapmantripp] INFO: Crawled 596 pages (at 46 pages/min), scraped 53 items (at 7 items/min)
2014-01-31 15:58:29+0000 [chapmantripp] INFO: Crawled 641 pages (at 45 pages/min), scraped 57 items (at 4 items/min)
2014-01-31 15:59:29+0000 [chapmantripp] INFO: Crawled 688 pages (at 47 pages/min), scraped 66 items (at 9 items/min)
2014-01-31 16:00:29+0000 [chapmantripp] INFO: Crawled 732 pages (at 44 pages/min), scraped 70 items (at 4 items/min)
2014-01-31 16:01:30+0000 [chapmantripp] INFO: Crawled 776 pages (at 44 pages/min), scraped 72 items (at 2 items/min)
2014-01-31 16:02:29+0000 [chapmantripp] INFO: Crawled 820 pages (at 44 pages/min), scraped 73 items (at 1 items/min)
2014-01-31 16:03:29+0000 [chapmantripp] INFO: Crawled 865 pages (at 45 pages/min), scraped 73 items (at 0 items/min)
2014-01-31 16:04:29+0000 [chapmantripp] INFO: Crawled 913 pages (at 48 pages/min), scraped 73 items (at 0 items/min)
2014-01-31 16:05:30+0000 [chapmantripp] INFO: Crawled 962 pages (at 49 pages/min), scraped 74 items (at 1 items/min)
2014-01-31 16:06:30+0000 [chapmantripp] INFO: Crawled 1006 pages (at 44 pages/min), scraped 77 items (at 3 items/min)
2014-01-31 16:07:32+0000 [chapmantripp] INFO: Crawled 1039 pages (at 33 pages/min), scraped 77 items (at 0 items/min)
2014-01-31 16:08:34+0000 [chapmantripp] INFO: Crawled 1075 pages (at 36 pages/min), scraped 78 items (at 1 items/min)
2014-01-31 16:09:30+0000 [chapmantripp] INFO: Crawled 1113 pages (at 38 pages/min), scraped 78 items (at 0 items/min)
2014-01-31 16:10:29+0000 [chapmantripp] INFO: Crawled 1158 pages (at 45 pages/min), scraped 79 items (at 1 items/min)
2014-01-31 16:11:29+0000 [chapmantripp] INFO: Crawled 1217 pages (at 59 pages/min), scraped 79 items (at 0 items/min)
2014-01-31 16:12:29+0000 [chapmantripp] INFO: Crawled 1279 pages (at 62 pages/min), scraped 79 items (at 0 items/min)
2014-01-31 16:13:29+0000 [chapmantripp] INFO: Crawled 1341 pages (at 62 pages/min), scraped 79 items (at 0 items/min)
2014-01-31 16:14:29+0000 [chapmantripp] INFO: Crawled 1402 pages (at 61 pages/min), scraped 79 items (at 0 items/min)
2014-01-31 16:15:29+0000 [chapmantripp] INFO: Crawled 1462 pages (at 60 pages/min), scraped 79 items (at 0 items/min)
2014-01-31 16:16:29+0000 [chapmantripp] INFO: Crawled 1521 pages (at 59 pages/min), scraped 79 items (at 0 items/min)
2014-01-31 16:17:29+0000 [chapmantripp] INFO: Crawled 1583 pages (at 62 pages/min), scraped 79 items (at 0 items/min)
2014-01-31 16:18:29+0000 [chapmantripp] INFO: Crawled 1638 pages (at 55 pages/min), scraped 79 items (at 0 items/min)
2014-01-31 16:19:30+0000 [chapmantripp] INFO: Crawled 1701 pages (at 63 pages/min), scraped 79 items (at 0 items/min)
2014-01-31 16:20:29+0000 [chapmantripp] INFO: Crawled 1762 pages (at 61 pages/min), scraped 79 items (at 0 items/min)
2014-01-31 16:21:29+0000 [chapmantripp] INFO: Crawled 1822 pages (at 60 pages/min), scraped 79 items (at 0 items/min)
2014-01-31 16:22:30+0000 [chapmantripp] INFO: Crawled 1885 pages (at 63 pages/min), scraped 79 items (at 0 items/min)
2014-01-31 16:23:29+0000 [chapmantripp] INFO: Crawled 1944 pages (at 59 pages/min), scraped 79 items (at 0 items/min)
2014-01-31 16:24:29+0000 [chapmantripp] INFO: Crawled 2005 pages (at 61 pages/min), scraped 79 items (at 0 items/min)
2014-01-31 16:25:29+0000 [chapmantripp] INFO: Crawled 2063 pages (at 58 pages/min), scraped 79 items (at 0 items/min)
2014-01-31 16:26:29+0000 [chapmantripp] INFO: Crawled 2124 pages (at 61 pages/min), scraped 79 items (at 0 items/min)
2014-01-31 16:27:29+0000 [chapmantripp] INFO: Crawled 2185 pages (at 61 pages/min), scraped 79 items (at 0 items/min)
2014-01-31 16:28:29+0000 [chapmantripp] INFO: Crawled 2246 pages (at 61 pages/min), scraped 79 items (at 0 items/min)
2014-01-31 16:29:29+0000 [chapmantripp] INFO: Crawled 2308 pages (at 62 pages/min), scraped 79 items (at 0 items/min)
2014-01-31 16:30:29+0000 [chapmantripp] INFO: Crawled 2364 pages (at 56 pages/min), scraped 79 items (at 0 items/min)
2014-01-31 16:31:30+0000 [chapmantripp] INFO: Crawled 2398 pages (at 34 pages/min), scraped 79 items (at 0 items/min)
2014-01-31 16:32:37+0000 [chapmantripp] INFO: Crawled 2442 pages (at 44 pages/min), scraped 79 items (at 0 items/min)
2014-01-31 16:33:30+0000 [chapmantripp] INFO: Crawled 2486 pages (at 44 pages/min), scraped 79 items (at 0 items/min)
2014-01-31 16:34:29+0000 [chapmantripp] INFO: Crawled 2519 pages (at 33 pages/min), scraped 79 items (at 0 items/min)
2014-01-31 16:35:32+0000 [chapmantripp] INFO: Crawled 2559 pages (at 40 pages/min), scraped 79 items (at 0 items/min)
2014-01-31 16:36:29+0000 [chapmantripp] INFO: Crawled 2615 pages (at 56 pages/min), scraped 79 items (at 0 items/min)
2014-01-31 16:37:36+0000 [chapmantripp] INFO: Crawled 2653 pages (at 38 pages/min), scraped 79 items (at 0 items/min)
2014-01-31 16:38:29+0000 [chapmantripp] INFO: Crawled 2680 pages (at 27 pages/min), scraped 79 items (at 0 items/min)
