2014-01-31 16:30:31+0000 [scrapy] INFO: Enabled extensions: LogStats, TelnetConsole, CloseSpider, WebService, CoreStats, MemoryUsage, MemoryDebugger, SpiderState
2014-01-31 16:30:31+0000 [scrapy] INFO: Enabled downloader middlewares: HttpAuthMiddleware, DownloadTimeoutMiddleware, UserAgentMiddleware, RetryMiddleware, DefaultHeadersMiddleware, MetaRefreshMiddleware, HttpCompressionMiddleware, RedirectMiddleware, CookiesMiddleware, ChunkedTransferMiddleware, DownloaderStats
2014-01-31 16:30:31+0000 [scrapy] INFO: Enabled spider middlewares: HttpErrorMiddleware, OffsiteMiddleware, RefererMiddleware, UrlLengthMiddleware, DepthMiddleware
2014-01-31 16:30:31+0000 [scrapy] INFO: Enabled item pipelines: AllPipeline
2014-01-31 16:30:31+0000 [cavanaghlitigation] INFO: Spider opened
2014-01-31 16:30:31+0000 [cavanaghlitigation] INFO: Crawled 0 pages (at 0 pages/min), scraped 0 items (at 0 items/min)
2014-01-31 16:31:01+0000 [scrapy] INFO: Scraped 10 items
2014-01-31 16:31:31+0000 [cavanaghlitigation] INFO: Crawled 17 pages (at 17 pages/min), scraped 15 items (at 15 items/min)
2014-01-31 16:32:32+0000 [cavanaghlitigation] INFO: Crawled 38 pages (at 21 pages/min), scraped 33 items (at 18 items/min)
2014-01-31 16:33:36+0000 [cavanaghlitigation] INFO: Crawled 59 pages (at 21 pages/min), scraped 54 items (at 21 items/min)
2014-01-31 16:34:31+0000 [cavanaghlitigation] INFO: Crawled 79 pages (at 20 pages/min), scraped 72 items (at 18 items/min)
2014-01-31 16:35:33+0000 [cavanaghlitigation] INFO: Crawled 104 pages (at 25 pages/min), scraped 94 items (at 22 items/min)
2014-01-31 16:36:40+0000 [cavanaghlitigation] INFO: Crawled 118 pages (at 14 pages/min), scraped 106 items (at 12 items/min)
2014-01-31 16:37:39+0000 [cavanaghlitigation] INFO: Crawled 145 pages (at 27 pages/min), scraped 131 items (at 25 items/min)
2014-01-31 16:38:31+0000 [cavanaghlitigation] INFO: Crawled 168 pages (at 23 pages/min), scraped 153 items (at 22 items/min)
2014-01-31 16:39:39+0000 [cavanaghlitigation] INFO: Crawled 194 pages (at 26 pages/min), scraped 177 items (at 24 items/min)
2014-01-31 16:40:31+0000 [cavanaghlitigation] INFO: Crawled 202 pages (at 8 pages/min), scraped 184 items (at 7 items/min)
2014-01-31 16:41:31+0000 [cavanaghlitigation] INFO: Crawled 216 pages (at 14 pages/min), scraped 197 items (at 13 items/min)
2014-01-31 16:42:31+0000 [cavanaghlitigation] INFO: Crawled 233 pages (at 17 pages/min), scraped 213 items (at 16 items/min)
2014-01-31 16:43:32+0000 [cavanaghlitigation] INFO: Crawled 248 pages (at 15 pages/min), scraped 226 items (at 13 items/min)
2014-01-31 16:44:32+0000 [cavanaghlitigation] INFO: Crawled 264 pages (at 16 pages/min), scraped 241 items (at 15 items/min)
2014-01-31 16:45:42+0000 [cavanaghlitigation] INFO: Crawled 281 pages (at 17 pages/min), scraped 256 items (at 15 items/min)
2014-01-31 16:46:34+0000 [cavanaghlitigation] INFO: Crawled 304 pages (at 23 pages/min), scraped 276 items (at 20 items/min)
2014-01-31 16:47:31+0000 [cavanaghlitigation] INFO: Crawled 325 pages (at 21 pages/min), scraped 297 items (at 21 items/min)
2014-01-31 16:48:32+0000 [cavanaghlitigation] INFO: Crawled 335 pages (at 10 pages/min), scraped 305 items (at 8 items/min)
2014-01-31 16:49:35+0000 [cavanaghlitigation] INFO: Crawled 357 pages (at 22 pages/min), scraped 325 items (at 20 items/min)
2014-01-31 16:50:38+0000 [cavanaghlitigation] INFO: Crawled 381 pages (at 24 pages/min), scraped 347 items (at 22 items/min)
2014-01-31 16:51:31+0000 [cavanaghlitigation] INFO: Crawled 383 pages (at 2 pages/min), scraped 349 items (at 2 items/min)
2014-01-31 16:52:33+0000 [cavanaghlitigation] INFO: Crawled 414 pages (at 31 pages/min), scraped 377 items (at 28 items/min)
2014-01-31 16:53:31+0000 [cavanaghlitigation] INFO: Crawled 436 pages (at 22 pages/min), scraped 398 items (at 21 items/min)
2014-01-31 16:54:36+0000 [cavanaghlitigation] INFO: Crawled 447 pages (at 11 pages/min), scraped 407 items (at 9 items/min)
2014-01-31 16:55:32+0000 [cavanaghlitigation] INFO: Crawled 478 pages (at 31 pages/min), scraped 436 items (at 29 items/min)
2014-01-31 16:56:31+0000 [cavanaghlitigation] INFO: Crawled 483 pages (at 5 pages/min), scraped 440 items (at 4 items/min)
2014-01-31 16:57:35+0000 [cavanaghlitigation] INFO: Crawled 499 pages (at 16 pages/min), scraped 454 items (at 14 items/min)
2014-01-31 16:58:31+0000 [cavanaghlitigation] INFO: Crawled 515 pages (at 16 pages/min), scraped 470 items (at 16 items/min)
2014-01-31 16:59:31+0000 [cavanaghlitigation] INFO: Crawled 526 pages (at 11 pages/min), scraped 480 items (at 10 items/min)
2014-01-31 17:00:38+0000 [cavanaghlitigation] INFO: Crawled 539 pages (at 13 pages/min), scraped 491 items (at 11 items/min)
2014-01-31 17:01:37+0000 [cavanaghlitigation] INFO: Crawled 561 pages (at 22 pages/min), scraped 513 items (at 22 items/min)
2014-01-31 17:02:32+0000 [cavanaghlitigation] INFO: Crawled 567 pages (at 6 pages/min), scraped 519 items (at 6 items/min)
2014-01-31 17:03:33+0000 [cavanaghlitigation] INFO: Crawled 583 pages (at 16 pages/min), scraped 535 items (at 16 items/min)
2014-01-31 17:04:39+0000 [cavanaghlitigation] INFO: Crawled 598 pages (at 15 pages/min), scraped 551 items (at 16 items/min)
2014-01-31 17:05:31+0000 [cavanaghlitigation] INFO: Crawled 607 pages (at 9 pages/min), scraped 560 items (at 9 items/min)
2014-01-31 17:06:31+0000 [cavanaghlitigation] INFO: Crawled 615 pages (at 8 pages/min), scraped 568 items (at 8 items/min)
2014-01-31 17:07:38+0000 [cavanaghlitigation] INFO: Crawled 629 pages (at 14 pages/min), scraped 581 items (at 13 items/min)
2014-01-31 17:08:37+0000 [cavanaghlitigation] INFO: Crawled 643 pages (at 14 pages/min), scraped 596 items (at 15 items/min)
2014-01-31 17:09:31+0000 [cavanaghlitigation] INFO: Crawled 649 pages (at 6 pages/min), scraped 602 items (at 6 items/min)
2014-01-31 17:10:37+0000 [cavanaghlitigation] INFO: Crawled 674 pages (at 25 pages/min), scraped 626 items (at 24 items/min)
2014-01-31 17:11:31+0000 [cavanaghlitigation] INFO: Crawled 678 pages (at 4 pages/min), scraped 631 items (at 5 items/min)
2014-01-31 17:12:38+0000 [cavanaghlitigation] INFO: Crawled 706 pages (at 28 pages/min), scraped 659 items (at 28 items/min)
2014-01-31 17:13:31+0000 [cavanaghlitigation] INFO: Crawled 712 pages (at 6 pages/min), scraped 664 items (at 5 items/min)
2014-01-31 17:13:56+0000 [cavanaghlitigation] INFO: Closing spider (finished)
2014-01-31 17:13:56+0000 [cavanaghlitigation] INFO: Dumping Scrapy stats:
	{'downloader/request_bytes': 200025,
	 'downloader/request_count': 725,
	 'downloader/request_method_count/GET': 725,
	 'downloader/response_bytes': 7142611,
	 'downloader/response_count': 725,
	 'downloader/response_status_count/200': 725,
	 'finish_reason': 'finished',
	 'finish_time': datetime.datetime(2014, 1, 31, 17, 13, 56, 466101),
	 'item_scraped_count': 678,
	 'memdebug/gc_garbage_count': 0,
	 'memdebug/live_refs/SpiderAll': 1,
	 'memusage/max': 84811776,
	 'memusage/startup': 44466176,
	 'request_depth_max': 49,
	 'response_received_count': 725,
	 'scheduler/dequeued': 725,
	 'scheduler/dequeued/disk': 725,
	 'scheduler/enqueued': 725,
	 'scheduler/enqueued/disk': 725,
	 'start_time': datetime.datetime(2014, 1, 31, 16, 30, 31, 422477)}
2014-01-31 17:13:56+0000 [cavanaghlitigation] INFO: Spider closed (finished)
