2014-01-31 17:23:39+0000 [scrapy] INFO: Enabled extensions: LogStats, TelnetConsole, CloseSpider, WebService, CoreStats, MemoryUsage, MemoryDebugger, SpiderState
2014-01-31 17:23:39+0000 [scrapy] INFO: Enabled downloader middlewares: HttpAuthMiddleware, DownloadTimeoutMiddleware, UserAgentMiddleware, RetryMiddleware, DefaultHeadersMiddleware, MetaRefreshMiddleware, HttpCompressionMiddleware, RedirectMiddleware, CookiesMiddleware, ChunkedTransferMiddleware, DownloaderStats
2014-01-31 17:23:39+0000 [scrapy] INFO: Enabled spider middlewares: HttpErrorMiddleware, OffsiteMiddleware, RefererMiddleware, UrlLengthMiddleware, DepthMiddleware
2014-01-31 17:23:39+0000 [scrapy] INFO: Enabled item pipelines: AllPipeline
2014-01-31 17:23:39+0000 [wynnwilliams] INFO: Spider opened
2014-01-31 17:23:39+0000 [wynnwilliams] INFO: Crawled 0 pages (at 0 pages/min), scraped 0 items (at 0 items/min)
2014-01-31 17:23:53+0000 [scrapy] INFO: Scraped 10 items
2014-01-31 17:24:42+0000 [wynnwilliams] INFO: Crawled 46 pages (at 46 pages/min), scraped 11 items (at 11 items/min)
2014-01-31 17:25:42+0000 [wynnwilliams] INFO: Crawled 62 pages (at 16 pages/min), scraped 11 items (at 0 items/min)
2014-01-31 17:26:39+0000 [wynnwilliams] INFO: Crawled 118 pages (at 56 pages/min), scraped 11 items (at 0 items/min)
2014-01-31 17:27:40+0000 [wynnwilliams] INFO: Crawled 175 pages (at 57 pages/min), scraped 11 items (at 0 items/min)
2014-01-31 17:28:43+0000 [wynnwilliams] INFO: Crawled 185 pages (at 10 pages/min), scraped 11 items (at 0 items/min)
2014-01-31 17:29:40+0000 [wynnwilliams] INFO: Crawled 224 pages (at 39 pages/min), scraped 11 items (at 0 items/min)
2014-01-31 17:30:44+0000 [wynnwilliams] INFO: Crawled 234 pages (at 10 pages/min), scraped 11 items (at 0 items/min)
2014-01-31 17:31:39+0000 [wynnwilliams] INFO: Crawled 264 pages (at 30 pages/min), scraped 11 items (at 0 items/min)
2014-01-31 17:32:43+0000 [wynnwilliams] INFO: Crawled 277 pages (at 13 pages/min), scraped 19 items (at 8 items/min)
2014-01-31 17:33:39+0000 [wynnwilliams] INFO: Crawled 299 pages (at 22 pages/min), scraped 41 items (at 22 items/min)
2014-01-31 17:34:48+0000 [wynnwilliams] INFO: Crawled 318 pages (at 19 pages/min), scraped 59 items (at 18 items/min)
2014-01-31 17:35:39+0000 [wynnwilliams] INFO: Crawled 332 pages (at 14 pages/min), scraped 74 items (at 15 items/min)
2014-01-31 17:36:43+0000 [wynnwilliams] INFO: Crawled 357 pages (at 25 pages/min), scraped 99 items (at 25 items/min)
2014-01-31 17:37:39+0000 [wynnwilliams] INFO: Crawled 371 pages (at 14 pages/min), scraped 113 items (at 14 items/min)
2014-01-31 17:38:17+0000 [wynnwilliams] INFO: Closing spider (finished)
2014-01-31 17:38:17+0000 [wynnwilliams] INFO: Dumping Scrapy stats:
	{'downloader/request_bytes': 182634,
	 'downloader/request_count': 405,
	 'downloader/request_method_count/GET': 405,
	 'downloader/response_bytes': 14557058,
	 'downloader/response_count': 405,
	 'downloader/response_status_count/200': 405,
	 'finish_reason': 'finished',
	 'finish_time': datetime.datetime(2014, 1, 31, 17, 38, 17, 644810),
	 'item_scraped_count': 147,
	 'memdebug/gc_garbage_count': 0,
	 'memdebug/live_refs/SpiderAll': 1,
	 'memusage/max': 68100096,
	 'memusage/startup': 44470272,
	 'request_depth_max': 1,
	 'response_received_count': 405,
	 'scheduler/dequeued': 405,
	 'scheduler/dequeued/disk': 405,
	 'scheduler/enqueued': 405,
	 'scheduler/enqueued/disk': 405,
	 'start_time': datetime.datetime(2014, 1, 31, 17, 23, 39, 735781)}
2014-01-31 17:38:17+0000 [wynnwilliams] INFO: Spider closed (finished)
