2014-01-31 17:46:42+0000 [scrapy] INFO: Enabled extensions: LogStats, TelnetConsole, CloseSpider, WebService, CoreStats, MemoryUsage, MemoryDebugger, SpiderState
2014-01-31 17:46:43+0000 [scrapy] INFO: Enabled downloader middlewares: HttpAuthMiddleware, DownloadTimeoutMiddleware, UserAgentMiddleware, RetryMiddleware, DefaultHeadersMiddleware, MetaRefreshMiddleware, HttpCompressionMiddleware, RedirectMiddleware, CookiesMiddleware, ChunkedTransferMiddleware, DownloaderStats
2014-01-31 17:46:43+0000 [scrapy] INFO: Enabled spider middlewares: HttpErrorMiddleware, OffsiteMiddleware, RefererMiddleware, UrlLengthMiddleware, DepthMiddleware
2014-01-31 17:46:43+0000 [scrapy] INFO: Enabled item pipelines: AllPipeline
2014-01-31 17:46:43+0000 [12kingsbenchnews] INFO: Spider opened
2014-01-31 17:46:43+0000 [12kingsbenchnews] INFO: Crawled 0 pages (at 0 pages/min), scraped 0 items (at 0 items/min)
2014-01-31 17:46:54+0000 [scrapy] INFO: Scraped 10 items
2014-01-31 17:47:26+0000 [12kingsbenchnews] INFO: Closing spider (finished)
2014-01-31 17:47:27+0000 [12kingsbenchnews] INFO: Dumping Scrapy stats:
	{'downloader/request_bytes': 8746,
	 'downloader/request_count': 26,
	 'downloader/request_method_count/GET': 26,
	 'downloader/response_bytes': 550443,
	 'downloader/response_count': 26,
	 'downloader/response_status_count/200': 25,
	 'downloader/response_status_count/301': 1,
	 'finish_reason': 'finished',
	 'finish_time': datetime.datetime(2014, 1, 31, 17, 47, 26, 552149),
	 'item_scraped_count': 25,
	 'memdebug/gc_garbage_count': 0,
	 'memdebug/live_refs/SpiderAll': 1,
	 'memusage/max': 44470272,
	 'memusage/startup': 44470272,
	 'request_depth_max': 3,
	 'response_received_count': 25,
	 'scheduler/dequeued': 26,
	 'scheduler/dequeued/disk': 26,
	 'scheduler/enqueued': 26,
	 'scheduler/enqueued/disk': 26,
	 'start_time': datetime.datetime(2014, 1, 31, 17, 46, 43, 54811)}
2014-01-31 17:47:27+0000 [12kingsbenchnews] INFO: Spider closed (finished)
