2014-01-31 17:51:01+0000 [scrapy] INFO: Enabled extensions: LogStats, TelnetConsole, CloseSpider, WebService, CoreStats, MemoryUsage, MemoryDebugger, SpiderState
2014-01-31 17:51:02+0000 [scrapy] INFO: Enabled downloader middlewares: HttpAuthMiddleware, DownloadTimeoutMiddleware, UserAgentMiddleware, RetryMiddleware, DefaultHeadersMiddleware, MetaRefreshMiddleware, HttpCompressionMiddleware, RedirectMiddleware, CookiesMiddleware, ChunkedTransferMiddleware, DownloaderStats
2014-01-31 17:51:02+0000 [scrapy] INFO: Enabled spider middlewares: HttpErrorMiddleware, OffsiteMiddleware, RefererMiddleware, UrlLengthMiddleware, DepthMiddleware
2014-01-31 17:51:02+0000 [scrapy] INFO: Enabled item pipelines: AllPipeline
2014-01-31 17:51:02+0000 [hailshamchambers] INFO: Spider opened
2014-01-31 17:51:02+0000 [hailshamchambers] INFO: Crawled 0 pages (at 0 pages/min), scraped 0 items (at 0 items/min)
2014-01-31 17:51:12+0000 [scrapy] INFO: Scraped 10 items
2014-01-31 17:52:02+0000 [hailshamchambers] INFO: Crawled 53 pages (at 53 pages/min), scraped 12 items (at 12 items/min)
2014-01-31 17:53:02+0000 [hailshamchambers] INFO: Crawled 115 pages (at 62 pages/min), scraped 12 items (at 0 items/min)
2014-01-31 17:54:02+0000 [hailshamchambers] INFO: Crawled 173 pages (at 58 pages/min), scraped 12 items (at 0 items/min)
2014-01-31 17:55:03+0000 [hailshamchambers] INFO: Crawled 204 pages (at 31 pages/min), scraped 12 items (at 0 items/min)
2014-01-31 17:56:02+0000 [hailshamchambers] INFO: Crawled 230 pages (at 26 pages/min), scraped 12 items (at 0 items/min)
2014-01-31 17:57:02+0000 [hailshamchambers] INFO: Crawled 289 pages (at 59 pages/min), scraped 13 items (at 1 items/min)
2014-01-31 17:58:03+0000 [hailshamchambers] INFO: Crawled 321 pages (at 32 pages/min), scraped 13 items (at 0 items/min)
2014-01-31 17:59:02+0000 [hailshamchambers] INFO: Crawled 339 pages (at 18 pages/min), scraped 13 items (at 0 items/min)
2014-01-31 18:00:02+0000 [hailshamchambers] INFO: Crawled 388 pages (at 49 pages/min), scraped 13 items (at 0 items/min)
2014-01-31 18:01:03+0000 [hailshamchambers] INFO: Crawled 400 pages (at 12 pages/min), scraped 13 items (at 0 items/min)
2014-01-31 18:02:02+0000 [hailshamchambers] INFO: Crawled 441 pages (at 41 pages/min), scraped 17 items (at 4 items/min)
2014-01-31 18:03:03+0000 [hailshamchambers] INFO: Crawled 483 pages (at 42 pages/min), scraped 54 items (at 37 items/min)
2014-01-31 18:04:02+0000 [hailshamchambers] INFO: Crawled 503 pages (at 20 pages/min), scraped 69 items (at 15 items/min)
2014-01-31 18:05:02+0000 [hailshamchambers] INFO: Crawled 551 pages (at 48 pages/min), scraped 86 items (at 17 items/min)
2014-01-31 18:06:02+0000 [hailshamchambers] INFO: Crawled 582 pages (at 31 pages/min), scraped 104 items (at 18 items/min)
2014-01-31 18:07:04+0000 [hailshamchambers] INFO: Crawled 603 pages (at 21 pages/min), scraped 113 items (at 9 items/min)
2014-01-31 18:08:03+0000 [hailshamchambers] INFO: Crawled 633 pages (at 30 pages/min), scraped 127 items (at 14 items/min)
2014-01-31 18:08:59+0000 [hailshamchambers] INFO: Closing spider (finished)
2014-01-31 18:09:00+0000 [hailshamchambers] INFO: Dumping Scrapy stats:
	{'downloader/request_bytes': 290895,
	 'downloader/request_count': 709,
	 'downloader/request_method_count/GET': 709,
	 'downloader/response_bytes': 17304296,
	 'downloader/response_count': 709,
	 'downloader/response_status_count/200': 522,
	 'downloader/response_status_count/301': 1,
	 'downloader/response_status_count/302': 62,
	 'downloader/response_status_count/404': 124,
	 'finish_reason': 'finished',
	 'finish_time': datetime.datetime(2014, 1, 31, 18, 8, 59, 468501),
	 'item_scraped_count': 140,
	 'memdebug/gc_garbage_count': 0,
	 'memdebug/live_refs/SpiderAll': 1,
	 'memusage/max': 84369408,
	 'memusage/startup': 44482560,
	 'request_depth_max': 9,
	 'response_received_count': 646,
	 'scheduler/dequeued': 709,
	 'scheduler/dequeued/disk': 709,
	 'scheduler/enqueued': 709,
	 'scheduler/enqueued/disk': 709,
	 'start_time': datetime.datetime(2014, 1, 31, 17, 51, 2, 284499)}
2014-01-31 18:09:00+0000 [hailshamchambers] INFO: Spider closed (finished)
