2014-01-27 00:49:52+0000 [scrapy] INFO: Enabled extensions: LogStats, TelnetConsole, CloseSpider, WebService, CoreStats, MemoryUsage, MemoryDebugger, SpiderState
2014-01-27 00:49:52+0000 [scrapy] INFO: Enabled downloader middlewares: HttpAuthMiddleware, DownloadTimeoutMiddleware, UserAgentMiddleware, RetryMiddleware, DefaultHeadersMiddleware, MetaRefreshMiddleware, HttpCompressionMiddleware, RedirectMiddleware, CookiesMiddleware, ChunkedTransferMiddleware, DownloaderStats
2014-01-27 00:49:52+0000 [scrapy] INFO: Enabled spider middlewares: HttpErrorMiddleware, OffsiteMiddleware, RefererMiddleware, UrlLengthMiddleware, DepthMiddleware
2014-01-27 00:49:52+0000 [scrapy] INFO: Enabled item pipelines: AllPipeline
2014-01-27 00:49:52+0000 [allens] INFO: Spider opened
2014-01-27 00:49:52+0000 [allens] INFO: Crawled 0 pages (at 0 pages/min), scraped 0 items (at 0 items/min)
2014-01-27 00:50:52+0000 [allens] INFO: Crawled 47 pages (at 47 pages/min), scraped 1 items (at 1 items/min)
2014-01-27 00:51:52+0000 [allens] INFO: Crawled 99 pages (at 52 pages/min), scraped 1 items (at 0 items/min)
2014-01-27 00:52:52+0000 [allens] INFO: Crawled 154 pages (at 55 pages/min), scraped 1 items (at 0 items/min)
2014-01-27 00:53:52+0000 [allens] INFO: Crawled 216 pages (at 62 pages/min), scraped 1 items (at 0 items/min)
2014-01-27 00:54:52+0000 [allens] INFO: Crawled 256 pages (at 40 pages/min), scraped 1 items (at 0 items/min)
2014-01-27 00:55:52+0000 [allens] INFO: Crawled 305 pages (at 49 pages/min), scraped 1 items (at 0 items/min)
2014-01-27 00:56:52+0000 [allens] INFO: Crawled 352 pages (at 47 pages/min), scraped 1 items (at 0 items/min)
2014-01-27 00:57:52+0000 [allens] INFO: Crawled 395 pages (at 43 pages/min), scraped 1 items (at 0 items/min)
2014-01-27 00:58:52+0000 [allens] INFO: Crawled 438 pages (at 43 pages/min), scraped 1 items (at 0 items/min)
2014-01-27 00:59:52+0000 [allens] INFO: Crawled 480 pages (at 42 pages/min), scraped 1 items (at 0 items/min)
2014-01-27 01:00:52+0000 [allens] INFO: Crawled 522 pages (at 42 pages/min), scraped 1 items (at 0 items/min)
2014-01-27 01:01:52+0000 [allens] INFO: Crawled 568 pages (at 46 pages/min), scraped 1 items (at 0 items/min)
2014-01-27 01:02:52+0000 [allens] INFO: Crawled 618 pages (at 50 pages/min), scraped 1 items (at 0 items/min)
2014-01-27 01:03:52+0000 [allens] INFO: Crawled 663 pages (at 45 pages/min), scraped 1 items (at 0 items/min)
2014-01-27 01:04:52+0000 [allens] INFO: Crawled 711 pages (at 48 pages/min), scraped 1 items (at 0 items/min)
2014-01-27 01:05:52+0000 [allens] INFO: Crawled 742 pages (at 31 pages/min), scraped 1 items (at 0 items/min)
2014-01-27 01:06:52+0000 [allens] INFO: Crawled 790 pages (at 48 pages/min), scraped 1 items (at 0 items/min)
2014-01-27 01:07:52+0000 [allens] INFO: Crawled 836 pages (at 46 pages/min), scraped 1 items (at 0 items/min)
2014-01-27 01:08:52+0000 [allens] INFO: Crawled 886 pages (at 50 pages/min), scraped 1 items (at 0 items/min)
2014-01-27 01:09:52+0000 [allens] INFO: Crawled 940 pages (at 54 pages/min), scraped 1 items (at 0 items/min)
2014-01-27 01:10:52+0000 [allens] INFO: Crawled 991 pages (at 51 pages/min), scraped 1 items (at 0 items/min)
2014-01-27 01:11:52+0000 [allens] INFO: Crawled 1038 pages (at 47 pages/min), scraped 1 items (at 0 items/min)
2014-01-27 01:12:52+0000 [allens] INFO: Crawled 1086 pages (at 48 pages/min), scraped 1 items (at 0 items/min)
2014-01-27 01:13:52+0000 [allens] INFO: Crawled 1134 pages (at 48 pages/min), scraped 1 items (at 0 items/min)
2014-01-27 01:14:52+0000 [allens] INFO: Crawled 1189 pages (at 55 pages/min), scraped 1 items (at 0 items/min)
2014-01-27 01:15:52+0000 [allens] INFO: Crawled 1236 pages (at 47 pages/min), scraped 1 items (at 0 items/min)
2014-01-27 01:16:52+0000 [allens] INFO: Crawled 1286 pages (at 50 pages/min), scraped 1 items (at 0 items/min)
2014-01-27 01:17:52+0000 [allens] INFO: Crawled 1334 pages (at 48 pages/min), scraped 1 items (at 0 items/min)
2014-01-27 01:18:52+0000 [allens] INFO: Crawled 1383 pages (at 49 pages/min), scraped 1 items (at 0 items/min)
2014-01-27 01:19:52+0000 [allens] INFO: Crawled 1442 pages (at 59 pages/min), scraped 1 items (at 0 items/min)
2014-01-27 01:20:52+0000 [allens] INFO: Crawled 1486 pages (at 44 pages/min), scraped 1 items (at 0 items/min)
2014-01-27 01:21:52+0000 [allens] INFO: Crawled 1544 pages (at 58 pages/min), scraped 1 items (at 0 items/min)
2014-01-27 01:22:52+0000 [allens] INFO: Crawled 1596 pages (at 52 pages/min), scraped 1 items (at 0 items/min)
2014-01-27 01:23:52+0000 [allens] INFO: Crawled 1652 pages (at 56 pages/min), scraped 1 items (at 0 items/min)
2014-01-27 01:24:52+0000 [allens] INFO: Crawled 1700 pages (at 48 pages/min), scraped 1 items (at 0 items/min)
2014-01-27 01:25:52+0000 [allens] INFO: Crawled 1740 pages (at 40 pages/min), scraped 1 items (at 0 items/min)
2014-01-27 01:26:52+0000 [allens] INFO: Crawled 1793 pages (at 53 pages/min), scraped 1 items (at 0 items/min)
2014-01-27 01:27:52+0000 [allens] INFO: Crawled 1830 pages (at 37 pages/min), scraped 1 items (at 0 items/min)
2014-01-27 01:28:52+0000 [allens] INFO: Crawled 1869 pages (at 39 pages/min), scraped 1 items (at 0 items/min)
2014-01-27 01:29:52+0000 [allens] INFO: Crawled 1912 pages (at 43 pages/min), scraped 1 items (at 0 items/min)
2014-01-27 01:30:52+0000 [allens] INFO: Crawled 1963 pages (at 51 pages/min), scraped 1 items (at 0 items/min)
2014-01-27 01:31:52+0000 [allens] INFO: Crawled 2021 pages (at 58 pages/min), scraped 1 items (at 0 items/min)
2014-01-27 01:32:52+0000 [allens] INFO: Crawled 2076 pages (at 55 pages/min), scraped 1 items (at 0 items/min)
2014-01-27 01:33:52+0000 [allens] INFO: Crawled 2115 pages (at 39 pages/min), scraped 1 items (at 0 items/min)
2014-01-27 01:34:52+0000 [allens] INFO: Crawled 2159 pages (at 44 pages/min), scraped 1 items (at 0 items/min)
