2014-01-27 05:13:55+0000 [scrapy] INFO: Enabled extensions: LogStats, TelnetConsole, CloseSpider, WebService, CoreStats, MemoryUsage, MemoryDebugger, SpiderState
2014-01-27 05:13:55+0000 [scrapy] INFO: Enabled downloader middlewares: HttpAuthMiddleware, DownloadTimeoutMiddleware, UserAgentMiddleware, RetryMiddleware, DefaultHeadersMiddleware, MetaRefreshMiddleware, HttpCompressionMiddleware, RedirectMiddleware, CookiesMiddleware, ChunkedTransferMiddleware, DownloaderStats
2014-01-27 05:13:55+0000 [scrapy] INFO: Enabled spider middlewares: HttpErrorMiddleware, OffsiteMiddleware, RefererMiddleware, UrlLengthMiddleware, DepthMiddleware
2014-01-27 05:13:55+0000 [scrapy] INFO: Enabled item pipelines: AllPipeline
2014-01-27 05:13:55+0000 [rpcblog] INFO: Spider opened
2014-01-27 05:13:55+0000 [rpcblog] INFO: Crawled 0 pages (at 0 pages/min), scraped 0 items (at 0 items/min)
2014-01-27 05:14:06+0000 [scrapy] INFO: Scraped 10 items
2014-01-27 05:14:55+0000 [rpcblog] INFO: Crawled 58 pages (at 58 pages/min), scraped 58 items (at 58 items/min)
2014-01-27 05:15:55+0000 [rpcblog] INFO: Crawled 116 pages (at 58 pages/min), scraped 116 items (at 58 items/min)
2014-01-27 05:16:55+0000 [rpcblog] INFO: Crawled 172 pages (at 56 pages/min), scraped 172 items (at 56 items/min)
2014-01-27 05:17:55+0000 [rpcblog] INFO: Crawled 226 pages (at 54 pages/min), scraped 226 items (at 54 items/min)
2014-01-27 05:18:55+0000 [rpcblog] INFO: Crawled 280 pages (at 54 pages/min), scraped 276 items (at 50 items/min)
2014-01-27 05:19:55+0000 [rpcblog] INFO: Crawled 335 pages (at 55 pages/min), scraped 331 items (at 55 items/min)
2014-01-27 05:20:55+0000 [rpcblog] INFO: Crawled 392 pages (at 57 pages/min), scraped 388 items (at 57 items/min)
2014-01-27 05:21:55+0000 [rpcblog] INFO: Crawled 448 pages (at 56 pages/min), scraped 444 items (at 56 items/min)
2014-01-27 05:22:55+0000 [rpcblog] INFO: Crawled 502 pages (at 54 pages/min), scraped 498 items (at 54 items/min)
2014-01-27 05:23:55+0000 [rpcblog] INFO: Crawled 558 pages (at 56 pages/min), scraped 554 items (at 56 items/min)
2014-01-27 05:24:55+0000 [rpcblog] INFO: Crawled 616 pages (at 58 pages/min), scraped 612 items (at 58 items/min)
2014-01-27 05:25:55+0000 [rpcblog] INFO: Crawled 676 pages (at 60 pages/min), scraped 672 items (at 60 items/min)
2014-01-27 05:26:55+0000 [rpcblog] INFO: Crawled 736 pages (at 60 pages/min), scraped 732 items (at 60 items/min)
2014-01-27 05:27:55+0000 [rpcblog] INFO: Crawled 795 pages (at 59 pages/min), scraped 791 items (at 59 items/min)
2014-01-27 05:28:55+0000 [rpcblog] INFO: Crawled 851 pages (at 56 pages/min), scraped 847 items (at 56 items/min)
2014-01-27 05:29:55+0000 [rpcblog] INFO: Crawled 909 pages (at 58 pages/min), scraped 905 items (at 58 items/min)
2014-01-27 05:30:55+0000 [rpcblog] INFO: Crawled 971 pages (at 62 pages/min), scraped 967 items (at 62 items/min)
2014-01-27 05:31:55+0000 [rpcblog] INFO: Crawled 1033 pages (at 62 pages/min), scraped 1029 items (at 62 items/min)
2014-01-27 05:32:55+0000 [rpcblog] INFO: Crawled 1100 pages (at 67 pages/min), scraped 1096 items (at 67 items/min)
2014-01-27 05:33:55+0000 [rpcblog] INFO: Crawled 1162 pages (at 62 pages/min), scraped 1158 items (at 62 items/min)
2014-01-27 05:34:55+0000 [rpcblog] INFO: Crawled 1226 pages (at 64 pages/min), scraped 1222 items (at 64 items/min)
2014-01-27 05:35:55+0000 [rpcblog] INFO: Crawled 1289 pages (at 63 pages/min), scraped 1285 items (at 63 items/min)
2014-01-27 05:36:55+0000 [rpcblog] INFO: Crawled 1353 pages (at 64 pages/min), scraped 1349 items (at 64 items/min)
2014-01-27 05:37:55+0000 [rpcblog] INFO: Crawled 1408 pages (at 55 pages/min), scraped 1404 items (at 55 items/min)
2014-01-27 05:38:55+0000 [rpcblog] INFO: Crawled 1469 pages (at 61 pages/min), scraped 1465 items (at 61 items/min)
2014-01-27 05:39:55+0000 [rpcblog] INFO: Crawled 1526 pages (at 57 pages/min), scraped 1522 items (at 57 items/min)
2014-01-27 05:40:55+0000 [rpcblog] INFO: Crawled 1588 pages (at 62 pages/min), scraped 1584 items (at 62 items/min)
2014-01-27 05:41:55+0000 [rpcblog] INFO: Crawled 1649 pages (at 61 pages/min), scraped 1645 items (at 61 items/min)
2014-01-27 05:42:55+0000 [rpcblog] INFO: Crawled 1711 pages (at 62 pages/min), scraped 1707 items (at 62 items/min)
2014-01-27 05:43:55+0000 [rpcblog] INFO: Crawled 1770 pages (at 59 pages/min), scraped 1766 items (at 59 items/min)
2014-01-27 05:44:55+0000 [rpcblog] INFO: Crawled 1830 pages (at 60 pages/min), scraped 1826 items (at 60 items/min)
2014-01-27 05:45:55+0000 [rpcblog] INFO: Crawled 1893 pages (at 63 pages/min), scraped 1889 items (at 63 items/min)
2014-01-27 05:46:55+0000 [rpcblog] INFO: Crawled 1957 pages (at 64 pages/min), scraped 1953 items (at 64 items/min)
2014-01-27 05:47:55+0000 [rpcblog] INFO: Crawled 2020 pages (at 63 pages/min), scraped 2016 items (at 63 items/min)
2014-01-27 05:48:55+0000 [rpcblog] INFO: Crawled 2084 pages (at 64 pages/min), scraped 2080 items (at 64 items/min)
2014-01-27 05:49:55+0000 [rpcblog] INFO: Crawled 2147 pages (at 63 pages/min), scraped 2143 items (at 63 items/min)
2014-01-27 05:50:55+0000 [rpcblog] INFO: Crawled 2212 pages (at 65 pages/min), scraped 2208 items (at 65 items/min)
2014-01-27 05:51:55+0000 [rpcblog] INFO: Crawled 2273 pages (at 61 pages/min), scraped 2269 items (at 61 items/min)
2014-01-27 05:52:55+0000 [rpcblog] INFO: Crawled 2335 pages (at 62 pages/min), scraped 2331 items (at 62 items/min)
2014-01-27 05:53:55+0000 [rpcblog] INFO: Crawled 2399 pages (at 64 pages/min), scraped 2395 items (at 64 items/min)
2014-01-27 05:54:55+0000 [rpcblog] INFO: Crawled 2461 pages (at 62 pages/min), scraped 2457 items (at 62 items/min)
2014-01-27 05:55:55+0000 [rpcblog] INFO: Crawled 2528 pages (at 67 pages/min), scraped 2524 items (at 67 items/min)
2014-01-27 05:56:55+0000 [rpcblog] INFO: Crawled 2584 pages (at 56 pages/min), scraped 2580 items (at 56 items/min)
2014-01-27 05:57:55+0000 [rpcblog] INFO: Crawled 2650 pages (at 66 pages/min), scraped 2646 items (at 66 items/min)
2014-01-27 05:58:55+0000 [rpcblog] INFO: Crawled 2713 pages (at 63 pages/min), scraped 2709 items (at 63 items/min)
2014-01-27 05:59:55+0000 [rpcblog] INFO: Crawled 2779 pages (at 66 pages/min), scraped 2775 items (at 66 items/min)
2014-01-27 06:00:55+0000 [rpcblog] INFO: Crawled 2845 pages (at 66 pages/min), scraped 2841 items (at 66 items/min)
2014-01-27 06:01:55+0000 [rpcblog] INFO: Crawled 2910 pages (at 65 pages/min), scraped 2906 items (at 65 items/min)
2014-01-27 06:02:55+0000 [rpcblog] INFO: Crawled 2971 pages (at 61 pages/min), scraped 2967 items (at 61 items/min)
2014-01-27 06:03:55+0000 [rpcblog] INFO: Crawled 3035 pages (at 64 pages/min), scraped 3031 items (at 64 items/min)
2014-01-27 06:04:55+0000 [rpcblog] INFO: Crawled 3100 pages (at 65 pages/min), scraped 3096 items (at 65 items/min)
2014-01-27 06:05:55+0000 [rpcblog] INFO: Crawled 3164 pages (at 64 pages/min), scraped 3160 items (at 64 items/min)
2014-01-27 06:06:55+0000 [rpcblog] INFO: Crawled 3227 pages (at 63 pages/min), scraped 3223 items (at 63 items/min)
2014-01-27 06:07:55+0000 [rpcblog] INFO: Crawled 3292 pages (at 65 pages/min), scraped 3288 items (at 65 items/min)
2014-01-27 06:08:26+0000 [rpcblog] INFO: Closing spider (finished)
2014-01-27 06:08:26+0000 [rpcblog] INFO: Dumping Scrapy stats:
	{'downloader/request_bytes': 1617924,
	 'downloader/request_count': 3325,
	 'downloader/request_method_count/GET': 3325,
	 'downloader/response_bytes': 34860315,
	 'downloader/response_count': 3325,
	 'downloader/response_status_count/200': 3325,
	 'finish_reason': 'finished',
	 'finish_time': datetime.datetime(2014, 1, 27, 6, 8, 26, 242658),
	 'item_scraped_count': 3321,
	 'memdebug/gc_garbage_count': 0,
	 'memdebug/live_refs/SpiderAll': 1,
	 'memusage/max': 194551808,
	 'memusage/startup': 44503040,
	 'request_depth_max': 81,
	 'response_received_count': 3325,
	 'scheduler/dequeued': 3325,
	 'scheduler/dequeued/disk': 3325,
	 'scheduler/enqueued': 3325,
	 'scheduler/enqueued/disk': 3325,
	 'start_time': datetime.datetime(2014, 1, 27, 5, 13, 55, 831801)}
2014-01-27 06:08:26+0000 [rpcblog] INFO: Spider closed (finished)
