2014-01-27 06:02:10+0000 [scrapy] INFO: Enabled extensions: LogStats, TelnetConsole, CloseSpider, WebService, CoreStats, MemoryUsage, MemoryDebugger, SpiderState
2014-01-27 06:02:10+0000 [scrapy] INFO: Enabled downloader middlewares: HttpAuthMiddleware, DownloadTimeoutMiddleware, UserAgentMiddleware, RetryMiddleware, DefaultHeadersMiddleware, MetaRefreshMiddleware, HttpCompressionMiddleware, RedirectMiddleware, CookiesMiddleware, ChunkedTransferMiddleware, DownloaderStats
2014-01-27 06:02:10+0000 [scrapy] INFO: Enabled spider middlewares: HttpErrorMiddleware, OffsiteMiddleware, RefererMiddleware, UrlLengthMiddleware, DepthMiddleware
2014-01-27 06:02:10+0000 [scrapy] INFO: Enabled item pipelines: AllPipeline
2014-01-27 06:02:10+0000 [marshallchambersblog] INFO: Spider opened
2014-01-27 06:02:10+0000 [marshallchambersblog] INFO: Crawled 0 pages (at 0 pages/min), scraped 0 items (at 0 items/min)
2014-01-27 06:02:19+0000 [scrapy] INFO: Scraped 10 items
2014-01-27 06:02:45+0000 [marshallchambersblog] INFO: Closing spider (finished)
2014-01-27 06:02:45+0000 [marshallchambersblog] INFO: Dumping Scrapy stats:
	{'downloader/request_bytes': 15178,
	 'downloader/request_count': 41,
	 'downloader/request_method_count/GET': 41,
	 'downloader/response_bytes': 1981018,
	 'downloader/response_count': 41,
	 'downloader/response_status_count/200': 40,
	 'downloader/response_status_count/404': 1,
	 'finish_reason': 'finished',
	 'finish_time': datetime.datetime(2014, 1, 27, 6, 2, 45, 563178),
	 'item_scraped_count': 37,
	 'memdebug/gc_garbage_count': 0,
	 'memdebug/live_refs/SpiderAll': 1,
	 'memusage/max': 44486656,
	 'memusage/startup': 44486656,
	 'request_depth_max': 5,
	 'response_received_count': 41,
	 'scheduler/dequeued': 41,
	 'scheduler/dequeued/disk': 41,
	 'scheduler/enqueued': 41,
	 'scheduler/enqueued/disk': 41,
	 'start_time': datetime.datetime(2014, 1, 27, 6, 2, 10, 604577)}
2014-01-27 06:02:45+0000 [marshallchambersblog] INFO: Spider closed (finished)
