2014-01-27 06:53:01+0000 [scrapy] INFO: Enabled extensions: LogStats, TelnetConsole, CloseSpider, WebService, CoreStats, MemoryUsage, MemoryDebugger, SpiderState
2014-01-27 06:53:01+0000 [scrapy] INFO: Enabled downloader middlewares: HttpAuthMiddleware, DownloadTimeoutMiddleware, UserAgentMiddleware, RetryMiddleware, DefaultHeadersMiddleware, MetaRefreshMiddleware, HttpCompressionMiddleware, RedirectMiddleware, CookiesMiddleware, ChunkedTransferMiddleware, DownloaderStats
2014-01-27 06:53:01+0000 [scrapy] INFO: Enabled spider middlewares: HttpErrorMiddleware, OffsiteMiddleware, RefererMiddleware, UrlLengthMiddleware, DepthMiddleware
2014-01-27 06:53:01+0000 [scrapy] INFO: Enabled item pipelines: AllPipeline
2014-01-27 06:53:01+0000 [summarycrime] INFO: Spider opened
2014-01-27 06:53:01+0000 [summarycrime] INFO: Crawled 0 pages (at 0 pages/min), scraped 0 items (at 0 items/min)
2014-01-27 06:53:09+0000 [scrapy] INFO: Scraped 10 items
2014-01-27 06:54:02+0000 [summarycrime] INFO: Crawled 57 pages (at 57 pages/min), scraped 11 items (at 11 items/min)
2014-01-27 06:55:01+0000 [summarycrime] INFO: Crawled 111 pages (at 54 pages/min), scraped 11 items (at 0 items/min)
2014-01-27 06:56:01+0000 [summarycrime] INFO: Crawled 150 pages (at 39 pages/min), scraped 25 items (at 14 items/min)
2014-01-27 06:57:01+0000 [summarycrime] INFO: Crawled 191 pages (at 41 pages/min), scraped 66 items (at 41 items/min)
2014-01-27 06:57:06+0000 [summarycrime] INFO: Closing spider (finished)
2014-01-27 06:57:06+0000 [summarycrime] INFO: Dumping Scrapy stats:
	{'downloader/request_bytes': 61119,
	 'downloader/request_count': 198,
	 'downloader/request_method_count/GET': 198,
	 'downloader/response_bytes': 38897214,
	 'downloader/response_count': 198,
	 'downloader/response_status_count/200': 196,
	 'downloader/response_status_count/302': 2,
	 'finish_reason': 'finished',
	 'finish_time': datetime.datetime(2014, 1, 27, 6, 57, 6, 361375),
	 'item_scraped_count': 71,
	 'memdebug/gc_garbage_count': 0,
	 'memdebug/live_refs/SpiderAll': 1,
	 'memusage/max': 62967808,
	 'memusage/startup': 44486656,
	 'request_depth_max': 1,
	 'response_received_count': 196,
	 'scheduler/dequeued': 198,
	 'scheduler/dequeued/disk': 198,
	 'scheduler/enqueued': 198,
	 'scheduler/enqueued/disk': 198,
	 'start_time': datetime.datetime(2014, 1, 27, 6, 53, 1, 315485)}
2014-01-27 06:57:06+0000 [summarycrime] INFO: Spider closed (finished)
