2014-01-27 07:38:13+0000 [scrapy] INFO: Enabled extensions: LogStats, TelnetConsole, CloseSpider, WebService, CoreStats, MemoryUsage, MemoryDebugger, SpiderState
2014-01-27 07:38:13+0000 [scrapy] INFO: Enabled downloader middlewares: HttpAuthMiddleware, DownloadTimeoutMiddleware, UserAgentMiddleware, RetryMiddleware, DefaultHeadersMiddleware, MetaRefreshMiddleware, HttpCompressionMiddleware, RedirectMiddleware, CookiesMiddleware, ChunkedTransferMiddleware, DownloaderStats
2014-01-27 07:38:13+0000 [scrapy] INFO: Enabled spider middlewares: HttpErrorMiddleware, OffsiteMiddleware, RefererMiddleware, UrlLengthMiddleware, DepthMiddleware
2014-01-27 07:38:13+0000 [scrapy] INFO: Enabled item pipelines: AllPipeline
2014-01-27 07:38:13+0000 [blogarbitration] INFO: Spider opened
2014-01-27 07:38:13+0000 [blogarbitration] INFO: Crawled 0 pages (at 0 pages/min), scraped 0 items (at 0 items/min)
2014-01-27 07:38:22+0000 [scrapy] INFO: Scraped 10 items
2014-01-27 07:39:13+0000 [blogarbitration] INFO: Crawled 35 pages (at 35 pages/min), scraped 35 items (at 35 items/min)
2014-01-27 07:40:13+0000 [blogarbitration] INFO: Crawled 65 pages (at 30 pages/min), scraped 65 items (at 30 items/min)
2014-01-27 07:41:13+0000 [blogarbitration] INFO: Crawled 90 pages (at 25 pages/min), scraped 90 items (at 25 items/min)
2014-01-27 07:42:13+0000 [blogarbitration] INFO: Crawled 119 pages (at 29 pages/min), scraped 119 items (at 29 items/min)
2014-01-27 07:42:39+0000 [blogarbitration] INFO: Closing spider (finished)
2014-01-27 07:42:39+0000 [blogarbitration] INFO: Dumping Scrapy stats:
	{'downloader/request_bytes': 227018,
	 'downloader/request_count': 286,
	 'downloader/request_method_count/GET': 286,
	 'downloader/response_bytes': 2037345,
	 'downloader/response_count': 286,
	 'downloader/response_status_count/200': 133,
	 'downloader/response_status_count/301': 51,
	 'downloader/response_status_count/302': 102,
	 'finish_reason': 'finished',
	 'finish_time': datetime.datetime(2014, 1, 27, 7, 42, 39, 509773),
	 'item_scraped_count': 133,
	 'memdebug/gc_garbage_count': 0,
	 'memdebug/live_refs/SpiderAll': 1,
	 'memusage/max': 55144448,
	 'memusage/startup': 44507136,
	 'request_depth_max': 6,
	 'response_received_count': 133,
	 'scheduler/dequeued': 286,
	 'scheduler/dequeued/disk': 286,
	 'scheduler/enqueued': 286,
	 'scheduler/enqueued/disk': 286,
	 'start_time': datetime.datetime(2014, 1, 27, 7, 38, 13, 761855)}
2014-01-27 07:42:39+0000 [blogarbitration] INFO: Spider closed (finished)
