2014-01-27 06:50:19+0000 [scrapy] INFO: Enabled extensions: LogStats, TelnetConsole, CloseSpider, WebService, CoreStats, MemoryUsage, MemoryDebugger, SpiderState
2014-01-27 06:50:19+0000 [scrapy] INFO: Enabled downloader middlewares: HttpAuthMiddleware, DownloadTimeoutMiddleware, UserAgentMiddleware, RetryMiddleware, DefaultHeadersMiddleware, MetaRefreshMiddleware, HttpCompressionMiddleware, RedirectMiddleware, CookiesMiddleware, ChunkedTransferMiddleware, DownloaderStats
2014-01-27 06:50:19+0000 [scrapy] INFO: Enabled spider middlewares: HttpErrorMiddleware, OffsiteMiddleware, RefererMiddleware, UrlLengthMiddleware, DepthMiddleware
2014-01-27 06:50:19+0000 [scrapy] INFO: Enabled item pipelines: AllPipeline
2014-01-27 06:50:19+0000 [markmckillopbarrister] INFO: Spider opened
2014-01-27 06:50:19+0000 [markmckillopbarrister] INFO: Crawled 0 pages (at 0 pages/min), scraped 0 items (at 0 items/min)
2014-01-27 06:50:20+0000 [markmckillopbarrister] INFO: Closing spider (finished)
2014-01-27 06:50:20+0000 [markmckillopbarrister] INFO: Dumping Scrapy stats:
	{'downloader/request_bytes': 224,
	 'downloader/request_count': 1,
	 'downloader/request_method_count/GET': 1,
	 'downloader/response_bytes': 20187,
	 'downloader/response_count': 1,
	 'downloader/response_status_count/200': 1,
	 'finish_reason': 'finished',
	 'finish_time': datetime.datetime(2014, 1, 27, 6, 50, 20, 45824),
	 'item_scraped_count': 1,
	 'memdebug/gc_garbage_count': 0,
	 'memdebug/live_refs/SpiderAll': 1,
	 'memusage/max': 44498944,
	 'memusage/startup': 44498944,
	 'request_depth_max': 1,
	 'response_received_count': 1,
	 'scheduler/dequeued': 1,
	 'scheduler/dequeued/disk': 1,
	 'scheduler/enqueued': 1,
	 'scheduler/enqueued/disk': 1,
	 'start_time': datetime.datetime(2014, 1, 27, 6, 50, 19, 253403)}
2014-01-27 06:50:20+0000 [markmckillopbarrister] INFO: Spider closed (finished)
