2014-01-27 07:19:53+0000 [scrapy] INFO: Enabled extensions: LogStats, TelnetConsole, CloseSpider, WebService, CoreStats, MemoryUsage, MemoryDebugger, SpiderState
2014-01-27 07:19:53+0000 [scrapy] INFO: Enabled downloader middlewares: HttpAuthMiddleware, DownloadTimeoutMiddleware, UserAgentMiddleware, RetryMiddleware, DefaultHeadersMiddleware, MetaRefreshMiddleware, HttpCompressionMiddleware, RedirectMiddleware, CookiesMiddleware, ChunkedTransferMiddleware, DownloaderStats
2014-01-27 07:19:53+0000 [scrapy] INFO: Enabled spider middlewares: HttpErrorMiddleware, OffsiteMiddleware, RefererMiddleware, UrlLengthMiddleware, DepthMiddleware
2014-01-27 07:19:53+0000 [scrapy] INFO: Enabled item pipelines: AllPipeline
2014-01-27 07:19:53+0000 [samhopperbarrister] INFO: Spider opened
2014-01-27 07:19:53+0000 [samhopperbarrister] INFO: Crawled 0 pages (at 0 pages/min), scraped 0 items (at 0 items/min)
2014-01-27 07:20:02+0000 [scrapy] INFO: Scraped 10 items
2014-01-27 07:20:53+0000 [samhopperbarrister] INFO: Crawled 65 pages (at 65 pages/min), scraped 60 items (at 60 items/min)
2014-01-27 07:21:53+0000 [samhopperbarrister] INFO: Crawled 130 pages (at 65 pages/min), scraped 117 items (at 57 items/min)
2014-01-27 07:22:53+0000 [samhopperbarrister] INFO: Crawled 196 pages (at 66 pages/min), scraped 182 items (at 65 items/min)
2014-01-27 07:23:17+0000 [samhopperbarrister] INFO: Closing spider (finished)
2014-01-27 07:23:17+0000 [samhopperbarrister] INFO: Dumping Scrapy stats:
	{'downloader/request_bytes': 78787,
	 'downloader/request_count': 223,
	 'downloader/request_method_count/GET': 223,
	 'downloader/response_bytes': 3089677,
	 'downloader/response_count': 223,
	 'downloader/response_status_count/200': 221,
	 'downloader/response_status_count/404': 2,
	 'finish_reason': 'finished',
	 'finish_time': datetime.datetime(2014, 1, 27, 7, 23, 17, 371746),
	 'item_scraped_count': 209,
	 'memdebug/gc_garbage_count': 0,
	 'memdebug/live_refs/SpiderAll': 1,
	 'memusage/max': 53968896,
	 'memusage/startup': 44486656,
	 'request_depth_max': 14,
	 'response_received_count': 223,
	 'scheduler/dequeued': 223,
	 'scheduler/dequeued/disk': 223,
	 'scheduler/enqueued': 223,
	 'scheduler/enqueued/disk': 223,
	 'start_time': datetime.datetime(2014, 1, 27, 7, 19, 53, 641060)}
2014-01-27 07:23:17+0000 [samhopperbarrister] INFO: Spider closed (finished)
