2014-01-27 06:19:33+0000 [scrapy] INFO: Enabled extensions: LogStats, TelnetConsole, CloseSpider, WebService, CoreStats, MemoryUsage, MemoryDebugger, SpiderState
2014-01-27 06:19:33+0000 [scrapy] INFO: Enabled downloader middlewares: HttpAuthMiddleware, DownloadTimeoutMiddleware, UserAgentMiddleware, RetryMiddleware, DefaultHeadersMiddleware, MetaRefreshMiddleware, HttpCompressionMiddleware, RedirectMiddleware, CookiesMiddleware, ChunkedTransferMiddleware, DownloaderStats
2014-01-27 06:19:33+0000 [scrapy] INFO: Enabled spider middlewares: HttpErrorMiddleware, OffsiteMiddleware, RefererMiddleware, UrlLengthMiddleware, DepthMiddleware
2014-01-27 06:19:33+0000 [scrapy] INFO: Enabled item pipelines: AllPipeline
2014-01-27 06:19:33+0000 [elizabethboros] INFO: Spider opened
2014-01-27 06:19:33+0000 [elizabethboros] INFO: Crawled 0 pages (at 0 pages/min), scraped 0 items (at 0 items/min)
2014-01-27 06:20:33+0000 [elizabethboros] INFO: Crawled 65 pages (at 65 pages/min), scraped 1 items (at 1 items/min)
2014-01-27 06:20:57+0000 [elizabethboros] INFO: Closing spider (finished)
2014-01-27 06:20:57+0000 [elizabethboros] INFO: Dumping Scrapy stats:
	{'downloader/request_bytes': 32194,
	 'downloader/request_count': 90,
	 'downloader/request_method_count/GET': 90,
	 'downloader/response_bytes': 6208735,
	 'downloader/response_count': 90,
	 'downloader/response_status_count/200': 90,
	 'finish_reason': 'finished',
	 'finish_time': datetime.datetime(2014, 1, 27, 6, 20, 57, 98706),
	 'item_scraped_count': 1,
	 'memdebug/gc_garbage_count': 0,
	 'memdebug/live_refs/SpiderAll': 1,
	 'memusage/max': 49049600,
	 'memusage/startup': 44539904,
	 'request_depth_max': 4,
	 'response_received_count': 90,
	 'scheduler/dequeued': 90,
	 'scheduler/dequeued/disk': 90,
	 'scheduler/enqueued': 90,
	 'scheduler/enqueued/disk': 90,
	 'start_time': datetime.datetime(2014, 1, 27, 6, 19, 33, 934862)}
2014-01-27 06:20:57+0000 [elizabethboros] INFO: Spider closed (finished)
