2014-01-27 08:05:46+0000 [scrapy] INFO: Enabled extensions: LogStats, TelnetConsole, CloseSpider, WebService, CoreStats, MemoryUsage, MemoryDebugger, SpiderState
2014-01-27 08:05:46+0000 [scrapy] INFO: Enabled downloader middlewares: HttpAuthMiddleware, DownloadTimeoutMiddleware, UserAgentMiddleware, RetryMiddleware, DefaultHeadersMiddleware, MetaRefreshMiddleware, HttpCompressionMiddleware, RedirectMiddleware, CookiesMiddleware, ChunkedTransferMiddleware, DownloaderStats
2014-01-27 08:05:46+0000 [scrapy] INFO: Enabled spider middlewares: HttpErrorMiddleware, OffsiteMiddleware, RefererMiddleware, UrlLengthMiddleware, DepthMiddleware
2014-01-27 08:05:46+0000 [scrapy] INFO: Enabled item pipelines: AllPipeline
2014-01-27 08:05:46+0000 [9goughsquare] INFO: Spider opened
2014-01-27 08:05:46+0000 [9goughsquare] INFO: Crawled 0 pages (at 0 pages/min), scraped 0 items (at 0 items/min)
2014-01-27 08:05:55+0000 [scrapy] INFO: Scraped 10 items
2014-01-27 08:06:46+0000 [9goughsquare] INFO: Crawled 66 pages (at 66 pages/min), scraped 66 items (at 66 items/min)
2014-01-27 08:07:39+0000 [9goughsquare] INFO: Closing spider (finished)
2014-01-27 08:07:39+0000 [9goughsquare] INFO: Dumping Scrapy stats:
	{'downloader/request_bytes': 40379,
	 'downloader/request_count': 123,
	 'downloader/request_method_count/GET': 123,
	 'downloader/response_bytes': 1594805,
	 'downloader/response_count': 123,
	 'downloader/response_status_count/200': 123,
	 'finish_reason': 'finished',
	 'finish_time': datetime.datetime(2014, 1, 27, 8, 7, 39, 536976),
	 'item_scraped_count': 123,
	 'memdebug/gc_garbage_count': 0,
	 'memdebug/live_refs/SpiderAll': 1,
	 'memusage/max': 47382528,
	 'memusage/startup': 44494848,
	 'request_depth_max': 5,
	 'response_received_count': 123,
	 'scheduler/dequeued': 123,
	 'scheduler/dequeued/disk': 123,
	 'scheduler/enqueued': 123,
	 'scheduler/enqueued/disk': 123,
	 'start_time': datetime.datetime(2014, 1, 27, 8, 5, 46, 860609)}
2014-01-27 08:07:39+0000 [9goughsquare] INFO: Spider closed (finished)
