2014-01-27 11:41:25+0000 [scrapy] INFO: Enabled extensions: LogStats, TelnetConsole, CloseSpider, WebService, CoreStats, MemoryUsage, MemoryDebugger, SpiderState
2014-01-27 11:41:25+0000 [scrapy] INFO: Enabled downloader middlewares: HttpAuthMiddleware, DownloadTimeoutMiddleware, UserAgentMiddleware, RetryMiddleware, DefaultHeadersMiddleware, MetaRefreshMiddleware, HttpCompressionMiddleware, RedirectMiddleware, CookiesMiddleware, ChunkedTransferMiddleware, DownloaderStats
2014-01-27 11:41:25+0000 [scrapy] INFO: Enabled spider middlewares: HttpErrorMiddleware, OffsiteMiddleware, RefererMiddleware, UrlLengthMiddleware, DepthMiddleware
2014-01-27 11:41:25+0000 [scrapy] INFO: Enabled item pipelines: AllPipeline
2014-01-27 11:41:25+0000 [littletonchambers] INFO: Spider opened
2014-01-27 11:41:25+0000 [littletonchambers] INFO: Crawled 0 pages (at 0 pages/min), scraped 0 items (at 0 items/min)
2014-01-27 11:41:29+0000 [littletonchambers] INFO: Closing spider (finished)
2014-01-27 11:41:29+0000 [littletonchambers] INFO: Dumping Scrapy stats:
	{'downloader/request_bytes': 774,
	 'downloader/request_count': 3,
	 'downloader/request_method_count/GET': 3,
	 'downloader/response_bytes': 221069,
	 'downloader/response_count': 3,
	 'downloader/response_status_count/200': 3,
	 'finish_reason': 'finished',
	 'finish_time': datetime.datetime(2014, 1, 27, 11, 41, 29, 939226),
	 'item_scraped_count': 3,
	 'memdebug/gc_garbage_count': 0,
	 'memdebug/live_refs/SpiderAll': 1,
	 'memusage/max': 44482560,
	 'memusage/startup': 44482560,
	 'request_depth_max': 1,
	 'response_received_count': 3,
	 'scheduler/dequeued': 3,
	 'scheduler/dequeued/disk': 3,
	 'scheduler/enqueued': 3,
	 'scheduler/enqueued/disk': 3,
	 'start_time': datetime.datetime(2014, 1, 27, 11, 41, 25, 117552)}
2014-01-27 11:41:29+0000 [littletonchambers] INFO: Spider closed (finished)
