2014-01-27 13:54:23+0000 [scrapy] INFO: Enabled extensions: LogStats, TelnetConsole, CloseSpider, WebService, CoreStats, MemoryUsage, MemoryDebugger, SpiderState
2014-01-27 13:54:23+0000 [scrapy] INFO: Enabled downloader middlewares: HttpAuthMiddleware, DownloadTimeoutMiddleware, UserAgentMiddleware, RetryMiddleware, DefaultHeadersMiddleware, MetaRefreshMiddleware, HttpCompressionMiddleware, RedirectMiddleware, CookiesMiddleware, ChunkedTransferMiddleware, DownloaderStats
2014-01-27 13:54:23+0000 [scrapy] INFO: Enabled spider middlewares: HttpErrorMiddleware, OffsiteMiddleware, RefererMiddleware, UrlLengthMiddleware, DepthMiddleware
2014-01-27 13:54:23+0000 [scrapy] INFO: Enabled item pipelines: AllPipeline
2014-01-27 13:54:23+0000 [1chancerylane] INFO: Spider opened
2014-01-27 13:54:23+0000 [1chancerylane] INFO: Crawled 0 pages (at 0 pages/min), scraped 0 items (at 0 items/min)
2014-01-27 13:54:57+0000 [scrapy] INFO: Scraped 10 items
2014-01-27 13:55:23+0000 [1chancerylane] INFO: Crawled 52 pages (at 52 pages/min), scraped 37 items (at 37 items/min)
2014-01-27 13:56:23+0000 [1chancerylane] INFO: Crawled 110 pages (at 58 pages/min), scraped 92 items (at 55 items/min)
2014-01-27 13:57:20+0000 [1chancerylane] INFO: Closing spider (finished)
2014-01-27 13:57:20+0000 [1chancerylane] INFO: Dumping Scrapy stats:
	{'downloader/request_bytes': 74033,
	 'downloader/request_count': 170,
	 'downloader/request_method_count/GET': 170,
	 'downloader/response_bytes': 648220,
	 'downloader/response_count': 170,
	 'downloader/response_status_count/200': 170,
	 'finish_reason': 'finished',
	 'finish_time': datetime.datetime(2014, 1, 27, 13, 57, 20, 116044),
	 'item_scraped_count': 146,
	 'memdebug/gc_garbage_count': 0,
	 'memdebug/live_refs/SpiderAll': 1,
	 'memusage/max': 48570368,
	 'memusage/startup': 44494848,
	 'request_depth_max': 4,
	 'response_received_count': 170,
	 'scheduler/dequeued': 170,
	 'scheduler/dequeued/disk': 170,
	 'scheduler/enqueued': 170,
	 'scheduler/enqueued/disk': 170,
	 'start_time': datetime.datetime(2014, 1, 27, 13, 54, 23, 352810)}
2014-01-27 13:57:20+0000 [1chancerylane] INFO: Spider closed (finished)
