2014-01-28 04:27:34+0000 [scrapy] INFO: Enabled extensions: LogStats, TelnetConsole, CloseSpider, WebService, CoreStats, MemoryUsage, MemoryDebugger, SpiderState
2014-01-28 04:27:35+0000 [scrapy] INFO: Enabled downloader middlewares: HttpAuthMiddleware, DownloadTimeoutMiddleware, UserAgentMiddleware, RetryMiddleware, DefaultHeadersMiddleware, MetaRefreshMiddleware, HttpCompressionMiddleware, RedirectMiddleware, CookiesMiddleware, ChunkedTransferMiddleware, DownloaderStats
2014-01-28 04:27:35+0000 [scrapy] INFO: Enabled spider middlewares: HttpErrorMiddleware, OffsiteMiddleware, RefererMiddleware, UrlLengthMiddleware, DepthMiddleware
2014-01-28 04:27:35+0000 [scrapy] INFO: Enabled item pipelines: AllPipeline
2014-01-28 04:27:35+0000 [lawbriefupdate] INFO: Spider opened
2014-01-28 04:27:35+0000 [lawbriefupdate] INFO: Crawled 0 pages (at 0 pages/min), scraped 0 items (at 0 items/min)
2014-01-28 04:27:49+0000 [scrapy] INFO: Scraped 10 items
2014-01-28 04:28:35+0000 [lawbriefupdate] INFO: Crawled 42 pages (at 42 pages/min), scraped 17 items (at 17 items/min)
2014-01-28 04:29:35+0000 [lawbriefupdate] INFO: Crawled 78 pages (at 36 pages/min), scraped 31 items (at 14 items/min)
2014-01-28 04:30:35+0000 [lawbriefupdate] INFO: Crawled 113 pages (at 35 pages/min), scraped 44 items (at 13 items/min)
2014-01-28 04:31:35+0000 [lawbriefupdate] INFO: Crawled 146 pages (at 33 pages/min), scraped 58 items (at 14 items/min)
2014-01-28 04:32:35+0000 [lawbriefupdate] INFO: Crawled 176 pages (at 30 pages/min), scraped 67 items (at 9 items/min)
2014-01-28 04:33:35+0000 [lawbriefupdate] INFO: Crawled 211 pages (at 35 pages/min), scraped 80 items (at 13 items/min)
2014-01-28 04:34:35+0000 [lawbriefupdate] INFO: Crawled 243 pages (at 32 pages/min), scraped 91 items (at 11 items/min)
2014-01-28 04:35:35+0000 [lawbriefupdate] INFO: Crawled 270 pages (at 27 pages/min), scraped 98 items (at 7 items/min)
2014-01-28 04:36:35+0000 [lawbriefupdate] INFO: Crawled 304 pages (at 34 pages/min), scraped 110 items (at 12 items/min)
2014-01-28 04:37:35+0000 [lawbriefupdate] INFO: Crawled 337 pages (at 33 pages/min), scraped 121 items (at 11 items/min)
2014-01-28 04:38:35+0000 [lawbriefupdate] INFO: Crawled 371 pages (at 34 pages/min), scraped 132 items (at 11 items/min)
2014-01-28 04:39:35+0000 [lawbriefupdate] INFO: Crawled 403 pages (at 32 pages/min), scraped 142 items (at 10 items/min)
2014-01-28 04:40:35+0000 [lawbriefupdate] INFO: Crawled 435 pages (at 32 pages/min), scraped 151 items (at 9 items/min)
2014-01-28 04:41:35+0000 [lawbriefupdate] INFO: Crawled 470 pages (at 35 pages/min), scraped 165 items (at 14 items/min)
2014-01-28 04:42:35+0000 [lawbriefupdate] INFO: Crawled 501 pages (at 31 pages/min), scraped 172 items (at 7 items/min)
2014-01-28 04:43:35+0000 [lawbriefupdate] INFO: Crawled 536 pages (at 35 pages/min), scraped 185 items (at 13 items/min)
2014-01-28 04:44:35+0000 [lawbriefupdate] INFO: Crawled 570 pages (at 34 pages/min), scraped 199 items (at 14 items/min)
2014-01-28 04:45:35+0000 [lawbriefupdate] INFO: Crawled 601 pages (at 31 pages/min), scraped 207 items (at 8 items/min)
2014-01-28 04:46:35+0000 [lawbriefupdate] INFO: Crawled 634 pages (at 33 pages/min), scraped 219 items (at 12 items/min)
2014-01-28 04:47:35+0000 [lawbriefupdate] INFO: Crawled 666 pages (at 32 pages/min), scraped 230 items (at 11 items/min)
2014-01-28 04:48:35+0000 [lawbriefupdate] INFO: Crawled 698 pages (at 32 pages/min), scraped 238 items (at 8 items/min)
2014-01-28 04:49:35+0000 [lawbriefupdate] INFO: Crawled 729 pages (at 31 pages/min), scraped 249 items (at 11 items/min)
2014-01-28 04:50:35+0000 [lawbriefupdate] INFO: Crawled 760 pages (at 31 pages/min), scraped 259 items (at 10 items/min)
2014-01-28 04:51:35+0000 [lawbriefupdate] INFO: Crawled 794 pages (at 34 pages/min), scraped 269 items (at 10 items/min)
2014-01-28 04:52:35+0000 [lawbriefupdate] INFO: Crawled 825 pages (at 31 pages/min), scraped 284 items (at 15 items/min)
2014-01-28 04:53:35+0000 [lawbriefupdate] INFO: Crawled 858 pages (at 33 pages/min), scraped 294 items (at 10 items/min)
2014-01-28 04:54:35+0000 [lawbriefupdate] INFO: Crawled 891 pages (at 33 pages/min), scraped 305 items (at 11 items/min)
2014-01-28 04:55:35+0000 [lawbriefupdate] INFO: Crawled 921 pages (at 30 pages/min), scraped 315 items (at 10 items/min)
2014-01-28 04:56:35+0000 [lawbriefupdate] INFO: Crawled 953 pages (at 32 pages/min), scraped 325 items (at 10 items/min)
2014-01-28 04:57:35+0000 [lawbriefupdate] INFO: Crawled 987 pages (at 34 pages/min), scraped 336 items (at 11 items/min)
2014-01-28 04:58:35+0000 [lawbriefupdate] INFO: Crawled 1017 pages (at 30 pages/min), scraped 345 items (at 9 items/min)
2014-01-28 04:59:35+0000 [lawbriefupdate] INFO: Crawled 1049 pages (at 32 pages/min), scraped 355 items (at 10 items/min)
2014-01-28 05:00:35+0000 [lawbriefupdate] INFO: Crawled 1082 pages (at 33 pages/min), scraped 365 items (at 10 items/min)
2014-01-28 05:01:35+0000 [lawbriefupdate] INFO: Crawled 1111 pages (at 29 pages/min), scraped 374 items (at 9 items/min)
2014-01-28 05:02:35+0000 [lawbriefupdate] INFO: Crawled 1149 pages (at 38 pages/min), scraped 389 items (at 15 items/min)
2014-01-28 05:03:35+0000 [lawbriefupdate] INFO: Crawled 1180 pages (at 31 pages/min), scraped 401 items (at 12 items/min)
2014-01-28 05:04:35+0000 [lawbriefupdate] INFO: Crawled 1206 pages (at 26 pages/min), scraped 411 items (at 10 items/min)
2014-01-28 05:05:35+0000 [lawbriefupdate] INFO: Crawled 1239 pages (at 33 pages/min), scraped 421 items (at 10 items/min)
2014-01-28 05:06:35+0000 [lawbriefupdate] INFO: Crawled 1274 pages (at 35 pages/min), scraped 433 items (at 12 items/min)
2014-01-28 05:07:35+0000 [lawbriefupdate] INFO: Crawled 1306 pages (at 32 pages/min), scraped 443 items (at 10 items/min)
2014-01-28 05:08:35+0000 [lawbriefupdate] INFO: Crawled 1337 pages (at 31 pages/min), scraped 456 items (at 13 items/min)
2014-01-28 05:09:35+0000 [lawbriefupdate] INFO: Crawled 1371 pages (at 34 pages/min), scraped 464 items (at 8 items/min)
2014-01-28 05:10:35+0000 [lawbriefupdate] INFO: Crawled 1406 pages (at 35 pages/min), scraped 476 items (at 12 items/min)
2014-01-28 05:11:35+0000 [lawbriefupdate] INFO: Crawled 1438 pages (at 32 pages/min), scraped 491 items (at 15 items/min)
2014-01-28 05:12:35+0000 [lawbriefupdate] INFO: Crawled 1471 pages (at 33 pages/min), scraped 504 items (at 13 items/min)
2014-01-28 05:13:35+0000 [lawbriefupdate] INFO: Crawled 1503 pages (at 32 pages/min), scraped 514 items (at 10 items/min)
2014-01-28 05:14:35+0000 [lawbriefupdate] INFO: Crawled 1541 pages (at 38 pages/min), scraped 528 items (at 14 items/min)
2014-01-28 05:15:35+0000 [lawbriefupdate] INFO: Crawled 1571 pages (at 30 pages/min), scraped 535 items (at 7 items/min)
2014-01-28 05:16:35+0000 [lawbriefupdate] INFO: Crawled 1602 pages (at 31 pages/min), scraped 546 items (at 11 items/min)
2014-01-28 05:17:35+0000 [lawbriefupdate] INFO: Crawled 1637 pages (at 35 pages/min), scraped 557 items (at 11 items/min)
2014-01-28 05:18:35+0000 [lawbriefupdate] INFO: Crawled 1671 pages (at 34 pages/min), scraped 567 items (at 10 items/min)
2014-01-28 05:19:35+0000 [lawbriefupdate] INFO: Crawled 1704 pages (at 33 pages/min), scraped 579 items (at 12 items/min)
2014-01-28 05:20:35+0000 [lawbriefupdate] INFO: Crawled 1738 pages (at 34 pages/min), scraped 591 items (at 12 items/min)
2014-01-28 05:21:35+0000 [lawbriefupdate] INFO: Crawled 1771 pages (at 33 pages/min), scraped 600 items (at 9 items/min)
2014-01-28 05:22:35+0000 [lawbriefupdate] INFO: Crawled 1804 pages (at 33 pages/min), scraped 611 items (at 11 items/min)
2014-01-28 05:23:35+0000 [lawbriefupdate] INFO: Crawled 1835 pages (at 31 pages/min), scraped 622 items (at 11 items/min)
2014-01-28 05:24:35+0000 [lawbriefupdate] INFO: Crawled 1869 pages (at 34 pages/min), scraped 632 items (at 10 items/min)
2014-01-28 05:25:35+0000 [lawbriefupdate] INFO: Crawled 1902 pages (at 33 pages/min), scraped 642 items (at 10 items/min)
2014-01-28 05:26:35+0000 [lawbriefupdate] INFO: Crawled 1933 pages (at 31 pages/min), scraped 653 items (at 11 items/min)
2014-01-28 05:27:35+0000 [lawbriefupdate] INFO: Crawled 1967 pages (at 34 pages/min), scraped 663 items (at 10 items/min)
2014-01-28 05:28:35+0000 [lawbriefupdate] INFO: Crawled 2000 pages (at 33 pages/min), scraped 673 items (at 10 items/min)
2014-01-28 05:29:35+0000 [lawbriefupdate] INFO: Crawled 2034 pages (at 34 pages/min), scraped 687 items (at 14 items/min)
2014-01-28 05:30:35+0000 [lawbriefupdate] INFO: Crawled 2067 pages (at 33 pages/min), scraped 698 items (at 11 items/min)
2014-01-28 05:31:35+0000 [lawbriefupdate] INFO: Crawled 2100 pages (at 33 pages/min), scraped 709 items (at 11 items/min)
2014-01-28 05:32:35+0000 [lawbriefupdate] INFO: Crawled 2134 pages (at 34 pages/min), scraped 725 items (at 16 items/min)
2014-01-28 05:33:35+0000 [lawbriefupdate] INFO: Crawled 2165 pages (at 31 pages/min), scraped 735 items (at 10 items/min)
2014-01-28 05:34:35+0000 [lawbriefupdate] INFO: Crawled 2202 pages (at 37 pages/min), scraped 750 items (at 15 items/min)
2014-01-28 05:35:35+0000 [lawbriefupdate] INFO: Crawled 2233 pages (at 31 pages/min), scraped 762 items (at 12 items/min)
2014-01-28 05:36:35+0000 [lawbriefupdate] INFO: Crawled 2266 pages (at 33 pages/min), scraped 775 items (at 13 items/min)
2014-01-28 05:37:35+0000 [lawbriefupdate] INFO: Crawled 2301 pages (at 35 pages/min), scraped 786 items (at 11 items/min)
2014-01-28 05:38:35+0000 [lawbriefupdate] INFO: Crawled 2337 pages (at 36 pages/min), scraped 800 items (at 14 items/min)
2014-01-28 05:39:35+0000 [lawbriefupdate] INFO: Crawled 2371 pages (at 34 pages/min), scraped 810 items (at 10 items/min)
2014-01-28 05:40:35+0000 [lawbriefupdate] INFO: Crawled 2403 pages (at 32 pages/min), scraped 820 items (at 10 items/min)
2014-01-28 05:41:35+0000 [lawbriefupdate] INFO: Crawled 2437 pages (at 34 pages/min), scraped 831 items (at 11 items/min)
2014-01-28 05:42:35+0000 [lawbriefupdate] INFO: Crawled 2472 pages (at 35 pages/min), scraped 842 items (at 11 items/min)
2014-01-28 05:43:35+0000 [lawbriefupdate] INFO: Crawled 2501 pages (at 29 pages/min), scraped 852 items (at 10 items/min)
2014-01-28 05:44:35+0000 [lawbriefupdate] INFO: Crawled 2535 pages (at 34 pages/min), scraped 864 items (at 12 items/min)
2014-01-28 05:45:35+0000 [lawbriefupdate] INFO: Crawled 2563 pages (at 28 pages/min), scraped 873 items (at 9 items/min)
2014-01-28 05:46:35+0000 [lawbriefupdate] INFO: Crawled 2594 pages (at 31 pages/min), scraped 883 items (at 10 items/min)
2014-01-28 05:47:35+0000 [lawbriefupdate] INFO: Crawled 2623 pages (at 29 pages/min), scraped 891 items (at 8 items/min)
2014-01-28 05:48:35+0000 [lawbriefupdate] INFO: Crawled 2655 pages (at 32 pages/min), scraped 902 items (at 11 items/min)
2014-01-28 05:49:35+0000 [lawbriefupdate] INFO: Crawled 2688 pages (at 33 pages/min), scraped 910 items (at 8 items/min)
2014-01-28 05:50:35+0000 [lawbriefupdate] INFO: Crawled 2721 pages (at 33 pages/min), scraped 922 items (at 12 items/min)
2014-01-28 05:51:35+0000 [lawbriefupdate] INFO: Crawled 2756 pages (at 35 pages/min), scraped 935 items (at 13 items/min)
2014-01-28 05:52:35+0000 [lawbriefupdate] INFO: Crawled 2788 pages (at 32 pages/min), scraped 945 items (at 10 items/min)
2014-01-28 05:53:35+0000 [lawbriefupdate] INFO: Crawled 2822 pages (at 34 pages/min), scraped 957 items (at 12 items/min)
2014-01-28 05:54:35+0000 [lawbriefupdate] INFO: Crawled 2853 pages (at 31 pages/min), scraped 965 items (at 8 items/min)
2014-01-28 05:55:35+0000 [lawbriefupdate] INFO: Crawled 2887 pages (at 34 pages/min), scraped 976 items (at 11 items/min)
2014-01-28 05:56:35+0000 [lawbriefupdate] INFO: Crawled 2919 pages (at 32 pages/min), scraped 986 items (at 10 items/min)
2014-01-28 05:57:35+0000 [lawbriefupdate] INFO: Crawled 2954 pages (at 35 pages/min), scraped 998 items (at 12 items/min)
2014-01-28 05:58:35+0000 [lawbriefupdate] INFO: Crawled 2987 pages (at 33 pages/min), scraped 1009 items (at 11 items/min)
2014-01-28 05:59:35+0000 [lawbriefupdate] INFO: Crawled 3020 pages (at 33 pages/min), scraped 1020 items (at 11 items/min)
2014-01-28 06:00:35+0000 [lawbriefupdate] INFO: Crawled 3049 pages (at 29 pages/min), scraped 1029 items (at 9 items/min)
2014-01-28 06:01:35+0000 [lawbriefupdate] INFO: Crawled 3075 pages (at 26 pages/min), scraped 1038 items (at 9 items/min)
2014-01-28 06:02:35+0000 [lawbriefupdate] INFO: Crawled 3095 pages (at 20 pages/min), scraped 1048 items (at 10 items/min)
2014-01-28 06:03:35+0000 [lawbriefupdate] INFO: Crawled 3127 pages (at 32 pages/min), scraped 1056 items (at 8 items/min)
2014-01-28 06:04:35+0000 [lawbriefupdate] INFO: Crawled 3160 pages (at 33 pages/min), scraped 1067 items (at 11 items/min)
2014-01-28 06:05:35+0000 [lawbriefupdate] INFO: Crawled 3194 pages (at 34 pages/min), scraped 1077 items (at 10 items/min)
2014-01-28 06:06:35+0000 [lawbriefupdate] INFO: Crawled 3225 pages (at 31 pages/min), scraped 1089 items (at 12 items/min)
2014-01-28 06:07:35+0000 [lawbriefupdate] INFO: Crawled 3257 pages (at 32 pages/min), scraped 1098 items (at 9 items/min)
2014-01-28 06:08:35+0000 [lawbriefupdate] INFO: Crawled 3290 pages (at 33 pages/min), scraped 1108 items (at 10 items/min)
2014-01-28 06:09:35+0000 [lawbriefupdate] INFO: Crawled 3323 pages (at 33 pages/min), scraped 1119 items (at 11 items/min)
2014-01-28 06:10:35+0000 [lawbriefupdate] INFO: Crawled 3357 pages (at 34 pages/min), scraped 1131 items (at 12 items/min)
2014-01-28 06:11:35+0000 [lawbriefupdate] INFO: Crawled 3385 pages (at 28 pages/min), scraped 1139 items (at 8 items/min)
2014-01-28 06:12:35+0000 [lawbriefupdate] INFO: Crawled 3418 pages (at 33 pages/min), scraped 1149 items (at 10 items/min)
2014-01-28 06:13:35+0000 [lawbriefupdate] INFO: Crawled 3454 pages (at 36 pages/min), scraped 1162 items (at 13 items/min)
2014-01-28 06:14:35+0000 [lawbriefupdate] INFO: Crawled 3483 pages (at 29 pages/min), scraped 1171 items (at 9 items/min)
2014-01-28 06:15:35+0000 [lawbriefupdate] INFO: Crawled 3515 pages (at 32 pages/min), scraped 1181 items (at 10 items/min)
2014-01-28 06:16:35+0000 [lawbriefupdate] INFO: Crawled 3550 pages (at 35 pages/min), scraped 1191 items (at 10 items/min)
2014-01-28 06:17:35+0000 [lawbriefupdate] INFO: Crawled 3583 pages (at 33 pages/min), scraped 1201 items (at 10 items/min)
2014-01-28 06:18:35+0000 [lawbriefupdate] INFO: Crawled 3616 pages (at 33 pages/min), scraped 1211 items (at 10 items/min)
2014-01-28 06:19:35+0000 [lawbriefupdate] INFO: Crawled 3647 pages (at 31 pages/min), scraped 1222 items (at 11 items/min)
2014-01-28 06:20:35+0000 [lawbriefupdate] INFO: Crawled 3678 pages (at 31 pages/min), scraped 1233 items (at 11 items/min)
2014-01-28 06:21:35+0000 [lawbriefupdate] INFO: Crawled 3706 pages (at 28 pages/min), scraped 1241 items (at 8 items/min)
2014-01-28 06:22:35+0000 [lawbriefupdate] INFO: Crawled 3738 pages (at 32 pages/min), scraped 1251 items (at 10 items/min)
2014-01-28 06:23:35+0000 [lawbriefupdate] INFO: Crawled 3772 pages (at 34 pages/min), scraped 1264 items (at 13 items/min)
2014-01-28 06:24:35+0000 [lawbriefupdate] INFO: Crawled 3806 pages (at 34 pages/min), scraped 1276 items (at 12 items/min)
2014-01-28 06:25:35+0000 [lawbriefupdate] INFO: Crawled 3838 pages (at 32 pages/min), scraped 1284 items (at 8 items/min)
2014-01-28 06:26:35+0000 [lawbriefupdate] INFO: Crawled 3871 pages (at 33 pages/min), scraped 1296 items (at 12 items/min)
2014-01-28 06:27:35+0000 [lawbriefupdate] INFO: Crawled 3905 pages (at 34 pages/min), scraped 1306 items (at 10 items/min)
2014-01-28 06:28:35+0000 [lawbriefupdate] INFO: Crawled 3938 pages (at 33 pages/min), scraped 1317 items (at 11 items/min)
2014-01-28 06:29:35+0000 [lawbriefupdate] INFO: Crawled 3973 pages (at 35 pages/min), scraped 1330 items (at 13 items/min)
2014-01-28 06:30:35+0000 [lawbriefupdate] INFO: Crawled 4007 pages (at 34 pages/min), scraped 1340 items (at 10 items/min)
2014-01-28 06:31:35+0000 [lawbriefupdate] INFO: Crawled 4036 pages (at 29 pages/min), scraped 1352 items (at 12 items/min)
2014-01-28 06:32:35+0000 [lawbriefupdate] INFO: Crawled 4070 pages (at 34 pages/min), scraped 1363 items (at 11 items/min)
2014-01-28 06:33:35+0000 [lawbriefupdate] INFO: Crawled 4100 pages (at 30 pages/min), scraped 1373 items (at 10 items/min)
2014-01-28 06:34:35+0000 [lawbriefupdate] INFO: Crawled 4132 pages (at 32 pages/min), scraped 1384 items (at 11 items/min)
2014-01-28 06:35:35+0000 [lawbriefupdate] INFO: Crawled 4158 pages (at 26 pages/min), scraped 1393 items (at 9 items/min)
2014-01-28 06:36:35+0000 [lawbriefupdate] INFO: Crawled 4190 pages (at 32 pages/min), scraped 1403 items (at 10 items/min)
2014-01-28 06:37:35+0000 [lawbriefupdate] INFO: Crawled 4222 pages (at 32 pages/min), scraped 1414 items (at 11 items/min)
2014-01-28 06:38:35+0000 [lawbriefupdate] INFO: Crawled 4254 pages (at 32 pages/min), scraped 1425 items (at 11 items/min)
2014-01-28 06:39:35+0000 [lawbriefupdate] INFO: Crawled 4288 pages (at 34 pages/min), scraped 1436 items (at 11 items/min)
2014-01-28 06:40:35+0000 [lawbriefupdate] INFO: Crawled 4322 pages (at 34 pages/min), scraped 1447 items (at 11 items/min)
2014-01-28 06:41:35+0000 [lawbriefupdate] INFO: Crawled 4360 pages (at 38 pages/min), scraped 1462 items (at 15 items/min)
2014-01-28 06:42:35+0000 [lawbriefupdate] INFO: Crawled 4393 pages (at 33 pages/min), scraped 1474 items (at 12 items/min)
2014-01-28 06:43:35+0000 [lawbriefupdate] INFO: Crawled 4426 pages (at 33 pages/min), scraped 1486 items (at 12 items/min)
2014-01-28 06:44:35+0000 [lawbriefupdate] INFO: Crawled 4461 pages (at 35 pages/min), scraped 1498 items (at 12 items/min)
2014-01-28 06:45:35+0000 [lawbriefupdate] INFO: Crawled 4492 pages (at 31 pages/min), scraped 1506 items (at 8 items/min)
2014-01-28 06:46:35+0000 [lawbriefupdate] INFO: Crawled 4526 pages (at 34 pages/min), scraped 1520 items (at 14 items/min)
2014-01-28 06:47:35+0000 [lawbriefupdate] INFO: Crawled 4558 pages (at 32 pages/min), scraped 1527 items (at 7 items/min)
2014-01-28 06:48:35+0000 [lawbriefupdate] INFO: Crawled 4590 pages (at 32 pages/min), scraped 1538 items (at 11 items/min)
2014-01-28 06:49:35+0000 [lawbriefupdate] INFO: Crawled 4621 pages (at 31 pages/min), scraped 1546 items (at 8 items/min)
2014-01-28 06:50:35+0000 [lawbriefupdate] INFO: Crawled 4656 pages (at 35 pages/min), scraped 1560 items (at 14 items/min)
2014-01-28 06:51:35+0000 [lawbriefupdate] INFO: Crawled 4688 pages (at 32 pages/min), scraped 1570 items (at 10 items/min)
2014-01-28 06:52:35+0000 [lawbriefupdate] INFO: Crawled 4720 pages (at 32 pages/min), scraped 1580 items (at 10 items/min)
2014-01-28 06:53:35+0000 [lawbriefupdate] INFO: Crawled 4751 pages (at 31 pages/min), scraped 1589 items (at 9 items/min)
2014-01-28 06:54:35+0000 [lawbriefupdate] INFO: Crawled 4785 pages (at 34 pages/min), scraped 1604 items (at 15 items/min)
2014-01-28 06:55:35+0000 [lawbriefupdate] INFO: Crawled 4818 pages (at 33 pages/min), scraped 1616 items (at 12 items/min)
2014-01-28 06:56:35+0000 [lawbriefupdate] INFO: Crawled 4850 pages (at 32 pages/min), scraped 1625 items (at 9 items/min)
2014-01-28 06:57:35+0000 [lawbriefupdate] INFO: Crawled 4881 pages (at 31 pages/min), scraped 1634 items (at 9 items/min)
2014-01-28 06:58:35+0000 [lawbriefupdate] INFO: Crawled 4916 pages (at 35 pages/min), scraped 1648 items (at 14 items/min)
2014-01-28 06:59:35+0000 [lawbriefupdate] INFO: Crawled 4951 pages (at 35 pages/min), scraped 1658 items (at 10 items/min)
2014-01-28 07:00:35+0000 [lawbriefupdate] INFO: Crawled 4981 pages (at 30 pages/min), scraped 1669 items (at 11 items/min)
2014-01-28 07:01:35+0000 [lawbriefupdate] INFO: Crawled 5008 pages (at 27 pages/min), scraped 1677 items (at 8 items/min)
2014-01-28 07:02:35+0000 [lawbriefupdate] INFO: Crawled 5040 pages (at 32 pages/min), scraped 1689 items (at 12 items/min)
2014-01-28 07:03:35+0000 [lawbriefupdate] INFO: Crawled 5072 pages (at 32 pages/min), scraped 1697 items (at 8 items/min)
2014-01-28 07:04:35+0000 [lawbriefupdate] INFO: Crawled 5104 pages (at 32 pages/min), scraped 1708 items (at 11 items/min)
2014-01-28 07:05:35+0000 [lawbriefupdate] INFO: Crawled 5138 pages (at 34 pages/min), scraped 1720 items (at 12 items/min)
2014-01-28 07:06:35+0000 [lawbriefupdate] INFO: Crawled 5174 pages (at 36 pages/min), scraped 1732 items (at 12 items/min)
2014-01-28 07:07:35+0000 [lawbriefupdate] INFO: Crawled 5204 pages (at 30 pages/min), scraped 1741 items (at 9 items/min)
2014-01-28 07:08:35+0000 [lawbriefupdate] INFO: Crawled 5238 pages (at 34 pages/min), scraped 1753 items (at 12 items/min)
2014-01-28 07:09:35+0000 [lawbriefupdate] INFO: Crawled 5271 pages (at 33 pages/min), scraped 1763 items (at 10 items/min)
2014-01-28 07:10:35+0000 [lawbriefupdate] INFO: Crawled 5301 pages (at 30 pages/min), scraped 1773 items (at 10 items/min)
2014-01-28 07:11:35+0000 [lawbriefupdate] INFO: Crawled 5328 pages (at 27 pages/min), scraped 1781 items (at 8 items/min)
2014-01-28 07:12:35+0000 [lawbriefupdate] INFO: Crawled 5359 pages (at 31 pages/min), scraped 1790 items (at 9 items/min)
2014-01-28 07:13:35+0000 [lawbriefupdate] INFO: Crawled 5391 pages (at 32 pages/min), scraped 1800 items (at 10 items/min)
2014-01-28 07:14:35+0000 [lawbriefupdate] INFO: Crawled 5426 pages (at 35 pages/min), scraped 1813 items (at 13 items/min)
2014-01-28 07:15:35+0000 [lawbriefupdate] INFO: Crawled 5456 pages (at 30 pages/min), scraped 1822 items (at 9 items/min)
2014-01-28 07:16:35+0000 [lawbriefupdate] INFO: Crawled 5493 pages (at 37 pages/min), scraped 1837 items (at 15 items/min)
2014-01-28 07:17:35+0000 [lawbriefupdate] INFO: Crawled 5526 pages (at 33 pages/min), scraped 1849 items (at 12 items/min)
2014-01-28 07:18:35+0000 [lawbriefupdate] INFO: Crawled 5559 pages (at 33 pages/min), scraped 1861 items (at 12 items/min)
2014-01-28 07:19:35+0000 [lawbriefupdate] INFO: Crawled 5594 pages (at 35 pages/min), scraped 1873 items (at 12 items/min)
2014-01-28 07:20:35+0000 [lawbriefupdate] INFO: Crawled 5627 pages (at 33 pages/min), scraped 1884 items (at 11 items/min)
2014-01-28 07:21:35+0000 [lawbriefupdate] INFO: Crawled 5662 pages (at 35 pages/min), scraped 1897 items (at 13 items/min)
2014-01-28 07:22:35+0000 [lawbriefupdate] INFO: Crawled 5694 pages (at 32 pages/min), scraped 1907 items (at 10 items/min)
2014-01-28 07:23:35+0000 [lawbriefupdate] INFO: Crawled 5723 pages (at 29 pages/min), scraped 1915 items (at 8 items/min)
2014-01-28 07:24:35+0000 [lawbriefupdate] INFO: Crawled 5759 pages (at 36 pages/min), scraped 1929 items (at 14 items/min)
2014-01-28 07:25:35+0000 [lawbriefupdate] INFO: Crawled 5790 pages (at 31 pages/min), scraped 1937 items (at 8 items/min)
2014-01-28 07:26:35+0000 [lawbriefupdate] INFO: Crawled 5821 pages (at 31 pages/min), scraped 1949 items (at 12 items/min)
2014-01-28 07:27:35+0000 [lawbriefupdate] INFO: Crawled 5850 pages (at 29 pages/min), scraped 1958 items (at 9 items/min)
2014-01-28 07:28:35+0000 [lawbriefupdate] INFO: Crawled 5882 pages (at 32 pages/min), scraped 1967 items (at 9 items/min)
2014-01-28 07:29:35+0000 [lawbriefupdate] INFO: Crawled 5913 pages (at 31 pages/min), scraped 1977 items (at 10 items/min)
2014-01-28 07:30:35+0000 [lawbriefupdate] INFO: Crawled 5942 pages (at 29 pages/min), scraped 1985 items (at 8 items/min)
2014-01-28 07:31:35+0000 [lawbriefupdate] INFO: Crawled 5973 pages (at 31 pages/min), scraped 1996 items (at 11 items/min)
2014-01-28 07:32:35+0000 [lawbriefupdate] INFO: Crawled 6004 pages (at 31 pages/min), scraped 2009 items (at 13 items/min)
2014-01-28 07:33:35+0000 [lawbriefupdate] INFO: Crawled 6038 pages (at 34 pages/min), scraped 2021 items (at 12 items/min)
2014-01-28 07:34:35+0000 [lawbriefupdate] INFO: Crawled 6073 pages (at 35 pages/min), scraped 2033 items (at 12 items/min)
2014-01-28 07:35:35+0000 [lawbriefupdate] INFO: Crawled 6100 pages (at 27 pages/min), scraped 2039 items (at 6 items/min)
2014-01-28 07:36:35+0000 [lawbriefupdate] INFO: Crawled 6133 pages (at 33 pages/min), scraped 2048 items (at 9 items/min)
2014-01-28 07:37:35+0000 [lawbriefupdate] INFO: Crawled 6163 pages (at 30 pages/min), scraped 2053 items (at 5 items/min)
2014-01-28 07:38:35+0000 [lawbriefupdate] INFO: Crawled 6194 pages (at 31 pages/min), scraped 2065 items (at 12 items/min)
2014-01-28 07:39:35+0000 [lawbriefupdate] INFO: Crawled 6226 pages (at 32 pages/min), scraped 2075 items (at 10 items/min)
2014-01-28 07:40:35+0000 [lawbriefupdate] INFO: Crawled 6255 pages (at 29 pages/min), scraped 2081 items (at 6 items/min)
2014-01-28 07:41:35+0000 [lawbriefupdate] INFO: Crawled 6291 pages (at 36 pages/min), scraped 2094 items (at 13 items/min)
2014-01-28 07:42:35+0000 [lawbriefupdate] INFO: Crawled 6324 pages (at 33 pages/min), scraped 2103 items (at 9 items/min)
2014-01-28 07:43:35+0000 [lawbriefupdate] INFO: Crawled 6359 pages (at 35 pages/min), scraped 2116 items (at 13 items/min)
2014-01-28 07:44:35+0000 [lawbriefupdate] INFO: Crawled 6390 pages (at 31 pages/min), scraped 2123 items (at 7 items/min)
2014-01-28 07:45:35+0000 [lawbriefupdate] INFO: Crawled 6423 pages (at 33 pages/min), scraped 2133 items (at 10 items/min)
2014-01-28 07:46:35+0000 [lawbriefupdate] INFO: Crawled 6454 pages (at 31 pages/min), scraped 2139 items (at 6 items/min)
2014-01-28 07:47:35+0000 [lawbriefupdate] INFO: Crawled 6489 pages (at 35 pages/min), scraped 2151 items (at 12 items/min)
2014-01-28 07:48:35+0000 [lawbriefupdate] INFO: Crawled 6521 pages (at 32 pages/min), scraped 2159 items (at 8 items/min)
2014-01-28 07:49:35+0000 [lawbriefupdate] INFO: Crawled 6547 pages (at 26 pages/min), scraped 2165 items (at 6 items/min)
2014-01-28 07:50:35+0000 [lawbriefupdate] INFO: Crawled 6572 pages (at 25 pages/min), scraped 2170 items (at 5 items/min)
2014-01-28 07:51:35+0000 [lawbriefupdate] INFO: Crawled 6604 pages (at 32 pages/min), scraped 2179 items (at 9 items/min)
2014-01-28 07:52:35+0000 [lawbriefupdate] INFO: Crawled 6638 pages (at 34 pages/min), scraped 2184 items (at 5 items/min)
2014-01-28 07:53:35+0000 [lawbriefupdate] INFO: Crawled 6669 pages (at 31 pages/min), scraped 2194 items (at 10 items/min)
2014-01-28 07:54:35+0000 [lawbriefupdate] INFO: Crawled 6703 pages (at 34 pages/min), scraped 2202 items (at 8 items/min)
2014-01-28 07:55:35+0000 [lawbriefupdate] INFO: Crawled 6735 pages (at 32 pages/min), scraped 2210 items (at 8 items/min)
2014-01-28 07:56:35+0000 [lawbriefupdate] INFO: Crawled 6769 pages (at 34 pages/min), scraped 2220 items (at 10 items/min)
2014-01-28 07:57:35+0000 [lawbriefupdate] INFO: Crawled 6801 pages (at 32 pages/min), scraped 2227 items (at 7 items/min)
2014-01-28 07:58:35+0000 [lawbriefupdate] INFO: Crawled 6834 pages (at 33 pages/min), scraped 2237 items (at 10 items/min)
2014-01-28 07:59:35+0000 [lawbriefupdate] INFO: Crawled 6862 pages (at 28 pages/min), scraped 2244 items (at 7 items/min)
2014-01-28 08:00:35+0000 [lawbriefupdate] INFO: Crawled 6895 pages (at 33 pages/min), scraped 2251 items (at 7 items/min)
2014-01-28 08:01:35+0000 [lawbriefupdate] INFO: Crawled 6923 pages (at 28 pages/min), scraped 2261 items (at 10 items/min)
2014-01-28 08:02:35+0000 [lawbriefupdate] INFO: Crawled 6951 pages (at 28 pages/min), scraped 2268 items (at 7 items/min)
2014-01-28 08:03:35+0000 [lawbriefupdate] INFO: Crawled 6989 pages (at 38 pages/min), scraped 2281 items (at 13 items/min)
2014-01-28 08:04:35+0000 [lawbriefupdate] INFO: Crawled 7021 pages (at 32 pages/min), scraped 2289 items (at 8 items/min)
2014-01-28 08:05:35+0000 [lawbriefupdate] INFO: Crawled 7058 pages (at 37 pages/min), scraped 2300 items (at 11 items/min)
2014-01-28 08:06:35+0000 [lawbriefupdate] INFO: Crawled 7088 pages (at 30 pages/min), scraped 2308 items (at 8 items/min)
2014-01-28 08:07:35+0000 [lawbriefupdate] INFO: Crawled 7121 pages (at 33 pages/min), scraped 2317 items (at 9 items/min)
2014-01-28 08:08:35+0000 [lawbriefupdate] INFO: Crawled 7155 pages (at 34 pages/min), scraped 2327 items (at 10 items/min)
2014-01-28 08:09:35+0000 [lawbriefupdate] INFO: Crawled 7190 pages (at 35 pages/min), scraped 2338 items (at 11 items/min)
2014-01-28 08:10:35+0000 [lawbriefupdate] INFO: Crawled 7219 pages (at 29 pages/min), scraped 2342 items (at 4 items/min)
2014-01-28 08:11:35+0000 [lawbriefupdate] INFO: Crawled 7251 pages (at 32 pages/min), scraped 2350 items (at 8 items/min)
2014-01-28 08:12:35+0000 [lawbriefupdate] INFO: Crawled 7284 pages (at 33 pages/min), scraped 2357 items (at 7 items/min)
2014-01-28 08:13:35+0000 [lawbriefupdate] INFO: Crawled 7314 pages (at 30 pages/min), scraped 2360 items (at 3 items/min)
2014-01-28 08:14:35+0000 [lawbriefupdate] INFO: Crawled 7345 pages (at 31 pages/min), scraped 2369 items (at 9 items/min)
2014-01-28 08:15:35+0000 [lawbriefupdate] INFO: Crawled 7382 pages (at 37 pages/min), scraped 2375 items (at 6 items/min)
2014-01-28 08:16:35+0000 [lawbriefupdate] INFO: Crawled 7410 pages (at 28 pages/min), scraped 2381 items (at 6 items/min)
2014-01-28 08:17:35+0000 [lawbriefupdate] INFO: Crawled 7441 pages (at 31 pages/min), scraped 2384 items (at 3 items/min)
2014-01-28 08:18:35+0000 [lawbriefupdate] INFO: Crawled 7473 pages (at 32 pages/min), scraped 2390 items (at 6 items/min)
2014-01-28 08:19:35+0000 [lawbriefupdate] INFO: Crawled 7508 pages (at 35 pages/min), scraped 2396 items (at 6 items/min)
2014-01-28 08:20:35+0000 [lawbriefupdate] INFO: Crawled 7538 pages (at 30 pages/min), scraped 2402 items (at 6 items/min)
2014-01-28 08:21:35+0000 [lawbriefupdate] INFO: Crawled 7569 pages (at 31 pages/min), scraped 2407 items (at 5 items/min)
2014-01-28 08:22:35+0000 [lawbriefupdate] INFO: Crawled 7601 pages (at 32 pages/min), scraped 2413 items (at 6 items/min)
2014-01-28 08:23:35+0000 [lawbriefupdate] INFO: Crawled 7633 pages (at 32 pages/min), scraped 2419 items (at 6 items/min)
2014-01-28 08:24:35+0000 [lawbriefupdate] INFO: Crawled 7661 pages (at 28 pages/min), scraped 2424 items (at 5 items/min)
2014-01-28 08:25:35+0000 [lawbriefupdate] INFO: Crawled 7697 pages (at 36 pages/min), scraped 2432 items (at 8 items/min)
2014-01-28 08:26:35+0000 [lawbriefupdate] INFO: Crawled 7722 pages (at 25 pages/min), scraped 2436 items (at 4 items/min)
2014-01-28 08:27:35+0000 [lawbriefupdate] INFO: Crawled 7746 pages (at 24 pages/min), scraped 2441 items (at 5 items/min)
2014-01-28 08:28:35+0000 [lawbriefupdate] INFO: Crawled 7780 pages (at 34 pages/min), scraped 2447 items (at 6 items/min)
2014-01-28 08:29:35+0000 [lawbriefupdate] INFO: Crawled 7812 pages (at 32 pages/min), scraped 2453 items (at 6 items/min)
2014-01-28 08:30:35+0000 [lawbriefupdate] INFO: Crawled 7845 pages (at 33 pages/min), scraped 2459 items (at 6 items/min)
2014-01-28 08:31:35+0000 [lawbriefupdate] INFO: Crawled 7869 pages (at 24 pages/min), scraped 2467 items (at 8 items/min)
2014-01-28 08:32:35+0000 [lawbriefupdate] INFO: Crawled 7903 pages (at 34 pages/min), scraped 2479 items (at 12 items/min)
2014-01-28 08:33:35+0000 [lawbriefupdate] INFO: Crawled 7925 pages (at 22 pages/min), scraped 2485 items (at 6 items/min)
2014-01-28 08:34:35+0000 [lawbriefupdate] INFO: Crawled 7959 pages (at 34 pages/min), scraped 2494 items (at 9 items/min)
2014-01-28 08:35:35+0000 [lawbriefupdate] INFO: Crawled 7990 pages (at 31 pages/min), scraped 2506 items (at 12 items/min)
2014-01-28 08:36:35+0000 [lawbriefupdate] INFO: Crawled 8022 pages (at 32 pages/min), scraped 2516 items (at 10 items/min)
2014-01-28 08:37:35+0000 [lawbriefupdate] INFO: Crawled 8053 pages (at 31 pages/min), scraped 2521 items (at 5 items/min)
2014-01-28 08:38:35+0000 [lawbriefupdate] INFO: Crawled 8085 pages (at 32 pages/min), scraped 2531 items (at 10 items/min)
2014-01-28 08:39:35+0000 [lawbriefupdate] INFO: Crawled 8119 pages (at 34 pages/min), scraped 2545 items (at 14 items/min)
2014-01-28 08:40:35+0000 [lawbriefupdate] INFO: Crawled 8147 pages (at 28 pages/min), scraped 2550 items (at 5 items/min)
2014-01-28 08:41:35+0000 [lawbriefupdate] INFO: Crawled 8184 pages (at 37 pages/min), scraped 2565 items (at 15 items/min)
2014-01-28 08:42:35+0000 [lawbriefupdate] INFO: Crawled 8218 pages (at 34 pages/min), scraped 2579 items (at 14 items/min)
2014-01-28 08:43:35+0000 [lawbriefupdate] INFO: Crawled 8243 pages (at 25 pages/min), scraped 2584 items (at 5 items/min)
2014-01-28 08:44:35+0000 [lawbriefupdate] INFO: Crawled 8273 pages (at 30 pages/min), scraped 2593 items (at 9 items/min)
2014-01-28 08:45:35+0000 [lawbriefupdate] INFO: Crawled 8309 pages (at 36 pages/min), scraped 2607 items (at 14 items/min)
2014-01-28 08:46:35+0000 [lawbriefupdate] INFO: Crawled 8341 pages (at 32 pages/min), scraped 2621 items (at 14 items/min)
2014-01-28 08:47:35+0000 [lawbriefupdate] INFO: Crawled 8370 pages (at 29 pages/min), scraped 2624 items (at 3 items/min)
2014-01-28 08:48:35+0000 [lawbriefupdate] INFO: Crawled 8397 pages (at 27 pages/min), scraped 2632 items (at 8 items/min)
2014-01-28 08:49:35+0000 [lawbriefupdate] INFO: Crawled 8426 pages (at 29 pages/min), scraped 2641 items (at 9 items/min)
2014-01-28 08:50:35+0000 [lawbriefupdate] INFO: Crawled 8460 pages (at 34 pages/min), scraped 2655 items (at 14 items/min)
2014-01-28 08:51:35+0000 [lawbriefupdate] INFO: Crawled 8492 pages (at 32 pages/min), scraped 2660 items (at 5 items/min)
2014-01-28 08:52:35+0000 [lawbriefupdate] INFO: Crawled 8519 pages (at 27 pages/min), scraped 2665 items (at 5 items/min)
2014-01-28 08:53:35+0000 [lawbriefupdate] INFO: Crawled 8548 pages (at 29 pages/min), scraped 2674 items (at 9 items/min)
2014-01-28 08:54:35+0000 [lawbriefupdate] INFO: Crawled 8578 pages (at 30 pages/min), scraped 2682 items (at 8 items/min)
2014-01-28 08:55:35+0000 [lawbriefupdate] INFO: Crawled 8607 pages (at 29 pages/min), scraped 2691 items (at 9 items/min)
2014-01-28 08:56:35+0000 [lawbriefupdate] INFO: Crawled 8639 pages (at 32 pages/min), scraped 2697 items (at 6 items/min)
2014-01-28 08:57:35+0000 [lawbriefupdate] INFO: Crawled 8672 pages (at 33 pages/min), scraped 2711 items (at 14 items/min)
2014-01-28 08:58:35+0000 [lawbriefupdate] INFO: Crawled 8705 pages (at 33 pages/min), scraped 2718 items (at 7 items/min)
2014-01-28 08:59:35+0000 [lawbriefupdate] INFO: Crawled 8736 pages (at 31 pages/min), scraped 2728 items (at 10 items/min)
2014-01-28 09:00:35+0000 [lawbriefupdate] INFO: Crawled 8762 pages (at 26 pages/min), scraped 2737 items (at 9 items/min)
2014-01-28 09:01:35+0000 [lawbriefupdate] INFO: Crawled 8786 pages (at 24 pages/min), scraped 2740 items (at 3 items/min)
2014-01-28 09:02:35+0000 [lawbriefupdate] INFO: Crawled 8818 pages (at 32 pages/min), scraped 2749 items (at 9 items/min)
2014-01-28 09:03:35+0000 [lawbriefupdate] INFO: Crawled 8847 pages (at 29 pages/min), scraped 2754 items (at 5 items/min)
2014-01-28 09:04:35+0000 [lawbriefupdate] INFO: Crawled 8881 pages (at 34 pages/min), scraped 2765 items (at 11 items/min)
2014-01-28 09:05:35+0000 [lawbriefupdate] INFO: Crawled 8911 pages (at 30 pages/min), scraped 2775 items (at 10 items/min)
2014-01-28 09:06:35+0000 [lawbriefupdate] INFO: Crawled 8940 pages (at 29 pages/min), scraped 2776 items (at 1 items/min)
2014-01-28 09:07:35+0000 [lawbriefupdate] INFO: Crawled 8974 pages (at 34 pages/min), scraped 2779 items (at 3 items/min)
2014-01-28 09:08:35+0000 [lawbriefupdate] INFO: Crawled 9008 pages (at 34 pages/min), scraped 2782 items (at 3 items/min)
2014-01-28 09:09:35+0000 [lawbriefupdate] INFO: Crawled 9034 pages (at 26 pages/min), scraped 2785 items (at 3 items/min)
2014-01-28 09:10:35+0000 [lawbriefupdate] INFO: Crawled 9063 pages (at 29 pages/min), scraped 2790 items (at 5 items/min)
2014-01-28 09:11:35+0000 [lawbriefupdate] INFO: Crawled 9092 pages (at 29 pages/min), scraped 2792 items (at 2 items/min)
2014-01-28 09:12:35+0000 [lawbriefupdate] INFO: Crawled 9123 pages (at 31 pages/min), scraped 2792 items (at 0 items/min)
2014-01-28 09:13:35+0000 [lawbriefupdate] INFO: Crawled 9152 pages (at 29 pages/min), scraped 2792 items (at 0 items/min)
2014-01-28 09:14:35+0000 [lawbriefupdate] INFO: Crawled 9184 pages (at 32 pages/min), scraped 2792 items (at 0 items/min)
2014-01-28 09:15:24+0000 [lawbriefupdate] INFO: Closing spider (finished)
2014-01-28 09:15:24+0000 [lawbriefupdate] INFO: Dumping Scrapy stats:
	{'downloader/exception_count': 98,
	 'downloader/exception_type_count/twisted.internet.error.ConnectionRefusedError': 98,
	 'downloader/request_bytes': 6550492,
	 'downloader/request_count': 15448,
	 'downloader/request_method_count/GET': 15448,
	 'downloader/response_bytes': 228390259,
	 'downloader/response_count': 15350,
	 'downloader/response_status_count/200': 3068,
	 'downloader/response_status_count/301': 6137,
	 'downloader/response_status_count/404': 6145,
	 'finish_reason': 'finished',
	 'finish_time': datetime.datetime(2014, 1, 28, 9, 15, 24, 555245),
	 'item_scraped_count': 2792,
	 'memdebug/gc_garbage_count': 0,
	 'memdebug/live_refs/SpiderAll': 1,
	 'memusage/max': 113246208,
	 'memusage/startup': 44486656,
	 'request_depth_max': 141,
	 'response_received_count': 9213,
	 'scheduler/dequeued': 15448,
	 'scheduler/dequeued/disk': 15448,
	 'scheduler/enqueued': 15448,
	 'scheduler/enqueued/disk': 15448,
	 'start_time': datetime.datetime(2014, 1, 28, 4, 27, 35, 46107)}
2014-01-28 09:15:24+0000 [lawbriefupdate] INFO: Spider closed (finished)
