2014-01-28 10:52:29+0000 [scrapy] INFO: Enabled extensions: LogStats, TelnetConsole, CloseSpider, WebService, CoreStats, MemoryUsage, MemoryDebugger, SpiderState
2014-01-28 10:52:29+0000 [scrapy] INFO: Enabled downloader middlewares: HttpAuthMiddleware, DownloadTimeoutMiddleware, UserAgentMiddleware, RetryMiddleware, DefaultHeadersMiddleware, MetaRefreshMiddleware, HttpCompressionMiddleware, RedirectMiddleware, CookiesMiddleware, ChunkedTransferMiddleware, DownloaderStats
2014-01-28 10:52:29+0000 [scrapy] INFO: Enabled spider middlewares: HttpErrorMiddleware, OffsiteMiddleware, RefererMiddleware, UrlLengthMiddleware, DepthMiddleware
2014-01-28 10:52:29+0000 [scrapy] INFO: Enabled item pipelines: AllPipeline
2014-01-28 10:52:29+0000 [piblawg] INFO: Spider opened
2014-01-28 10:52:29+0000 [piblawg] INFO: Crawled 0 pages (at 0 pages/min), scraped 0 items (at 0 items/min)
2014-01-28 10:52:37+0000 [scrapy] INFO: Scraped 10 items
2014-01-28 10:53:29+0000 [piblawg] INFO: Crawled 66 pages (at 66 pages/min), scraped 62 items (at 62 items/min)
2014-01-28 10:54:29+0000 [piblawg] INFO: Crawled 132 pages (at 66 pages/min), scraped 128 items (at 66 items/min)
2014-01-28 10:55:29+0000 [piblawg] INFO: Crawled 198 pages (at 66 pages/min), scraped 194 items (at 66 items/min)
2014-01-28 10:56:29+0000 [piblawg] INFO: Crawled 265 pages (at 67 pages/min), scraped 261 items (at 67 items/min)
2014-01-28 10:57:28+0000 [piblawg] INFO: Closing spider (finished)
2014-01-28 10:57:28+0000 [piblawg] INFO: Dumping Scrapy stats:
	{'downloader/request_bytes': 123089,
	 'downloader/request_count': 329,
	 'downloader/request_method_count/GET': 329,
	 'downloader/response_bytes': 3469408,
	 'downloader/response_count': 329,
	 'downloader/response_status_count/200': 326,
	 'downloader/response_status_count/500': 3,
	 'finish_reason': 'finished',
	 'finish_time': datetime.datetime(2014, 1, 28, 10, 57, 28, 538710),
	 'item_scraped_count': 294,
	 'memdebug/gc_garbage_count': 0,
	 'memdebug/live_refs/SpiderAll': 1,
	 'memusage/max': 53760000,
	 'memusage/startup': 44482560,
	 'request_depth_max': 20,
	 'response_received_count': 327,
	 'scheduler/dequeued': 329,
	 'scheduler/dequeued/disk': 329,
	 'scheduler/enqueued': 329,
	 'scheduler/enqueued/disk': 329,
	 'start_time': datetime.datetime(2014, 1, 28, 10, 52, 29, 389037)}
2014-01-28 10:57:28+0000 [piblawg] INFO: Spider closed (finished)
