2014-01-28 14:02:20+0000 [scrapy] INFO: Enabled extensions: LogStats, TelnetConsole, CloseSpider, WebService, CoreStats, MemoryUsage, MemoryDebugger, SpiderState
2014-01-28 14:02:20+0000 [scrapy] INFO: Enabled downloader middlewares: HttpAuthMiddleware, DownloadTimeoutMiddleware, UserAgentMiddleware, RetryMiddleware, DefaultHeadersMiddleware, MetaRefreshMiddleware, HttpCompressionMiddleware, RedirectMiddleware, CookiesMiddleware, ChunkedTransferMiddleware, DownloaderStats
2014-01-28 14:02:20+0000 [scrapy] INFO: Enabled spider middlewares: HttpErrorMiddleware, OffsiteMiddleware, RefererMiddleware, UrlLengthMiddleware, DepthMiddleware
2014-01-28 14:02:20+0000 [scrapy] INFO: Enabled item pipelines: AllPipeline
2014-01-28 14:02:20+0000 [7hs] INFO: Spider opened
2014-01-28 14:02:20+0000 [7hs] INFO: Crawled 0 pages (at 0 pages/min), scraped 0 items (at 0 items/min)
2014-01-28 14:02:37+0000 [scrapy] INFO: Scraped 10 items
2014-01-28 14:03:20+0000 [7hs] INFO: Closing spider (finished)
2014-01-28 14:03:20+0000 [7hs] INFO: Dumping Scrapy stats:
	{'downloader/request_bytes': 30422,
	 'downloader/request_count': 34,
	 'downloader/request_method_count/GET': 34,
	 'downloader/response_bytes': 249505,
	 'downloader/response_count': 34,
	 'downloader/response_status_count/200': 34,
	 'finish_reason': 'finished',
	 'finish_time': datetime.datetime(2014, 1, 28, 14, 3, 20, 91898),
	 'item_scraped_count': 34,
	 'memdebug/gc_garbage_count': 0,
	 'memdebug/live_refs/SpiderAll': 1,
	 'memusage/max': 44482560,
	 'memusage/startup': 44482560,
	 'request_depth_max': 25,
	 'response_received_count': 34,
	 'scheduler/dequeued': 34,
	 'scheduler/dequeued/disk': 34,
	 'scheduler/enqueued': 34,
	 'scheduler/enqueued/disk': 34,
	 'start_time': datetime.datetime(2014, 1, 28, 14, 2, 20, 776193)}
2014-01-28 14:03:20+0000 [7hs] INFO: Spider closed (finished)
