2014-01-28 14:59:36+0000 [scrapy] INFO: Enabled extensions: LogStats, TelnetConsole, CloseSpider, WebService, CoreStats, MemoryUsage, MemoryDebugger, SpiderState
2014-01-28 14:59:36+0000 [scrapy] INFO: Enabled downloader middlewares: HttpAuthMiddleware, DownloadTimeoutMiddleware, UserAgentMiddleware, RetryMiddleware, DefaultHeadersMiddleware, MetaRefreshMiddleware, HttpCompressionMiddleware, RedirectMiddleware, CookiesMiddleware, ChunkedTransferMiddleware, DownloaderStats
2014-01-28 14:59:36+0000 [scrapy] INFO: Enabled spider middlewares: HttpErrorMiddleware, OffsiteMiddleware, RefererMiddleware, UrlLengthMiddleware, DepthMiddleware
2014-01-28 14:59:36+0000 [scrapy] INFO: Enabled item pipelines: AllPipeline
2014-01-28 14:59:36+0000 [lawlibrarybarrister] INFO: Spider opened
2014-01-28 14:59:36+0000 [lawlibrarybarrister] INFO: Resuming crawl (919 requests scheduled)
2014-01-28 14:59:36+0000 [lawlibrarybarrister] INFO: Crawled 0 pages (at 0 pages/min), scraped 0 items (at 0 items/min)
2014-01-28 15:00:02+0000 [scrapy] INFO: Scraped 10 items
2014-01-28 15:00:36+0000 [lawlibrarybarrister] INFO: Crawled 25 pages (at 25 pages/min), scraped 25 items (at 25 items/min)
2014-01-28 15:01:36+0000 [lawlibrarybarrister] INFO: Crawled 44 pages (at 19 pages/min), scraped 44 items (at 19 items/min)
2014-01-28 15:02:36+0000 [lawlibrarybarrister] INFO: Crawled 68 pages (at 24 pages/min), scraped 68 items (at 24 items/min)
2014-01-28 15:03:36+0000 [lawlibrarybarrister] INFO: Crawled 83 pages (at 15 pages/min), scraped 83 items (at 15 items/min)
2014-01-28 15:04:36+0000 [lawlibrarybarrister] INFO: Crawled 106 pages (at 23 pages/min), scraped 106 items (at 23 items/min)
2014-01-28 15:05:36+0000 [lawlibrarybarrister] INFO: Crawled 125 pages (at 19 pages/min), scraped 125 items (at 19 items/min)
2014-01-28 15:06:36+0000 [lawlibrarybarrister] INFO: Crawled 146 pages (at 21 pages/min), scraped 146 items (at 21 items/min)
2014-01-28 15:07:36+0000 [lawlibrarybarrister] INFO: Crawled 166 pages (at 20 pages/min), scraped 166 items (at 20 items/min)
2014-01-28 15:08:36+0000 [lawlibrarybarrister] INFO: Crawled 192 pages (at 26 pages/min), scraped 192 items (at 26 items/min)
2014-01-28 15:09:36+0000 [lawlibrarybarrister] INFO: Crawled 214 pages (at 22 pages/min), scraped 214 items (at 22 items/min)
2014-01-28 15:10:36+0000 [lawlibrarybarrister] INFO: Crawled 233 pages (at 19 pages/min), scraped 233 items (at 19 items/min)
2014-01-28 15:11:36+0000 [lawlibrarybarrister] INFO: Crawled 254 pages (at 21 pages/min), scraped 254 items (at 21 items/min)
2014-01-28 15:12:36+0000 [lawlibrarybarrister] INFO: Crawled 270 pages (at 16 pages/min), scraped 270 items (at 16 items/min)
2014-01-28 15:13:36+0000 [lawlibrarybarrister] INFO: Crawled 295 pages (at 25 pages/min), scraped 295 items (at 25 items/min)
2014-01-28 15:14:36+0000 [lawlibrarybarrister] INFO: Crawled 314 pages (at 19 pages/min), scraped 314 items (at 19 items/min)
2014-01-28 15:15:36+0000 [lawlibrarybarrister] INFO: Crawled 338 pages (at 24 pages/min), scraped 338 items (at 24 items/min)
2014-01-28 15:16:36+0000 [lawlibrarybarrister] INFO: Crawled 357 pages (at 19 pages/min), scraped 357 items (at 19 items/min)
2014-01-28 15:17:36+0000 [lawlibrarybarrister] INFO: Crawled 380 pages (at 23 pages/min), scraped 380 items (at 23 items/min)
2014-01-28 15:18:36+0000 [lawlibrarybarrister] INFO: Crawled 405 pages (at 25 pages/min), scraped 405 items (at 25 items/min)
2014-01-28 15:19:36+0000 [lawlibrarybarrister] INFO: Crawled 421 pages (at 16 pages/min), scraped 421 items (at 16 items/min)
2014-01-28 15:20:36+0000 [lawlibrarybarrister] INFO: Crawled 444 pages (at 23 pages/min), scraped 444 items (at 23 items/min)
2014-01-28 15:21:36+0000 [lawlibrarybarrister] INFO: Crawled 464 pages (at 20 pages/min), scraped 464 items (at 20 items/min)
2014-01-28 15:22:36+0000 [lawlibrarybarrister] INFO: Crawled 486 pages (at 22 pages/min), scraped 486 items (at 22 items/min)
2014-01-28 15:23:36+0000 [lawlibrarybarrister] INFO: Crawled 508 pages (at 22 pages/min), scraped 508 items (at 22 items/min)
2014-01-28 15:24:36+0000 [lawlibrarybarrister] INFO: Crawled 528 pages (at 20 pages/min), scraped 528 items (at 20 items/min)
2014-01-28 15:25:36+0000 [lawlibrarybarrister] INFO: Crawled 550 pages (at 22 pages/min), scraped 550 items (at 22 items/min)
2014-01-28 15:26:36+0000 [lawlibrarybarrister] INFO: Crawled 570 pages (at 20 pages/min), scraped 570 items (at 20 items/min)
2014-01-28 15:27:36+0000 [lawlibrarybarrister] INFO: Crawled 593 pages (at 23 pages/min), scraped 593 items (at 23 items/min)
2014-01-28 15:28:36+0000 [lawlibrarybarrister] INFO: Crawled 611 pages (at 18 pages/min), scraped 611 items (at 18 items/min)
2014-01-28 15:29:36+0000 [lawlibrarybarrister] INFO: Crawled 633 pages (at 22 pages/min), scraped 633 items (at 22 items/min)
2014-01-28 15:30:36+0000 [lawlibrarybarrister] INFO: Crawled 652 pages (at 19 pages/min), scraped 652 items (at 19 items/min)
2014-01-28 15:31:36+0000 [lawlibrarybarrister] INFO: Crawled 674 pages (at 22 pages/min), scraped 674 items (at 22 items/min)
2014-01-28 15:32:36+0000 [lawlibrarybarrister] INFO: Crawled 696 pages (at 22 pages/min), scraped 696 items (at 22 items/min)
2014-01-28 15:33:36+0000 [lawlibrarybarrister] INFO: Crawled 717 pages (at 21 pages/min), scraped 717 items (at 21 items/min)
2014-01-28 15:34:36+0000 [lawlibrarybarrister] INFO: Crawled 742 pages (at 25 pages/min), scraped 742 items (at 25 items/min)
2014-01-28 15:35:36+0000 [lawlibrarybarrister] INFO: Crawled 761 pages (at 19 pages/min), scraped 761 items (at 19 items/min)
2014-01-28 15:36:36+0000 [lawlibrarybarrister] INFO: Crawled 781 pages (at 20 pages/min), scraped 781 items (at 20 items/min)
2014-01-28 15:37:36+0000 [lawlibrarybarrister] INFO: Crawled 802 pages (at 21 pages/min), scraped 802 items (at 21 items/min)
2014-01-28 15:38:36+0000 [lawlibrarybarrister] INFO: Crawled 824 pages (at 22 pages/min), scraped 824 items (at 22 items/min)
2014-01-28 15:39:36+0000 [lawlibrarybarrister] INFO: Crawled 848 pages (at 24 pages/min), scraped 848 items (at 24 items/min)
2014-01-28 15:40:36+0000 [lawlibrarybarrister] INFO: Crawled 869 pages (at 21 pages/min), scraped 869 items (at 21 items/min)
2014-01-28 15:41:36+0000 [lawlibrarybarrister] INFO: Crawled 889 pages (at 20 pages/min), scraped 889 items (at 20 items/min)
2014-01-28 15:42:36+0000 [lawlibrarybarrister] INFO: Crawled 911 pages (at 22 pages/min), scraped 911 items (at 22 items/min)
2014-01-28 15:43:36+0000 [lawlibrarybarrister] INFO: Crawled 930 pages (at 19 pages/min), scraped 930 items (at 19 items/min)
2014-01-28 15:44:36+0000 [lawlibrarybarrister] INFO: Crawled 954 pages (at 24 pages/min), scraped 954 items (at 24 items/min)
2014-01-28 15:45:36+0000 [lawlibrarybarrister] INFO: Crawled 971 pages (at 17 pages/min), scraped 971 items (at 17 items/min)
2014-01-28 15:46:36+0000 [lawlibrarybarrister] INFO: Crawled 994 pages (at 23 pages/min), scraped 994 items (at 23 items/min)
2014-01-28 15:47:36+0000 [lawlibrarybarrister] INFO: Crawled 1020 pages (at 26 pages/min), scraped 1020 items (at 26 items/min)
2014-01-28 15:48:36+0000 [lawlibrarybarrister] INFO: Crawled 1039 pages (at 19 pages/min), scraped 1039 items (at 19 items/min)
2014-01-28 15:49:36+0000 [lawlibrarybarrister] INFO: Crawled 1062 pages (at 23 pages/min), scraped 1062 items (at 23 items/min)
2014-01-28 15:50:36+0000 [lawlibrarybarrister] INFO: Crawled 1079 pages (at 17 pages/min), scraped 1079 items (at 17 items/min)
2014-01-28 15:51:36+0000 [lawlibrarybarrister] INFO: Crawled 1083 pages (at 4 pages/min), scraped 1083 items (at 4 items/min)
2014-01-28 15:52:36+0000 [lawlibrarybarrister] INFO: Crawled 1083 pages (at 0 pages/min), scraped 1083 items (at 0 items/min)
2014-01-28 15:53:36+0000 [lawlibrarybarrister] INFO: Crawled 1083 pages (at 0 pages/min), scraped 1083 items (at 0 items/min)
2014-01-28 15:54:36+0000 [lawlibrarybarrister] INFO: Crawled 1102 pages (at 19 pages/min), scraped 1102 items (at 19 items/min)
2014-01-28 15:55:36+0000 [lawlibrarybarrister] INFO: Crawled 1121 pages (at 19 pages/min), scraped 1121 items (at 19 items/min)
2014-01-28 15:56:36+0000 [lawlibrarybarrister] INFO: Crawled 1144 pages (at 23 pages/min), scraped 1144 items (at 23 items/min)
2014-01-28 15:57:36+0000 [lawlibrarybarrister] INFO: Crawled 1163 pages (at 19 pages/min), scraped 1163 items (at 19 items/min)
2014-01-28 15:58:36+0000 [lawlibrarybarrister] INFO: Crawled 1185 pages (at 22 pages/min), scraped 1185 items (at 22 items/min)
2014-01-28 15:59:36+0000 [lawlibrarybarrister] INFO: Crawled 1209 pages (at 24 pages/min), scraped 1209 items (at 24 items/min)
2014-01-28 16:00:36+0000 [lawlibrarybarrister] INFO: Crawled 1227 pages (at 18 pages/min), scraped 1227 items (at 18 items/min)
2014-01-28 16:01:36+0000 [lawlibrarybarrister] INFO: Crawled 1250 pages (at 23 pages/min), scraped 1250 items (at 23 items/min)
2014-01-28 16:02:36+0000 [lawlibrarybarrister] INFO: Crawled 1252 pages (at 2 pages/min), scraped 1252 items (at 2 items/min)
2014-01-28 16:03:36+0000 [lawlibrarybarrister] INFO: Crawled 1262 pages (at 10 pages/min), scraped 1262 items (at 10 items/min)
2014-01-28 16:04:36+0000 [lawlibrarybarrister] INFO: Crawled 1279 pages (at 17 pages/min), scraped 1279 items (at 17 items/min)
2014-01-28 16:05:36+0000 [lawlibrarybarrister] INFO: Crawled 1296 pages (at 17 pages/min), scraped 1296 items (at 17 items/min)
2014-01-28 16:06:36+0000 [lawlibrarybarrister] INFO: Crawled 1320 pages (at 24 pages/min), scraped 1320 items (at 24 items/min)
2014-01-28 16:07:36+0000 [lawlibrarybarrister] INFO: Crawled 1341 pages (at 21 pages/min), scraped 1341 items (at 21 items/min)
2014-01-28 16:08:36+0000 [lawlibrarybarrister] INFO: Crawled 1363 pages (at 22 pages/min), scraped 1363 items (at 22 items/min)
2014-01-28 16:09:36+0000 [lawlibrarybarrister] INFO: Crawled 1386 pages (at 23 pages/min), scraped 1386 items (at 23 items/min)
2014-01-28 16:10:36+0000 [lawlibrarybarrister] INFO: Crawled 1408 pages (at 22 pages/min), scraped 1408 items (at 22 items/min)
2014-01-28 16:11:36+0000 [lawlibrarybarrister] INFO: Crawled 1430 pages (at 22 pages/min), scraped 1430 items (at 22 items/min)
2014-01-28 16:12:36+0000 [lawlibrarybarrister] INFO: Crawled 1454 pages (at 24 pages/min), scraped 1454 items (at 24 items/min)
2014-01-28 16:13:36+0000 [lawlibrarybarrister] INFO: Crawled 1461 pages (at 7 pages/min), scraped 1461 items (at 7 items/min)
2014-01-28 16:14:36+0000 [lawlibrarybarrister] INFO: Crawled 1479 pages (at 18 pages/min), scraped 1479 items (at 18 items/min)
2014-01-28 16:15:36+0000 [lawlibrarybarrister] INFO: Crawled 1505 pages (at 26 pages/min), scraped 1505 items (at 26 items/min)
2014-01-28 16:16:36+0000 [lawlibrarybarrister] INFO: Crawled 1525 pages (at 20 pages/min), scraped 1525 items (at 20 items/min)
2014-01-28 16:17:36+0000 [lawlibrarybarrister] INFO: Crawled 1548 pages (at 23 pages/min), scraped 1548 items (at 23 items/min)
2014-01-28 16:18:36+0000 [lawlibrarybarrister] INFO: Crawled 1571 pages (at 23 pages/min), scraped 1571 items (at 23 items/min)
2014-01-28 16:19:36+0000 [lawlibrarybarrister] INFO: Crawled 1597 pages (at 26 pages/min), scraped 1597 items (at 26 items/min)
2014-01-28 16:20:36+0000 [lawlibrarybarrister] INFO: Crawled 1621 pages (at 24 pages/min), scraped 1621 items (at 24 items/min)
2014-01-28 16:21:36+0000 [lawlibrarybarrister] INFO: Crawled 1643 pages (at 22 pages/min), scraped 1643 items (at 22 items/min)
2014-01-28 16:22:36+0000 [lawlibrarybarrister] INFO: Crawled 1662 pages (at 19 pages/min), scraped 1662 items (at 19 items/min)
2014-01-28 16:23:36+0000 [lawlibrarybarrister] INFO: Crawled 1682 pages (at 20 pages/min), scraped 1682 items (at 20 items/min)
2014-01-28 16:24:36+0000 [lawlibrarybarrister] INFO: Crawled 1701 pages (at 19 pages/min), scraped 1701 items (at 19 items/min)
2014-01-28 16:25:36+0000 [lawlibrarybarrister] INFO: Crawled 1727 pages (at 26 pages/min), scraped 1727 items (at 26 items/min)
2014-01-28 16:26:36+0000 [lawlibrarybarrister] INFO: Crawled 1746 pages (at 19 pages/min), scraped 1746 items (at 19 items/min)
2014-01-28 16:27:36+0000 [lawlibrarybarrister] INFO: Crawled 1766 pages (at 20 pages/min), scraped 1766 items (at 20 items/min)
2014-01-28 16:28:36+0000 [lawlibrarybarrister] INFO: Crawled 1789 pages (at 23 pages/min), scraped 1789 items (at 23 items/min)
2014-01-28 16:29:36+0000 [lawlibrarybarrister] INFO: Crawled 1813 pages (at 24 pages/min), scraped 1813 items (at 24 items/min)
2014-01-28 16:30:36+0000 [lawlibrarybarrister] INFO: Crawled 1839 pages (at 26 pages/min), scraped 1839 items (at 26 items/min)
2014-01-28 16:31:36+0000 [lawlibrarybarrister] INFO: Crawled 1863 pages (at 24 pages/min), scraped 1863 items (at 24 items/min)
2014-01-28 16:32:36+0000 [lawlibrarybarrister] INFO: Crawled 1888 pages (at 25 pages/min), scraped 1888 items (at 25 items/min)
2014-01-28 16:33:36+0000 [lawlibrarybarrister] INFO: Crawled 1912 pages (at 24 pages/min), scraped 1912 items (at 24 items/min)
2014-01-28 16:34:36+0000 [lawlibrarybarrister] INFO: Crawled 1935 pages (at 23 pages/min), scraped 1935 items (at 23 items/min)
2014-01-28 16:35:36+0000 [lawlibrarybarrister] INFO: Crawled 1960 pages (at 25 pages/min), scraped 1960 items (at 25 items/min)
2014-01-28 16:36:36+0000 [lawlibrarybarrister] INFO: Crawled 1985 pages (at 25 pages/min), scraped 1985 items (at 25 items/min)
2014-01-28 16:37:36+0000 [lawlibrarybarrister] INFO: Crawled 2009 pages (at 24 pages/min), scraped 2009 items (at 24 items/min)
2014-01-28 16:38:36+0000 [lawlibrarybarrister] INFO: Crawled 2030 pages (at 21 pages/min), scraped 2030 items (at 21 items/min)
2014-01-28 16:39:36+0000 [lawlibrarybarrister] INFO: Crawled 2056 pages (at 26 pages/min), scraped 2056 items (at 26 items/min)
2014-01-28 16:40:36+0000 [lawlibrarybarrister] INFO: Crawled 2082 pages (at 26 pages/min), scraped 2082 items (at 26 items/min)
2014-01-28 16:41:36+0000 [lawlibrarybarrister] INFO: Crawled 2106 pages (at 24 pages/min), scraped 2106 items (at 24 items/min)
2014-01-28 16:42:36+0000 [lawlibrarybarrister] INFO: Crawled 2152 pages (at 46 pages/min), scraped 2137 items (at 31 items/min)
2014-01-28 16:43:36+0000 [lawlibrarybarrister] INFO: Crawled 2212 pages (at 60 pages/min), scraped 2191 items (at 54 items/min)
2014-01-28 16:44:36+0000 [lawlibrarybarrister] INFO: Crawled 2242 pages (at 30 pages/min), scraped 2215 items (at 24 items/min)
2014-01-28 16:45:36+0000 [lawlibrarybarrister] INFO: Crawled 2266 pages (at 24 pages/min), scraped 2234 items (at 19 items/min)
2014-01-28 16:46:36+0000 [lawlibrarybarrister] INFO: Crawled 2294 pages (at 28 pages/min), scraped 2258 items (at 24 items/min)
2014-01-28 16:47:36+0000 [lawlibrarybarrister] INFO: Crawled 2324 pages (at 30 pages/min), scraped 2281 items (at 23 items/min)
2014-01-28 16:48:15+0000 [lawlibrarybarrister] INFO: Closing spider (finished)
2014-01-28 16:48:16+0000 [lawlibrarybarrister] INFO: Dumping Scrapy stats:
	{'downloader/exception_count': 1,
	 'downloader/exception_type_count/twisted.internet.error.TimeoutError': 1,
	 'downloader/request_bytes': 6167202,
	 'downloader/request_count': 6699,
	 'downloader/request_method_count/GET': 6699,
	 'downloader/response_bytes': 23672054,
	 'downloader/response_count': 6698,
	 'downloader/response_status_count/200': 2365,
	 'downloader/response_status_count/301': 1949,
	 'downloader/response_status_count/302': 2384,
	 'finish_reason': 'finished',
	 'finish_time': datetime.datetime(2014, 1, 28, 16, 48, 15, 973800),
	 'item_scraped_count': 2281,
	 'memdebug/gc_garbage_count': 0,
	 'memdebug/live_refs/SpiderAll': 1,
	 'memusage/max': 92229632,
	 'memusage/startup': 44953600,
	 'request_depth_max': 103,
	 'response_received_count': 2365,
	 'scheduler/dequeued': 6699,
	 'scheduler/dequeued/disk': 6699,
	 'scheduler/enqueued': 5780,
	 'scheduler/enqueued/disk': 5780,
	 'start_time': datetime.datetime(2014, 1, 28, 14, 59, 36, 422578)}
2014-01-28 16:48:16+0000 [lawlibrarybarrister] INFO: Spider closed (finished)
