2014-01-28 15:00:26+0000 [scrapy] INFO: Enabled extensions: LogStats, TelnetConsole, CloseSpider, WebService, CoreStats, MemoryUsage, MemoryDebugger, SpiderState
2014-01-28 15:00:26+0000 [scrapy] INFO: Enabled downloader middlewares: HttpAuthMiddleware, DownloadTimeoutMiddleware, UserAgentMiddleware, RetryMiddleware, DefaultHeadersMiddleware, MetaRefreshMiddleware, HttpCompressionMiddleware, RedirectMiddleware, CookiesMiddleware, ChunkedTransferMiddleware, DownloaderStats
2014-01-28 15:00:26+0000 [scrapy] INFO: Enabled spider middlewares: HttpErrorMiddleware, OffsiteMiddleware, RefererMiddleware, UrlLengthMiddleware, DepthMiddleware
2014-01-28 15:00:26+0000 [scrapy] INFO: Enabled item pipelines: AllPipeline
2014-01-28 15:00:26+0000 [lawyerwatch] INFO: Spider opened
2014-01-28 15:00:26+0000 [lawyerwatch] INFO: Crawled 0 pages (at 0 pages/min), scraped 0 items (at 0 items/min)
2014-01-28 15:00:36+0000 [scrapy] INFO: Scraped 10 items
2014-01-28 15:01:26+0000 [lawyerwatch] INFO: Crawled 50 pages (at 50 pages/min), scraped 37 items (at 37 items/min)
2014-01-28 15:02:26+0000 [lawyerwatch] INFO: Crawled 93 pages (at 43 pages/min), scraped 69 items (at 32 items/min)
2014-01-28 15:03:26+0000 [lawyerwatch] INFO: Crawled 129 pages (at 36 pages/min), scraped 99 items (at 30 items/min)
2014-01-28 15:04:26+0000 [lawyerwatch] INFO: Crawled 163 pages (at 34 pages/min), scraped 132 items (at 33 items/min)
2014-01-28 15:05:26+0000 [lawyerwatch] INFO: Crawled 184 pages (at 21 pages/min), scraped 153 items (at 21 items/min)
2014-01-28 15:06:26+0000 [lawyerwatch] INFO: Crawled 209 pages (at 25 pages/min), scraped 178 items (at 25 items/min)
2014-01-28 15:07:26+0000 [lawyerwatch] INFO: Crawled 234 pages (at 25 pages/min), scraped 203 items (at 25 items/min)
2014-01-28 15:08:26+0000 [lawyerwatch] INFO: Crawled 250 pages (at 16 pages/min), scraped 219 items (at 16 items/min)
2014-01-28 15:09:26+0000 [lawyerwatch] INFO: Crawled 274 pages (at 24 pages/min), scraped 243 items (at 24 items/min)
2014-01-28 15:10:26+0000 [lawyerwatch] INFO: Crawled 292 pages (at 18 pages/min), scraped 261 items (at 18 items/min)
2014-01-28 15:11:26+0000 [lawyerwatch] INFO: Crawled 312 pages (at 20 pages/min), scraped 281 items (at 20 items/min)
2014-01-28 15:12:26+0000 [lawyerwatch] INFO: Crawled 333 pages (at 21 pages/min), scraped 302 items (at 21 items/min)
2014-01-28 15:13:26+0000 [lawyerwatch] INFO: Crawled 354 pages (at 21 pages/min), scraped 323 items (at 21 items/min)
2014-01-28 15:14:26+0000 [lawyerwatch] INFO: Crawled 376 pages (at 22 pages/min), scraped 345 items (at 22 items/min)
2014-01-28 15:15:26+0000 [lawyerwatch] INFO: Crawled 395 pages (at 19 pages/min), scraped 364 items (at 19 items/min)
2014-01-28 15:16:26+0000 [lawyerwatch] INFO: Crawled 415 pages (at 20 pages/min), scraped 384 items (at 20 items/min)
2014-01-28 15:17:26+0000 [lawyerwatch] INFO: Crawled 437 pages (at 22 pages/min), scraped 406 items (at 22 items/min)
2014-01-28 15:18:26+0000 [lawyerwatch] INFO: Crawled 458 pages (at 21 pages/min), scraped 427 items (at 21 items/min)
2014-01-28 15:19:26+0000 [lawyerwatch] INFO: Crawled 483 pages (at 25 pages/min), scraped 452 items (at 25 items/min)
2014-01-28 15:20:26+0000 [lawyerwatch] INFO: Crawled 505 pages (at 22 pages/min), scraped 474 items (at 22 items/min)
2014-01-28 15:21:26+0000 [lawyerwatch] INFO: Crawled 525 pages (at 20 pages/min), scraped 494 items (at 20 items/min)
2014-01-28 15:22:26+0000 [lawyerwatch] INFO: Crawled 544 pages (at 19 pages/min), scraped 513 items (at 19 items/min)
2014-01-28 15:23:26+0000 [lawyerwatch] INFO: Crawled 566 pages (at 22 pages/min), scraped 535 items (at 22 items/min)
2014-01-28 15:24:26+0000 [lawyerwatch] INFO: Crawled 593 pages (at 27 pages/min), scraped 562 items (at 27 items/min)
2014-01-28 15:25:26+0000 [lawyerwatch] INFO: Crawled 618 pages (at 25 pages/min), scraped 587 items (at 25 items/min)
2014-01-28 15:26:26+0000 [lawyerwatch] INFO: Crawled 652 pages (at 34 pages/min), scraped 617 items (at 30 items/min)
2014-01-28 15:27:26+0000 [lawyerwatch] INFO: Crawled 671 pages (at 19 pages/min), scraped 634 items (at 17 items/min)
2014-01-28 15:28:26+0000 [lawyerwatch] INFO: Crawled 697 pages (at 26 pages/min), scraped 660 items (at 26 items/min)
2014-01-28 15:29:26+0000 [lawyerwatch] INFO: Crawled 718 pages (at 21 pages/min), scraped 681 items (at 21 items/min)
2014-01-28 15:30:26+0000 [lawyerwatch] INFO: Crawled 745 pages (at 27 pages/min), scraped 708 items (at 27 items/min)
2014-01-28 15:31:26+0000 [lawyerwatch] INFO: Crawled 769 pages (at 24 pages/min), scraped 732 items (at 24 items/min)
2014-01-28 15:32:26+0000 [lawyerwatch] INFO: Crawled 797 pages (at 28 pages/min), scraped 760 items (at 28 items/min)
2014-01-28 15:33:26+0000 [lawyerwatch] INFO: Crawled 818 pages (at 21 pages/min), scraped 781 items (at 21 items/min)
2014-01-28 15:34:26+0000 [lawyerwatch] INFO: Crawled 839 pages (at 21 pages/min), scraped 802 items (at 21 items/min)
2014-01-28 15:35:26+0000 [lawyerwatch] INFO: Crawled 866 pages (at 27 pages/min), scraped 829 items (at 27 items/min)
2014-01-28 15:36:26+0000 [lawyerwatch] INFO: Crawled 896 pages (at 30 pages/min), scraped 859 items (at 30 items/min)
2014-01-28 15:37:26+0000 [lawyerwatch] INFO: Crawled 918 pages (at 22 pages/min), scraped 881 items (at 22 items/min)
2014-01-28 15:38:26+0000 [lawyerwatch] INFO: Crawled 938 pages (at 20 pages/min), scraped 901 items (at 20 items/min)
2014-01-28 15:39:26+0000 [lawyerwatch] INFO: Crawled 961 pages (at 23 pages/min), scraped 924 items (at 23 items/min)
2014-01-28 15:40:26+0000 [lawyerwatch] INFO: Crawled 993 pages (at 32 pages/min), scraped 956 items (at 32 items/min)
2014-01-28 15:41:26+0000 [lawyerwatch] INFO: Crawled 1009 pages (at 16 pages/min), scraped 972 items (at 16 items/min)
2014-01-28 15:42:26+0000 [lawyerwatch] INFO: Crawled 1032 pages (at 23 pages/min), scraped 995 items (at 23 items/min)
2014-01-28 15:43:26+0000 [lawyerwatch] INFO: Crawled 1056 pages (at 24 pages/min), scraped 1019 items (at 24 items/min)
2014-01-28 15:44:26+0000 [lawyerwatch] INFO: Crawled 1079 pages (at 23 pages/min), scraped 1042 items (at 23 items/min)
2014-01-28 15:45:26+0000 [lawyerwatch] INFO: Crawled 1102 pages (at 23 pages/min), scraped 1065 items (at 23 items/min)
2014-01-28 15:46:26+0000 [lawyerwatch] INFO: Crawled 1129 pages (at 27 pages/min), scraped 1092 items (at 27 items/min)
2014-01-28 15:47:26+0000 [lawyerwatch] INFO: Crawled 1153 pages (at 24 pages/min), scraped 1116 items (at 24 items/min)
2014-01-28 15:48:26+0000 [lawyerwatch] INFO: Crawled 1172 pages (at 19 pages/min), scraped 1135 items (at 19 items/min)
2014-01-28 15:49:26+0000 [lawyerwatch] INFO: Crawled 1191 pages (at 19 pages/min), scraped 1154 items (at 19 items/min)
2014-01-28 15:50:26+0000 [lawyerwatch] INFO: Crawled 1223 pages (at 32 pages/min), scraped 1186 items (at 32 items/min)
2014-01-28 15:51:26+0000 [lawyerwatch] INFO: Crawled 1230 pages (at 7 pages/min), scraped 1193 items (at 7 items/min)
2014-01-28 15:52:26+0000 [lawyerwatch] INFO: Crawled 1230 pages (at 0 pages/min), scraped 1193 items (at 0 items/min)
2014-01-28 15:53:26+0000 [lawyerwatch] INFO: Crawled 1258 pages (at 28 pages/min), scraped 1221 items (at 28 items/min)
2014-01-28 15:54:26+0000 [lawyerwatch] INFO: Crawled 1298 pages (at 40 pages/min), scraped 1261 items (at 40 items/min)
2014-01-28 15:55:26+0000 [lawyerwatch] INFO: Crawled 1308 pages (at 10 pages/min), scraped 1271 items (at 10 items/min)
2014-01-28 15:56:26+0000 [lawyerwatch] INFO: Crawled 1321 pages (at 13 pages/min), scraped 1284 items (at 13 items/min)
2014-01-28 15:57:26+0000 [lawyerwatch] INFO: Crawled 1342 pages (at 21 pages/min), scraped 1305 items (at 21 items/min)
2014-01-28 15:58:26+0000 [lawyerwatch] INFO: Crawled 1370 pages (at 28 pages/min), scraped 1333 items (at 28 items/min)
2014-01-28 15:59:26+0000 [lawyerwatch] INFO: Crawled 1392 pages (at 22 pages/min), scraped 1355 items (at 22 items/min)
2014-01-28 16:00:26+0000 [lawyerwatch] INFO: Crawled 1394 pages (at 2 pages/min), scraped 1357 items (at 2 items/min)
2014-01-28 16:01:26+0000 [lawyerwatch] INFO: Crawled 1394 pages (at 0 pages/min), scraped 1357 items (at 0 items/min)
2014-01-28 16:02:26+0000 [lawyerwatch] INFO: Crawled 1394 pages (at 0 pages/min), scraped 1357 items (at 0 items/min)
2014-01-28 16:03:26+0000 [lawyerwatch] INFO: Crawled 1408 pages (at 14 pages/min), scraped 1371 items (at 14 items/min)
2014-01-28 16:04:26+0000 [lawyerwatch] INFO: Crawled 1427 pages (at 19 pages/min), scraped 1390 items (at 19 items/min)
2014-01-28 16:05:26+0000 [lawyerwatch] INFO: Crawled 1443 pages (at 16 pages/min), scraped 1406 items (at 16 items/min)
2014-01-28 16:06:26+0000 [lawyerwatch] INFO: Crawled 1463 pages (at 20 pages/min), scraped 1426 items (at 20 items/min)
2014-01-28 16:07:26+0000 [lawyerwatch] INFO: Crawled 1495 pages (at 32 pages/min), scraped 1458 items (at 32 items/min)
2014-01-28 16:08:26+0000 [lawyerwatch] INFO: Crawled 1517 pages (at 22 pages/min), scraped 1480 items (at 22 items/min)
2014-01-28 16:09:26+0000 [lawyerwatch] INFO: Crawled 1542 pages (at 25 pages/min), scraped 1505 items (at 25 items/min)
2014-01-28 16:10:26+0000 [lawyerwatch] INFO: Crawled 1574 pages (at 32 pages/min), scraped 1537 items (at 32 items/min)
2014-01-28 16:11:26+0000 [lawyerwatch] INFO: Crawled 1593 pages (at 19 pages/min), scraped 1556 items (at 19 items/min)
2014-01-28 16:12:26+0000 [lawyerwatch] INFO: Crawled 1613 pages (at 20 pages/min), scraped 1576 items (at 20 items/min)
2014-01-28 16:13:26+0000 [lawyerwatch] INFO: Crawled 1630 pages (at 17 pages/min), scraped 1593 items (at 17 items/min)
2014-01-28 16:14:26+0000 [lawyerwatch] INFO: Crawled 1651 pages (at 21 pages/min), scraped 1614 items (at 21 items/min)
2014-01-28 16:15:26+0000 [lawyerwatch] INFO: Crawled 1676 pages (at 25 pages/min), scraped 1639 items (at 25 items/min)
2014-01-28 16:16:26+0000 [lawyerwatch] INFO: Crawled 1702 pages (at 26 pages/min), scraped 1665 items (at 26 items/min)
2014-01-28 16:17:26+0000 [lawyerwatch] INFO: Crawled 1726 pages (at 24 pages/min), scraped 1689 items (at 24 items/min)
2014-01-28 16:18:26+0000 [lawyerwatch] INFO: Crawled 1756 pages (at 30 pages/min), scraped 1719 items (at 30 items/min)
2014-01-28 16:19:26+0000 [lawyerwatch] INFO: Crawled 1778 pages (at 22 pages/min), scraped 1740 items (at 21 items/min)
2014-01-28 16:20:26+0000 [lawyerwatch] INFO: Crawled 1809 pages (at 31 pages/min), scraped 1772 items (at 32 items/min)
2014-01-28 16:21:26+0000 [lawyerwatch] INFO: Crawled 1831 pages (at 22 pages/min), scraped 1794 items (at 22 items/min)
2014-01-28 16:22:26+0000 [lawyerwatch] INFO: Crawled 1854 pages (at 23 pages/min), scraped 1817 items (at 23 items/min)
2014-01-28 16:23:26+0000 [lawyerwatch] INFO: Crawled 1880 pages (at 26 pages/min), scraped 1843 items (at 26 items/min)
2014-01-28 16:24:26+0000 [lawyerwatch] INFO: Crawled 1899 pages (at 19 pages/min), scraped 1862 items (at 19 items/min)
2014-01-28 16:25:26+0000 [lawyerwatch] INFO: Crawled 1928 pages (at 29 pages/min), scraped 1891 items (at 29 items/min)
2014-01-28 16:26:26+0000 [lawyerwatch] INFO: Crawled 1948 pages (at 20 pages/min), scraped 1911 items (at 20 items/min)
2014-01-28 16:27:26+0000 [lawyerwatch] INFO: Crawled 1969 pages (at 21 pages/min), scraped 1932 items (at 21 items/min)
2014-01-28 16:28:26+0000 [lawyerwatch] INFO: Crawled 1998 pages (at 29 pages/min), scraped 1961 items (at 29 items/min)
2014-01-28 16:29:26+0000 [lawyerwatch] INFO: Crawled 2014 pages (at 16 pages/min), scraped 1977 items (at 16 items/min)
2014-01-28 16:30:26+0000 [lawyerwatch] INFO: Crawled 2039 pages (at 25 pages/min), scraped 2002 items (at 25 items/min)
2014-01-28 16:31:26+0000 [lawyerwatch] INFO: Crawled 2065 pages (at 26 pages/min), scraped 2022 items (at 20 items/min)
2014-01-28 16:32:26+0000 [lawyerwatch] INFO: Crawled 2090 pages (at 25 pages/min), scraped 2043 items (at 21 items/min)
2014-01-28 16:33:26+0000 [lawyerwatch] INFO: Crawled 2116 pages (at 26 pages/min), scraped 2063 items (at 20 items/min)
2014-01-28 16:34:26+0000 [lawyerwatch] INFO: Crawled 2144 pages (at 28 pages/min), scraped 2085 items (at 22 items/min)
2014-01-28 16:35:26+0000 [lawyerwatch] INFO: Crawled 2179 pages (at 35 pages/min), scraped 2114 items (at 29 items/min)
2014-01-28 16:36:26+0000 [lawyerwatch] INFO: Crawled 2201 pages (at 22 pages/min), scraped 2131 items (at 17 items/min)
2014-01-28 16:37:26+0000 [lawyerwatch] INFO: Crawled 2233 pages (at 32 pages/min), scraped 2162 items (at 31 items/min)
2014-01-28 16:38:26+0000 [lawyerwatch] INFO: Crawled 2264 pages (at 31 pages/min), scraped 2193 items (at 31 items/min)
2014-01-28 16:39:26+0000 [lawyerwatch] INFO: Crawled 2290 pages (at 26 pages/min), scraped 2218 items (at 25 items/min)
2014-01-28 16:40:26+0000 [lawyerwatch] INFO: Crawled 2316 pages (at 26 pages/min), scraped 2244 items (at 26 items/min)
2014-01-28 16:41:26+0000 [lawyerwatch] INFO: Crawled 2351 pages (at 35 pages/min), scraped 2279 items (at 35 items/min)
2014-01-28 16:42:26+0000 [lawyerwatch] INFO: Crawled 2371 pages (at 20 pages/min), scraped 2299 items (at 20 items/min)
2014-01-28 16:43:26+0000 [lawyerwatch] INFO: Crawled 2397 pages (at 26 pages/min), scraped 2325 items (at 26 items/min)
2014-01-28 16:44:26+0000 [lawyerwatch] INFO: Crawled 2420 pages (at 23 pages/min), scraped 2348 items (at 23 items/min)
2014-01-28 16:45:26+0000 [lawyerwatch] INFO: Crawled 2448 pages (at 28 pages/min), scraped 2376 items (at 28 items/min)
2014-01-28 16:46:26+0000 [lawyerwatch] INFO: Crawled 2471 pages (at 23 pages/min), scraped 2399 items (at 23 items/min)
2014-01-28 16:47:26+0000 [lawyerwatch] INFO: Crawled 2492 pages (at 21 pages/min), scraped 2420 items (at 21 items/min)
2014-01-28 16:48:26+0000 [lawyerwatch] INFO: Crawled 2521 pages (at 29 pages/min), scraped 2449 items (at 29 items/min)
2014-01-28 16:49:26+0000 [lawyerwatch] INFO: Crawled 2543 pages (at 22 pages/min), scraped 2471 items (at 22 items/min)
2014-01-28 16:50:26+0000 [lawyerwatch] INFO: Crawled 2564 pages (at 21 pages/min), scraped 2492 items (at 21 items/min)
2014-01-28 16:51:26+0000 [lawyerwatch] INFO: Crawled 2582 pages (at 18 pages/min), scraped 2510 items (at 18 items/min)
2014-01-28 16:52:26+0000 [lawyerwatch] INFO: Crawled 2602 pages (at 20 pages/min), scraped 2530 items (at 20 items/min)
2014-01-28 16:53:26+0000 [lawyerwatch] INFO: Crawled 2629 pages (at 27 pages/min), scraped 2557 items (at 27 items/min)
2014-01-28 16:54:26+0000 [lawyerwatch] INFO: Crawled 2650 pages (at 21 pages/min), scraped 2578 items (at 21 items/min)
2014-01-28 16:55:26+0000 [lawyerwatch] INFO: Crawled 2682 pages (at 32 pages/min), scraped 2610 items (at 32 items/min)
2014-01-28 16:56:26+0000 [lawyerwatch] INFO: Crawled 2706 pages (at 24 pages/min), scraped 2633 items (at 23 items/min)
2014-01-28 16:57:26+0000 [lawyerwatch] INFO: Crawled 2728 pages (at 22 pages/min), scraped 2655 items (at 22 items/min)
2014-01-28 16:58:26+0000 [lawyerwatch] INFO: Crawled 2754 pages (at 26 pages/min), scraped 2681 items (at 26 items/min)
2014-01-28 16:59:26+0000 [lawyerwatch] INFO: Crawled 2779 pages (at 25 pages/min), scraped 2705 items (at 24 items/min)
2014-01-28 17:00:26+0000 [lawyerwatch] INFO: Crawled 2797 pages (at 18 pages/min), scraped 2723 items (at 18 items/min)
2014-01-28 17:01:26+0000 [lawyerwatch] INFO: Crawled 2815 pages (at 18 pages/min), scraped 2741 items (at 18 items/min)
2014-01-28 17:02:26+0000 [lawyerwatch] INFO: Crawled 2838 pages (at 23 pages/min), scraped 2764 items (at 23 items/min)
2014-01-28 17:03:26+0000 [lawyerwatch] INFO: Crawled 2869 pages (at 31 pages/min), scraped 2795 items (at 31 items/min)
2014-01-28 17:04:26+0000 [lawyerwatch] INFO: Crawled 2892 pages (at 23 pages/min), scraped 2818 items (at 23 items/min)
2014-01-28 17:05:26+0000 [lawyerwatch] INFO: Crawled 2914 pages (at 22 pages/min), scraped 2840 items (at 22 items/min)
2014-01-28 17:06:26+0000 [lawyerwatch] INFO: Crawled 2949 pages (at 35 pages/min), scraped 2875 items (at 35 items/min)
2014-01-28 17:07:26+0000 [lawyerwatch] INFO: Crawled 2972 pages (at 23 pages/min), scraped 2898 items (at 23 items/min)
2014-01-28 17:08:26+0000 [lawyerwatch] INFO: Crawled 2994 pages (at 22 pages/min), scraped 2920 items (at 22 items/min)
2014-01-28 17:09:26+0000 [lawyerwatch] INFO: Crawled 3012 pages (at 18 pages/min), scraped 2938 items (at 18 items/min)
2014-01-28 17:10:26+0000 [lawyerwatch] INFO: Crawled 3049 pages (at 37 pages/min), scraped 2975 items (at 37 items/min)
2014-01-28 17:11:26+0000 [lawyerwatch] INFO: Crawled 3080 pages (at 31 pages/min), scraped 3006 items (at 31 items/min)
2014-01-28 17:12:26+0000 [lawyerwatch] INFO: Crawled 3108 pages (at 28 pages/min), scraped 3034 items (at 28 items/min)
2014-01-28 17:13:26+0000 [lawyerwatch] INFO: Crawled 3130 pages (at 22 pages/min), scraped 3056 items (at 22 items/min)
2014-01-28 17:14:26+0000 [lawyerwatch] INFO: Crawled 3173 pages (at 43 pages/min), scraped 3099 items (at 43 items/min)
2014-01-28 17:15:26+0000 [lawyerwatch] INFO: Crawled 3206 pages (at 33 pages/min), scraped 3132 items (at 33 items/min)
2014-01-28 17:16:26+0000 [lawyerwatch] INFO: Crawled 3237 pages (at 31 pages/min), scraped 3163 items (at 31 items/min)
2014-01-28 17:17:26+0000 [lawyerwatch] INFO: Crawled 3261 pages (at 24 pages/min), scraped 3187 items (at 24 items/min)
2014-01-28 17:18:26+0000 [lawyerwatch] INFO: Crawled 3287 pages (at 26 pages/min), scraped 3213 items (at 26 items/min)
2014-01-28 17:19:26+0000 [lawyerwatch] INFO: Crawled 3313 pages (at 26 pages/min), scraped 3237 items (at 24 items/min)
2014-01-28 17:20:26+0000 [lawyerwatch] INFO: Crawled 3345 pages (at 32 pages/min), scraped 3263 items (at 26 items/min)
2014-01-28 17:21:26+0000 [lawyerwatch] INFO: Crawled 3380 pages (at 35 pages/min), scraped 3288 items (at 25 items/min)
2014-01-28 17:22:26+0000 [lawyerwatch] INFO: Crawled 3409 pages (at 29 pages/min), scraped 3317 items (at 29 items/min)
2014-01-28 17:22:40+0000 [lawyerwatch] INFO: Closing spider (finished)
2014-01-28 17:22:40+0000 [lawyerwatch] INFO: Dumping Scrapy stats:
	{'downloader/exception_count': 1,
	 'downloader/exception_type_count/twisted.internet.error.TimeoutError': 1,
	 'downloader/request_bytes': 5748060,
	 'downloader/request_count': 8771,
	 'downloader/request_method_count/GET': 8771,
	 'downloader/response_bytes': 60550596,
	 'downloader/response_count': 8770,
	 'downloader/response_status_count/200': 3411,
	 'downloader/response_status_count/301': 896,
	 'downloader/response_status_count/302': 4455,
	 'downloader/response_status_count/404': 8,
	 'finish_reason': 'finished',
	 'finish_time': datetime.datetime(2014, 1, 28, 17, 22, 40, 850878),
	 'item_scraped_count': 3327,
	 'memdebug/gc_garbage_count': 0,
	 'memdebug/live_refs/SpiderAll': 1,
	 'memusage/max': 172240896,
	 'memusage/startup': 44482560,
	 'request_depth_max': 43,
	 'response_received_count': 3419,
	 'scheduler/dequeued': 8771,
	 'scheduler/dequeued/disk': 8771,
	 'scheduler/enqueued': 8771,
	 'scheduler/enqueued/disk': 8771,
	 'start_time': datetime.datetime(2014, 1, 28, 15, 0, 26, 297456)}
2014-01-28 17:22:40+0000 [lawyerwatch] INFO: Spider closed (finished)
