2014-01-28 23:28:14+0000 [scrapy] INFO: Enabled extensions: LogStats, TelnetConsole, CloseSpider, WebService, CoreStats, MemoryUsage, MemoryDebugger, SpiderState
2014-01-28 23:28:14+0000 [scrapy] INFO: Enabled downloader middlewares: HttpAuthMiddleware, DownloadTimeoutMiddleware, UserAgentMiddleware, RetryMiddleware, DefaultHeadersMiddleware, MetaRefreshMiddleware, HttpCompressionMiddleware, RedirectMiddleware, CookiesMiddleware, ChunkedTransferMiddleware, DownloaderStats
2014-01-28 23:28:14+0000 [scrapy] INFO: Enabled spider middlewares: HttpErrorMiddleware, OffsiteMiddleware, RefererMiddleware, UrlLengthMiddleware, DepthMiddleware
2014-01-28 23:28:14+0000 [scrapy] INFO: Enabled item pipelines: AllPipeline
2014-01-28 23:28:14+0000 [education11kbw] INFO: Spider opened
2014-01-28 23:28:14+0000 [education11kbw] INFO: Crawled 0 pages (at 0 pages/min), scraped 0 items (at 0 items/min)
2014-01-28 23:28:30+0000 [scrapy] INFO: Scraped 10 items
2014-01-28 23:29:14+0000 [education11kbw] INFO: Crawled 58 pages (at 58 pages/min), scraped 53 items (at 53 items/min)
2014-01-28 23:30:14+0000 [education11kbw] INFO: Crawled 121 pages (at 63 pages/min), scraped 111 items (at 58 items/min)
2014-01-28 23:31:14+0000 [education11kbw] INFO: Crawled 188 pages (at 67 pages/min), scraped 171 items (at 60 items/min)
2014-01-28 23:32:14+0000 [education11kbw] INFO: Crawled 251 pages (at 63 pages/min), scraped 231 items (at 60 items/min)
2014-01-28 23:33:14+0000 [education11kbw] INFO: Crawled 317 pages (at 66 pages/min), scraped 297 items (at 66 items/min)
2014-01-28 23:34:14+0000 [education11kbw] INFO: Crawled 376 pages (at 59 pages/min), scraped 356 items (at 59 items/min)
2014-01-28 23:35:14+0000 [education11kbw] INFO: Crawled 439 pages (at 63 pages/min), scraped 419 items (at 63 items/min)
2014-01-28 23:36:12+0000 [education11kbw] INFO: Closing spider (finished)
2014-01-28 23:36:12+0000 [education11kbw] INFO: Dumping Scrapy stats:
	{'downloader/request_bytes': 170360,
	 'downloader/request_count': 502,
	 'downloader/request_method_count/GET': 502,
	 'downloader/response_bytes': 7842413,
	 'downloader/response_count': 502,
	 'downloader/response_status_count/200': 499,
	 'downloader/response_status_count/301': 3,
	 'finish_reason': 'finished',
	 'finish_time': datetime.datetime(2014, 1, 28, 23, 36, 12, 243462),
	 'item_scraped_count': 479,
	 'memdebug/gc_garbage_count': 0,
	 'memdebug/live_refs/SpiderAll': 1,
	 'memusage/max': 53592064,
	 'memusage/startup': 44486656,
	 'request_depth_max': 23,
	 'response_received_count': 499,
	 'scheduler/dequeued': 502,
	 'scheduler/dequeued/disk': 502,
	 'scheduler/enqueued': 502,
	 'scheduler/enqueued/disk': 502,
	 'start_time': datetime.datetime(2014, 1, 28, 23, 28, 14, 953702)}
2014-01-28 23:36:12+0000 [education11kbw] INFO: Spider closed (finished)
