2014-01-29 00:34:51+0000 [scrapy] INFO: Enabled extensions: LogStats, TelnetConsole, CloseSpider, WebService, CoreStats, MemoryUsage, MemoryDebugger, SpiderState
2014-01-29 00:34:51+0000 [scrapy] INFO: Enabled downloader middlewares: HttpAuthMiddleware, DownloadTimeoutMiddleware, UserAgentMiddleware, RetryMiddleware, DefaultHeadersMiddleware, MetaRefreshMiddleware, HttpCompressionMiddleware, RedirectMiddleware, CookiesMiddleware, ChunkedTransferMiddleware, DownloaderStats
2014-01-29 00:34:51+0000 [scrapy] INFO: Enabled spider middlewares: HttpErrorMiddleware, OffsiteMiddleware, RefererMiddleware, UrlLengthMiddleware, DepthMiddleware
2014-01-29 00:34:51+0000 [scrapy] INFO: Enabled item pipelines: AllPipeline
2014-01-29 00:34:51+0000 [employment11kbw] INFO: Spider opened
2014-01-29 00:34:51+0000 [employment11kbw] INFO: Crawled 0 pages (at 0 pages/min), scraped 0 items (at 0 items/min)
2014-01-29 00:34:53+0000 [employment11kbw] INFO: Closing spider (finished)
2014-01-29 00:34:53+0000 [employment11kbw] INFO: Dumping Scrapy stats:
	{'downloader/request_bytes': 222,
	 'downloader/request_count': 1,
	 'downloader/request_method_count/GET': 1,
	 'downloader/response_bytes': 489743,
	 'downloader/response_count': 1,
	 'downloader/response_status_count/200': 1,
	 'finish_reason': 'finished',
	 'finish_time': datetime.datetime(2014, 1, 29, 0, 34, 53, 892126),
	 'item_scraped_count': 1,
	 'memdebug/gc_garbage_count': 0,
	 'memdebug/live_refs/SpiderAll': 1,
	 'memusage/max': 44548096,
	 'memusage/startup': 44548096,
	 'request_depth_max': 1,
	 'response_received_count': 1,
	 'scheduler/dequeued': 1,
	 'scheduler/dequeued/disk': 1,
	 'scheduler/enqueued': 1,
	 'scheduler/enqueued/disk': 1,
	 'start_time': datetime.datetime(2014, 1, 29, 0, 34, 51, 456688)}
2014-01-29 00:34:53+0000 [employment11kbw] INFO: Spider closed (finished)
