2014-01-29 14:27:48+0000 [scrapy] INFO: Enabled extensions: LogStats, TelnetConsole, CloseSpider, WebService, CoreStats, MemoryUsage, MemoryDebugger, SpiderState
2014-01-29 14:27:49+0000 [scrapy] INFO: Enabled downloader middlewares: HttpAuthMiddleware, DownloadTimeoutMiddleware, UserAgentMiddleware, RetryMiddleware, DefaultHeadersMiddleware, MetaRefreshMiddleware, HttpCompressionMiddleware, RedirectMiddleware, CookiesMiddleware, ChunkedTransferMiddleware, DownloaderStats
2014-01-29 14:27:49+0000 [scrapy] INFO: Enabled spider middlewares: HttpErrorMiddleware, OffsiteMiddleware, RefererMiddleware, UrlLengthMiddleware, DepthMiddleware
2014-01-29 14:27:49+0000 [scrapy] INFO: Enabled item pipelines: AllPipeline
2014-01-29 14:27:49+0000 [marilynstowe] INFO: Spider opened
2014-01-29 14:27:49+0000 [marilynstowe] INFO: Crawled 0 pages (at 0 pages/min), scraped 0 items (at 0 items/min)
2014-01-29 14:28:08+0000 [scrapy] INFO: Scraped 10 items
2014-01-29 14:28:49+0000 [marilynstowe] INFO: Crawled 36 pages (at 36 pages/min), scraped 21 items (at 21 items/min)
2014-01-29 14:29:49+0000 [marilynstowe] INFO: Crawled 74 pages (at 38 pages/min), scraped 37 items (at 16 items/min)
2014-01-29 14:30:49+0000 [marilynstowe] INFO: Crawled 114 pages (at 40 pages/min), scraped 53 items (at 16 items/min)
2014-01-29 14:31:49+0000 [marilynstowe] INFO: Crawled 151 pages (at 37 pages/min), scraped 71 items (at 18 items/min)
2014-01-29 14:32:49+0000 [marilynstowe] INFO: Crawled 188 pages (at 37 pages/min), scraped 86 items (at 15 items/min)
2014-01-29 14:33:49+0000 [marilynstowe] INFO: Crawled 227 pages (at 39 pages/min), scraped 108 items (at 22 items/min)
2014-01-29 14:34:49+0000 [marilynstowe] INFO: Crawled 266 pages (at 39 pages/min), scraped 122 items (at 14 items/min)
2014-01-29 14:35:49+0000 [marilynstowe] INFO: Crawled 303 pages (at 37 pages/min), scraped 134 items (at 12 items/min)
2014-01-29 14:36:49+0000 [marilynstowe] INFO: Crawled 342 pages (at 39 pages/min), scraped 153 items (at 19 items/min)
2014-01-29 14:37:49+0000 [marilynstowe] INFO: Crawled 379 pages (at 37 pages/min), scraped 166 items (at 13 items/min)
2014-01-29 14:38:49+0000 [marilynstowe] INFO: Crawled 415 pages (at 36 pages/min), scraped 184 items (at 18 items/min)
2014-01-29 14:39:49+0000 [marilynstowe] INFO: Crawled 453 pages (at 38 pages/min), scraped 198 items (at 14 items/min)
2014-01-29 14:40:49+0000 [marilynstowe] INFO: Crawled 490 pages (at 37 pages/min), scraped 212 items (at 14 items/min)
2014-01-29 14:41:49+0000 [marilynstowe] INFO: Crawled 527 pages (at 37 pages/min), scraped 229 items (at 17 items/min)
2014-01-29 14:42:49+0000 [marilynstowe] INFO: Crawled 565 pages (at 38 pages/min), scraped 243 items (at 14 items/min)
2014-01-29 14:43:49+0000 [marilynstowe] INFO: Crawled 604 pages (at 39 pages/min), scraped 255 items (at 12 items/min)
2014-01-29 14:44:49+0000 [marilynstowe] INFO: Crawled 643 pages (at 39 pages/min), scraped 275 items (at 20 items/min)
2014-01-29 14:45:49+0000 [marilynstowe] INFO: Crawled 682 pages (at 39 pages/min), scraped 285 items (at 10 items/min)
2014-01-29 14:46:49+0000 [marilynstowe] INFO: Crawled 721 pages (at 39 pages/min), scraped 304 items (at 19 items/min)
2014-01-29 14:47:49+0000 [marilynstowe] INFO: Crawled 758 pages (at 37 pages/min), scraped 315 items (at 11 items/min)
2014-01-29 14:48:49+0000 [marilynstowe] INFO: Crawled 798 pages (at 40 pages/min), scraped 335 items (at 20 items/min)
2014-01-29 14:49:49+0000 [marilynstowe] INFO: Crawled 837 pages (at 39 pages/min), scraped 357 items (at 22 items/min)
2014-01-29 14:50:49+0000 [marilynstowe] INFO: Crawled 875 pages (at 38 pages/min), scraped 373 items (at 16 items/min)
2014-01-29 14:51:49+0000 [marilynstowe] INFO: Crawled 909 pages (at 34 pages/min), scraped 389 items (at 16 items/min)
2014-01-29 14:52:49+0000 [marilynstowe] INFO: Crawled 947 pages (at 38 pages/min), scraped 407 items (at 18 items/min)
2014-01-29 14:53:49+0000 [marilynstowe] INFO: Crawled 985 pages (at 38 pages/min), scraped 419 items (at 12 items/min)
2014-01-29 14:54:49+0000 [marilynstowe] INFO: Crawled 1023 pages (at 38 pages/min), scraped 431 items (at 12 items/min)
2014-01-29 14:55:49+0000 [marilynstowe] INFO: Crawled 1063 pages (at 40 pages/min), scraped 434 items (at 3 items/min)
2014-01-29 14:56:49+0000 [marilynstowe] INFO: Crawled 1101 pages (at 38 pages/min), scraped 437 items (at 3 items/min)
2014-01-29 14:57:49+0000 [marilynstowe] INFO: Crawled 1138 pages (at 37 pages/min), scraped 448 items (at 11 items/min)
2014-01-29 14:58:49+0000 [marilynstowe] INFO: Crawled 1178 pages (at 40 pages/min), scraped 462 items (at 14 items/min)
2014-01-29 14:59:49+0000 [marilynstowe] INFO: Crawled 1217 pages (at 39 pages/min), scraped 481 items (at 19 items/min)
2014-01-29 15:00:49+0000 [marilynstowe] INFO: Crawled 1258 pages (at 41 pages/min), scraped 488 items (at 7 items/min)
2014-01-29 15:01:49+0000 [marilynstowe] INFO: Crawled 1297 pages (at 39 pages/min), scraped 501 items (at 13 items/min)
2014-01-29 15:02:49+0000 [marilynstowe] INFO: Crawled 1336 pages (at 39 pages/min), scraped 513 items (at 12 items/min)
2014-01-29 15:03:49+0000 [marilynstowe] INFO: Crawled 1375 pages (at 39 pages/min), scraped 518 items (at 5 items/min)
2014-01-29 15:04:49+0000 [marilynstowe] INFO: Crawled 1413 pages (at 38 pages/min), scraped 528 items (at 10 items/min)
2014-01-29 15:05:49+0000 [marilynstowe] INFO: Crawled 1451 pages (at 38 pages/min), scraped 545 items (at 17 items/min)
2014-01-29 15:06:49+0000 [marilynstowe] INFO: Crawled 1489 pages (at 38 pages/min), scraped 550 items (at 5 items/min)
2014-01-29 15:07:49+0000 [marilynstowe] INFO: Crawled 1528 pages (at 39 pages/min), scraped 560 items (at 10 items/min)
2014-01-29 15:08:49+0000 [marilynstowe] INFO: Crawled 1567 pages (at 39 pages/min), scraped 567 items (at 7 items/min)
2014-01-29 15:09:49+0000 [marilynstowe] INFO: Crawled 1606 pages (at 39 pages/min), scraped 574 items (at 7 items/min)
2014-01-29 15:10:49+0000 [marilynstowe] INFO: Crawled 1644 pages (at 38 pages/min), scraped 578 items (at 4 items/min)
2014-01-29 15:11:49+0000 [marilynstowe] INFO: Crawled 1682 pages (at 38 pages/min), scraped 588 items (at 10 items/min)
2014-01-29 15:12:49+0000 [marilynstowe] INFO: Crawled 1716 pages (at 34 pages/min), scraped 600 items (at 12 items/min)
2014-01-29 15:13:49+0000 [marilynstowe] INFO: Crawled 1756 pages (at 40 pages/min), scraped 611 items (at 11 items/min)
2014-01-29 15:14:49+0000 [marilynstowe] INFO: Crawled 1797 pages (at 41 pages/min), scraped 618 items (at 7 items/min)
2014-01-29 15:15:49+0000 [marilynstowe] INFO: Crawled 1837 pages (at 40 pages/min), scraped 621 items (at 3 items/min)
2014-01-29 15:16:49+0000 [marilynstowe] INFO: Crawled 1877 pages (at 40 pages/min), scraped 632 items (at 11 items/min)
2014-01-29 15:17:49+0000 [marilynstowe] INFO: Crawled 1916 pages (at 39 pages/min), scraped 645 items (at 13 items/min)
2014-01-29 15:18:49+0000 [marilynstowe] INFO: Crawled 1956 pages (at 40 pages/min), scraped 647 items (at 2 items/min)
2014-01-29 15:19:49+0000 [marilynstowe] INFO: Crawled 1995 pages (at 39 pages/min), scraped 656 items (at 9 items/min)
2014-01-29 15:20:49+0000 [marilynstowe] INFO: Crawled 2036 pages (at 41 pages/min), scraped 668 items (at 12 items/min)
2014-01-29 15:21:49+0000 [marilynstowe] INFO: Crawled 2075 pages (at 39 pages/min), scraped 675 items (at 7 items/min)
2014-01-29 15:22:49+0000 [marilynstowe] INFO: Crawled 2115 pages (at 40 pages/min), scraped 686 items (at 11 items/min)
2014-01-29 15:23:49+0000 [marilynstowe] INFO: Crawled 2155 pages (at 40 pages/min), scraped 687 items (at 1 items/min)
2014-01-29 15:24:49+0000 [marilynstowe] INFO: Crawled 2195 pages (at 40 pages/min), scraped 695 items (at 8 items/min)
2014-01-29 15:25:49+0000 [marilynstowe] INFO: Crawled 2235 pages (at 40 pages/min), scraped 704 items (at 9 items/min)
2014-01-29 15:26:49+0000 [marilynstowe] INFO: Crawled 2275 pages (at 40 pages/min), scraped 709 items (at 5 items/min)
2014-01-29 15:27:49+0000 [marilynstowe] INFO: Crawled 2315 pages (at 40 pages/min), scraped 715 items (at 6 items/min)
2014-01-29 15:28:49+0000 [marilynstowe] INFO: Crawled 2350 pages (at 35 pages/min), scraped 725 items (at 10 items/min)
2014-01-29 15:29:49+0000 [marilynstowe] INFO: Crawled 2384 pages (at 34 pages/min), scraped 735 items (at 10 items/min)
2014-01-29 15:30:49+0000 [marilynstowe] INFO: Crawled 2416 pages (at 32 pages/min), scraped 743 items (at 8 items/min)
2014-01-29 15:31:49+0000 [marilynstowe] INFO: Crawled 2450 pages (at 34 pages/min), scraped 753 items (at 10 items/min)
2014-01-29 15:32:49+0000 [marilynstowe] INFO: Crawled 2485 pages (at 35 pages/min), scraped 764 items (at 11 items/min)
2014-01-29 15:33:49+0000 [marilynstowe] INFO: Crawled 2518 pages (at 33 pages/min), scraped 773 items (at 9 items/min)
2014-01-29 15:34:49+0000 [marilynstowe] INFO: Crawled 2555 pages (at 37 pages/min), scraped 779 items (at 6 items/min)
2014-01-29 15:35:49+0000 [marilynstowe] INFO: Crawled 2584 pages (at 29 pages/min), scraped 792 items (at 13 items/min)
2014-01-29 15:36:49+0000 [marilynstowe] INFO: Crawled 2616 pages (at 32 pages/min), scraped 798 items (at 6 items/min)
2014-01-29 15:37:49+0000 [marilynstowe] INFO: Crawled 2648 pages (at 32 pages/min), scraped 814 items (at 16 items/min)
2014-01-29 15:38:49+0000 [marilynstowe] INFO: Crawled 2683 pages (at 35 pages/min), scraped 816 items (at 2 items/min)
2014-01-29 15:39:49+0000 [marilynstowe] INFO: Crawled 2715 pages (at 32 pages/min), scraped 830 items (at 14 items/min)
2014-01-29 15:40:49+0000 [marilynstowe] INFO: Crawled 2752 pages (at 37 pages/min), scraped 839 items (at 9 items/min)
2014-01-29 15:41:49+0000 [marilynstowe] INFO: Crawled 2787 pages (at 35 pages/min), scraped 856 items (at 17 items/min)
2014-01-29 15:42:49+0000 [marilynstowe] INFO: Crawled 2826 pages (at 39 pages/min), scraped 879 items (at 23 items/min)
2014-01-29 15:43:49+0000 [marilynstowe] INFO: Crawled 2866 pages (at 40 pages/min), scraped 889 items (at 10 items/min)
2014-01-29 15:44:49+0000 [marilynstowe] INFO: Crawled 2904 pages (at 38 pages/min), scraped 910 items (at 21 items/min)
2014-01-29 15:45:49+0000 [marilynstowe] INFO: Crawled 2943 pages (at 39 pages/min), scraped 921 items (at 11 items/min)
2014-01-29 15:46:49+0000 [marilynstowe] INFO: Crawled 2979 pages (at 36 pages/min), scraped 930 items (at 9 items/min)
2014-01-29 15:47:49+0000 [marilynstowe] INFO: Crawled 3016 pages (at 37 pages/min), scraped 936 items (at 6 items/min)
2014-01-29 15:48:49+0000 [marilynstowe] INFO: Crawled 3055 pages (at 39 pages/min), scraped 947 items (at 11 items/min)
2014-01-29 15:49:49+0000 [marilynstowe] INFO: Crawled 3095 pages (at 40 pages/min), scraped 961 items (at 14 items/min)
2014-01-29 15:50:49+0000 [marilynstowe] INFO: Crawled 3134 pages (at 39 pages/min), scraped 968 items (at 7 items/min)
2014-01-29 15:51:49+0000 [marilynstowe] INFO: Crawled 3174 pages (at 40 pages/min), scraped 972 items (at 4 items/min)
2014-01-29 15:52:49+0000 [marilynstowe] INFO: Crawled 3213 pages (at 39 pages/min), scraped 977 items (at 5 items/min)
2014-01-29 15:53:49+0000 [marilynstowe] INFO: Crawled 3254 pages (at 41 pages/min), scraped 986 items (at 9 items/min)
2014-01-29 15:54:49+0000 [marilynstowe] INFO: Crawled 3294 pages (at 40 pages/min), scraped 995 items (at 9 items/min)
2014-01-29 15:55:49+0000 [marilynstowe] INFO: Crawled 3331 pages (at 37 pages/min), scraped 998 items (at 3 items/min)
2014-01-29 15:56:49+0000 [marilynstowe] INFO: Crawled 3370 pages (at 39 pages/min), scraped 1011 items (at 13 items/min)
2014-01-29 15:57:49+0000 [marilynstowe] INFO: Crawled 3410 pages (at 40 pages/min), scraped 1013 items (at 2 items/min)
2014-01-29 15:58:49+0000 [marilynstowe] INFO: Crawled 3451 pages (at 41 pages/min), scraped 1016 items (at 3 items/min)
2014-01-29 15:59:49+0000 [marilynstowe] INFO: Crawled 3491 pages (at 40 pages/min), scraped 1021 items (at 5 items/min)
2014-01-29 16:00:49+0000 [marilynstowe] INFO: Crawled 3531 pages (at 40 pages/min), scraped 1035 items (at 14 items/min)
2014-01-29 16:01:49+0000 [marilynstowe] INFO: Crawled 3571 pages (at 40 pages/min), scraped 1036 items (at 1 items/min)
2014-01-29 16:02:49+0000 [marilynstowe] INFO: Crawled 3608 pages (at 37 pages/min), scraped 1040 items (at 4 items/min)
2014-01-29 16:03:49+0000 [marilynstowe] INFO: Crawled 3648 pages (at 40 pages/min), scraped 1042 items (at 2 items/min)
2014-01-29 16:04:49+0000 [marilynstowe] INFO: Crawled 3688 pages (at 40 pages/min), scraped 1053 items (at 11 items/min)
2014-01-29 16:05:49+0000 [marilynstowe] INFO: Crawled 3728 pages (at 40 pages/min), scraped 1063 items (at 10 items/min)
2014-01-29 16:06:49+0000 [marilynstowe] INFO: Crawled 3764 pages (at 36 pages/min), scraped 1070 items (at 7 items/min)
2014-01-29 16:07:49+0000 [marilynstowe] INFO: Crawled 3803 pages (at 39 pages/min), scraped 1076 items (at 6 items/min)
2014-01-29 16:08:49+0000 [marilynstowe] INFO: Crawled 3843 pages (at 40 pages/min), scraped 1080 items (at 4 items/min)
2014-01-29 16:09:49+0000 [marilynstowe] INFO: Crawled 3882 pages (at 39 pages/min), scraped 1094 items (at 14 items/min)
2014-01-29 16:10:49+0000 [marilynstowe] INFO: Crawled 3921 pages (at 39 pages/min), scraped 1104 items (at 10 items/min)
2014-01-29 16:11:49+0000 [marilynstowe] INFO: Crawled 3958 pages (at 37 pages/min), scraped 1110 items (at 6 items/min)
2014-01-29 16:12:49+0000 [marilynstowe] INFO: Crawled 3996 pages (at 38 pages/min), scraped 1123 items (at 13 items/min)
2014-01-29 16:13:49+0000 [marilynstowe] INFO: Crawled 4033 pages (at 37 pages/min), scraped 1135 items (at 12 items/min)
2014-01-29 16:14:49+0000 [marilynstowe] INFO: Crawled 4073 pages (at 40 pages/min), scraped 1151 items (at 16 items/min)
2014-01-29 16:15:49+0000 [marilynstowe] INFO: Crawled 4110 pages (at 37 pages/min), scraped 1161 items (at 10 items/min)
2014-01-29 16:16:49+0000 [marilynstowe] INFO: Crawled 4147 pages (at 37 pages/min), scraped 1176 items (at 15 items/min)
2014-01-29 16:17:49+0000 [marilynstowe] INFO: Crawled 4183 pages (at 36 pages/min), scraped 1187 items (at 11 items/min)
2014-01-29 16:18:49+0000 [marilynstowe] INFO: Crawled 4221 pages (at 38 pages/min), scraped 1191 items (at 4 items/min)
2014-01-29 16:19:49+0000 [marilynstowe] INFO: Crawled 4255 pages (at 34 pages/min), scraped 1207 items (at 16 items/min)
2014-01-29 16:20:49+0000 [marilynstowe] INFO: Crawled 4289 pages (at 34 pages/min), scraped 1221 items (at 14 items/min)
2014-01-29 16:21:49+0000 [marilynstowe] INFO: Crawled 4325 pages (at 36 pages/min), scraped 1228 items (at 7 items/min)
2014-01-29 16:22:49+0000 [marilynstowe] INFO: Crawled 4360 pages (at 35 pages/min), scraped 1236 items (at 8 items/min)
2014-01-29 16:23:49+0000 [marilynstowe] INFO: Crawled 4400 pages (at 40 pages/min), scraped 1258 items (at 22 items/min)
2014-01-29 16:24:49+0000 [marilynstowe] INFO: Crawled 4440 pages (at 40 pages/min), scraped 1282 items (at 24 items/min)
2014-01-29 16:25:49+0000 [marilynstowe] INFO: Crawled 4480 pages (at 40 pages/min), scraped 1298 items (at 16 items/min)
2014-01-29 16:26:49+0000 [marilynstowe] INFO: Crawled 4521 pages (at 41 pages/min), scraped 1311 items (at 13 items/min)
2014-01-29 16:27:49+0000 [marilynstowe] INFO: Crawled 4562 pages (at 41 pages/min), scraped 1320 items (at 9 items/min)
2014-01-29 16:28:49+0000 [marilynstowe] INFO: Crawled 4599 pages (at 37 pages/min), scraped 1321 items (at 1 items/min)
2014-01-29 16:29:49+0000 [marilynstowe] INFO: Crawled 4631 pages (at 32 pages/min), scraped 1344 items (at 23 items/min)
2014-01-29 16:30:49+0000 [marilynstowe] INFO: Crawled 4663 pages (at 32 pages/min), scraped 1347 items (at 3 items/min)
2014-01-29 16:31:49+0000 [marilynstowe] INFO: Crawled 4695 pages (at 32 pages/min), scraped 1363 items (at 16 items/min)
2014-01-29 16:32:49+0000 [marilynstowe] INFO: Crawled 4723 pages (at 28 pages/min), scraped 1375 items (at 12 items/min)
2014-01-29 16:33:49+0000 [marilynstowe] INFO: Crawled 4753 pages (at 30 pages/min), scraped 1384 items (at 9 items/min)
2014-01-29 16:34:49+0000 [marilynstowe] INFO: Crawled 4785 pages (at 32 pages/min), scraped 1391 items (at 7 items/min)
2014-01-29 16:35:49+0000 [marilynstowe] INFO: Crawled 4817 pages (at 32 pages/min), scraped 1397 items (at 6 items/min)
2014-01-29 16:36:49+0000 [marilynstowe] INFO: Crawled 4848 pages (at 31 pages/min), scraped 1408 items (at 11 items/min)
2014-01-29 16:37:49+0000 [marilynstowe] INFO: Crawled 4876 pages (at 28 pages/min), scraped 1418 items (at 10 items/min)
2014-01-29 16:38:49+0000 [marilynstowe] INFO: Crawled 4911 pages (at 35 pages/min), scraped 1429 items (at 11 items/min)
2014-01-29 16:39:49+0000 [marilynstowe] INFO: Crawled 4949 pages (at 38 pages/min), scraped 1434 items (at 5 items/min)
2014-01-29 16:40:49+0000 [marilynstowe] INFO: Crawled 4984 pages (at 35 pages/min), scraped 1437 items (at 3 items/min)
2014-01-29 16:41:49+0000 [marilynstowe] INFO: Crawled 5016 pages (at 32 pages/min), scraped 1449 items (at 12 items/min)
2014-01-29 16:42:49+0000 [marilynstowe] INFO: Crawled 5048 pages (at 32 pages/min), scraped 1455 items (at 6 items/min)
2014-01-29 16:43:49+0000 [marilynstowe] INFO: Crawled 5081 pages (at 33 pages/min), scraped 1469 items (at 14 items/min)
2014-01-29 16:44:49+0000 [marilynstowe] INFO: Crawled 5112 pages (at 31 pages/min), scraped 1481 items (at 12 items/min)
2014-01-29 16:45:49+0000 [marilynstowe] INFO: Crawled 5144 pages (at 32 pages/min), scraped 1490 items (at 9 items/min)
2014-01-29 16:46:49+0000 [marilynstowe] INFO: Crawled 5182 pages (at 38 pages/min), scraped 1492 items (at 2 items/min)
2014-01-29 16:47:49+0000 [marilynstowe] INFO: Crawled 5220 pages (at 38 pages/min), scraped 1504 items (at 12 items/min)
2014-01-29 16:48:49+0000 [marilynstowe] INFO: Crawled 5258 pages (at 38 pages/min), scraped 1509 items (at 5 items/min)
2014-01-29 16:49:49+0000 [marilynstowe] INFO: Crawled 5297 pages (at 39 pages/min), scraped 1519 items (at 10 items/min)
2014-01-29 16:50:49+0000 [marilynstowe] INFO: Crawled 5338 pages (at 41 pages/min), scraped 1528 items (at 9 items/min)
2014-01-29 16:51:49+0000 [marilynstowe] INFO: Crawled 5378 pages (at 40 pages/min), scraped 1542 items (at 14 items/min)
2014-01-29 16:52:49+0000 [marilynstowe] INFO: Crawled 5418 pages (at 40 pages/min), scraped 1551 items (at 9 items/min)
2014-01-29 16:53:49+0000 [marilynstowe] INFO: Crawled 5457 pages (at 39 pages/min), scraped 1559 items (at 8 items/min)
2014-01-29 16:54:49+0000 [marilynstowe] INFO: Crawled 5496 pages (at 39 pages/min), scraped 1563 items (at 4 items/min)
2014-01-29 16:55:49+0000 [marilynstowe] INFO: Crawled 5536 pages (at 40 pages/min), scraped 1574 items (at 11 items/min)
2014-01-29 16:56:49+0000 [marilynstowe] INFO: Crawled 5575 pages (at 39 pages/min), scraped 1577 items (at 3 items/min)
2014-01-29 16:57:49+0000 [marilynstowe] INFO: Crawled 5615 pages (at 40 pages/min), scraped 1592 items (at 15 items/min)
2014-01-29 16:58:49+0000 [marilynstowe] INFO: Crawled 5655 pages (at 40 pages/min), scraped 1599 items (at 7 items/min)
2014-01-29 16:59:49+0000 [marilynstowe] INFO: Crawled 5696 pages (at 41 pages/min), scraped 1607 items (at 8 items/min)
2014-01-29 17:00:49+0000 [marilynstowe] INFO: Crawled 5737 pages (at 41 pages/min), scraped 1607 items (at 0 items/min)
2014-01-29 17:01:49+0000 [marilynstowe] INFO: Crawled 5777 pages (at 40 pages/min), scraped 1619 items (at 12 items/min)
2014-01-29 17:02:49+0000 [marilynstowe] INFO: Crawled 5816 pages (at 39 pages/min), scraped 1623 items (at 4 items/min)
2014-01-29 17:03:49+0000 [marilynstowe] INFO: Crawled 5856 pages (at 40 pages/min), scraped 1626 items (at 3 items/min)
2014-01-29 17:04:49+0000 [marilynstowe] INFO: Crawled 5894 pages (at 38 pages/min), scraped 1637 items (at 11 items/min)
2014-01-29 17:05:49+0000 [marilynstowe] INFO: Crawled 5935 pages (at 41 pages/min), scraped 1648 items (at 11 items/min)
2014-01-29 17:06:49+0000 [marilynstowe] INFO: Crawled 5975 pages (at 40 pages/min), scraped 1658 items (at 10 items/min)
2014-01-29 17:07:49+0000 [marilynstowe] INFO: Crawled 6014 pages (at 39 pages/min), scraped 1661 items (at 3 items/min)
2014-01-29 17:08:49+0000 [marilynstowe] INFO: Crawled 6053 pages (at 39 pages/min), scraped 1674 items (at 13 items/min)
2014-01-29 17:09:49+0000 [marilynstowe] INFO: Crawled 6092 pages (at 39 pages/min), scraped 1674 items (at 0 items/min)
2014-01-29 17:10:49+0000 [marilynstowe] INFO: Crawled 6132 pages (at 40 pages/min), scraped 1681 items (at 7 items/min)
2014-01-29 17:11:49+0000 [marilynstowe] INFO: Crawled 6171 pages (at 39 pages/min), scraped 1693 items (at 12 items/min)
2014-01-29 17:12:49+0000 [marilynstowe] INFO: Crawled 6211 pages (at 40 pages/min), scraped 1707 items (at 14 items/min)
2014-01-29 17:13:49+0000 [marilynstowe] INFO: Crawled 6252 pages (at 41 pages/min), scraped 1708 items (at 1 items/min)
2014-01-29 17:14:49+0000 [marilynstowe] INFO: Crawled 6293 pages (at 41 pages/min), scraped 1718 items (at 10 items/min)
2014-01-29 17:15:49+0000 [marilynstowe] INFO: Crawled 6333 pages (at 40 pages/min), scraped 1721 items (at 3 items/min)
2014-01-29 17:16:49+0000 [marilynstowe] INFO: Crawled 6370 pages (at 37 pages/min), scraped 1732 items (at 11 items/min)
2014-01-29 17:17:49+0000 [marilynstowe] INFO: Crawled 6410 pages (at 40 pages/min), scraped 1744 items (at 12 items/min)
2014-01-29 17:18:49+0000 [marilynstowe] INFO: Crawled 6448 pages (at 38 pages/min), scraped 1748 items (at 4 items/min)
2014-01-29 17:19:49+0000 [marilynstowe] INFO: Crawled 6485 pages (at 37 pages/min), scraped 1756 items (at 8 items/min)
2014-01-29 17:20:49+0000 [marilynstowe] INFO: Crawled 6523 pages (at 38 pages/min), scraped 1758 items (at 2 items/min)
2014-01-29 17:21:49+0000 [marilynstowe] INFO: Crawled 6564 pages (at 41 pages/min), scraped 1771 items (at 13 items/min)
2014-01-29 17:22:49+0000 [marilynstowe] INFO: Crawled 6603 pages (at 39 pages/min), scraped 1786 items (at 15 items/min)
2014-01-29 17:23:49+0000 [marilynstowe] INFO: Crawled 6643 pages (at 40 pages/min), scraped 1801 items (at 15 items/min)
2014-01-29 17:24:49+0000 [marilynstowe] INFO: Crawled 6681 pages (at 38 pages/min), scraped 1804 items (at 3 items/min)
2014-01-29 17:25:49+0000 [marilynstowe] INFO: Crawled 6722 pages (at 41 pages/min), scraped 1820 items (at 16 items/min)
2014-01-29 17:26:49+0000 [marilynstowe] INFO: Crawled 6762 pages (at 40 pages/min), scraped 1830 items (at 10 items/min)
2014-01-29 17:27:49+0000 [marilynstowe] INFO: Crawled 6800 pages (at 38 pages/min), scraped 1834 items (at 4 items/min)
2014-01-29 17:28:49+0000 [marilynstowe] INFO: Crawled 6839 pages (at 39 pages/min), scraped 1848 items (at 14 items/min)
2014-01-29 17:29:49+0000 [marilynstowe] INFO: Crawled 6879 pages (at 40 pages/min), scraped 1852 items (at 4 items/min)
2014-01-29 17:30:49+0000 [marilynstowe] INFO: Crawled 6919 pages (at 40 pages/min), scraped 1863 items (at 11 items/min)
2014-01-29 17:31:49+0000 [marilynstowe] INFO: Crawled 6958 pages (at 39 pages/min), scraped 1874 items (at 11 items/min)
2014-01-29 17:32:49+0000 [marilynstowe] INFO: Crawled 6995 pages (at 37 pages/min), scraped 1888 items (at 14 items/min)
2014-01-29 17:33:49+0000 [marilynstowe] INFO: Crawled 7036 pages (at 41 pages/min), scraped 1892 items (at 4 items/min)
2014-01-29 17:34:49+0000 [marilynstowe] INFO: Crawled 7077 pages (at 41 pages/min), scraped 1895 items (at 3 items/min)
2014-01-29 17:35:49+0000 [marilynstowe] INFO: Crawled 7117 pages (at 40 pages/min), scraped 1903 items (at 8 items/min)
2014-01-29 17:36:49+0000 [marilynstowe] INFO: Crawled 7155 pages (at 38 pages/min), scraped 1915 items (at 12 items/min)
2014-01-29 17:37:49+0000 [marilynstowe] INFO: Crawled 7193 pages (at 38 pages/min), scraped 1926 items (at 11 items/min)
2014-01-29 17:38:49+0000 [marilynstowe] INFO: Crawled 7233 pages (at 40 pages/min), scraped 1931 items (at 5 items/min)
2014-01-29 17:39:49+0000 [marilynstowe] INFO: Crawled 7274 pages (at 41 pages/min), scraped 1940 items (at 9 items/min)
2014-01-29 17:40:49+0000 [marilynstowe] INFO: Crawled 7313 pages (at 39 pages/min), scraped 1946 items (at 6 items/min)
2014-01-29 17:41:49+0000 [marilynstowe] INFO: Crawled 7353 pages (at 40 pages/min), scraped 1954 items (at 8 items/min)
2014-01-29 17:42:49+0000 [marilynstowe] INFO: Crawled 7392 pages (at 39 pages/min), scraped 1967 items (at 13 items/min)
2014-01-29 17:43:49+0000 [marilynstowe] INFO: Crawled 7431 pages (at 39 pages/min), scraped 1979 items (at 12 items/min)
2014-01-29 17:44:49+0000 [marilynstowe] INFO: Crawled 7470 pages (at 39 pages/min), scraped 1990 items (at 11 items/min)
2014-01-29 17:45:49+0000 [marilynstowe] INFO: Crawled 7509 pages (at 39 pages/min), scraped 1995 items (at 5 items/min)
2014-01-29 17:46:49+0000 [marilynstowe] INFO: Crawled 7549 pages (at 40 pages/min), scraped 2010 items (at 15 items/min)
2014-01-29 17:47:49+0000 [marilynstowe] INFO: Crawled 7589 pages (at 40 pages/min), scraped 2011 items (at 1 items/min)
2014-01-29 17:48:49+0000 [marilynstowe] INFO: Crawled 7628 pages (at 39 pages/min), scraped 2019 items (at 8 items/min)
2014-01-29 17:49:49+0000 [marilynstowe] INFO: Crawled 7667 pages (at 39 pages/min), scraped 2024 items (at 5 items/min)
2014-01-29 17:50:49+0000 [marilynstowe] INFO: Crawled 7704 pages (at 37 pages/min), scraped 2040 items (at 16 items/min)
2014-01-29 17:51:49+0000 [marilynstowe] INFO: Crawled 7742 pages (at 38 pages/min), scraped 2045 items (at 5 items/min)
2014-01-29 17:52:49+0000 [marilynstowe] INFO: Crawled 7776 pages (at 34 pages/min), scraped 2055 items (at 10 items/min)
2014-01-29 17:53:49+0000 [marilynstowe] INFO: Crawled 7815 pages (at 39 pages/min), scraped 2067 items (at 12 items/min)
2014-01-29 17:54:49+0000 [marilynstowe] INFO: Crawled 7851 pages (at 36 pages/min), scraped 2089 items (at 22 items/min)
2014-01-29 17:55:49+0000 [marilynstowe] INFO: Crawled 7889 pages (at 38 pages/min), scraped 2095 items (at 6 items/min)
2014-01-29 17:56:49+0000 [marilynstowe] INFO: Crawled 7923 pages (at 34 pages/min), scraped 2105 items (at 10 items/min)
2014-01-29 17:57:49+0000 [marilynstowe] INFO: Crawled 7958 pages (at 35 pages/min), scraped 2115 items (at 10 items/min)
2014-01-29 17:58:49+0000 [marilynstowe] INFO: Crawled 7993 pages (at 35 pages/min), scraped 2117 items (at 2 items/min)
2014-01-29 17:59:49+0000 [marilynstowe] INFO: Crawled 8033 pages (at 40 pages/min), scraped 2135 items (at 18 items/min)
2014-01-29 18:00:49+0000 [marilynstowe] INFO: Crawled 8072 pages (at 39 pages/min), scraped 2141 items (at 6 items/min)
2014-01-29 18:01:49+0000 [marilynstowe] INFO: Crawled 8111 pages (at 39 pages/min), scraped 2153 items (at 12 items/min)
2014-01-29 18:02:49+0000 [marilynstowe] INFO: Crawled 8149 pages (at 38 pages/min), scraped 2156 items (at 3 items/min)
2014-01-29 18:03:49+0000 [marilynstowe] INFO: Crawled 8188 pages (at 39 pages/min), scraped 2171 items (at 15 items/min)
2014-01-29 18:04:49+0000 [marilynstowe] INFO: Crawled 8226 pages (at 38 pages/min), scraped 2180 items (at 9 items/min)
2014-01-29 18:05:49+0000 [marilynstowe] INFO: Crawled 8263 pages (at 37 pages/min), scraped 2190 items (at 10 items/min)
2014-01-29 18:06:49+0000 [marilynstowe] INFO: Crawled 8303 pages (at 40 pages/min), scraped 2196 items (at 6 items/min)
2014-01-29 18:07:49+0000 [marilynstowe] INFO: Crawled 8340 pages (at 37 pages/min), scraped 2203 items (at 7 items/min)
2014-01-29 18:08:49+0000 [marilynstowe] INFO: Crawled 8378 pages (at 38 pages/min), scraped 2220 items (at 17 items/min)
2014-01-29 18:09:49+0000 [marilynstowe] INFO: Crawled 8418 pages (at 40 pages/min), scraped 2231 items (at 11 items/min)
2014-01-29 18:10:49+0000 [marilynstowe] INFO: Crawled 8459 pages (at 41 pages/min), scraped 2232 items (at 1 items/min)
2014-01-29 18:11:49+0000 [marilynstowe] INFO: Crawled 8497 pages (at 38 pages/min), scraped 2242 items (at 10 items/min)
2014-01-29 18:12:49+0000 [marilynstowe] INFO: Crawled 8537 pages (at 40 pages/min), scraped 2255 items (at 13 items/min)
2014-01-29 18:13:49+0000 [marilynstowe] INFO: Crawled 8575 pages (at 38 pages/min), scraped 2272 items (at 17 items/min)
2014-01-29 18:14:49+0000 [marilynstowe] INFO: Crawled 8614 pages (at 39 pages/min), scraped 2287 items (at 15 items/min)
2014-01-29 18:15:49+0000 [marilynstowe] INFO: Crawled 8655 pages (at 41 pages/min), scraped 2300 items (at 13 items/min)
2014-01-29 18:16:49+0000 [marilynstowe] INFO: Crawled 8693 pages (at 38 pages/min), scraped 2305 items (at 5 items/min)
2014-01-29 18:17:49+0000 [marilynstowe] INFO: Crawled 8732 pages (at 39 pages/min), scraped 2310 items (at 5 items/min)
2014-01-29 18:18:49+0000 [marilynstowe] INFO: Crawled 8770 pages (at 38 pages/min), scraped 2312 items (at 2 items/min)
2014-01-29 18:19:49+0000 [marilynstowe] INFO: Crawled 8805 pages (at 35 pages/min), scraped 2315 items (at 3 items/min)
2014-01-29 18:20:49+0000 [marilynstowe] INFO: Crawled 8838 pages (at 33 pages/min), scraped 2319 items (at 4 items/min)
2014-01-29 18:21:49+0000 [marilynstowe] INFO: Crawled 8876 pages (at 38 pages/min), scraped 2329 items (at 10 items/min)
2014-01-29 18:22:49+0000 [marilynstowe] INFO: Crawled 8911 pages (at 35 pages/min), scraped 2330 items (at 1 items/min)
2014-01-29 18:23:49+0000 [marilynstowe] INFO: Crawled 8947 pages (at 36 pages/min), scraped 2332 items (at 2 items/min)
2014-01-29 18:24:49+0000 [marilynstowe] INFO: Crawled 8983 pages (at 36 pages/min), scraped 2333 items (at 1 items/min)
2014-01-29 18:25:49+0000 [marilynstowe] INFO: Crawled 9020 pages (at 37 pages/min), scraped 2338 items (at 5 items/min)
2014-01-29 18:26:49+0000 [marilynstowe] INFO: Crawled 9057 pages (at 37 pages/min), scraped 2341 items (at 3 items/min)
2014-01-29 18:27:49+0000 [marilynstowe] INFO: Crawled 9094 pages (at 37 pages/min), scraped 2348 items (at 7 items/min)
2014-01-29 18:28:49+0000 [marilynstowe] INFO: Crawled 9129 pages (at 35 pages/min), scraped 2353 items (at 5 items/min)
2014-01-29 18:29:49+0000 [marilynstowe] INFO: Crawled 9164 pages (at 35 pages/min), scraped 2353 items (at 0 items/min)
2014-01-29 18:30:49+0000 [marilynstowe] INFO: Crawled 9200 pages (at 36 pages/min), scraped 2354 items (at 1 items/min)
2014-01-29 18:31:49+0000 [marilynstowe] INFO: Crawled 9236 pages (at 36 pages/min), scraped 2358 items (at 4 items/min)
2014-01-29 18:32:49+0000 [marilynstowe] INFO: Crawled 9271 pages (at 35 pages/min), scraped 2362 items (at 4 items/min)
2014-01-29 18:33:49+0000 [marilynstowe] INFO: Crawled 9305 pages (at 34 pages/min), scraped 2365 items (at 3 items/min)
2014-01-29 18:34:49+0000 [marilynstowe] INFO: Crawled 9342 pages (at 37 pages/min), scraped 2368 items (at 3 items/min)
2014-01-29 18:35:49+0000 [marilynstowe] INFO: Crawled 9380 pages (at 38 pages/min), scraped 2376 items (at 8 items/min)
2014-01-29 18:36:49+0000 [marilynstowe] INFO: Crawled 9416 pages (at 36 pages/min), scraped 2379 items (at 3 items/min)
2014-01-29 18:37:49+0000 [marilynstowe] INFO: Crawled 9450 pages (at 34 pages/min), scraped 2380 items (at 1 items/min)
2014-01-29 18:38:49+0000 [marilynstowe] INFO: Crawled 9475 pages (at 25 pages/min), scraped 2380 items (at 0 items/min)
2014-01-29 18:39:49+0000 [marilynstowe] INFO: Crawled 9497 pages (at 22 pages/min), scraped 2380 items (at 0 items/min)
2014-01-29 18:40:49+0000 [marilynstowe] INFO: Crawled 9516 pages (at 19 pages/min), scraped 2380 items (at 0 items/min)
2014-01-29 18:41:49+0000 [marilynstowe] INFO: Crawled 9535 pages (at 19 pages/min), scraped 2382 items (at 2 items/min)
2014-01-29 18:42:49+0000 [marilynstowe] INFO: Crawled 9547 pages (at 12 pages/min), scraped 2382 items (at 0 items/min)
2014-01-29 18:43:49+0000 [marilynstowe] INFO: Crawled 9562 pages (at 15 pages/min), scraped 2383 items (at 1 items/min)
2014-01-29 18:44:49+0000 [marilynstowe] INFO: Crawled 9623 pages (at 61 pages/min), scraped 2383 items (at 0 items/min)
2014-01-29 18:45:49+0000 [marilynstowe] INFO: Crawled 9685 pages (at 62 pages/min), scraped 2383 items (at 0 items/min)
2014-01-29 18:46:49+0000 [marilynstowe] INFO: Crawled 9747 pages (at 62 pages/min), scraped 2383 items (at 0 items/min)
2014-01-29 18:47:49+0000 [marilynstowe] INFO: Crawled 9794 pages (at 47 pages/min), scraped 2383 items (at 0 items/min)
2014-01-29 18:48:00+0000 [marilynstowe] INFO: Closing spider (finished)
2014-01-29 18:48:00+0000 [marilynstowe] INFO: Dumping Scrapy stats:
	{'downloader/exception_count': 20,
	 'downloader/exception_type_count/twisted.internet.error.ConnectionRefusedError': 3,
	 'downloader/exception_type_count/twisted.web._newclient.ResponseFailed': 8,
	 'downloader/exception_type_count/twisted.web._newclient.ResponseNeverReceived': 9,
	 'downloader/request_bytes': 4726426,
	 'downloader/request_count': 10294,
	 'downloader/request_method_count/GET': 10294,
	 'downloader/response_bytes': 355186563,
	 'downloader/response_count': 10274,
	 'downloader/response_status_count/200': 9565,
	 'downloader/response_status_count/301': 75,
	 'downloader/response_status_count/400': 597,
	 'downloader/response_status_count/404': 37,
	 'finish_reason': 'finished',
	 'finish_time': datetime.datetime(2014, 1, 29, 18, 48, 0, 275483),
	 'item_scraped_count': 2383,
	 'memdebug/gc_garbage_count': 0,
	 'memdebug/live_refs/SpiderAll': 1,
	 'memusage/max': 173563904,
	 'memusage/startup': 44498944,
	 'request_depth_max': 136,
	 'response_received_count': 9801,
	 'scheduler/dequeued': 10294,
	 'scheduler/dequeued/disk': 10294,
	 'scheduler/enqueued': 10294,
	 'scheduler/enqueued/disk': 10294,
	 'start_time': datetime.datetime(2014, 1, 29, 14, 27, 49, 200264)}
2014-01-29 18:48:00+0000 [marilynstowe] INFO: Spider closed (finished)
