2014-01-30 00:02:32+0000 [scrapy] INFO: Enabled extensions: LogStats, TelnetConsole, CloseSpider, WebService, CoreStats, MemoryUsage, MemoryDebugger, SpiderState
2014-01-30 00:02:32+0000 [scrapy] INFO: Enabled downloader middlewares: HttpAuthMiddleware, DownloadTimeoutMiddleware, UserAgentMiddleware, RetryMiddleware, DefaultHeadersMiddleware, MetaRefreshMiddleware, HttpCompressionMiddleware, RedirectMiddleware, CookiesMiddleware, ChunkedTransferMiddleware, DownloaderStats
2014-01-30 00:02:32+0000 [scrapy] INFO: Enabled spider middlewares: HttpErrorMiddleware, OffsiteMiddleware, RefererMiddleware, UrlLengthMiddleware, DepthMiddleware
2014-01-30 00:02:32+0000 [scrapy] INFO: Enabled item pipelines: AllPipeline
2014-01-30 00:02:32+0000 [thelawyer] INFO: Spider opened
2014-01-30 00:02:32+0000 [thelawyer] INFO: Crawled 0 pages (at 0 pages/min), scraped 0 items (at 0 items/min)
2014-01-30 00:02:51+0000 [scrapy] INFO: Scraped 10 items
2014-01-30 00:03:32+0000 [thelawyer] INFO: Crawled 29 pages (at 29 pages/min), scraped 16 items (at 16 items/min)
2014-01-30 00:04:32+0000 [thelawyer] INFO: Crawled 67 pages (at 38 pages/min), scraped 22 items (at 6 items/min)
2014-01-30 00:05:32+0000 [thelawyer] INFO: Crawled 99 pages (at 32 pages/min), scraped 24 items (at 2 items/min)
2014-01-30 00:06:32+0000 [thelawyer] INFO: Crawled 136 pages (at 37 pages/min), scraped 30 items (at 6 items/min)
2014-01-30 00:07:32+0000 [thelawyer] INFO: Crawled 171 pages (at 35 pages/min), scraped 54 items (at 24 items/min)
2014-01-30 00:08:32+0000 [thelawyer] INFO: Crawled 198 pages (at 27 pages/min), scraped 64 items (at 10 items/min)
2014-01-30 00:09:32+0000 [thelawyer] INFO: Crawled 225 pages (at 27 pages/min), scraped 76 items (at 12 items/min)
2014-01-30 00:10:32+0000 [thelawyer] INFO: Crawled 255 pages (at 30 pages/min), scraped 83 items (at 7 items/min)
2014-01-30 00:11:32+0000 [thelawyer] INFO: Crawled 288 pages (at 33 pages/min), scraped 108 items (at 25 items/min)
2014-01-30 00:12:32+0000 [thelawyer] INFO: Crawled 319 pages (at 31 pages/min), scraped 132 items (at 24 items/min)
2014-01-30 00:13:32+0000 [thelawyer] INFO: Crawled 351 pages (at 32 pages/min), scraped 155 items (at 23 items/min)
2014-01-30 00:14:32+0000 [thelawyer] INFO: Crawled 382 pages (at 31 pages/min), scraped 186 items (at 31 items/min)
2014-01-30 00:15:32+0000 [thelawyer] INFO: Crawled 406 pages (at 24 pages/min), scraped 210 items (at 24 items/min)
2014-01-30 00:16:32+0000 [thelawyer] INFO: Crawled 440 pages (at 34 pages/min), scraped 236 items (at 26 items/min)
2014-01-30 00:17:32+0000 [thelawyer] INFO: Crawled 471 pages (at 31 pages/min), scraped 259 items (at 23 items/min)
2014-01-30 00:18:32+0000 [thelawyer] INFO: Crawled 506 pages (at 35 pages/min), scraped 286 items (at 27 items/min)
2014-01-30 00:19:32+0000 [thelawyer] INFO: Crawled 539 pages (at 33 pages/min), scraped 308 items (at 22 items/min)
2014-01-30 00:20:32+0000 [thelawyer] INFO: Crawled 569 pages (at 30 pages/min), scraped 333 items (at 25 items/min)
2014-01-30 00:21:32+0000 [thelawyer] INFO: Crawled 603 pages (at 34 pages/min), scraped 359 items (at 26 items/min)
2014-01-30 00:22:32+0000 [thelawyer] INFO: Crawled 635 pages (at 32 pages/min), scraped 384 items (at 25 items/min)
2014-01-30 00:23:32+0000 [thelawyer] INFO: Crawled 663 pages (at 28 pages/min), scraped 404 items (at 20 items/min)
2014-01-30 00:24:32+0000 [thelawyer] INFO: Crawled 697 pages (at 34 pages/min), scraped 438 items (at 34 items/min)
2014-01-30 00:25:32+0000 [thelawyer] INFO: Crawled 725 pages (at 28 pages/min), scraped 465 items (at 27 items/min)
2014-01-30 00:26:32+0000 [thelawyer] INFO: Crawled 748 pages (at 23 pages/min), scraped 488 items (at 23 items/min)
2014-01-30 00:27:32+0000 [thelawyer] INFO: Crawled 770 pages (at 22 pages/min), scraped 510 items (at 22 items/min)
2014-01-30 00:28:32+0000 [thelawyer] INFO: Crawled 797 pages (at 27 pages/min), scraped 537 items (at 27 items/min)
2014-01-30 00:29:32+0000 [thelawyer] INFO: Crawled 822 pages (at 25 pages/min), scraped 562 items (at 25 items/min)
2014-01-30 00:30:32+0000 [thelawyer] INFO: Crawled 843 pages (at 21 pages/min), scraped 583 items (at 21 items/min)
2014-01-30 00:31:32+0000 [thelawyer] INFO: Crawled 867 pages (at 24 pages/min), scraped 607 items (at 24 items/min)
2014-01-30 00:32:32+0000 [thelawyer] INFO: Crawled 895 pages (at 28 pages/min), scraped 635 items (at 28 items/min)
2014-01-30 00:33:32+0000 [thelawyer] INFO: Crawled 924 pages (at 29 pages/min), scraped 664 items (at 29 items/min)
2014-01-30 00:34:32+0000 [thelawyer] INFO: Crawled 947 pages (at 23 pages/min), scraped 687 items (at 23 items/min)
2014-01-30 00:35:32+0000 [thelawyer] INFO: Crawled 967 pages (at 20 pages/min), scraped 707 items (at 20 items/min)
2014-01-30 00:36:32+0000 [thelawyer] INFO: Crawled 989 pages (at 22 pages/min), scraped 729 items (at 22 items/min)
2014-01-30 00:37:32+0000 [thelawyer] INFO: Crawled 1009 pages (at 20 pages/min), scraped 749 items (at 20 items/min)
2014-01-30 00:38:32+0000 [thelawyer] INFO: Crawled 1032 pages (at 23 pages/min), scraped 772 items (at 23 items/min)
2014-01-30 00:39:32+0000 [thelawyer] INFO: Crawled 1053 pages (at 21 pages/min), scraped 793 items (at 21 items/min)
2014-01-30 00:40:32+0000 [thelawyer] INFO: Crawled 1075 pages (at 22 pages/min), scraped 815 items (at 22 items/min)
2014-01-30 00:41:32+0000 [thelawyer] INFO: Crawled 1095 pages (at 20 pages/min), scraped 835 items (at 20 items/min)
2014-01-30 00:42:32+0000 [thelawyer] INFO: Crawled 1119 pages (at 24 pages/min), scraped 856 items (at 21 items/min)
2014-01-30 00:43:32+0000 [thelawyer] INFO: Crawled 1150 pages (at 31 pages/min), scraped 879 items (at 23 items/min)
2014-01-30 00:44:32+0000 [thelawyer] INFO: Crawled 1183 pages (at 33 pages/min), scraped 911 items (at 32 items/min)
2014-01-30 00:45:32+0000 [thelawyer] INFO: Crawled 1215 pages (at 32 pages/min), scraped 930 items (at 19 items/min)
2014-01-30 00:46:32+0000 [thelawyer] INFO: Crawled 1251 pages (at 36 pages/min), scraped 958 items (at 28 items/min)
2014-01-30 00:47:32+0000 [thelawyer] INFO: Crawled 1285 pages (at 34 pages/min), scraped 984 items (at 26 items/min)
2014-01-30 00:48:32+0000 [thelawyer] INFO: Crawled 1315 pages (at 30 pages/min), scraped 1004 items (at 20 items/min)
2014-01-30 00:49:32+0000 [thelawyer] INFO: Crawled 1354 pages (at 39 pages/min), scraped 1029 items (at 25 items/min)
2014-01-30 00:50:32+0000 [thelawyer] INFO: Crawled 1383 pages (at 29 pages/min), scraped 1050 items (at 21 items/min)
2014-01-30 00:51:32+0000 [thelawyer] INFO: Crawled 1416 pages (at 33 pages/min), scraped 1070 items (at 20 items/min)
2014-01-30 00:52:32+0000 [thelawyer] INFO: Crawled 1454 pages (at 38 pages/min), scraped 1100 items (at 30 items/min)
2014-01-30 00:53:32+0000 [thelawyer] INFO: Crawled 1486 pages (at 32 pages/min), scraped 1124 items (at 24 items/min)
2014-01-30 00:54:32+0000 [thelawyer] INFO: Crawled 1519 pages (at 33 pages/min), scraped 1149 items (at 25 items/min)
2014-01-30 00:55:32+0000 [thelawyer] INFO: Crawled 1553 pages (at 34 pages/min), scraped 1170 items (at 21 items/min)
2014-01-30 00:56:32+0000 [thelawyer] INFO: Crawled 1589 pages (at 36 pages/min), scraped 1199 items (at 29 items/min)
2014-01-30 00:57:32+0000 [thelawyer] INFO: Crawled 1625 pages (at 36 pages/min), scraped 1227 items (at 28 items/min)
2014-01-30 00:58:32+0000 [thelawyer] INFO: Crawled 1655 pages (at 30 pages/min), scraped 1247 items (at 20 items/min)
2014-01-30 00:59:32+0000 [thelawyer] INFO: Crawled 1688 pages (at 33 pages/min), scraped 1270 items (at 23 items/min)
2014-01-30 01:00:32+0000 [thelawyer] INFO: Crawled 1727 pages (at 39 pages/min), scraped 1297 items (at 27 items/min)
2014-01-30 01:01:32+0000 [thelawyer] INFO: Crawled 1759 pages (at 32 pages/min), scraped 1323 items (at 26 items/min)
2014-01-30 01:02:32+0000 [thelawyer] INFO: Crawled 1789 pages (at 30 pages/min), scraped 1343 items (at 20 items/min)
2014-01-30 01:03:32+0000 [thelawyer] INFO: Crawled 1821 pages (at 32 pages/min), scraped 1363 items (at 20 items/min)
2014-01-30 01:04:32+0000 [thelawyer] INFO: Crawled 1857 pages (at 36 pages/min), scraped 1390 items (at 27 items/min)
2014-01-30 01:05:32+0000 [thelawyer] INFO: Crawled 1889 pages (at 32 pages/min), scraped 1416 items (at 26 items/min)
2014-01-30 01:06:32+0000 [thelawyer] INFO: Crawled 1923 pages (at 34 pages/min), scraped 1442 items (at 26 items/min)
2014-01-30 01:07:32+0000 [thelawyer] INFO: Crawled 1953 pages (at 30 pages/min), scraped 1462 items (at 20 items/min)
2014-01-30 01:08:32+0000 [thelawyer] INFO: Crawled 1987 pages (at 34 pages/min), scraped 1490 items (at 28 items/min)
2014-01-30 01:09:32+0000 [thelawyer] INFO: Crawled 2014 pages (at 27 pages/min), scraped 1513 items (at 23 items/min)
2014-01-30 01:10:32+0000 [thelawyer] INFO: Crawled 2043 pages (at 29 pages/min), scraped 1542 items (at 29 items/min)
2014-01-30 01:11:32+0000 [thelawyer] INFO: Crawled 2067 pages (at 24 pages/min), scraped 1566 items (at 24 items/min)
2014-01-30 01:12:32+0000 [thelawyer] INFO: Crawled 2091 pages (at 24 pages/min), scraped 1590 items (at 24 items/min)
2014-01-30 01:13:32+0000 [thelawyer] INFO: Crawled 2119 pages (at 28 pages/min), scraped 1618 items (at 28 items/min)
2014-01-30 01:14:32+0000 [thelawyer] INFO: Crawled 2147 pages (at 28 pages/min), scraped 1646 items (at 28 items/min)
2014-01-30 01:15:32+0000 [thelawyer] INFO: Crawled 2173 pages (at 26 pages/min), scraped 1672 items (at 26 items/min)
2014-01-30 01:16:32+0000 [thelawyer] INFO: Crawled 2200 pages (at 27 pages/min), scraped 1699 items (at 27 items/min)
2014-01-30 01:17:32+0000 [thelawyer] INFO: Crawled 2228 pages (at 28 pages/min), scraped 1727 items (at 28 items/min)
2014-01-30 01:18:32+0000 [thelawyer] INFO: Crawled 2252 pages (at 24 pages/min), scraped 1751 items (at 24 items/min)
2014-01-30 01:19:32+0000 [thelawyer] INFO: Crawled 2278 pages (at 26 pages/min), scraped 1775 items (at 24 items/min)
2014-01-30 01:20:32+0000 [thelawyer] INFO: Crawled 2310 pages (at 32 pages/min), scraped 1792 items (at 17 items/min)
2014-01-30 01:21:32+0000 [thelawyer] INFO: Crawled 2346 pages (at 36 pages/min), scraped 1810 items (at 18 items/min)
2014-01-30 01:22:32+0000 [thelawyer] INFO: Crawled 2381 pages (at 35 pages/min), scraped 1827 items (at 17 items/min)
2014-01-30 01:23:32+0000 [thelawyer] INFO: Crawled 2414 pages (at 33 pages/min), scraped 1847 items (at 20 items/min)
2014-01-30 01:24:32+0000 [thelawyer] INFO: Crawled 2445 pages (at 31 pages/min), scraped 1870 items (at 23 items/min)
2014-01-30 01:25:32+0000 [thelawyer] INFO: Crawled 2482 pages (at 37 pages/min), scraped 1899 items (at 29 items/min)
2014-01-30 01:26:32+0000 [thelawyer] INFO: Crawled 2512 pages (at 30 pages/min), scraped 1921 items (at 22 items/min)
2014-01-30 01:27:32+0000 [thelawyer] INFO: Crawled 2546 pages (at 34 pages/min), scraped 1945 items (at 24 items/min)
2014-01-30 01:28:32+0000 [thelawyer] INFO: Crawled 2576 pages (at 30 pages/min), scraped 1965 items (at 20 items/min)
2014-01-30 01:29:32+0000 [thelawyer] INFO: Crawled 2614 pages (at 38 pages/min), scraped 1996 items (at 31 items/min)
2014-01-30 01:30:32+0000 [thelawyer] INFO: Crawled 2641 pages (at 27 pages/min), scraped 2023 items (at 27 items/min)
2014-01-30 01:31:32+0000 [thelawyer] INFO: Crawled 2673 pages (at 32 pages/min), scraped 2047 items (at 24 items/min)
2014-01-30 01:32:32+0000 [thelawyer] INFO: Crawled 2697 pages (at 24 pages/min), scraped 2068 items (at 21 items/min)
2014-01-30 01:33:32+0000 [thelawyer] INFO: Crawled 2727 pages (at 30 pages/min), scraped 2093 items (at 25 items/min)
2014-01-30 01:34:32+0000 [thelawyer] INFO: Crawled 2747 pages (at 20 pages/min), scraped 2113 items (at 20 items/min)
2014-01-30 01:35:32+0000 [thelawyer] INFO: Crawled 2771 pages (at 24 pages/min), scraped 2137 items (at 24 items/min)
2014-01-30 01:36:32+0000 [thelawyer] INFO: Crawled 2792 pages (at 21 pages/min), scraped 2158 items (at 21 items/min)
2014-01-30 01:37:32+0000 [thelawyer] INFO: Crawled 2817 pages (at 25 pages/min), scraped 2183 items (at 25 items/min)
2014-01-30 01:38:32+0000 [thelawyer] INFO: Crawled 2840 pages (at 23 pages/min), scraped 2206 items (at 23 items/min)
2014-01-30 01:39:32+0000 [thelawyer] INFO: Crawled 2869 pages (at 29 pages/min), scraped 2235 items (at 29 items/min)
2014-01-30 01:40:32+0000 [thelawyer] INFO: Crawled 2893 pages (at 24 pages/min), scraped 2259 items (at 24 items/min)
2014-01-30 01:41:32+0000 [thelawyer] INFO: Crawled 2925 pages (at 32 pages/min), scraped 2291 items (at 32 items/min)
2014-01-30 01:42:32+0000 [thelawyer] INFO: Crawled 2966 pages (at 41 pages/min), scraped 2332 items (at 41 items/min)
2014-01-30 01:43:32+0000 [thelawyer] INFO: Crawled 3006 pages (at 40 pages/min), scraped 2372 items (at 40 items/min)
2014-01-30 01:44:32+0000 [thelawyer] INFO: Crawled 3042 pages (at 36 pages/min), scraped 2408 items (at 36 items/min)
2014-01-30 01:45:32+0000 [thelawyer] INFO: Crawled 3080 pages (at 38 pages/min), scraped 2446 items (at 38 items/min)
2014-01-30 01:46:32+0000 [thelawyer] INFO: Crawled 3114 pages (at 34 pages/min), scraped 2479 items (at 33 items/min)
2014-01-30 01:47:32+0000 [thelawyer] INFO: Crawled 3153 pages (at 39 pages/min), scraped 2486 items (at 7 items/min)
2014-01-30 01:48:32+0000 [thelawyer] INFO: Crawled 3193 pages (at 40 pages/min), scraped 2490 items (at 4 items/min)
2014-01-30 01:49:32+0000 [thelawyer] INFO: Crawled 3230 pages (at 37 pages/min), scraped 2502 items (at 12 items/min)
2014-01-30 01:50:32+0000 [thelawyer] INFO: Crawled 3267 pages (at 37 pages/min), scraped 2517 items (at 15 items/min)
2014-01-30 01:51:32+0000 [thelawyer] INFO: Crawled 3306 pages (at 39 pages/min), scraped 2539 items (at 22 items/min)
2014-01-30 01:52:32+0000 [thelawyer] INFO: Crawled 3341 pages (at 35 pages/min), scraped 2560 items (at 21 items/min)
2014-01-30 01:53:32+0000 [thelawyer] INFO: Crawled 3378 pages (at 37 pages/min), scraped 2580 items (at 20 items/min)
2014-01-30 01:54:32+0000 [thelawyer] INFO: Crawled 3409 pages (at 31 pages/min), scraped 2603 items (at 23 items/min)
2014-01-30 01:55:32+0000 [thelawyer] INFO: Crawled 3443 pages (at 34 pages/min), scraped 2634 items (at 31 items/min)
2014-01-30 01:56:32+0000 [thelawyer] INFO: Crawled 3472 pages (at 29 pages/min), scraped 2656 items (at 22 items/min)
2014-01-30 01:57:32+0000 [thelawyer] INFO: Crawled 3506 pages (at 34 pages/min), scraped 2686 items (at 30 items/min)
2014-01-30 01:58:32+0000 [thelawyer] INFO: Crawled 3539 pages (at 33 pages/min), scraped 2708 items (at 22 items/min)
2014-01-30 01:59:32+0000 [thelawyer] INFO: Crawled 3576 pages (at 37 pages/min), scraped 2730 items (at 22 items/min)
2014-01-30 02:00:32+0000 [thelawyer] INFO: Crawled 3607 pages (at 31 pages/min), scraped 2760 items (at 30 items/min)
2014-01-30 02:01:32+0000 [thelawyer] INFO: Crawled 3640 pages (at 33 pages/min), scraped 2787 items (at 27 items/min)
2014-01-30 02:02:32+0000 [thelawyer] INFO: Crawled 3676 pages (at 36 pages/min), scraped 2813 items (at 26 items/min)
2014-01-30 02:03:32+0000 [thelawyer] INFO: Crawled 3710 pages (at 34 pages/min), scraped 2843 items (at 30 items/min)
2014-01-30 02:04:32+0000 [thelawyer] INFO: Crawled 3744 pages (at 34 pages/min), scraped 2871 items (at 28 items/min)
2014-01-30 02:05:32+0000 [thelawyer] INFO: Crawled 3774 pages (at 30 pages/min), scraped 2889 items (at 18 items/min)
2014-01-30 02:06:32+0000 [thelawyer] INFO: Crawled 3816 pages (at 42 pages/min), scraped 2915 items (at 26 items/min)
2014-01-30 02:07:32+0000 [thelawyer] INFO: Crawled 3849 pages (at 33 pages/min), scraped 2940 items (at 25 items/min)
2014-01-30 02:08:32+0000 [thelawyer] INFO: Crawled 3885 pages (at 36 pages/min), scraped 2968 items (at 28 items/min)
2014-01-30 02:09:32+0000 [thelawyer] INFO: Crawled 3917 pages (at 32 pages/min), scraped 2984 items (at 16 items/min)
2014-01-30 02:10:32+0000 [thelawyer] INFO: Crawled 3951 pages (at 34 pages/min), scraped 3009 items (at 25 items/min)
2014-01-30 02:11:32+0000 [thelawyer] INFO: Crawled 3988 pages (at 37 pages/min), scraped 3030 items (at 21 items/min)
2014-01-30 02:12:32+0000 [thelawyer] INFO: Crawled 4018 pages (at 30 pages/min), scraped 3052 items (at 22 items/min)
2014-01-30 02:13:32+0000 [thelawyer] INFO: Crawled 4055 pages (at 37 pages/min), scraped 3068 items (at 16 items/min)
2014-01-30 02:14:32+0000 [thelawyer] INFO: Crawled 4094 pages (at 39 pages/min), scraped 3069 items (at 1 items/min)
2014-01-30 02:15:32+0000 [thelawyer] INFO: Crawled 4128 pages (at 34 pages/min), scraped 3086 items (at 17 items/min)
2014-01-30 02:16:32+0000 [thelawyer] INFO: Crawled 4163 pages (at 35 pages/min), scraped 3111 items (at 25 items/min)
2014-01-30 02:17:32+0000 [thelawyer] INFO: Crawled 4199 pages (at 36 pages/min), scraped 3126 items (at 15 items/min)
2014-01-30 02:18:32+0000 [thelawyer] INFO: Crawled 4234 pages (at 35 pages/min), scraped 3145 items (at 19 items/min)
2014-01-30 02:19:32+0000 [thelawyer] INFO: Crawled 4267 pages (at 33 pages/min), scraped 3162 items (at 17 items/min)
2014-01-30 02:20:32+0000 [thelawyer] INFO: Crawled 4302 pages (at 35 pages/min), scraped 3187 items (at 25 items/min)
2014-01-30 02:21:32+0000 [thelawyer] INFO: Crawled 4335 pages (at 33 pages/min), scraped 3205 items (at 18 items/min)
2014-01-30 02:22:32+0000 [thelawyer] INFO: Crawled 4373 pages (at 38 pages/min), scraped 3227 items (at 22 items/min)
2014-01-30 02:23:32+0000 [thelawyer] INFO: Crawled 4405 pages (at 32 pages/min), scraped 3243 items (at 16 items/min)
2014-01-30 02:24:32+0000 [thelawyer] INFO: Crawled 4444 pages (at 39 pages/min), scraped 3265 items (at 22 items/min)
2014-01-30 02:25:32+0000 [thelawyer] INFO: Crawled 4477 pages (at 33 pages/min), scraped 3297 items (at 32 items/min)
2014-01-30 02:26:32+0000 [thelawyer] INFO: Crawled 4509 pages (at 32 pages/min), scraped 3312 items (at 15 items/min)
2014-01-30 02:27:32+0000 [thelawyer] INFO: Crawled 4547 pages (at 38 pages/min), scraped 3335 items (at 23 items/min)
2014-01-30 02:28:32+0000 [thelawyer] INFO: Crawled 4585 pages (at 38 pages/min), scraped 3365 items (at 30 items/min)
2014-01-30 02:29:32+0000 [thelawyer] INFO: Crawled 4617 pages (at 32 pages/min), scraped 3385 items (at 20 items/min)
2014-01-30 02:30:32+0000 [thelawyer] INFO: Crawled 4655 pages (at 38 pages/min), scraped 3414 items (at 29 items/min)
2014-01-30 02:31:32+0000 [thelawyer] INFO: Crawled 4681 pages (at 26 pages/min), scraped 3429 items (at 15 items/min)
2014-01-30 02:32:32+0000 [thelawyer] INFO: Crawled 4717 pages (at 36 pages/min), scraped 3445 items (at 16 items/min)
2014-01-30 02:33:32+0000 [thelawyer] INFO: Crawled 4755 pages (at 38 pages/min), scraped 3452 items (at 7 items/min)
2014-01-30 02:34:32+0000 [thelawyer] INFO: Crawled 4794 pages (at 39 pages/min), scraped 3456 items (at 4 items/min)
2014-01-30 02:35:32+0000 [thelawyer] INFO: Crawled 4833 pages (at 39 pages/min), scraped 3471 items (at 15 items/min)
2014-01-30 02:36:32+0000 [thelawyer] INFO: Crawled 4868 pages (at 35 pages/min), scraped 3486 items (at 15 items/min)
2014-01-30 02:37:32+0000 [thelawyer] INFO: Crawled 4899 pages (at 31 pages/min), scraped 3504 items (at 18 items/min)
2014-01-30 02:38:32+0000 [thelawyer] INFO: Crawled 4934 pages (at 35 pages/min), scraped 3537 items (at 33 items/min)
2014-01-30 02:39:32+0000 [thelawyer] INFO: Crawled 4967 pages (at 33 pages/min), scraped 3558 items (at 21 items/min)
2014-01-30 02:40:32+0000 [thelawyer] INFO: Crawled 5000 pages (at 33 pages/min), scraped 3579 items (at 21 items/min)
2014-01-30 02:41:32+0000 [thelawyer] INFO: Crawled 5036 pages (at 36 pages/min), scraped 3606 items (at 27 items/min)
2014-01-30 02:42:32+0000 [thelawyer] INFO: Crawled 5068 pages (at 32 pages/min), scraped 3624 items (at 18 items/min)
2014-01-30 02:43:32+0000 [thelawyer] INFO: Crawled 5109 pages (at 41 pages/min), scraped 3636 items (at 12 items/min)
2014-01-30 02:44:32+0000 [thelawyer] INFO: Crawled 5146 pages (at 37 pages/min), scraped 3663 items (at 27 items/min)
2014-01-30 02:45:32+0000 [thelawyer] INFO: Crawled 5176 pages (at 30 pages/min), scraped 3686 items (at 23 items/min)
2014-01-30 02:46:32+0000 [thelawyer] INFO: Crawled 5213 pages (at 37 pages/min), scraped 3711 items (at 25 items/min)
2014-01-30 02:47:32+0000 [thelawyer] INFO: Crawled 5248 pages (at 35 pages/min), scraped 3740 items (at 29 items/min)
2014-01-30 02:48:32+0000 [thelawyer] INFO: Crawled 5285 pages (at 37 pages/min), scraped 3755 items (at 15 items/min)
2014-01-30 02:49:32+0000 [thelawyer] INFO: Crawled 5322 pages (at 37 pages/min), scraped 3780 items (at 25 items/min)
2014-01-30 02:50:32+0000 [thelawyer] INFO: Crawled 5355 pages (at 33 pages/min), scraped 3811 items (at 31 items/min)
2014-01-30 02:51:32+0000 [thelawyer] INFO: Crawled 5387 pages (at 32 pages/min), scraped 3843 items (at 32 items/min)
2014-01-30 02:52:32+0000 [thelawyer] INFO: Crawled 5422 pages (at 35 pages/min), scraped 3865 items (at 22 items/min)
2014-01-30 02:53:32+0000 [thelawyer] INFO: Crawled 5458 pages (at 36 pages/min), scraped 3868 items (at 3 items/min)
2014-01-30 02:54:32+0000 [thelawyer] INFO: Crawled 5499 pages (at 41 pages/min), scraped 3870 items (at 2 items/min)
2014-01-30 02:55:32+0000 [thelawyer] INFO: Crawled 5538 pages (at 39 pages/min), scraped 3872 items (at 2 items/min)
2014-01-30 02:56:32+0000 [thelawyer] INFO: Crawled 5574 pages (at 36 pages/min), scraped 3873 items (at 1 items/min)
2014-01-30 02:57:32+0000 [thelawyer] INFO: Crawled 5609 pages (at 35 pages/min), scraped 3873 items (at 0 items/min)
2014-01-30 02:58:32+0000 [thelawyer] INFO: Crawled 5647 pages (at 38 pages/min), scraped 3873 items (at 0 items/min)
2014-01-30 02:59:32+0000 [thelawyer] INFO: Crawled 5685 pages (at 38 pages/min), scraped 3873 items (at 0 items/min)
2014-01-30 03:00:32+0000 [thelawyer] INFO: Crawled 5720 pages (at 35 pages/min), scraped 3873 items (at 0 items/min)
2014-01-30 03:01:32+0000 [thelawyer] INFO: Crawled 5755 pages (at 35 pages/min), scraped 3898 items (at 25 items/min)
2014-01-30 03:02:32+0000 [thelawyer] INFO: Crawled 5788 pages (at 33 pages/min), scraped 3915 items (at 17 items/min)
2014-01-30 03:03:32+0000 [thelawyer] INFO: Crawled 5822 pages (at 34 pages/min), scraped 3940 items (at 25 items/min)
2014-01-30 03:04:32+0000 [thelawyer] INFO: Crawled 5854 pages (at 32 pages/min), scraped 3955 items (at 15 items/min)
2014-01-30 03:05:32+0000 [thelawyer] INFO: Crawled 5887 pages (at 33 pages/min), scraped 3972 items (at 17 items/min)
2014-01-30 03:06:32+0000 [thelawyer] INFO: Crawled 5921 pages (at 34 pages/min), scraped 3997 items (at 25 items/min)
2014-01-30 03:07:32+0000 [thelawyer] INFO: Crawled 5953 pages (at 32 pages/min), scraped 4010 items (at 13 items/min)
2014-01-30 03:08:32+0000 [thelawyer] INFO: Crawled 5988 pages (at 35 pages/min), scraped 4030 items (at 20 items/min)
2014-01-30 03:09:32+0000 [thelawyer] INFO: Crawled 6023 pages (at 35 pages/min), scraped 4049 items (at 19 items/min)
2014-01-30 03:10:32+0000 [thelawyer] INFO: Crawled 6056 pages (at 33 pages/min), scraped 4066 items (at 17 items/min)
2014-01-30 03:11:32+0000 [thelawyer] INFO: Crawled 6089 pages (at 33 pages/min), scraped 4082 items (at 16 items/min)
2014-01-30 03:12:32+0000 [thelawyer] INFO: Crawled 6123 pages (at 34 pages/min), scraped 4099 items (at 17 items/min)
2014-01-30 03:13:32+0000 [thelawyer] INFO: Crawled 6155 pages (at 32 pages/min), scraped 4115 items (at 16 items/min)
2014-01-30 03:14:32+0000 [thelawyer] INFO: Crawled 6184 pages (at 29 pages/min), scraped 4135 items (at 20 items/min)
2014-01-30 03:15:32+0000 [thelawyer] INFO: Crawled 6218 pages (at 34 pages/min), scraped 4153 items (at 18 items/min)
2014-01-30 03:16:32+0000 [thelawyer] INFO: Crawled 6253 pages (at 35 pages/min), scraped 4174 items (at 21 items/min)
2014-01-30 03:17:32+0000 [thelawyer] INFO: Crawled 6287 pages (at 34 pages/min), scraped 4193 items (at 19 items/min)
2014-01-30 03:18:32+0000 [thelawyer] INFO: Crawled 6325 pages (at 38 pages/min), scraped 4218 items (at 25 items/min)
2014-01-30 03:19:32+0000 [thelawyer] INFO: Crawled 6359 pages (at 34 pages/min), scraped 4236 items (at 18 items/min)
2014-01-30 03:20:32+0000 [thelawyer] INFO: Crawled 6394 pages (at 35 pages/min), scraped 4260 items (at 24 items/min)
2014-01-30 03:21:32+0000 [thelawyer] INFO: Crawled 6425 pages (at 31 pages/min), scraped 4276 items (at 16 items/min)
2014-01-30 03:22:32+0000 [thelawyer] INFO: Crawled 6460 pages (at 35 pages/min), scraped 4294 items (at 18 items/min)
2014-01-30 03:23:32+0000 [thelawyer] INFO: Crawled 6493 pages (at 33 pages/min), scraped 4312 items (at 18 items/min)
2014-01-30 03:24:32+0000 [thelawyer] INFO: Crawled 6531 pages (at 38 pages/min), scraped 4333 items (at 21 items/min)
2014-01-30 03:25:32+0000 [thelawyer] INFO: Crawled 6565 pages (at 34 pages/min), scraped 4343 items (at 10 items/min)
2014-01-30 03:26:32+0000 [thelawyer] INFO: Crawled 6605 pages (at 40 pages/min), scraped 4354 items (at 11 items/min)
2014-01-30 03:27:32+0000 [thelawyer] INFO: Crawled 6641 pages (at 36 pages/min), scraped 4366 items (at 12 items/min)
2014-01-30 03:28:32+0000 [thelawyer] INFO: Crawled 6676 pages (at 35 pages/min), scraped 4377 items (at 11 items/min)
2014-01-30 03:29:32+0000 [thelawyer] INFO: Crawled 6712 pages (at 36 pages/min), scraped 4384 items (at 7 items/min)
2014-01-30 03:30:32+0000 [thelawyer] INFO: Crawled 6746 pages (at 34 pages/min), scraped 4389 items (at 5 items/min)
2014-01-30 03:31:32+0000 [thelawyer] INFO: Crawled 6784 pages (at 38 pages/min), scraped 4402 items (at 13 items/min)
2014-01-30 03:32:32+0000 [thelawyer] INFO: Crawled 6817 pages (at 33 pages/min), scraped 4411 items (at 9 items/min)
2014-01-30 03:33:32+0000 [thelawyer] INFO: Crawled 6856 pages (at 39 pages/min), scraped 4432 items (at 21 items/min)
2014-01-30 03:34:32+0000 [thelawyer] INFO: Crawled 6893 pages (at 37 pages/min), scraped 4450 items (at 18 items/min)
2014-01-30 03:35:32+0000 [thelawyer] INFO: Crawled 6925 pages (at 32 pages/min), scraped 4465 items (at 15 items/min)
2014-01-30 03:36:32+0000 [thelawyer] INFO: Crawled 6960 pages (at 35 pages/min), scraped 4487 items (at 22 items/min)
2014-01-30 03:37:32+0000 [thelawyer] INFO: Crawled 6993 pages (at 33 pages/min), scraped 4500 items (at 13 items/min)
2014-01-30 03:38:32+0000 [thelawyer] INFO: Crawled 7030 pages (at 37 pages/min), scraped 4522 items (at 22 items/min)
2014-01-30 03:39:32+0000 [thelawyer] INFO: Crawled 7064 pages (at 34 pages/min), scraped 4535 items (at 13 items/min)
2014-01-30 03:40:32+0000 [thelawyer] INFO: Crawled 7096 pages (at 32 pages/min), scraped 4553 items (at 18 items/min)
2014-01-30 03:41:32+0000 [thelawyer] INFO: Crawled 7131 pages (at 35 pages/min), scraped 4569 items (at 16 items/min)
2014-01-30 03:42:32+0000 [thelawyer] INFO: Crawled 7165 pages (at 34 pages/min), scraped 4592 items (at 23 items/min)
2014-01-30 03:43:32+0000 [thelawyer] INFO: Crawled 7200 pages (at 35 pages/min), scraped 4610 items (at 18 items/min)
2014-01-30 03:44:32+0000 [thelawyer] INFO: Crawled 7234 pages (at 34 pages/min), scraped 4627 items (at 17 items/min)
2014-01-30 03:45:32+0000 [thelawyer] INFO: Crawled 7273 pages (at 39 pages/min), scraped 4643 items (at 16 items/min)
2014-01-30 03:46:32+0000 [thelawyer] INFO: Crawled 7304 pages (at 31 pages/min), scraped 4664 items (at 21 items/min)
2014-01-30 03:47:32+0000 [thelawyer] INFO: Crawled 7338 pages (at 34 pages/min), scraped 4681 items (at 17 items/min)
2014-01-30 03:48:32+0000 [thelawyer] INFO: Crawled 7371 pages (at 33 pages/min), scraped 4699 items (at 18 items/min)
2014-01-30 03:49:32+0000 [thelawyer] INFO: Crawled 7404 pages (at 33 pages/min), scraped 4719 items (at 20 items/min)
2014-01-30 03:50:32+0000 [thelawyer] INFO: Crawled 7442 pages (at 38 pages/min), scraped 4735 items (at 16 items/min)
2014-01-30 03:51:32+0000 [thelawyer] INFO: Crawled 7477 pages (at 35 pages/min), scraped 4755 items (at 20 items/min)
2014-01-30 03:52:32+0000 [thelawyer] INFO: Crawled 7513 pages (at 36 pages/min), scraped 4775 items (at 20 items/min)
2014-01-30 03:53:32+0000 [thelawyer] INFO: Crawled 7541 pages (at 28 pages/min), scraped 4789 items (at 14 items/min)
2014-01-30 03:54:32+0000 [thelawyer] INFO: Crawled 7575 pages (at 34 pages/min), scraped 4803 items (at 14 items/min)
2014-01-30 03:55:32+0000 [thelawyer] INFO: Crawled 7611 pages (at 36 pages/min), scraped 4818 items (at 15 items/min)
2014-01-30 03:56:32+0000 [thelawyer] INFO: Crawled 7647 pages (at 36 pages/min), scraped 4832 items (at 14 items/min)
2014-01-30 03:57:32+0000 [thelawyer] INFO: Crawled 7679 pages (at 32 pages/min), scraped 4854 items (at 22 items/min)
2014-01-30 03:58:32+0000 [thelawyer] INFO: Crawled 7719 pages (at 40 pages/min), scraped 4863 items (at 9 items/min)
2014-01-30 03:59:32+0000 [thelawyer] INFO: Crawled 7753 pages (at 34 pages/min), scraped 4881 items (at 18 items/min)
2014-01-30 04:00:32+0000 [thelawyer] INFO: Crawled 7789 pages (at 36 pages/min), scraped 4899 items (at 18 items/min)
2014-01-30 04:01:32+0000 [thelawyer] INFO: Crawled 7824 pages (at 35 pages/min), scraped 4912 items (at 13 items/min)
2014-01-30 04:02:32+0000 [thelawyer] INFO: Crawled 7857 pages (at 33 pages/min), scraped 4926 items (at 14 items/min)
2014-01-30 04:03:32+0000 [thelawyer] INFO: Crawled 7891 pages (at 34 pages/min), scraped 4946 items (at 20 items/min)
2014-01-30 04:04:32+0000 [thelawyer] INFO: Crawled 7925 pages (at 34 pages/min), scraped 4962 items (at 16 items/min)
2014-01-30 04:05:32+0000 [thelawyer] INFO: Crawled 7962 pages (at 37 pages/min), scraped 4972 items (at 10 items/min)
2014-01-30 04:06:32+0000 [thelawyer] INFO: Crawled 8000 pages (at 38 pages/min), scraped 4986 items (at 14 items/min)
2014-01-30 04:07:32+0000 [thelawyer] INFO: Crawled 8037 pages (at 37 pages/min), scraped 4990 items (at 4 items/min)
2014-01-30 04:08:32+0000 [thelawyer] INFO: Crawled 8074 pages (at 37 pages/min), scraped 5003 items (at 13 items/min)
2014-01-30 04:09:32+0000 [thelawyer] INFO: Crawled 8109 pages (at 35 pages/min), scraped 5017 items (at 14 items/min)
2014-01-30 04:10:32+0000 [thelawyer] INFO: Crawled 8145 pages (at 36 pages/min), scraped 5035 items (at 18 items/min)
2014-01-30 04:11:32+0000 [thelawyer] INFO: Crawled 8178 pages (at 33 pages/min), scraped 5050 items (at 15 items/min)
2014-01-30 04:12:32+0000 [thelawyer] INFO: Crawled 8214 pages (at 36 pages/min), scraped 5066 items (at 16 items/min)
2014-01-30 04:13:32+0000 [thelawyer] INFO: Crawled 8248 pages (at 34 pages/min), scraped 5081 items (at 15 items/min)
2014-01-30 04:14:32+0000 [thelawyer] INFO: Crawled 8281 pages (at 33 pages/min), scraped 5100 items (at 19 items/min)
2014-01-30 04:15:32+0000 [thelawyer] INFO: Crawled 8318 pages (at 37 pages/min), scraped 5118 items (at 18 items/min)
2014-01-30 04:16:32+0000 [thelawyer] INFO: Crawled 8353 pages (at 35 pages/min), scraped 5134 items (at 16 items/min)
2014-01-30 04:17:32+0000 [thelawyer] INFO: Crawled 8392 pages (at 39 pages/min), scraped 5152 items (at 18 items/min)
2014-01-30 04:18:32+0000 [thelawyer] INFO: Crawled 8428 pages (at 36 pages/min), scraped 5160 items (at 8 items/min)
2014-01-30 04:19:32+0000 [thelawyer] INFO: Crawled 8463 pages (at 35 pages/min), scraped 5175 items (at 15 items/min)
2014-01-30 04:20:32+0000 [thelawyer] INFO: Crawled 8488 pages (at 25 pages/min), scraped 5185 items (at 10 items/min)
2014-01-30 04:21:32+0000 [thelawyer] INFO: Crawled 8520 pages (at 32 pages/min), scraped 5205 items (at 20 items/min)
2014-01-30 04:22:32+0000 [thelawyer] INFO: Crawled 8554 pages (at 34 pages/min), scraped 5212 items (at 7 items/min)
2014-01-30 04:23:32+0000 [thelawyer] INFO: Crawled 8593 pages (at 39 pages/min), scraped 5227 items (at 15 items/min)
2014-01-30 04:24:32+0000 [thelawyer] INFO: Crawled 8627 pages (at 34 pages/min), scraped 5241 items (at 14 items/min)
2014-01-30 04:25:32+0000 [thelawyer] INFO: Crawled 8663 pages (at 36 pages/min), scraped 5256 items (at 15 items/min)
2014-01-30 04:26:32+0000 [thelawyer] INFO: Crawled 8701 pages (at 38 pages/min), scraped 5274 items (at 18 items/min)
2014-01-30 04:27:32+0000 [thelawyer] INFO: Crawled 8736 pages (at 35 pages/min), scraped 5292 items (at 18 items/min)
2014-01-30 04:28:32+0000 [thelawyer] INFO: Crawled 8769 pages (at 33 pages/min), scraped 5301 items (at 9 items/min)
2014-01-30 04:29:32+0000 [thelawyer] INFO: Crawled 8801 pages (at 32 pages/min), scraped 5307 items (at 6 items/min)
2014-01-30 04:30:32+0000 [thelawyer] INFO: Crawled 8842 pages (at 41 pages/min), scraped 5323 items (at 16 items/min)
2014-01-30 04:31:32+0000 [thelawyer] INFO: Crawled 8878 pages (at 36 pages/min), scraped 5335 items (at 12 items/min)
2014-01-30 04:32:32+0000 [thelawyer] INFO: Crawled 8917 pages (at 39 pages/min), scraped 5353 items (at 18 items/min)
2014-01-30 04:33:32+0000 [thelawyer] INFO: Crawled 8949 pages (at 32 pages/min), scraped 5373 items (at 20 items/min)
2014-01-30 04:34:32+0000 [thelawyer] INFO: Crawled 8987 pages (at 38 pages/min), scraped 5380 items (at 7 items/min)
2014-01-30 04:35:32+0000 [thelawyer] INFO: Crawled 9022 pages (at 35 pages/min), scraped 5382 items (at 2 items/min)
2014-01-30 04:36:32+0000 [thelawyer] INFO: Crawled 9060 pages (at 38 pages/min), scraped 5382 items (at 0 items/min)
2014-01-30 04:37:32+0000 [thelawyer] INFO: Crawled 9096 pages (at 36 pages/min), scraped 5382 items (at 0 items/min)
2014-01-30 04:38:32+0000 [thelawyer] INFO: Crawled 9133 pages (at 37 pages/min), scraped 5382 items (at 0 items/min)
2014-01-30 04:39:32+0000 [thelawyer] INFO: Crawled 9167 pages (at 34 pages/min), scraped 5384 items (at 2 items/min)
2014-01-30 04:40:32+0000 [thelawyer] INFO: Crawled 9201 pages (at 34 pages/min), scraped 5394 items (at 10 items/min)
2014-01-30 04:41:32+0000 [thelawyer] INFO: Crawled 9238 pages (at 37 pages/min), scraped 5394 items (at 0 items/min)
2014-01-30 04:42:32+0000 [thelawyer] INFO: Crawled 9273 pages (at 35 pages/min), scraped 5394 items (at 0 items/min)
2014-01-30 04:43:32+0000 [thelawyer] INFO: Crawled 9309 pages (at 36 pages/min), scraped 5394 items (at 0 items/min)
2014-01-30 04:44:32+0000 [thelawyer] INFO: Crawled 9346 pages (at 37 pages/min), scraped 5394 items (at 0 items/min)
2014-01-30 04:45:32+0000 [thelawyer] INFO: Crawled 9384 pages (at 38 pages/min), scraped 5394 items (at 0 items/min)
2014-01-30 04:46:32+0000 [thelawyer] INFO: Crawled 9423 pages (at 39 pages/min), scraped 5394 items (at 0 items/min)
2014-01-30 04:47:32+0000 [thelawyer] INFO: Crawled 9461 pages (at 38 pages/min), scraped 5394 items (at 0 items/min)
2014-01-30 04:48:32+0000 [thelawyer] INFO: Crawled 9498 pages (at 37 pages/min), scraped 5394 items (at 0 items/min)
2014-01-30 04:49:32+0000 [thelawyer] INFO: Crawled 9535 pages (at 37 pages/min), scraped 5394 items (at 0 items/min)
2014-01-30 04:50:32+0000 [thelawyer] INFO: Crawled 9574 pages (at 39 pages/min), scraped 5395 items (at 1 items/min)
2014-01-30 04:51:32+0000 [thelawyer] INFO: Crawled 9611 pages (at 37 pages/min), scraped 5405 items (at 10 items/min)
2014-01-30 04:52:32+0000 [thelawyer] INFO: Crawled 9650 pages (at 39 pages/min), scraped 5405 items (at 0 items/min)
2014-01-30 04:53:32+0000 [thelawyer] INFO: Crawled 9686 pages (at 36 pages/min), scraped 5405 items (at 0 items/min)
2014-01-30 04:54:32+0000 [thelawyer] INFO: Crawled 9724 pages (at 38 pages/min), scraped 5409 items (at 4 items/min)
2014-01-30 04:55:32+0000 [thelawyer] INFO: Crawled 9761 pages (at 37 pages/min), scraped 5409 items (at 0 items/min)
2014-01-30 04:56:32+0000 [thelawyer] INFO: Crawled 9799 pages (at 38 pages/min), scraped 5409 items (at 0 items/min)
2014-01-30 04:57:32+0000 [thelawyer] INFO: Crawled 9839 pages (at 40 pages/min), scraped 5409 items (at 0 items/min)
2014-01-30 04:58:32+0000 [thelawyer] INFO: Crawled 9877 pages (at 38 pages/min), scraped 5423 items (at 14 items/min)
2014-01-30 04:59:32+0000 [thelawyer] INFO: Crawled 9914 pages (at 37 pages/min), scraped 5423 items (at 0 items/min)
2014-01-30 05:00:32+0000 [thelawyer] INFO: Crawled 9952 pages (at 38 pages/min), scraped 5423 items (at 0 items/min)
2014-01-30 05:01:32+0000 [thelawyer] INFO: Crawled 9991 pages (at 39 pages/min), scraped 5423 items (at 0 items/min)
2014-01-30 05:02:32+0000 [thelawyer] INFO: Crawled 10030 pages (at 39 pages/min), scraped 5423 items (at 0 items/min)
2014-01-30 05:03:32+0000 [thelawyer] INFO: Crawled 10066 pages (at 36 pages/min), scraped 5428 items (at 5 items/min)
2014-01-30 05:04:32+0000 [thelawyer] INFO: Crawled 10104 pages (at 38 pages/min), scraped 5428 items (at 0 items/min)
2014-01-30 05:05:32+0000 [thelawyer] INFO: Crawled 10142 pages (at 38 pages/min), scraped 5435 items (at 7 items/min)
2014-01-30 05:06:32+0000 [thelawyer] INFO: Crawled 10179 pages (at 37 pages/min), scraped 5445 items (at 10 items/min)
2014-01-30 05:07:32+0000 [thelawyer] INFO: Crawled 10215 pages (at 36 pages/min), scraped 5447 items (at 2 items/min)
2014-01-30 05:08:32+0000 [thelawyer] INFO: Crawled 10253 pages (at 38 pages/min), scraped 5453 items (at 6 items/min)
2014-01-30 05:09:32+0000 [thelawyer] INFO: Crawled 10288 pages (at 35 pages/min), scraped 5456 items (at 3 items/min)
2014-01-30 05:10:32+0000 [thelawyer] INFO: Crawled 10325 pages (at 37 pages/min), scraped 5460 items (at 4 items/min)
2014-01-30 05:11:32+0000 [thelawyer] INFO: Crawled 10363 pages (at 38 pages/min), scraped 5461 items (at 1 items/min)
2014-01-30 05:12:32+0000 [thelawyer] INFO: Crawled 10401 pages (at 38 pages/min), scraped 5461 items (at 0 items/min)
2014-01-30 05:13:32+0000 [thelawyer] INFO: Crawled 10438 pages (at 37 pages/min), scraped 5464 items (at 3 items/min)
2014-01-30 05:14:32+0000 [thelawyer] INFO: Crawled 10477 pages (at 39 pages/min), scraped 5464 items (at 0 items/min)
2014-01-30 05:15:32+0000 [thelawyer] INFO: Crawled 10512 pages (at 35 pages/min), scraped 5464 items (at 0 items/min)
2014-01-30 05:16:32+0000 [thelawyer] INFO: Crawled 10551 pages (at 39 pages/min), scraped 5464 items (at 0 items/min)
2014-01-30 05:17:32+0000 [thelawyer] INFO: Crawled 10587 pages (at 36 pages/min), scraped 5464 items (at 0 items/min)
2014-01-30 05:18:32+0000 [thelawyer] INFO: Crawled 10623 pages (at 36 pages/min), scraped 5476 items (at 12 items/min)
2014-01-30 05:19:32+0000 [thelawyer] INFO: Crawled 10656 pages (at 33 pages/min), scraped 5482 items (at 6 items/min)
2014-01-30 05:20:32+0000 [thelawyer] INFO: Crawled 10691 pages (at 35 pages/min), scraped 5492 items (at 10 items/min)
2014-01-30 05:21:32+0000 [thelawyer] INFO: Crawled 10726 pages (at 35 pages/min), scraped 5501 items (at 9 items/min)
2014-01-30 05:22:32+0000 [thelawyer] INFO: Crawled 10762 pages (at 36 pages/min), scraped 5501 items (at 0 items/min)
2014-01-30 05:23:32+0000 [thelawyer] INFO: Crawled 10798 pages (at 36 pages/min), scraped 5509 items (at 8 items/min)
2014-01-30 05:24:32+0000 [thelawyer] INFO: Crawled 10835 pages (at 37 pages/min), scraped 5509 items (at 0 items/min)
2014-01-30 05:25:32+0000 [thelawyer] INFO: Crawled 10871 pages (at 36 pages/min), scraped 5509 items (at 0 items/min)
2014-01-30 05:26:32+0000 [thelawyer] INFO: Crawled 10908 pages (at 37 pages/min), scraped 5509 items (at 0 items/min)
2014-01-30 05:27:32+0000 [thelawyer] INFO: Crawled 10944 pages (at 36 pages/min), scraped 5509 items (at 0 items/min)
2014-01-30 05:28:32+0000 [thelawyer] INFO: Crawled 10982 pages (at 38 pages/min), scraped 5509 items (at 0 items/min)
2014-01-30 05:29:32+0000 [thelawyer] INFO: Crawled 11016 pages (at 34 pages/min), scraped 5509 items (at 0 items/min)
2014-01-30 05:30:32+0000 [thelawyer] INFO: Crawled 11049 pages (at 33 pages/min), scraped 5509 items (at 0 items/min)
2014-01-30 05:31:32+0000 [thelawyer] INFO: Crawled 11080 pages (at 31 pages/min), scraped 5510 items (at 1 items/min)
2014-01-30 05:32:32+0000 [thelawyer] INFO: Crawled 11116 pages (at 36 pages/min), scraped 5510 items (at 0 items/min)
2014-01-30 05:33:32+0000 [thelawyer] INFO: Crawled 11150 pages (at 34 pages/min), scraped 5510 items (at 0 items/min)
2014-01-30 05:34:32+0000 [thelawyer] INFO: Crawled 11184 pages (at 34 pages/min), scraped 5510 items (at 0 items/min)
2014-01-30 05:35:32+0000 [thelawyer] INFO: Crawled 11220 pages (at 36 pages/min), scraped 5510 items (at 0 items/min)
2014-01-30 05:36:32+0000 [thelawyer] INFO: Crawled 11255 pages (at 35 pages/min), scraped 5513 items (at 3 items/min)
2014-01-30 05:37:32+0000 [thelawyer] INFO: Crawled 11293 pages (at 38 pages/min), scraped 5513 items (at 0 items/min)
2014-01-30 05:38:32+0000 [thelawyer] INFO: Crawled 11329 pages (at 36 pages/min), scraped 5520 items (at 7 items/min)
2014-01-30 05:39:32+0000 [thelawyer] INFO: Crawled 11361 pages (at 32 pages/min), scraped 5520 items (at 0 items/min)
2014-01-30 05:40:32+0000 [thelawyer] INFO: Crawled 11397 pages (at 36 pages/min), scraped 5532 items (at 12 items/min)
2014-01-30 05:41:32+0000 [thelawyer] INFO: Crawled 11434 pages (at 37 pages/min), scraped 5532 items (at 0 items/min)
2014-01-30 05:42:32+0000 [thelawyer] INFO: Crawled 11472 pages (at 38 pages/min), scraped 5532 items (at 0 items/min)
2014-01-30 05:43:32+0000 [thelawyer] INFO: Crawled 11513 pages (at 41 pages/min), scraped 5535 items (at 3 items/min)
2014-01-30 05:44:32+0000 [thelawyer] INFO: Crawled 11546 pages (at 33 pages/min), scraped 5535 items (at 0 items/min)
2014-01-30 05:45:32+0000 [thelawyer] INFO: Crawled 11580 pages (at 34 pages/min), scraped 5544 items (at 9 items/min)
2014-01-30 05:46:32+0000 [thelawyer] INFO: Crawled 11617 pages (at 37 pages/min), scraped 5548 items (at 4 items/min)
2014-01-30 05:47:32+0000 [thelawyer] INFO: Crawled 11654 pages (at 37 pages/min), scraped 5548 items (at 0 items/min)
2014-01-30 05:48:32+0000 [thelawyer] INFO: Crawled 11692 pages (at 38 pages/min), scraped 5550 items (at 2 items/min)
2014-01-30 05:49:32+0000 [thelawyer] INFO: Crawled 11728 pages (at 36 pages/min), scraped 5550 items (at 0 items/min)
2014-01-30 05:50:32+0000 [thelawyer] INFO: Crawled 11767 pages (at 39 pages/min), scraped 5551 items (at 1 items/min)
2014-01-30 05:51:32+0000 [thelawyer] INFO: Crawled 11800 pages (at 33 pages/min), scraped 5557 items (at 6 items/min)
2014-01-30 05:52:32+0000 [thelawyer] INFO: Crawled 11831 pages (at 31 pages/min), scraped 5564 items (at 7 items/min)
2014-01-30 05:53:32+0000 [thelawyer] INFO: Crawled 11869 pages (at 38 pages/min), scraped 5568 items (at 4 items/min)
2014-01-30 05:54:32+0000 [thelawyer] INFO: Crawled 11888 pages (at 19 pages/min), scraped 5587 items (at 19 items/min)
2014-01-30 05:55:32+0000 [thelawyer] INFO: Crawled 11903 pages (at 15 pages/min), scraped 5602 items (at 15 items/min)
2014-01-30 05:56:10+0000 [thelawyer] INFO: Closing spider (finished)
2014-01-30 05:56:11+0000 [thelawyer] INFO: Dumping Scrapy stats:
	{'downloader/request_bytes': 132809966,
	 'downloader/request_count': 17648,
	 'downloader/request_method_count/GET': 17648,
	 'downloader/response_bytes': 612281727,
	 'downloader/response_count': 17648,
	 'downloader/response_status_count/200': 11902,
	 'downloader/response_status_count/302': 5670,
	 'downloader/response_status_count/400': 75,
	 'downloader/response_status_count/404': 1,
	 'finish_reason': 'finished',
	 'finish_time': datetime.datetime(2014, 1, 30, 5, 56, 10, 952177),
	 'item_scraped_count': 5602,
	 'memdebug/gc_garbage_count': 0,
	 'memdebug/live_refs/SpiderAll': 1,
	 'memusage/max': 353513472,
	 'memusage/startup': 44552192,
	 'request_depth_max': 31,
	 'response_received_count': 11928,
	 'scheduler/dequeued': 17648,
	 'scheduler/dequeued/disk': 17648,
	 'scheduler/enqueued': 17648,
	 'scheduler/enqueued/disk': 17648,
	 'start_time': datetime.datetime(2014, 1, 30, 0, 2, 32, 443606)}
2014-01-30 05:56:11+0000 [thelawyer] INFO: Spider closed (finished)
