2014-01-30 00:04:21+0000 [scrapy] INFO: Enabled extensions: LogStats, TelnetConsole, CloseSpider, WebService, CoreStats, MemoryUsage, MemoryDebugger, SpiderState
2014-01-30 00:04:21+0000 [scrapy] INFO: Enabled downloader middlewares: HttpAuthMiddleware, DownloadTimeoutMiddleware, UserAgentMiddleware, RetryMiddleware, DefaultHeadersMiddleware, MetaRefreshMiddleware, HttpCompressionMiddleware, RedirectMiddleware, CookiesMiddleware, ChunkedTransferMiddleware, DownloaderStats
2014-01-30 00:04:21+0000 [scrapy] INFO: Enabled spider middlewares: HttpErrorMiddleware, OffsiteMiddleware, RefererMiddleware, UrlLengthMiddleware, DepthMiddleware
2014-01-30 00:04:21+0000 [scrapy] INFO: Enabled item pipelines: AllPipeline
2014-01-30 00:04:21+0000 [donmathias] INFO: Spider opened
2014-01-30 00:04:21+0000 [donmathias] INFO: Crawled 0 pages (at 0 pages/min), scraped 0 items (at 0 items/min)
2014-01-30 00:04:30+0000 [scrapy] INFO: Scraped 10 items
2014-01-30 00:05:21+0000 [donmathias] INFO: Crawled 65 pages (at 65 pages/min), scraped 55 items (at 55 items/min)
2014-01-30 00:06:21+0000 [donmathias] INFO: Crawled 129 pages (at 64 pages/min), scraped 106 items (at 51 items/min)
2014-01-30 00:07:21+0000 [donmathias] INFO: Crawled 193 pages (at 64 pages/min), scraped 158 items (at 52 items/min)
2014-01-30 00:08:21+0000 [donmathias] INFO: Crawled 259 pages (at 66 pages/min), scraped 214 items (at 56 items/min)
2014-01-30 00:09:21+0000 [donmathias] INFO: Crawled 323 pages (at 64 pages/min), scraped 266 items (at 52 items/min)
2014-01-30 00:10:21+0000 [donmathias] INFO: Crawled 386 pages (at 63 pages/min), scraped 318 items (at 52 items/min)
2014-01-30 00:11:21+0000 [donmathias] INFO: Crawled 450 pages (at 64 pages/min), scraped 371 items (at 53 items/min)
2014-01-30 00:12:21+0000 [donmathias] INFO: Crawled 514 pages (at 64 pages/min), scraped 423 items (at 52 items/min)
2014-01-30 00:13:21+0000 [donmathias] INFO: Crawled 577 pages (at 63 pages/min), scraped 474 items (at 51 items/min)
2014-01-30 00:14:21+0000 [donmathias] INFO: Crawled 640 pages (at 63 pages/min), scraped 525 items (at 51 items/min)
2014-01-30 00:15:21+0000 [donmathias] INFO: Crawled 705 pages (at 65 pages/min), scraped 584 items (at 59 items/min)
2014-01-30 00:16:21+0000 [donmathias] INFO: Crawled 770 pages (at 65 pages/min), scraped 644 items (at 60 items/min)
2014-01-30 00:17:21+0000 [donmathias] INFO: Crawled 834 pages (at 64 pages/min), scraped 702 items (at 58 items/min)
2014-01-30 00:18:21+0000 [donmathias] INFO: Crawled 900 pages (at 66 pages/min), scraped 762 items (at 60 items/min)
2014-01-30 00:19:21+0000 [donmathias] INFO: Crawled 964 pages (at 64 pages/min), scraped 825 items (at 63 items/min)
2014-01-30 00:20:21+0000 [donmathias] INFO: Crawled 1028 pages (at 64 pages/min), scraped 889 items (at 64 items/min)
2014-01-30 00:21:21+0000 [donmathias] INFO: Crawled 1093 pages (at 65 pages/min), scraped 954 items (at 65 items/min)
2014-01-30 00:22:21+0000 [donmathias] INFO: Crawled 1156 pages (at 63 pages/min), scraped 1017 items (at 63 items/min)
2014-01-30 00:23:21+0000 [donmathias] INFO: Crawled 1220 pages (at 64 pages/min), scraped 1081 items (at 64 items/min)
2014-01-30 00:24:21+0000 [donmathias] INFO: Crawled 1286 pages (at 66 pages/min), scraped 1146 items (at 65 items/min)
2014-01-30 00:25:21+0000 [donmathias] INFO: Crawled 1352 pages (at 66 pages/min), scraped 1212 items (at 66 items/min)
2014-01-30 00:25:35+0000 [donmathias] INFO: Closing spider (finished)
2014-01-30 00:25:35+0000 [donmathias] INFO: Dumping Scrapy stats:
	{'downloader/request_bytes': 436712,
	 'downloader/request_count': 1368,
	 'downloader/request_method_count/GET': 1368,
	 'downloader/response_bytes': 19605705,
	 'downloader/response_count': 1368,
	 'downloader/response_status_count/200': 1367,
	 'downloader/response_status_count/404': 1,
	 'finish_reason': 'finished',
	 'finish_time': datetime.datetime(2014, 1, 30, 0, 25, 35, 212250),
	 'item_scraped_count': 1228,
	 'memdebug/gc_garbage_count': 0,
	 'memdebug/live_refs/SpiderAll': 1,
	 'memusage/max': 78868480,
	 'memusage/startup': 44478464,
	 'request_depth_max': 83,
	 'response_received_count': 1368,
	 'scheduler/dequeued': 1368,
	 'scheduler/dequeued/disk': 1368,
	 'scheduler/enqueued': 1368,
	 'scheduler/enqueued/disk': 1368,
	 'start_time': datetime.datetime(2014, 1, 30, 0, 4, 21, 138113)}
2014-01-30 00:25:35+0000 [donmathias] INFO: Spider closed (finished)
