2014-01-30 07:02:47+0000 [scrapy] INFO: Enabled extensions: LogStats, TelnetConsole, CloseSpider, WebService, CoreStats, MemoryUsage, MemoryDebugger, SpiderState
2014-01-30 07:02:47+0000 [scrapy] INFO: Enabled downloader middlewares: HttpAuthMiddleware, DownloadTimeoutMiddleware, UserAgentMiddleware, RetryMiddleware, DefaultHeadersMiddleware, MetaRefreshMiddleware, HttpCompressionMiddleware, RedirectMiddleware, CookiesMiddleware, ChunkedTransferMiddleware, DownloaderStats
2014-01-30 07:02:47+0000 [scrapy] INFO: Enabled spider middlewares: HttpErrorMiddleware, OffsiteMiddleware, RefererMiddleware, UrlLengthMiddleware, DepthMiddleware
2014-01-30 07:02:47+0000 [scrapy] INFO: Enabled item pipelines: AllPipeline
2014-01-30 07:02:47+0000 [thecourt] INFO: Spider opened
2014-01-30 07:02:47+0000 [thecourt] INFO: Crawled 0 pages (at 0 pages/min), scraped 0 items (at 0 items/min)
2014-01-30 07:03:06+0000 [scrapy] INFO: Scraped 10 items
2014-01-30 07:03:47+0000 [thecourt] INFO: Crawled 40 pages (at 40 pages/min), scraped 36 items (at 36 items/min)
2014-01-30 07:04:47+0000 [thecourt] INFO: Crawled 79 pages (at 39 pages/min), scraped 70 items (at 34 items/min)
2014-01-30 07:05:47+0000 [thecourt] INFO: Crawled 118 pages (at 39 pages/min), scraped 106 items (at 36 items/min)
2014-01-30 07:06:47+0000 [thecourt] INFO: Crawled 156 pages (at 38 pages/min), scraped 140 items (at 34 items/min)
2014-01-30 07:07:47+0000 [thecourt] INFO: Crawled 195 pages (at 39 pages/min), scraped 176 items (at 36 items/min)
2014-01-30 07:08:47+0000 [thecourt] INFO: Crawled 233 pages (at 38 pages/min), scraped 208 items (at 32 items/min)
2014-01-30 07:09:47+0000 [thecourt] INFO: Crawled 269 pages (at 36 pages/min), scraped 239 items (at 31 items/min)
2014-01-30 07:10:47+0000 [thecourt] INFO: Crawled 297 pages (at 28 pages/min), scraped 263 items (at 24 items/min)
2014-01-30 07:11:48+0000 [thecourt] INFO: Crawled 326 pages (at 29 pages/min), scraped 288 items (at 25 items/min)
2014-01-30 07:12:49+0000 [thecourt] INFO: Crawled 343 pages (at 17 pages/min), scraped 303 items (at 15 items/min)
2014-01-30 07:13:47+0000 [thecourt] INFO: Crawled 368 pages (at 25 pages/min), scraped 324 items (at 21 items/min)
2014-01-30 07:14:47+0000 [thecourt] INFO: Crawled 396 pages (at 28 pages/min), scraped 346 items (at 22 items/min)
2014-01-30 07:15:47+0000 [thecourt] INFO: Crawled 415 pages (at 19 pages/min), scraped 362 items (at 16 items/min)
2014-01-30 07:16:50+0000 [thecourt] INFO: Crawled 445 pages (at 30 pages/min), scraped 388 items (at 26 items/min)
2014-01-30 07:17:47+0000 [thecourt] INFO: Crawled 479 pages (at 34 pages/min), scraped 415 items (at 27 items/min)
2014-01-30 07:18:47+0000 [thecourt] INFO: Crawled 505 pages (at 26 pages/min), scraped 437 items (at 22 items/min)
2014-01-30 07:19:48+0000 [thecourt] INFO: Crawled 542 pages (at 37 pages/min), scraped 469 items (at 32 items/min)
2014-01-30 07:20:47+0000 [thecourt] INFO: Crawled 562 pages (at 20 pages/min), scraped 488 items (at 19 items/min)
2014-01-30 07:21:47+0000 [thecourt] INFO: Crawled 596 pages (at 34 pages/min), scraped 517 items (at 29 items/min)
2014-01-30 07:22:47+0000 [thecourt] INFO: Crawled 634 pages (at 38 pages/min), scraped 551 items (at 34 items/min)
2014-01-30 07:23:48+0000 [thecourt] INFO: Crawled 661 pages (at 27 pages/min), scraped 574 items (at 23 items/min)
2014-01-30 07:24:47+0000 [thecourt] INFO: Crawled 704 pages (at 43 pages/min), scraped 613 items (at 39 items/min)
2014-01-30 07:25:47+0000 [thecourt] INFO: Crawled 724 pages (at 20 pages/min), scraped 632 items (at 19 items/min)
2014-01-30 07:26:47+0000 [thecourt] INFO: Crawled 748 pages (at 24 pages/min), scraped 656 items (at 24 items/min)
2014-01-30 07:27:47+0000 [thecourt] INFO: Crawled 771 pages (at 23 pages/min), scraped 679 items (at 23 items/min)
2014-01-30 07:28:49+0000 [thecourt] INFO: Crawled 797 pages (at 26 pages/min), scraped 704 items (at 25 items/min)
2014-01-30 07:29:47+0000 [thecourt] INFO: Crawled 820 pages (at 23 pages/min), scraped 727 items (at 23 items/min)
2014-01-30 07:30:48+0000 [thecourt] INFO: Crawled 850 pages (at 30 pages/min), scraped 757 items (at 30 items/min)
2014-01-30 07:31:47+0000 [thecourt] INFO: Crawled 873 pages (at 23 pages/min), scraped 780 items (at 23 items/min)
2014-01-30 07:32:49+0000 [thecourt] INFO: Crawled 898 pages (at 25 pages/min), scraped 805 items (at 25 items/min)
2014-01-30 07:33:48+0000 [thecourt] INFO: Crawled 926 pages (at 28 pages/min), scraped 833 items (at 28 items/min)
2014-01-30 07:34:47+0000 [thecourt] INFO: Crawled 946 pages (at 20 pages/min), scraped 853 items (at 20 items/min)
2014-01-30 07:35:49+0000 [thecourt] INFO: Crawled 973 pages (at 27 pages/min), scraped 880 items (at 27 items/min)
2014-01-30 07:36:47+0000 [thecourt] INFO: Crawled 998 pages (at 25 pages/min), scraped 904 items (at 24 items/min)
2014-01-30 07:37:48+0000 [thecourt] INFO: Crawled 1019 pages (at 21 pages/min), scraped 925 items (at 21 items/min)
2014-01-30 07:38:48+0000 [thecourt] INFO: Crawled 1032 pages (at 13 pages/min), scraped 938 items (at 13 items/min)
2014-01-30 07:39:47+0000 [thecourt] INFO: Crawled 1057 pages (at 25 pages/min), scraped 963 items (at 25 items/min)
2014-01-30 07:40:47+0000 [thecourt] INFO: Crawled 1087 pages (at 30 pages/min), scraped 993 items (at 30 items/min)
2014-01-30 07:41:47+0000 [thecourt] INFO: Crawled 1125 pages (at 38 pages/min), scraped 1031 items (at 38 items/min)
2014-01-30 07:42:47+0000 [thecourt] INFO: Crawled 1164 pages (at 39 pages/min), scraped 1070 items (at 39 items/min)
2014-01-30 07:43:47+0000 [thecourt] INFO: Crawled 1200 pages (at 36 pages/min), scraped 1106 items (at 36 items/min)
2014-01-30 07:44:47+0000 [thecourt] INFO: Crawled 1237 pages (at 37 pages/min), scraped 1143 items (at 37 items/min)
2014-01-30 07:45:47+0000 [thecourt] INFO: Crawled 1276 pages (at 39 pages/min), scraped 1182 items (at 39 items/min)
2014-01-30 07:46:47+0000 [thecourt] INFO: Crawled 1318 pages (at 42 pages/min), scraped 1224 items (at 42 items/min)
2014-01-30 07:47:47+0000 [thecourt] INFO: Crawled 1353 pages (at 35 pages/min), scraped 1259 items (at 35 items/min)
2014-01-30 07:48:47+0000 [thecourt] INFO: Crawled 1391 pages (at 38 pages/min), scraped 1297 items (at 38 items/min)
2014-01-30 07:49:47+0000 [thecourt] INFO: Crawled 1428 pages (at 37 pages/min), scraped 1334 items (at 37 items/min)
2014-01-30 07:50:47+0000 [thecourt] INFO: Crawled 1473 pages (at 45 pages/min), scraped 1375 items (at 41 items/min)
2014-01-30 07:51:47+0000 [thecourt] INFO: Crawled 1520 pages (at 47 pages/min), scraped 1416 items (at 41 items/min)
2014-01-30 07:52:47+0000 [thecourt] INFO: Crawled 1559 pages (at 39 pages/min), scraped 1450 items (at 34 items/min)
2014-01-30 07:53:47+0000 [thecourt] INFO: Crawled 1591 pages (at 32 pages/min), scraped 1474 items (at 24 items/min)
2014-01-30 07:54:47+0000 [thecourt] INFO: Crawled 1623 pages (at 32 pages/min), scraped 1500 items (at 26 items/min)
2014-01-30 07:55:47+0000 [thecourt] INFO: Crawled 1653 pages (at 30 pages/min), scraped 1524 items (at 24 items/min)
2014-01-30 07:56:47+0000 [thecourt] INFO: Crawled 1682 pages (at 29 pages/min), scraped 1547 items (at 23 items/min)
2014-01-30 07:57:47+0000 [thecourt] INFO: Crawled 1715 pages (at 33 pages/min), scraped 1574 items (at 27 items/min)
2014-01-30 07:58:47+0000 [thecourt] INFO: Crawled 1747 pages (at 32 pages/min), scraped 1601 items (at 27 items/min)
2014-01-30 07:59:47+0000 [thecourt] INFO: Crawled 1780 pages (at 33 pages/min), scraped 1628 items (at 27 items/min)
2014-01-30 08:00:47+0000 [thecourt] INFO: Crawled 1813 pages (at 33 pages/min), scraped 1658 items (at 30 items/min)
2014-01-30 08:01:47+0000 [thecourt] INFO: Crawled 1847 pages (at 34 pages/min), scraped 1690 items (at 32 items/min)
2014-01-30 08:02:47+0000 [thecourt] INFO: Crawled 1882 pages (at 35 pages/min), scraped 1725 items (at 35 items/min)
2014-01-30 08:03:47+0000 [thecourt] INFO: Crawled 1916 pages (at 34 pages/min), scraped 1759 items (at 34 items/min)
2014-01-30 08:04:47+0000 [thecourt] INFO: Crawled 1947 pages (at 31 pages/min), scraped 1790 items (at 31 items/min)
2014-01-30 08:05:47+0000 [thecourt] INFO: Crawled 1980 pages (at 33 pages/min), scraped 1823 items (at 33 items/min)
2014-01-30 08:06:47+0000 [thecourt] INFO: Crawled 2015 pages (at 35 pages/min), scraped 1858 items (at 35 items/min)
2014-01-30 08:07:47+0000 [thecourt] INFO: Crawled 2047 pages (at 32 pages/min), scraped 1890 items (at 32 items/min)
2014-01-30 08:08:47+0000 [thecourt] INFO: Crawled 2078 pages (at 31 pages/min), scraped 1918 items (at 28 items/min)
2014-01-30 08:09:47+0000 [thecourt] INFO: Crawled 2113 pages (at 35 pages/min), scraped 1951 items (at 33 items/min)
2014-01-30 08:10:47+0000 [thecourt] INFO: Crawled 2141 pages (at 28 pages/min), scraped 1975 items (at 24 items/min)
2014-01-30 08:11:47+0000 [thecourt] INFO: Crawled 2173 pages (at 32 pages/min), scraped 2003 items (at 28 items/min)
2014-01-30 08:12:47+0000 [thecourt] INFO: Crawled 2208 pages (at 35 pages/min), scraped 2038 items (at 35 items/min)
2014-01-30 08:13:47+0000 [thecourt] INFO: Crawled 2246 pages (at 38 pages/min), scraped 2073 items (at 35 items/min)
2014-01-30 08:14:47+0000 [thecourt] INFO: Crawled 2277 pages (at 31 pages/min), scraped 2099 items (at 26 items/min)
2014-01-30 08:15:47+0000 [thecourt] INFO: Crawled 2296 pages (at 19 pages/min), scraped 2115 items (at 16 items/min)
2014-01-30 08:16:47+0000 [thecourt] INFO: Crawled 2326 pages (at 30 pages/min), scraped 2141 items (at 26 items/min)
2014-01-30 08:17:47+0000 [thecourt] INFO: Crawled 2359 pages (at 33 pages/min), scraped 2171 items (at 30 items/min)
2014-01-30 08:18:47+0000 [thecourt] INFO: Crawled 2381 pages (at 22 pages/min), scraped 2193 items (at 22 items/min)
2014-01-30 08:19:47+0000 [thecourt] INFO: Crawled 2413 pages (at 32 pages/min), scraped 2224 items (at 31 items/min)
2014-01-30 08:20:47+0000 [thecourt] INFO: Crawled 2448 pages (at 35 pages/min), scraped 2255 items (at 31 items/min)
2014-01-30 08:21:47+0000 [thecourt] INFO: Crawled 2480 pages (at 32 pages/min), scraped 2287 items (at 32 items/min)
2014-01-30 08:22:47+0000 [thecourt] INFO: Crawled 2509 pages (at 29 pages/min), scraped 2314 items (at 27 items/min)
2014-01-30 08:23:47+0000 [thecourt] INFO: Crawled 2545 pages (at 36 pages/min), scraped 2349 items (at 35 items/min)
2014-01-30 08:24:47+0000 [thecourt] INFO: Crawled 2578 pages (at 33 pages/min), scraped 2382 items (at 33 items/min)
2014-01-30 08:25:47+0000 [thecourt] INFO: Crawled 2608 pages (at 30 pages/min), scraped 2412 items (at 30 items/min)
2014-01-30 08:26:47+0000 [thecourt] INFO: Crawled 2641 pages (at 33 pages/min), scraped 2445 items (at 33 items/min)
2014-01-30 08:27:47+0000 [thecourt] INFO: Crawled 2667 pages (at 26 pages/min), scraped 2470 items (at 25 items/min)
2014-01-30 08:28:47+0000 [thecourt] INFO: Crawled 2702 pages (at 35 pages/min), scraped 2505 items (at 35 items/min)
2014-01-30 08:29:47+0000 [thecourt] INFO: Crawled 2738 pages (at 36 pages/min), scraped 2541 items (at 36 items/min)
2014-01-30 08:30:47+0000 [thecourt] INFO: Crawled 2769 pages (at 31 pages/min), scraped 2572 items (at 31 items/min)
2014-01-30 08:31:47+0000 [thecourt] INFO: Crawled 2801 pages (at 32 pages/min), scraped 2604 items (at 32 items/min)
2014-01-30 08:32:47+0000 [thecourt] INFO: Crawled 2834 pages (at 33 pages/min), scraped 2635 items (at 31 items/min)
2014-01-30 08:33:17+0000 [thecourt] INFO: Closing spider (finished)
2014-01-30 08:33:17+0000 [thecourt] INFO: Dumping Scrapy stats:
	{'downloader/request_bytes': 1748952,
	 'downloader/request_count': 4483,
	 'downloader/request_method_count/GET': 4483,
	 'downloader/response_bytes': 39117479,
	 'downloader/response_count': 4483,
	 'downloader/response_status_count/200': 2775,
	 'downloader/response_status_count/301': 1585,
	 'downloader/response_status_count/302': 30,
	 'downloader/response_status_count/400': 24,
	 'downloader/response_status_count/404': 69,
	 'finish_reason': 'finished',
	 'finish_time': datetime.datetime(2014, 1, 30, 8, 33, 17, 612432),
	 'item_scraped_count': 2645,
	 'memdebug/gc_garbage_count': 0,
	 'memdebug/live_refs/SpiderAll': 1,
	 'memusage/max': 130764800,
	 'memusage/startup': 44490752,
	 'request_depth_max': 132,
	 'response_received_count': 2852,
	 'scheduler/dequeued': 4483,
	 'scheduler/dequeued/disk': 4483,
	 'scheduler/enqueued': 4483,
	 'scheduler/enqueued/disk': 4483,
	 'start_time': datetime.datetime(2014, 1, 30, 7, 2, 47, 801528)}
2014-01-30 08:33:17+0000 [thecourt] INFO: Spider closed (finished)
