2014-01-30 07:05:58+0000 [scrapy] INFO: Enabled extensions: LogStats, TelnetConsole, CloseSpider, WebService, CoreStats, MemoryUsage, MemoryDebugger, SpiderState
2014-01-30 07:05:58+0000 [scrapy] INFO: Enabled downloader middlewares: HttpAuthMiddleware, DownloadTimeoutMiddleware, UserAgentMiddleware, RetryMiddleware, DefaultHeadersMiddleware, MetaRefreshMiddleware, HttpCompressionMiddleware, RedirectMiddleware, CookiesMiddleware, ChunkedTransferMiddleware, DownloaderStats
2014-01-30 07:05:58+0000 [scrapy] INFO: Enabled spider middlewares: HttpErrorMiddleware, OffsiteMiddleware, RefererMiddleware, UrlLengthMiddleware, DepthMiddleware
2014-01-30 07:05:58+0000 [scrapy] INFO: Enabled item pipelines: AllPipeline
2014-01-30 07:05:58+0000 [lsolum-legaltheory] INFO: Spider opened
2014-01-30 07:05:58+0000 [lsolum-legaltheory] INFO: Crawled 0 pages (at 0 pages/min), scraped 0 items (at 0 items/min)
2014-01-30 07:05:58+0000 [lsolum-legaltheory] INFO: Closi2014-01-30 07:06:06+0000 [lsolum-legaltheory] INFO: Crawled 56 pages (at 56 pages/min), scraped 51 items (at 51 items/min)
2014-01-30 07:07:06+0000 [lsolum-legaltheory] INFO: Crawled 106 pages (at 50 pages/min), scraped 97 items (at 46 items/min)
2014-01-30 07:08:06+0000 [lsolum-legaltheory] INFO: Crawled 158 pages (at 52 pages/min), scraped 144 items (at 47 items/min)
2014-01-30 07:09:06+0000 [lsolum-legaltheory] INFO: Crawled 212 pages (at 54 pages/min), scraped 194 items (at 50 items/min)
2014-01-30 07:10:08+0000 [lsolum-legaltheory] INFO: Crawled 251 pages (at 39 pages/min), scraped 229 items (at 35 items/min)
2014-01-30 07:11:06+0000 [lsolum-legaltheory] INFO: Crawled 294 pages (at 43 pages/min), scraped 269 items (at 40 items/min)
2014-01-30 07:12:06+0000 [lsolum-legaltheory] INFO: Crawled 339 pages (at 45 pages/min), scraped 310 items (at 41 items/min)
2014-01-30 07:13:06+0000 [lsolum-legaltheory] INFO: Crawled 383 pages (at 44 pages/min), scraped 350 items (at 40 items/min)
2014-01-30 07:14:08+0000 [lsolum-legaltheory] INFO: Crawled 427 pages (at 44 pages/min), scraped 389 items (at 39 items/min)
2014-01-30 07:15:06+0000 [lsolum-legaltheory] INFO: Crawled 483 pages (at 56 pages/min), scraped 440 items (at 51 items/min)
2014-01-30 07:16:06+0000 [lsolum-legaltheory] INFO: Crawled 521 pages (at 38 pages/min), scraped 475 items (at 35 items/min)
2014-01-30 07:17:06+0000 [lsolum-legaltheory] INFO: Crawled 558 pages (at 37 pages/min), scraped 504 items (at 29 items/min)
2014-01-30 07:18:09+0000 [lsolum-legaltheory] INFO: Crawled 610 pages (at 52 pages/min), scraped 550 items (at 46 items/min)
2014-01-30 07:19:06+0000 [lsolum-legaltheory] INFO: Crawled 648 pages (at 38 pages/min), scraped 586 items (at 36 items/min)
2014-01-30 07:20:08+0000 [lsolum-legaltheory] INFO: Crawled 689 pages (at 41 pages/min), scraped 622 items (at 36 items/min)
2014-01-30 07:21:06+0000 [lsolum-legaltheory] INFO: Crawled 738 pages (at 49 pages/min), scraped 667 items (at 45 items/min)
2014-01-30 07:22:06+0000 [lsolum-legaltheory] INFO: Crawled 766 pages (at 28 pages/min), scraped 692 items (at 25 items/min)
2014-01-30 07:23:06+0000 [lsolum-legaltheory] INFO: Crawled 824 pages (at 58 pages/min), scraped 745 items (at 53 items/min)
2014-01-30 07:24:06+0000 [lsolum-legaltheory] INFO: Crawled 853 pages (at 29 pages/min), scraped 771 items (at 26 items/min)
2014-01-30 07:25:09+0000 [lsolum-legaltheory] INFO: Crawled 902 pages (at 49 pages/min), scraped 815 items (at 44 items/min)
2014-01-30 07:26:09+0000 [lsolum-legaltheory] INFO: Crawled 931 pages (at 29 pages/min), scraped 841 items (at 26 items/min)
2014-01-30 07:27:09+0000 [lsolum-legaltheory] INFO: Crawled 961 pages (at 30 pages/min), scraped 868 items (at 27 items/min)
2014-01-30 07:28:06+0000 [lsolum-legaltheory] INFO: Crawled 985 pages (at 24 pages/min), scraped 891 items (at 23 items/min)
2014-01-30 07:29:06+0000 [lsolum-legaltheory] INFO: Crawled 1012 pages (at 27 pages/min), scraped 916 items (at 25 items/min)
2014-01-30 07:30:06+0000 [lsolum-legaltheory] INFO: Crawled 1035 pages (at 23 pages/min), scraped 937 items (at 21 items/min)
2014-01-30 07:31:08+0000 [lsolum-legaltheory] INFO: Crawled 1066 pages (at 31 pages/min), scraped 964 items (at 27 items/min)
2014-01-30 07:32:06+0000 [lsolum-legaltheory] INFO: Crawled 1108 pages (at 42 pages/min), scraped 1003 items (at 39 items/min)
2014-01-30 07:33:09+0000 [lsolum-legaltheory] INFO: Crawled 1130 pages (at 22 pages/min), scraped 1021 items (at 18 items/min)
2014-01-30 07:34:09+0000 [lsolum-legaltheory] INFO: Crawled 1166 pages (at 36 pages/min), scraped 1055 items (at 34 items/min)
2014-01-30 07:35:06+0000 [lsolum-legaltheory] INFO: Crawled 1202 pages (at 36 pages/min), scraped 1088 items (at 33 items/min)
2014-01-30 07:36:06+0000 [lsolum-legaltheory] INFO: Crawled 1230 pages (at 28 pages/min), scraped 1112 items (at 24 items/min)
2014-01-30 07:37:06+0000 [lsolum-legaltheory] INFO: Crawled 1273 pages (at 43 pages/min), scraped 1152 items (at 40 items/min)
2014-01-30 07:38:07+0000 [lsolum-legaltheory] INFO: Crawled 1289 pages (at 16 pages/min), scraped 1165 items (at 13 items/min)
2014-01-30 07:39:07+0000 [lsolum-legaltheory] INFO: Crawled 1315 pages (at 26 pages/min), scraped 1189 items (at 24 items/min)
2014-01-30 07:40:06+0000 [lsolum-legaltheory] INFO: Crawled 1370 pages (at 55 pages/min), scraped 1240 items (at 51 items/min)
2014-01-30 07:41:06+0000 [lsolum-legaltheory] INFO: Crawled 1427 pages (at 57 pages/min), scraped 1292 items (at 52 items/min)
2014-01-30 07:42:06+0000 [lsolum-legaltheory] INFO: Crawled 1483 pages (at 56 pages/min), scraped 1343 items (at 51 items/min)
2014-01-30 07:43:06+0000 [lsolum-legaltheory] INFO: Crawled 1540 pages (at 57 pages/min), scraped 1393 items (at 50 items/min)
2014-01-30 07:44:06+0000 [lsolum-legaltheory] INFO: Crawled 1597 pages (at 57 pages/min), scraped 1445 items (at 52 items/min)
2014-01-30 07:45:06+0000 [lsolum-legaltheory] INFO: Crawled 1651 pages (at 54 pages/min), scraped 1494 items (at 49 items/min)
2014-01-30 07:46:06+0000 [lsolum-legaltheory] INFO: Crawled 1708 pages (at 57 pages/min), scraped 1546 items (at 52 items/min)
2014-01-30 07:47:06+0000 [lsolum-legaltheory] INFO: Crawled 1766 pages (at 58 pages/min), scraped 1599 items (at 53 items/min)
2014-01-30 07:48:06+0000 [lsolum-legaltheory] INFO: Crawled 1823 pages (at 57 pages/min), scraped 1651 items (at 52 items/min)
2014-01-30 07:49:06+0000 [lsolum-legaltheory] INFO: Crawled 1873 pages (at 50 pages/min), scraped 1688 items (at 37 items/min)
2014-01-30 07:50:06+0000 [lsolum-legaltheory] INFO: Crawled 1932 pages (at 59 pages/min), scraped 1740 items (at 52 items/min)
2014-01-30 07:51:06+0000 [lsolum-legaltheory] INFO: Crawled 1990 pages (at 58 pages/min), scraped 1793 items (at 53 items/min)
2014-01-30 07:52:06+0000 [lsolum-legaltheory] INFO: Crawled 2047 pages (at 57 pages/min), scraped 1845 items (at 52 items/min)
2014-01-30 07:53:06+0000 [lsolum-legaltheory] INFO: Crawled 2105 pages (at 58 pages/min), scraped 1896 items (at 51 items/min)
2014-01-30 07:54:06+0000 [lsolum-legaltheory] INFO: Crawled 2163 pages (at 58 pages/min), scraped 1949 items (at 53 items/min)
2014-01-30 07:55:06+0000 [lsolum-legaltheory] INFO: Crawled 2221 pages (at 58 pages/min), scraped 2002 items (at 53 items/min)
2014-01-30 07:56:06+0000 [lsolum-legaltheory] INFO: Crawled 2278 pages (at 57 pages/min), scraped 2058 items (at 56 items/min)
2014-01-30 07:57:06+0000 [lsolum-legaltheory] INFO: Crawled 2336 pages (at 58 pages/min), scraped 2116 items (at 58 items/min)
2014-01-30 07:58:06+0000 [lsolum-legaltheory] INFO: Crawled 2394 pages (at 58 pages/min), scraped 2169 items (at 53 items/min)
2014-01-30 07:59:06+0000 [lsolum-legaltheory] INFO: Crawled 2449 pages (at 55 pages/min), scraped 2219 items (at 50 items/min)
2014-01-30 08:00:06+0000 [lsolum-legaltheory] INFO: Crawled 2505 pages (at 56 pages/min), scraped 2270 items (at 51 items/min)
2014-01-30 08:01:06+0000 [lsolum-legaltheory] INFO: Crawled 2564 pages (at 59 pages/min), scraped 2324 items (at 54 items/min)
2014-01-30 08:02:06+0000 [lsolum-legaltheory] INFO: Crawled 2614 pages (at 50 pages/min), scraped 2369 items (at 45 items/min)
2014-01-30 08:03:06+0000 [lsolum-legaltheory] INFO: Crawled 2665 pages (at 51 pages/min), scraped 2416 items (at 47 items/min)
2014-01-30 08:04:06+0000 [lsolum-legaltheory] INFO: Crawled 2720 pages (at 55 pages/min), scraped 2466 items (at 50 items/min)
2014-01-30 08:05:06+0000 [lsolum-legaltheory] INFO: Crawled 2777 pages (at 57 pages/min), scraped 2516 items (at 50 items/min)
2014-01-30 08:06:06+0000 [lsolum-legaltheory] INFO: Crawled 2835 pages (at 58 pages/min), scraped 2569 items (at 53 items/min)
2014-01-30 08:07:06+0000 [lsolum-legaltheory] INFO: Crawled 2892 pages (at 57 pages/min), scraped 2621 items (at 52 items/min)
2014-01-30 08:08:06+0000 [lsolum-legaltheory] INFO: Crawled 2948 pages (at 56 pages/min), scraped 2672 items (at 51 items/min)
2014-01-30 08:09:06+0000 [lsolum-legaltheory] INFO: Crawled 3005 pages (at 57 pages/min), scraped 2722 items (at 50 items/min)
2014-01-30 08:10:06+0000 [lsolum-legaltheory] INFO: Crawled 3064 pages (at 59 pages/min), scraped 2775 items (at 53 items/min)
2014-01-30 08:11:06+0000 [lsolum-legaltheory] INFO: Crawled 3121 pages (at 57 pages/min), scraped 2827 items (at 52 items/min)
2014-01-30 08:12:06+0000 [lsolum-legaltheory] INFO: Crawled 3179 pages (at 58 pages/min), scraped 2880 items (at 53 items/min)
2014-01-30 08:13:06+0000 [lsolum-legaltheory] INFO: Crawled 3235 pages (at 56 pages/min), scraped 2929 items (at 49 items/min)
2014-01-30 08:14:06+0000 [lsolum-legaltheory] INFO: Crawled 3292 pages (at 57 pages/min), scraped 2978 items (at 49 items/min)
2014-01-30 08:15:06+0000 [lsolum-legaltheory] INFO: Crawled 3350 pages (at 58 pages/min), scraped 3029 items (at 51 items/min)
2014-01-30 08:16:06+0000 [lsolum-legaltheory] INFO: Crawled 3408 pages (at 58 pages/min), scraped 3082 items (at 53 items/min)
2014-01-30 08:17:06+0000 [lsolum-legaltheory] INFO: Crawled 3468 pages (at 60 pages/min), scraped 3137 items (at 55 items/min)
2014-01-30 08:18:06+0000 [lsolum-legaltheory] INFO: Crawled 3527 pages (at 59 pages/min), scraped 3190 items (at 53 items/min)
2014-01-30 08:19:06+0000 [lsolum-legaltheory] INFO: Crawled 3585 pages (at 58 pages/min), scraped 3242 items (at 52 items/min)
2014-01-30 08:20:06+0000 [lsolum-legaltheory] INFO: Crawled 3641 pages (at 56 pages/min), scraped 3294 items (at 52 items/min)
2014-01-30 08:21:06+0000 [lsolum-legaltheory] INFO: Crawled 3700 pages (at 59 pages/min), scraped 3347 items (at 53 items/min)
2014-01-30 08:22:06+0000 [lsolum-legaltheory] INFO: Crawled 3751 pages (at 51 pages/min), scraped 3394 items (at 47 items/min)
2014-01-30 08:23:06+0000 [lsolum-legaltheory] INFO: Crawled 3806 pages (at 55 pages/min), scraped 3442 items (at 48 items/min)
2014-01-30 08:24:06+0000 [lsolum-legaltheory] INFO: Crawled 3847 pages (at 41 pages/min), scraped 3479 items (at 37 items/min)
2014-01-30 08:25:06+0000 [lsolum-legaltheory] INFO: Crawled 3887 pages (at 40 pages/min), scraped 3515 items (at 36 items/min)
2014-01-30 08:26:06+0000 [lsolum-legaltheory] INFO: Crawled 3923 pages (at 36 pages/min), scraped 3548 items (at 33 items/min)
2014-01-30 08:27:06+0000 [lsolum-legaltheory] INFO: Crawled 3980 pages (at 57 pages/min), scraped 3600 items (at 52 items/min)
2014-01-30 08:28:06+0000 [lsolum-legaltheory] INFO: Crawled 4040 pages (at 60 pages/min), scraped 3655 items (at 55 items/min)
2014-01-30 08:29:06+0000 [lsolum-legaltheory] INFO: Crawled 4062 pages (at 22 pages/min), scraped 3675 items (at 20 items/min)
2014-01-30 08:30:06+0000 [lsolum-legaltheory] INFO: Crawled 4095 pages (at 33 pages/min), scraped 3705 items (at 30 items/min)
2014-01-30 08:31:06+0000 [lsolum-legaltheory] INFO: Crawled 4152 pages (at 57 pages/min), scraped 3755 items (at 50 items/min)
2014-01-30 08:32:06+0000 [lsolum-legaltheory] INFO: Crawled 4210 pages (at 58 pages/min), scraped 3808 items (at 53 items/min)
2014-01-30 08:33:06+0000 [lsolum-legaltheory] INFO: Crawled 4267 pages (at 57 pages/min), scraped 3858 items (at 50 items/min)
2014-01-30 08:34:06+0000 [lsolum-legaltheory] INFO: Crawled 4325 pages (at 58 pages/min), scraped 3910 items (at 52 items/min)
2014-01-30 08:35:06+0000 [lsolum-legaltheory] INFO: Crawled 4383 pages (at 58 pages/min), scraped 3962 items (at 52 items/min)
2014-01-30 08:36:06+0000 [lsolum-legaltheory] INFO: Crawled 4442 pages (at 59 pages/min), scraped 4016 items (at 54 items/min)
2014-01-30 08:37:06+0000 [lsolum-legaltheory] INFO: Crawled 4500 pages (at 58 pages/min), scraped 4069 items (at 53 items/min)
2014-01-30 08:38:06+0000 [lsolum-legaltheory] INFO: Crawled 4555 pages (at 55 pages/min), scraped 4118 items (at 49 items/min)
2014-01-30 08:39:06+0000 [lsolum-legaltheory] INFO: Crawled 4613 pages (at 58 pages/min), scraped 4169 items (at 51 items/min)
2014-01-30 08:40:06+0000 [lsolum-legaltheory] INFO: Crawled 4669 pages (at 56 pages/min), scraped 4220 items (at 51 items/min)
2014-01-30 08:41:06+0000 [lsolum-legaltheory] INFO: Crawled 4724 pages (at 55 pages/min), scraped 4270 items (at 50 items/min)
2014-01-30 08:42:06+0000 [lsolum-legaltheory] INFO: Crawled 4778 pages (at 54 pages/min), scraped 4319 items (at 49 items/min)
2014-01-30 08:43:06+0000 [lsolum-legaltheory] INFO: Crawled 4834 pages (at 56 pages/min), scraped 4370 items (at 51 items/min)
2014-01-30 08:44:06+0000 [lsolum-legaltheory] INFO: Crawled 4891 pages (at 57 pages/min), scraped 4422 items (at 52 items/min)
2014-01-30 08:45:06+0000 [lsolum-legaltheory] INFO: Crawled 4948 pages (at 57 pages/min), scraped 4474 items (at 52 items/min)
2014-01-30 08:46:06+0000 [lsolum-legaltheory] INFO: Crawled 4966 pages (at 18 pages/min), scraped 4490 items (at 16 items/min)
2014-01-30 08:47:06+0000 [lsolum-legaltheory] INFO: Crawled 5021 pages (at 55 pages/min), scraped 4540 items (at 50 items/min)
2014-01-30 08:48:06+0000 [lsolum-legaltheory] INFO: Crawled 5078 pages (at 57 pages/min), scraped 4592 items (at 52 items/min)
2014-01-30 08:49:07+0000 [lsolum-legaltheory] INFO: Crawled 5116 pages (at 38 pages/min), scraped 4626 items (at 34 items/min)
2014-01-30 08:50:06+0000 [lsolum-legaltheory] INFO: Crawled 5151 pages (at 35 pages/min), scraped 4659 items (at 33 items/min)
2014-01-30 08:51:06+0000 [lsolum-legaltheory] INFO: Crawled 5209 pages (at 58 pages/min), scraped 4711 items (at 52 items/min)
2014-01-30 08:52:06+0000 [lsolum-legaltheory] INFO: Crawled 5267 pages (at 58 pages/min), scraped 4763 items (at 52 items/min)
2014-01-30 08:53:07+0000 [lsolum-legaltheory] INFO: Crawled 5300 pages (at 33 pages/min), scraped 4793 items (at 30 items/min)
2014-01-30 08:54:06+0000 [lsolum-legaltheory] INFO: Crawled 5341 pages (at 41 pages/min), scraped 4831 items (at 38 items/min)
2014-01-30 08:55:06+0000 [lsolum-legaltheory] INFO: Crawled 5398 pages (at 57 pages/min), scraped 4882 items (at 51 items/min)
2014-01-30 08:56:06+0000 [lsolum-legaltheory] INFO: Crawled 5456 pages (at 58 pages/min), scraped 4934 items (at 52 items/min)
2014-01-30 08:57:06+0000 [lsolum-legaltheory] INFO: Crawled 5513 pages (at 57 pages/min), scraped 4984 items (at 50 items/min)
2014-01-30 08:58:08+0000 [lsolum-legaltheory] INFO: Crawled 5541 pages (at 28 pages/min), scraped 5009 items (at 25 items/min)
2014-01-30 08:59:06+0000 [lsolum-legaltheory] INFO: Crawled 5584 pages (at 43 pages/min), scraped 5049 items (at 40 items/min)
2014-01-30 09:00:06+0000 [lsolum-legaltheory] INFO: Crawled 5639 pages (at 55 pages/min), scraped 5099 items (at 50 items/min)
2014-01-30 09:01:06+0000 [lsolum-legaltheory] INFO: Crawled 5695 pages (at 56 pages/min), scraped 5149 items (at 50 items/min)
2014-01-30 09:02:08+0000 [lsolum-legaltheory] INFO: Crawled 5744 pages (at 49 pages/min), scraped 5193 items (at 44 items/min)
2014-01-30 09:03:06+0000 [lsolum-legaltheory] INFO: Crawled 5762 pages (at 18 pages/min), scraped 5210 items (at 17 items/min)
2014-01-30 09:04:07+0000 [lsolum-legaltheory] INFO: Crawled 5789 pages (at 27 pages/min), scraped 5234 items (at 24 items/min)
2014-01-30 09:05:06+0000 [lsolum-legaltheory] INFO: Crawled 5831 pages (at 42 pages/min), scraped 5273 items (at 39 items/min)
2014-01-30 09:06:08+0000 [lsolum-legaltheory] INFO: Crawled 5848 pages (at 17 pages/min), scraped 5288 items (at 15 items/min)
2014-01-30 09:07:09+0000 [lsolum-legaltheory] INFO: Crawled 5890 pages (at 42 pages/min), scraped 5326 items (at 38 items/min)
2014-01-30 09:08:06+0000 [lsolum-legaltheory] INFO: Crawled 5908 pages (at 18 pages/min), scraped 5344 items (at 18 items/min)
2014-01-30 09:09:06+0000 [lsolum-legaltheory] INFO: Crawled 5963 pages (at 55 pages/min), scraped 5394 items (at 50 items/min)
2014-01-30 09:10:06+0000 [lsolum-legaltheory] INFO: Crawled 6022 pages (at 59 pages/min), scraped 5447 items (at 53 items/min)
2014-01-30 09:11:06+0000 [lsolum-legaltheory] INFO: Crawled 6078 pages (at 56 pages/min), scraped 5498 items (at 51 items/min)
2014-01-30 09:12:06+0000 [lsolum-legaltheory] INFO: Crawled 6135 pages (at 57 pages/min), scraped 5550 items (at 52 items/min)
2014-01-30 09:13:06+0000 [lsolum-legaltheory] INFO: Crawled 6193 pages (at 58 pages/min), scraped 5603 items (at 53 items/min)
2014-01-30 09:14:07+0000 [lsolum-legaltheory] INFO: Crawled 6212 pages (at 19 pages/min), scraped 5619 items (at 16 items/min)
2014-01-30 09:15:06+0000 [lsolum-legaltheory] INFO: Crawled 6258 pages (at 46 pages/min), scraped 5662 items (at 43 items/min)
2014-01-30 09:16:07+0000 [lsolum-legaltheory] INFO: Crawled 6310 pages (at 52 pages/min), scraped 5708 items (at 46 items/min)
2014-01-30 09:17:06+0000 [lsolum-legaltheory] INFO: Crawled 6325 pages (at 15 pages/min), scraped 5722 items (at 14 items/min)
2014-01-30 09:18:06+0000 [lsolum-legaltheory] INFO: Crawled 6379 pages (at 54 pages/min), scraped 5772 items (at 50 items/min)
2014-01-30 09:19:09+0000 [lsolum-legaltheory] INFO: Crawled 6421 pages (at 42 pages/min), scraped 5810 items (at 38 items/min)
2014-01-30 09:20:06+0000 [lsolum-legaltheory] INFO: Crawled 6440 pages (at 19 pages/min), scraped 5828 items (at 18 items/min)
2014-01-30 09:21:06+0000 [lsolum-legaltheory] INFO: Crawled 6496 pages (at 56 pages/min), scraped 5879 items (at 51 items/min)
2014-01-30 09:22:06+0000 [lsolum-legaltheory] INFO: Crawled 6550 pages (at 54 pages/min), scraped 5928 items (at 49 items/min)
2014-01-30 09:23:06+0000 [lsolum-legaltheory] INFO: Crawled 6605 pages (at 55 pages/min), scraped 5978 items (at 50 items/min)
2014-01-30 09:24:06+0000 [lsolum-legaltheory] INFO: Crawled 6661 pages (at 56 pages/min), scraped 6029 items (at 51 items/min)
2014-01-30 09:25:11+0000 [lsolum-legaltheory] INFO: Crawled 6692 pages (at 31 pages/min), scraped 6057 items (at 28 items/min)
2014-01-30 09:26:15+0000 [lsolum-legaltheory] INFO: Crawled 6694 pages (at 2 pages/min), scraped 6058 items (at 1 items/min)
2014-01-30 09:27:06+0000 [lsolum-legaltheory] INFO: Crawled 6741 pages (at 47 pages/min), scraped 6102 items (at 44 items/min)
2014-01-30 09:28:06+0000 [lsolum-legaltheory] INFO: Crawled 6796 pages (at 55 pages/min), scraped 6152 items (at 50 items/min)
2014-01-30 09:29:06+0000 [lsolum-legaltheory] INFO: Crawled 6854 pages (at 58 pages/min), scraped 6204 items (at 52 items/min)
2014-01-30 09:30:06+0000 [lsolum-legaltheory] INFO: Crawled 6909 pages (at 55 pages/min), scraped 6254 items (at 50 items/min)
2014-01-30 09:31:06+0000 [lsolum-legaltheory] INFO: Crawled 6962 pages (at 53 pages/min), scraped 6302 items (at 48 items/min)
2014-01-30 09:32:06+0000 [lsolum-legaltheory] INFO: Crawled 7016 pages (at 54 pages/min), scraped 6352 items (at 50 items/min)
2014-01-30 09:33:06+0000 [lsolum-legaltheory] INFO: Crawled 7071 pages (at 55 pages/min), scraped 6402 items (at 50 items/min)
2014-01-30 09:34:06+0000 [lsolum-legaltheory] INFO: Crawled 7126 pages (at 55 pages/min), scraped 6452 items (at 50 items/min)
2014-01-30 09:35:06+0000 [lsolum-legaltheory] INFO: Crawled 7180 pages (at 54 pages/min), scraped 6501 items (at 49 items/min)
2014-01-30 09:36:06+0000 [lsolum-legaltheory] INFO: Crawled 7235 pages (at 55 pages/min), scraped 6551 items (at 50 items/min)
2014-01-30 09:37:06+0000 [lsolum-legaltheory] INFO: Crawled 7290 pages (at 55 pages/min), scraped 6601 items (at 50 items/min)
2014-01-30 09:38:06+0000 [lsolum-legaltheory] INFO: Crawled 7344 pages (at 54 pages/min), scraped 6648 items (at 47 items/min)
2014-01-30 09:39:06+0000 [lsolum-legaltheory] INFO: Crawled 7399 pages (at 55 pages/min), scraped 6698 items (at 50 items/min)
2014-01-30 09:40:06+0000 [lsolum-legaltheory] INFO: Crawled 7451 pages (at 52 pages/min), scraped 6745 items (at 47 items/min)
2014-01-30 09:41:06+0000 [lsolum-legaltheory] INFO: Crawled 7505 pages (at 54 pages/min), scraped 6791 items (at 46 items/min)
2014-01-30 09:42:06+0000 [lsolum-legaltheory] INFO: Crawled 7557 pages (at 52 pages/min), scraped 6838 items (at 47 items/min)
2014-01-30 09:43:06+0000 [lsolum-legaltheory] INFO: Crawled 7610 pages (at 53 pages/min), scraped 6887 items (at 49 items/min)
2014-01-30 09:44:06+0000 [lsolum-legaltheory] INFO: Crawled 7665 pages (at 55 pages/min), scraped 6937 items (at 50 items/min)
2014-01-30 09:45:06+0000 [lsolum-legaltheory] INFO: Crawled 7720 pages (at 55 pages/min), scraped 6987 items (at 50 items/min)
2014-01-30 09:46:06+0000 [lsolum-legaltheory] INFO: Crawled 7774 pages (at 54 pages/min), scraped 7036 items (at 49 items/min)
2014-01-30 09:47:06+0000 [lsolum-legaltheory] INFO: Crawled 7827 pages (at 53 pages/min), scraped 7084 items (at 48 items/min)
2014-01-30 09:48:06+0000 [lsolum-legaltheory] INFO: Crawled 7880 pages (at 53 pages/min), scraped 7132 items (at 48 items/min)
2014-01-30 09:49:06+0000 [lsolum-legaltheory] INFO: Crawled 7934 pages (at 54 pages/min), scraped 7177 items (at 45 items/min)
2014-01-30 09:50:06+0000 [lsolum-legaltheory] INFO: Crawled 7988 pages (at 54 pages/min), scraped 7224 items (at 47 items/min)
2014-01-30 09:51:06+0000 [lsolum-legaltheory] INFO: Crawled 8042 pages (at 54 pages/min), scraped 7273 items (at 49 items/min)
2014-01-30 09:52:06+0000 [lsolum-legaltheory] INFO: Crawled 8095 pages (at 53 pages/min), scraped 7322 items (at 49 items/min)
2014-01-30 09:53:06+0000 [lsolum-legaltheory] INFO: Crawled 8147 pages (at 52 pages/min), scraped 7369 items (at 47 items/min)
2014-01-30 09:54:06+0000 [lsolum-legaltheory] INFO: Crawled 8194 pages (at 47 pages/min), scraped 7408 items (at 39 items/min)
2014-01-30 09:55:06+0000 [lsolum-legaltheory] INFO: Crawled 8242 pages (at 48 pages/min), scraped 7446 items (at 38 items/min)
2014-01-30 09:56:06+0000 [lsolum-legaltheory] INFO: Crawled 8293 pages (at 51 pages/min), scraped 7491 items (at 45 items/min)
