2014-01-30 10:01:18+0000 [scrapy] INFO: Enabled extensions: LogStats, TelnetConsole, CloseSpider, WebService, CoreStats, MemoryUsage, MemoryDebugger, SpiderState
2014-01-30 10:01:18+0000 [scrapy] INFO: Enabled downloader middlewares: HttpAuthMiddleware, DownloadTimeoutMiddleware, UserAgentMiddleware, RetryMiddleware, DefaultHeadersMiddleware, MetaRefreshMiddleware, HttpCompressionMiddleware, RedirectMiddleware, CookiesMiddleware, ChunkedTransferMiddleware, DownloaderStats
2014-01-30 10:01:18+0000 [scrapy] INFO: Enabled spider middlewares: HttpErrorMiddleware, OffsiteMiddleware, RefererMiddleware, UrlLengthMiddleware, DepthMiddleware
2014-01-30 10:01:18+0000 [scrapy] INFO: Enabled item pipelines: AllPipeline
2014-01-30 10:01:18+0000 [calgarylawyer] INFO: Spider opened
2014-01-30 10:01:18+0000 [calgarylawyer] INFO: Crawled 0 pages (at 0 pages/min), scraped 0 items (at 0 items/min)
2014-01-30 10:01:28+0000 [scrapy] INFO: Scraped 10 items
2014-01-30 10:02:10+0000 [calgarylawyer] INFO: Closing spider (finished)
2014-01-30 10:02:10+0000 [calgarylawyer] INFO: Dumping Scrapy stats:
	{'downloader/request_bytes': 21686,
	 'downloader/request_count': 57,
	 'downloader/request_method_count/GET': 57,
	 'downloader/response_bytes': 6591898,
	 'downloader/response_count': 57,
	 'downloader/response_status_count/200': 57,
	 'finish_reason': 'finished',
	 'finish_time': datetime.datetime(2014, 1, 30, 10, 2, 10, 93212),
	 'item_scraped_count': 25,
	 'memdebug/gc_garbage_count': 0,
	 'memdebug/live_refs/SpiderAll': 1,
	 'memusage/max': 44490752,
	 'memusage/startup': 44490752,
	 'request_depth_max': 6,
	 'response_received_count': 57,
	 'scheduler/dequeued': 57,
	 'scheduler/dequeued/disk': 57,
	 'scheduler/enqueued': 57,
	 'scheduler/enqueued/disk': 57,
	 'start_time': datetime.datetime(2014, 1, 30, 10, 1, 18, 719648)}
2014-01-30 10:02:10+0000 [calgarylawyer] INFO: Spider closed (finished)
