2014-01-30 10:41:24+0000 [scrapy] INFO: Enabled extensions: LogStats, TelnetConsole, CloseSpider, WebService, CoreStats, MemoryUsage, MemoryDebugger, SpiderState
2014-01-30 10:41:24+0000 [scrapy] INFO: Enabled downloader middlewares: HttpAuthMiddleware, DownloadTimeoutMiddleware, UserAgentMiddleware, RetryMiddleware, DefaultHeadersMiddleware, MetaRefreshMiddleware, HttpCompressionMiddleware, RedirectMiddleware, CookiesMiddleware, ChunkedTransferMiddleware, DownloaderStats
2014-01-30 10:41:24+0000 [scrapy] INFO: Enabled spider middlewares: HttpErrorMiddleware, OffsiteMiddleware, RefererMiddleware, UrlLengthMiddleware, DepthMiddleware
2014-01-30 10:41:24+0000 [scrapy] INFO: Enabled item pipelines: AllPipeline
2014-01-30 10:41:24+0000 [kluwerarbitrationblog] INFO: Spider opened
2014-01-30 10:41:24+0000 [kluwerarbitrationblog] INFO: Crawled 0 pages (at 0 pages/min), scraped 0 items (at 0 items/min)
2014-01-30 10:41:35+0000 [scrapy] INFO: Scraped 10 items
2014-01-30 10:42:24+0000 [kluwerarbitrationblog] INFO: Crawled 59 pages (at 59 pages/min), scraped 50 items (at 50 items/min)
2014-01-30 10:43:24+0000 [kluwerarbitrationblog] INFO: Crawled 117 pages (at 58 pages/min), scraped 100 items (at 50 items/min)
2014-01-30 10:44:25+0000 [kluwerarbitrationblog] INFO: Crawled 127 pages (at 10 pages/min), scraped 109 items (at 9 items/min)
2014-01-30 10:45:24+0000 [kluwerarbitrationblog] INFO: Crawled 156 pages (at 29 pages/min), scraped 135 items (at 26 items/min)
2014-01-30 10:46:26+0000 [kluwerarbitrationblog] INFO: Crawled 166 pages (at 10 pages/min), scraped 143 items (at 8 items/min)
2014-01-30 10:47:27+0000 [kluwerarbitrationblog] INFO: Crawled 204 pages (at 38 pages/min), scraped 179 items (at 36 items/min)
2014-01-30 10:48:25+0000 [kluwerarbitrationblog] INFO: Crawled 210 pages (at 6 pages/min), scraped 184 items (at 5 items/min)
2014-01-30 10:49:24+0000 [kluwerarbitrationblog] INFO: Crawled 241 pages (at 31 pages/min), scraped 210 items (at 26 items/min)
2014-01-30 10:50:27+0000 [kluwerarbitrationblog] INFO: Crawled 255 pages (at 14 pages/min), scraped 222 items (at 12 items/min)
2014-01-30 10:51:24+0000 [kluwerarbitrationblog] INFO: Crawled 267 pages (at 12 pages/min), scraped 232 items (at 10 items/min)
2014-01-30 10:52:26+0000 [kluwerarbitrationblog] INFO: Crawled 298 pages (at 31 pages/min), scraped 260 items (at 28 items/min)
2014-01-30 10:53:25+0000 [kluwerarbitrationblog] INFO: Crawled 306 pages (at 8 pages/min), scraped 267 items (at 7 items/min)
2014-01-30 10:54:24+0000 [kluwerarbitrationblog] INFO: Crawled 341 pages (at 35 pages/min), scraped 295 items (at 28 items/min)
2014-01-30 10:55:24+0000 [kluwerarbitrationblog] INFO: Crawled 372 pages (at 31 pages/min), scraped 322 items (at 27 items/min)
2014-01-30 10:56:25+0000 [kluwerarbitrationblog] INFO: Crawled 382 pages (at 10 pages/min), scraped 330 items (at 8 items/min)
2014-01-30 10:57:24+0000 [kluwerarbitrationblog] INFO: Crawled 420 pages (at 38 pages/min), scraped 363 items (at 33 items/min)
2014-01-30 10:58:24+0000 [kluwerarbitrationblog] INFO: Crawled 466 pages (at 46 pages/min), scraped 404 items (at 41 items/min)
2014-01-30 10:59:24+0000 [kluwerarbitrationblog] INFO: Crawled 509 pages (at 43 pages/min), scraped 443 items (at 39 items/min)
2014-01-30 11:00:24+0000 [kluwerarbitrationblog] INFO: Crawled 553 pages (at 44 pages/min), scraped 482 items (at 39 items/min)
2014-01-30 11:01:24+0000 [kluwerarbitrationblog] INFO: Crawled 601 pages (at 48 pages/min), scraped 525 items (at 43 items/min)
2014-01-30 11:02:24+0000 [kluwerarbitrationblog] INFO: Crawled 652 pages (at 51 pages/min), scraped 571 items (at 46 items/min)
2014-01-30 11:03:24+0000 [kluwerarbitrationblog] INFO: Crawled 703 pages (at 51 pages/min), scraped 618 items (at 47 items/min)
2014-01-30 11:04:24+0000 [kluwerarbitrationblog] INFO: Crawled 755 pages (at 52 pages/min), scraped 663 items (at 45 items/min)
2014-01-30 11:05:24+0000 [kluwerarbitrationblog] INFO: Crawled 805 pages (at 50 pages/min), scraped 696 items (at 33 items/min)
2014-01-30 11:06:24+0000 [kluwerarbitrationblog] INFO: Crawled 853 pages (at 48 pages/min), scraped 727 items (at 31 items/min)
2014-01-30 11:07:24+0000 [kluwerarbitrationblog] INFO: Crawled 900 pages (at 47 pages/min), scraped 768 items (at 41 items/min)
2014-01-30 11:08:24+0000 [kluwerarbitrationblog] INFO: Crawled 946 pages (at 46 pages/min), scraped 808 items (at 40 items/min)
2014-01-30 11:09:10+0000 [kluwerarbitrationblog] INFO: Closing spider (finished)
2014-01-30 11:09:10+0000 [kluwerarbitrationblog] INFO: Dumping Scrapy stats:
	{'downloader/request_bytes': 395299,
	 'downloader/request_count': 982,
	 'downloader/request_method_count/GET': 982,
	 'downloader/response_bytes': 173544398,
	 'downloader/response_count': 982,
	 'downloader/response_status_count/200': 954,
	 'downloader/response_status_count/301': 2,
	 'downloader/response_status_count/404': 26,
	 'finish_reason': 'finished',
	 'finish_time': datetime.datetime(2014, 1, 30, 11, 9, 10, 622398),
	 'item_scraped_count': 820,
	 'memdebug/gc_garbage_count': 0,
	 'memdebug/live_refs/SpiderAll': 1,
	 'memusage/max': 129859584,
	 'memusage/startup': 44523520,
	 'request_depth_max': 135,
	 'response_received_count': 980,
	 'scheduler/dequeued': 982,
	 'scheduler/dequeued/disk': 982,
	 'scheduler/enqueued': 982,
	 'scheduler/enqueued/disk': 982,
	 'start_time': datetime.datetime(2014, 1, 30, 10, 41, 24, 656964)}
2014-01-30 11:09:10+0000 [kluwerarbitrationblog] INFO: Spider closed (finished)
