2014-01-30 10:43:18+0000 [scrapy] INFO: Enabled extensions: LogStats, TelnetConsole, CloseSpider, WebService, CoreStats, MemoryUsage, MemoryDebugger, SpiderState
2014-01-30 10:43:18+0000 [scrapy] INFO: Enabled downloader middlewares: HttpAuthMiddleware, DownloadTimeoutMiddleware, UserAgentMiddleware, RetryMiddleware, DefaultHeadersMiddleware, MetaRefreshMiddleware, HttpCompressionMiddleware, RedirectMiddleware, CookiesMiddleware, ChunkedTransferMiddleware, DownloaderStats
2014-01-30 10:43:18+0000 [scrapy] INFO: Enabled spider middlewares: HttpErrorMiddleware, OffsiteMiddleware, RefererMiddleware, UrlLengthMiddleware, DepthMiddleware
2014-01-30 10:43:18+0000 [scrapy] INFO: Enabled item pipelines: AllPipeline
2014-01-30 10:43:18+0000 [katgallow] INFO: Spider opened
2014-01-30 10:43:18+0000 [katgallow] INFO: Crawled 0 pages (at 0 pages/min), scraped 0 items (at 0 items/min)
2014-01-30 10:43:37+0000 [scrapy] INFO: Scraped 10 items
2014-01-30 10:44:19+0000 [katgallow] INFO: Crawled 18 pages (at 18 pages/min), scraped 13 items (at 13 items/min)
2014-01-30 10:45:19+0000 [katgallow] INFO: Crawled 51 pages (at 33 pages/min), scraped 17 items (at 4 items/min)
2014-01-30 10:46:20+0000 [katgallow] INFO: Crawled 63 pages (at 12 pages/min), scraped 17 items (at 0 items/min)
2014-01-30 10:47:18+0000 [katgallow] INFO: Crawled 107 pages (at 44 pages/min), scraped 18 items (at 1 items/min)
2014-01-30 10:48:19+0000 [katgallow] INFO: Crawled 116 pages (at 9 pages/min), scraped 20 items (at 2 items/min)
2014-01-30 10:49:18+0000 [katgallow] INFO: Crawled 153 pages (at 37 pages/min), scraped 32 items (at 12 items/min)
2014-01-30 10:50:21+0000 [katgallow] INFO: Crawled 182 pages (at 29 pages/min), scraped 39 items (at 7 items/min)
2014-01-30 10:51:19+0000 [katgallow] INFO: Crawled 195 pages (at 13 pages/min), scraped 44 items (at 5 items/min)
2014-01-30 10:52:19+0000 [katgallow] INFO: Crawled 247 pages (at 52 pages/min), scraped 63 items (at 19 items/min)
2014-01-30 10:53:19+0000 [katgallow] INFO: Crawled 259 pages (at 12 pages/min), scraped 63 items (at 0 items/min)
2014-01-30 10:54:18+0000 [katgallow] INFO: Crawled 303 pages (at 44 pages/min), scraped 66 items (at 3 items/min)
2014-01-30 10:55:20+0000 [katgallow] INFO: Crawled 351 pages (at 48 pages/min), scraped 75 items (at 9 items/min)
2014-01-30 10:56:20+0000 [katgallow] INFO: Crawled 367 pages (at 16 pages/min), scraped 75 items (at 0 items/min)
2014-01-30 10:56:44+0000 [katgallow] INFO: Closing spider (finished)
2014-01-30 10:56:44+0000 [katgallow] INFO: Dumping Scrapy stats:
	{'downloader/request_bytes': 166052,
	 'downloader/request_count': 384,
	 'downloader/request_method_count/GET': 384,
	 'downloader/response_bytes': 68996475,
	 'downloader/response_count': 384,
	 'downloader/response_status_count/200': 384,
	 'finish_reason': 'finished',
	 'finish_time': datetime.datetime(2014, 1, 30, 10, 56, 44, 143225),
	 'item_scraped_count': 75,
	 'memdebug/gc_garbage_count': 0,
	 'memdebug/live_refs/SpiderAll': 1,
	 'memusage/max': 56815616,
	 'memusage/startup': 44482560,
	 'request_depth_max': 12,
	 'response_received_count': 384,
	 'scheduler/dequeued': 384,
	 'scheduler/dequeued/disk': 384,
	 'scheduler/enqueued': 384,
	 'scheduler/enqueued/disk': 384,
	 'start_time': datetime.datetime(2014, 1, 30, 10, 43, 18, 949166)}
2014-01-30 10:56:44+0000 [katgallow] INFO: Spider closed (finished)
