2014-01-30 11:23:26+0000 [scrapy] INFO: Enabled extensions: LogStats, TelnetConsole, CloseSpider, WebService, CoreStats, MemoryUsage, MemoryDebugger, SpiderState
2014-01-30 11:23:26+0000 [scrapy] INFO: Enabled downloader middlewares: HttpAuthMiddleware, DownloadTimeoutMiddleware, UserAgentMiddleware, RetryMiddleware, DefaultHeadersMiddleware, MetaRefreshMiddleware, HttpCompressionMiddleware, RedirectMiddleware, CookiesMiddleware, ChunkedTransferMiddleware, DownloaderStats
2014-01-30 11:23:26+0000 [scrapy] INFO: Enabled spider middlewares: HttpErrorMiddleware, OffsiteMiddleware, RefererMiddleware, UrlLengthMiddleware, DepthMiddleware
2014-01-30 11:23:26+0000 [scrapy] INFO: Enabled item pipelines: AllPipeline
2014-01-30 11:23:26+0000 [canadianprivacylawyer] INFO: Spider opened
2014-01-30 11:23:26+0000 [canadianprivacylawyer] INFO: Crawled 0 pages (at 0 pages/min), scraped 0 items (at 0 items/min)
2014-01-30 11:23:35+0000 [scrapy] INFO: Scraped 10 items
2014-01-30 11:24:31+0000 [canadianprivacylawyer] INFO: Crawled 37 pages (at 37 pages/min), scraped 37 items (at 37 items/min)
2014-01-30 11:25:29+0000 [canadianprivacylawyer] INFO: Crawled 44 pages (at 7 pages/min), scraped 44 items (at 7 items/min)
2014-01-30 11:26:27+0000 [canadianprivacylawyer] INFO: Crawled 65 pages (at 21 pages/min), scraped 65 items (at 21 items/min)
2014-01-30 11:27:26+0000 [canadianprivacylawyer] INFO: Crawled 84 pages (at 19 pages/min), scraped 84 items (at 19 items/min)
2014-01-30 11:28:28+0000 [canadianprivacylawyer] INFO: Crawled 103 pages (at 19 pages/min), scraped 103 items (at 19 items/min)
2014-01-30 11:29:28+0000 [canadianprivacylawyer] INFO: Crawled 110 pages (at 7 pages/min), scraped 110 items (at 7 items/min)
2014-01-30 11:30:27+0000 [canadianprivacylawyer] INFO: Crawled 133 pages (at 23 pages/min), scraped 132 items (at 22 items/min)
2014-01-30 11:31:30+0000 [canadianprivacylawyer] INFO: Crawled 140 pages (at 7 pages/min), scraped 140 items (at 8 items/min)
2014-01-30 11:32:28+0000 [canadianprivacylawyer] INFO: Crawled 162 pages (at 22 pages/min), scraped 162 items (at 22 items/min)
2014-01-30 11:33:27+0000 [canadianprivacylawyer] INFO: Crawled 169 pages (at 7 pages/min), scraped 169 items (at 7 items/min)
2014-01-30 11:34:28+0000 [canadianprivacylawyer] INFO: Crawled 193 pages (at 24 pages/min), scraped 192 items (at 23 items/min)
2014-01-30 11:35:28+0000 [canadianprivacylawyer] INFO: Crawled 200 pages (at 7 pages/min), scraped 200 items (at 8 items/min)
2014-01-30 11:36:27+0000 [canadianprivacylawyer] INFO: Crawled 223 pages (at 23 pages/min), scraped 222 items (at 22 items/min)
2014-01-30 11:37:28+0000 [canadianprivacylawyer] INFO: Crawled 231 pages (at 8 pages/min), scraped 231 items (at 9 items/min)
2014-01-30 11:38:27+0000 [canadianprivacylawyer] INFO: Crawled 251 pages (at 20 pages/min), scraped 251 items (at 20 items/min)
2014-01-30 11:39:30+0000 [canadianprivacylawyer] INFO: Crawled 258 pages (at 7 pages/min), scraped 258 items (at 7 items/min)
2014-01-30 11:40:29+0000 [canadianprivacylawyer] INFO: Crawled 279 pages (at 21 pages/min), scraped 279 items (at 21 items/min)
2014-01-30 11:41:28+0000 [canadianprivacylawyer] INFO: Crawled 287 pages (at 8 pages/min), scraped 287 items (at 8 items/min)
2014-01-30 11:42:27+0000 [canadianprivacylawyer] INFO: Crawled 308 pages (at 21 pages/min), scraped 307 items (at 20 items/min)
2014-01-30 11:43:27+0000 [canadianprivacylawyer] INFO: Crawled 315 pages (at 7 pages/min), scraped 314 items (at 7 items/min)
2014-01-30 11:44:26+0000 [canadianprivacylawyer] INFO: Crawled 327 pages (at 12 pages/min), scraped 326 items (at 12 items/min)
2014-01-30 11:45:27+0000 [canadianprivacylawyer] INFO: Crawled 343 pages (at 16 pages/min), scraped 342 items (at 16 items/min)
2014-01-30 11:46:27+0000 [canadianprivacylawyer] INFO: Crawled 350 pages (at 7 pages/min), scraped 349 items (at 7 items/min)
2014-01-30 11:47:27+0000 [canadianprivacylawyer] INFO: Crawled 370 pages (at 20 pages/min), scraped 368 items (at 19 items/min)
2014-01-30 11:48:32+0000 [canadianprivacylawyer] INFO: Crawled 376 pages (at 6 pages/min), scraped 375 items (at 7 items/min)
2014-01-30 11:49:28+0000 [canadianprivacylawyer] INFO: Crawled 396 pages (at 20 pages/min), scraped 394 items (at 19 items/min)
2014-01-30 11:50:28+0000 [canadianprivacylawyer] INFO: Crawled 403 pages (at 7 pages/min), scraped 401 items (at 7 items/min)
2014-01-30 11:51:28+0000 [canadianprivacylawyer] INFO: Crawled 422 pages (at 19 pages/min), scraped 421 items (at 20 items/min)
2014-01-30 11:52:31+0000 [canadianprivacylawyer] INFO: Crawled 429 pages (at 7 pages/min), scraped 428 items (at 7 items/min)
2014-01-30 11:53:31+0000 [canadianprivacylawyer] INFO: Crawled 458 pages (at 29 pages/min), scraped 457 items (at 29 items/min)
2014-01-30 11:54:29+0000 [canadianprivacylawyer] INFO: Crawled 464 pages (at 6 pages/min), scraped 463 items (at 6 items/min)
2014-01-30 11:55:28+0000 [canadianprivacylawyer] INFO: Crawled 471 pages (at 7 pages/min), scraped 470 items (at 7 items/min)
2014-01-30 11:56:29+0000 [canadianprivacylawyer] INFO: Crawled 489 pages (at 18 pages/min), scraped 487 items (at 17 items/min)
2014-01-30 11:57:30+0000 [canadianprivacylawyer] INFO: Crawled 495 pages (at 6 pages/min), scraped 494 items (at 7 items/min)
2014-01-30 11:58:27+0000 [canadianprivacylawyer] INFO: Crawled 515 pages (at 20 pages/min), scraped 513 items (at 19 items/min)
2014-01-30 11:59:28+0000 [canadianprivacylawyer] INFO: Crawled 523 pages (at 8 pages/min), scraped 520 items (at 7 items/min)
2014-01-30 12:00:26+0000 [canadianprivacylawyer] INFO: Crawled 535 pages (at 12 pages/min), scraped 533 items (at 13 items/min)
2014-01-30 12:01:30+0000 [canadianprivacylawyer] INFO: Crawled 548 pages (at 13 pages/min), scraped 546 items (at 13 items/min)
2014-01-30 12:02:28+0000 [canadianprivacylawyer] INFO: Crawled 555 pages (at 7 pages/min), scraped 553 items (at 7 items/min)
2014-01-30 12:03:31+0000 [canadianprivacylawyer] INFO: Crawled 572 pages (at 17 pages/min), scraped 570 items (at 17 items/min)
2014-01-30 12:04:30+0000 [canadianprivacylawyer] INFO: Crawled 578 pages (at 6 pages/min), scraped 576 items (at 6 items/min)
2014-01-30 12:05:27+0000 [canadianprivacylawyer] INFO: Crawled 591 pages (at 13 pages/min), scraped 589 items (at 13 items/min)
2014-01-30 12:06:30+0000 [canadianprivacylawyer] INFO: Crawled 600 pages (at 9 pages/min), scraped 598 items (at 9 items/min)
2014-01-30 12:07:27+0000 [canadianprivacylawyer] INFO: Crawled 607 pages (at 7 pages/min), scraped 604 items (at 6 items/min)
2014-01-30 12:08:30+0000 [canadianprivacylawyer] INFO: Crawled 623 pages (at 16 pages/min), scraped 621 items (at 17 items/min)
2014-01-30 12:09:30+0000 [canadianprivacylawyer] INFO: Crawled 630 pages (at 7 pages/min), scraped 627 items (at 6 items/min)
2014-01-30 12:10:27+0000 [canadianprivacylawyer] INFO: Crawled 647 pages (at 17 pages/min), scraped 645 items (at 18 items/min)
2014-01-30 12:11:29+0000 [canadianprivacylawyer] INFO: Crawled 654 pages (at 7 pages/min), scraped 652 items (at 7 items/min)
2014-01-30 12:12:28+0000 [canadianprivacylawyer] INFO: Crawled 660 pages (at 6 pages/min), scraped 658 items (at 6 items/min)
2014-01-30 12:13:29+0000 [canadianprivacylawyer] INFO: Crawled 676 pages (at 16 pages/min), scraped 674 items (at 16 items/min)
2014-01-30 12:14:29+0000 [canadianprivacylawyer] INFO: Crawled 682 pages (at 6 pages/min), scraped 680 items (at 6 items/min)
2014-01-30 12:15:27+0000 [canadianprivacylawyer] INFO: Crawled 698 pages (at 16 pages/min), scraped 695 items (at 15 items/min)
2014-01-30 12:16:28+0000 [canadianprivacylawyer] INFO: Crawled 704 pages (at 6 pages/min), scraped 702 items (at 7 items/min)
2014-01-30 12:17:28+0000 [canadianprivacylawyer] INFO: Crawled 711 pages (at 7 pages/min), scraped 708 items (at 6 items/min)
2014-01-30 12:18:26+0000 [canadianprivacylawyer] INFO: Crawled 726 pages (at 15 pages/min), scraped 723 items (at 15 items/min)
2014-01-30 12:19:26+0000 [canadianprivacylawyer] INFO: Crawled 732 pages (at 6 pages/min), scraped 729 items (at 6 items/min)
2014-01-30 12:20:29+0000 [canadianprivacylawyer] INFO: Crawled 746 pages (at 14 pages/min), scraped 744 items (at 15 items/min)
2014-01-30 12:21:28+0000 [canadianprivacylawyer] INFO: Crawled 752 pages (at 6 pages/min), scraped 750 items (at 6 items/min)
2014-01-30 12:22:27+0000 [canadianprivacylawyer] INFO: Crawled 759 pages (at 7 pages/min), scraped 756 items (at 6 items/min)
2014-01-30 12:23:30+0000 [canadianprivacylawyer] INFO: Crawled 782 pages (at 23 pages/min), scraped 780 items (at 24 items/min)
2014-01-30 12:24:28+0000 [canadianprivacylawyer] INFO: Crawled 788 pages (at 6 pages/min), scraped 786 items (at 6 items/min)
2014-01-30 12:25:26+0000 [canadianprivacylawyer] INFO: Crawled 796 pages (at 8 pages/min), scraped 794 items (at 8 items/min)
2014-01-30 12:26:29+0000 [canadianprivacylawyer] INFO: Crawled 843 pages (at 47 pages/min), scraped 841 items (at 47 items/min)
2014-01-30 12:27:27+0000 [canadianprivacylawyer] INFO: Crawled 855 pages (at 12 pages/min), scraped 853 items (at 12 items/min)
2014-01-30 12:28:26+0000 [canadianprivacylawyer] INFO: Crawled 868 pages (at 13 pages/min), scraped 865 items (at 12 items/min)
2014-01-30 12:29:27+0000 [canadianprivacylawyer] INFO: Crawled 916 pages (at 48 pages/min), scraped 913 items (at 48 items/min)
2014-01-30 12:30:27+0000 [canadianprivacylawyer] INFO: Crawled 929 pages (at 13 pages/min), scraped 926 items (at 13 items/min)
2014-01-30 12:31:29+0000 [canadianprivacylawyer] INFO: Crawled 941 pages (at 12 pages/min), scraped 939 items (at 13 items/min)
2014-01-30 12:32:26+0000 [canadianprivacylawyer] INFO: Crawled 985 pages (at 44 pages/min), scraped 982 items (at 43 items/min)
2014-01-30 12:33:27+0000 [canadianprivacylawyer] INFO: Crawled 1005 pages (at 20 pages/min), scraped 1002 items (at 20 items/min)
2014-01-30 12:34:27+0000 [canadianprivacylawyer] INFO: Crawled 1018 pages (at 13 pages/min), scraped 1015 items (at 13 items/min)
2014-01-30 12:35:26+0000 [canadianprivacylawyer] INFO: Crawled 1055 pages (at 37 pages/min), scraped 1052 items (at 37 items/min)
2014-01-30 12:36:27+0000 [canadianprivacylawyer] INFO: Crawled 1097 pages (at 42 pages/min), scraped 1092 items (at 40 items/min)
2014-01-30 12:37:29+0000 [canadianprivacylawyer] INFO: Crawled 1110 pages (at 13 pages/min), scraped 1106 items (at 14 items/min)
2014-01-30 12:38:27+0000 [canadianprivacylawyer] INFO: Crawled 1124 pages (at 14 pages/min), scraped 1119 items (at 13 items/min)
2014-01-30 12:39:26+0000 [canadianprivacylawyer] INFO: Crawled 1179 pages (at 55 pages/min), scraped 1175 items (at 56 items/min)
2014-01-30 12:40:28+0000 [canadianprivacylawyer] INFO: Crawled 1196 pages (at 17 pages/min), scraped 1192 items (at 17 items/min)
2014-01-30 12:41:28+0000 [canadianprivacylawyer] INFO: Crawled 1207 pages (at 11 pages/min), scraped 1203 items (at 11 items/min)
2014-01-30 12:42:26+0000 [canadianprivacylawyer] INFO: Crawled 1235 pages (at 28 pages/min), scraped 1231 items (at 28 items/min)
2014-01-30 12:43:29+0000 [canadianprivacylawyer] INFO: Crawled 1253 pages (at 18 pages/min), scraped 1248 items (at 17 items/min)
2014-01-30 12:44:30+0000 [canadianprivacylawyer] INFO: Crawled 1264 pages (at 11 pages/min), scraped 1259 items (at 11 items/min)
2014-01-30 12:45:26+0000 [canadianprivacylawyer] INFO: Crawled 1277 pages (at 13 pages/min), scraped 1273 items (at 14 items/min)
2014-01-30 12:46:27+0000 [canadianprivacylawyer] INFO: Crawled 1329 pages (at 52 pages/min), scraped 1324 items (at 51 items/min)
2014-01-30 12:47:29+0000 [canadianprivacylawyer] INFO: Crawled 1339 pages (at 10 pages/min), scraped 1334 items (at 10 items/min)
2014-01-30 12:48:28+0000 [canadianprivacylawyer] INFO: Crawled 1349 pages (at 10 pages/min), scraped 1344 items (at 10 items/min)
2014-01-30 12:49:26+0000 [canadianprivacylawyer] INFO: Crawled 1393 pages (at 44 pages/min), scraped 1389 items (at 45 items/min)
2014-01-30 12:50:29+0000 [canadianprivacylawyer] INFO: Crawled 1415 pages (at 22 pages/min), scraped 1411 items (at 22 items/min)
2014-01-30 12:51:28+0000 [canadianprivacylawyer] INFO: Crawled 1424 pages (at 9 pages/min), scraped 1420 items (at 9 items/min)
2014-01-30 12:52:26+0000 [canadianprivacylawyer] INFO: Crawled 1438 pages (at 14 pages/min), scraped 1434 items (at 14 items/min)
2014-01-30 12:53:29+0000 [canadianprivacylawyer] INFO: Crawled 1465 pages (at 27 pages/min), scraped 1461 items (at 27 items/min)
2014-01-30 12:54:27+0000 [canadianprivacylawyer] INFO: Crawled 1475 pages (at 10 pages/min), scraped 1470 items (at 9 items/min)
2014-01-30 12:55:27+0000 [canadianprivacylawyer] INFO: Crawled 1485 pages (at 10 pages/min), scraped 1481 items (at 11 items/min)
2014-01-30 12:56:27+0000 [canadianprivacylawyer] INFO: Crawled 1514 pages (at 29 pages/min), scraped 1510 items (at 29 items/min)
2014-01-30 12:57:32+0000 [canadianprivacylawyer] INFO: Crawled 1522 pages (at 8 pages/min), scraped 1518 items (at 8 items/min)
2014-01-30 12:58:27+0000 [canadianprivacylawyer] INFO: Crawled 1530 pages (at 8 pages/min), scraped 1526 items (at 8 items/min)
2014-01-30 12:59:27+0000 [canadianprivacylawyer] INFO: Crawled 1562 pages (at 32 pages/min), scraped 1557 items (at 31 items/min)
2014-01-30 13:00:30+0000 [canadianprivacylawyer] INFO: Crawled 1574 pages (at 12 pages/min), scraped 1570 items (at 13 items/min)
2014-01-30 13:01:29+0000 [canadianprivacylawyer] INFO: Crawled 1586 pages (at 12 pages/min), scraped 1581 items (at 11 items/min)
2014-01-30 13:02:29+0000 [canadianprivacylawyer] INFO: Crawled 1617 pages (at 31 pages/min), scraped 1613 items (at 32 items/min)
2014-01-30 13:03:29+0000 [canadianprivacylawyer] INFO: Crawled 1628 pages (at 11 pages/min), scraped 1624 items (at 11 items/min)
2014-01-30 13:04:30+0000 [canadianprivacylawyer] INFO: Crawled 1640 pages (at 12 pages/min), scraped 1636 items (at 12 items/min)
2014-01-30 13:05:26+0000 [canadianprivacylawyer] INFO: Crawled 1671 pages (at 31 pages/min), scraped 1666 items (at 30 items/min)
2014-01-30 13:06:29+0000 [canadianprivacylawyer] INFO: Crawled 1684 pages (at 13 pages/min), scraped 1679 items (at 13 items/min)
2014-01-30 13:07:28+0000 [canadianprivacylawyer] INFO: Crawled 1696 pages (at 12 pages/min), scraped 1690 items (at 11 items/min)
2014-01-30 13:08:26+0000 [canadianprivacylawyer] INFO: Crawled 1718 pages (at 22 pages/min), scraped 1713 items (at 23 items/min)
2014-01-30 13:09:26+0000 [canadianprivacylawyer] INFO: Crawled 1737 pages (at 19 pages/min), scraped 1732 items (at 19 items/min)
2014-01-30 13:10:28+0000 [canadianprivacylawyer] INFO: Crawled 1749 pages (at 12 pages/min), scraped 1744 items (at 12 items/min)
2014-01-30 13:11:28+0000 [canadianprivacylawyer] INFO: Crawled 1761 pages (at 12 pages/min), scraped 1756 items (at 12 items/min)
2014-01-30 13:12:28+0000 [canadianprivacylawyer] INFO: Crawled 1803 pages (at 42 pages/min), scraped 1798 items (at 42 items/min)
2014-01-30 13:13:28+0000 [canadianprivacylawyer] INFO: Crawled 1816 pages (at 13 pages/min), scraped 1811 items (at 13 items/min)
2014-01-30 13:14:29+0000 [canadianprivacylawyer] INFO: Crawled 1828 pages (at 12 pages/min), scraped 1823 items (at 12 items/min)
2014-01-30 13:15:26+0000 [canadianprivacylawyer] INFO: Crawled 1861 pages (at 33 pages/min), scraped 1856 items (at 33 items/min)
2014-01-30 13:16:27+0000 [canadianprivacylawyer] INFO: Crawled 1881 pages (at 20 pages/min), scraped 1875 items (at 19 items/min)
2014-01-30 13:17:27+0000 [canadianprivacylawyer] INFO: Crawled 1893 pages (at 12 pages/min), scraped 1887 items (at 12 items/min)
2014-01-30 13:18:28+0000 [canadianprivacylawyer] INFO: Crawled 1905 pages (at 12 pages/min), scraped 1899 items (at 12 items/min)
2014-01-30 13:19:28+0000 [canadianprivacylawyer] INFO: Crawled 1946 pages (at 41 pages/min), scraped 1941 items (at 42 items/min)
2014-01-30 13:20:27+0000 [canadianprivacylawyer] INFO: Crawled 1957 pages (at 11 pages/min), scraped 1952 items (at 11 items/min)
2014-01-30 13:21:27+0000 [canadianprivacylawyer] INFO: Crawled 1968 pages (at 11 pages/min), scraped 1963 items (at 11 items/min)
2014-01-30 13:22:26+0000 [canadianprivacylawyer] INFO: Crawled 2002 pages (at 34 pages/min), scraped 1997 items (at 34 items/min)
2014-01-30 13:23:27+0000 [canadianprivacylawyer] INFO: Crawled 2016 pages (at 14 pages/min), scraped 2011 items (at 14 items/min)
2014-01-30 13:24:27+0000 [canadianprivacylawyer] INFO: Crawled 2028 pages (at 12 pages/min), scraped 2022 items (at 11 items/min)
2014-01-30 13:25:30+0000 [canadianprivacylawyer] INFO: Crawled 2039 pages (at 11 pages/min), scraped 2034 items (at 12 items/min)
2014-01-30 13:26:29+0000 [canadianprivacylawyer] INFO: Crawled 2077 pages (at 38 pages/min), scraped 2072 items (at 38 items/min)
2014-01-30 13:27:26+0000 [canadianprivacylawyer] INFO: Crawled 2085 pages (at 8 pages/min), scraped 2079 items (at 7 items/min)
2014-01-30 13:28:28+0000 [canadianprivacylawyer] INFO: Crawled 2095 pages (at 10 pages/min), scraped 2089 items (at 10 items/min)
2014-01-30 13:29:26+0000 [canadianprivacylawyer] INFO: Crawled 2122 pages (at 27 pages/min), scraped 2117 items (at 28 items/min)
2014-01-30 13:30:32+0000 [canadianprivacylawyer] INFO: Crawled 2132 pages (at 10 pages/min), scraped 2127 items (at 10 items/min)
2014-01-30 13:31:30+0000 [canadianprivacylawyer] INFO: Crawled 2141 pages (at 9 pages/min), scraped 2135 items (at 8 items/min)
2014-01-30 13:32:29+0000 [canadianprivacylawyer] INFO: Crawled 2148 pages (at 7 pages/min), scraped 2143 items (at 8 items/min)
2014-01-30 13:33:29+0000 [canadianprivacylawyer] INFO: Crawled 2173 pages (at 25 pages/min), scraped 2168 items (at 25 items/min)
2014-01-30 13:34:28+0000 [canadianprivacylawyer] INFO: Crawled 2183 pages (at 10 pages/min), scraped 2177 items (at 9 items/min)
2014-01-30 13:35:29+0000 [canadianprivacylawyer] INFO: Crawled 2194 pages (at 11 pages/min), scraped 2189 items (at 12 items/min)
2014-01-30 13:36:26+0000 [canadianprivacylawyer] INFO: Crawled 2215 pages (at 21 pages/min), scraped 2210 items (at 21 items/min)
2014-01-30 13:37:27+0000 [canadianprivacylawyer] INFO: Crawled 2232 pages (at 17 pages/min), scraped 2226 items (at 16 items/min)
2014-01-30 13:38:31+0000 [canadianprivacylawyer] INFO: Crawled 2242 pages (at 10 pages/min), scraped 2237 items (at 11 items/min)
2014-01-30 13:39:28+0000 [canadianprivacylawyer] INFO: Crawled 2255 pages (at 13 pages/min), scraped 2249 items (at 12 items/min)
2014-01-30 13:40:27+0000 [canadianprivacylawyer] INFO: Crawled 2283 pages (at 28 pages/min), scraped 2277 items (at 28 items/min)
2014-01-30 13:41:27+0000 [canadianprivacylawyer] INFO: Crawled 2294 pages (at 11 pages/min), scraped 2289 items (at 12 items/min)
2014-01-30 13:42:27+0000 [canadianprivacylawyer] INFO: Crawled 2307 pages (at 13 pages/min), scraped 2301 items (at 12 items/min)
2014-01-30 13:43:26+0000 [canadianprivacylawyer] INFO: Crawled 2327 pages (at 20 pages/min), scraped 2321 items (at 20 items/min)
2014-01-30 13:44:29+0000 [canadianprivacylawyer] INFO: Crawled 2345 pages (at 18 pages/min), scraped 2338 items (at 17 items/min)
2014-01-30 13:45:27+0000 [canadianprivacylawyer] INFO: Crawled 2356 pages (at 11 pages/min), scraped 2350 items (at 12 items/min)
2014-01-30 13:46:26+0000 [canadianprivacylawyer] INFO: Crawled 2369 pages (at 13 pages/min), scraped 2362 items (at 12 items/min)
2014-01-30 13:47:28+0000 [canadianprivacylawyer] INFO: Crawled 2392 pages (at 23 pages/min), scraped 2386 items (at 24 items/min)
2014-01-30 13:48:28+0000 [canadianprivacylawyer] INFO: Crawled 2402 pages (at 10 pages/min), scraped 2396 items (at 10 items/min)
2014-01-30 13:49:28+0000 [canadianprivacylawyer] INFO: Crawled 2413 pages (at 11 pages/min), scraped 2406 items (at 10 items/min)
