2014-01-30 13:49:29+0000 [scrapy] INFO: Enabled extensions: LogStats, TelnetConsole, CloseSpider, WebService, CoreStats, MemoryUsage, MemoryDebugger, SpiderState
2014-01-30 13:49:30+0000 [scrapy] INFO: Enabled downloader middlewares: HttpAuthMiddleware, DownloadTimeoutMiddleware, UserAgentMiddleware, RetryMiddleware, DefaultHeadersMiddleware, MetaRefreshMiddleware, HttpCompressionMiddleware, RedirectMiddleware, CookiesMiddleware, ChunkedTransferMiddleware, DownloaderStats
2014-01-30 13:49:30+0000 [scrapy] INFO: Enabled spider middlewares: HttpErrorMiddleware, OffsiteMiddleware, RefererMiddleware, UrlLengthMiddleware, DepthMiddleware
2014-01-30 13:49:31+0000 [scrapy] INFO: Enabled item pipelines: AllPipeline
2014-01-30 13:49:31+0000 [melbournepropertylaw] INFO: Spider opened
2014-01-30 13:49:31+0000 [melbournepropertylaw] INFO: Crawled 0 pages (at 0 pages/min), scraped 0 items (at 0 items/min)
2014-01-30 13:49:40+0000 [melbournepropertylaw] INFO: Closing spider (finished)
2014-01-30 13:49:40+0000 [melbournepropertylaw] INFO: Dumping Scrapy stats:
	{'downloader/request_bytes': 509,
	 'downloader/request_count': 2,
	 'downloader/request_method_count/GET': 2,
	 'downloader/response_bytes': 225997,
	 'downloader/response_count': 2,
	 'downloader/response_status_count/200': 2,
	 'finish_reason': 'finished',
	 'finish_time': datetime.datetime(2014, 1, 30, 13, 49, 40, 114667),
	 'item_scraped_count': 2,
	 'memdebug/gc_garbage_count': 0,
	 'memdebug/live_refs/SpiderAll': 1,
	 'memusage/max': 44478464,
	 'memusage/startup': 44478464,
	 'request_depth_max': 1,
	 'response_received_count': 2,
	 'scheduler/dequeued': 2,
	 'scheduler/dequeued/disk': 2,
	 'scheduler/enqueued': 2,
	 'scheduler/enqueued/disk': 2,
	 'start_time': datetime.datetime(2014, 1, 30, 13, 49, 31, 230457)}
2014-01-30 13:49:40+0000 [melbournepropertylaw] INFO: Spider closed (finished)
