2014-01-30 13:53:13+0000 [scrapy] INFO: Enabled extensions: LogStats, TelnetConsole, CloseSpider, WebService, CoreStats, MemoryUsage, MemoryDebugger, SpiderState
2014-01-30 13:53:13+0000 [scrapy] INFO: Enabled downloader middlewares: HttpAuthMiddleware, DownloadTimeoutMiddleware, UserAgentMiddleware, RetryMiddleware, DefaultHeadersMiddleware, MetaRefreshMiddleware, HttpCompressionMiddleware, RedirectMiddleware, CookiesMiddleware, ChunkedTransferMiddleware, DownloaderStats
2014-01-30 13:53:13+0000 [scrapy] INFO: Enabled spider middlewares: HttpErrorMiddleware, OffsiteMiddleware, RefererMiddleware, UrlLengthMiddleware, DepthMiddleware
2014-01-30 13:53:13+0000 [scrapy] INFO: Enabled item pipelines: AllPipeline
2014-01-30 13:53:13+0000 [barnoldlaw] INFO: Spider opened
2014-01-30 13:53:13+0000 [barnoldlaw] INFO: Crawled 0 pages (at 0 pages/min), scraped 0 items (at 0 items/min)
2014-01-30 13:53:14+0000 [barnoldlaw] INFO: Closing spider (finished)
2014-01-30 13:53:15+0000 [barnoldlaw] INFO: Dumping Scrapy stats:
	{'downloader/request_bytes': 463,
	 'downloader/request_count': 2,
	 'downloader/request_method_count/GET': 2,
	 'downloader/response_bytes': 504290,
	 'downloader/response_count': 2,
	 'downloader/response_status_count/200': 2,
	 'finish_reason': 'finished',
	 'finish_time': datetime.datetime(2014, 1, 30, 13, 53, 14, 980234),
	 'item_scraped_count': 2,
	 'memdebug/gc_garbage_count': 0,
	 'memdebug/live_refs/SpiderAll': 1,
	 'memusage/max': 44531712,
	 'memusage/startup': 44531712,
	 'request_depth_max': 1,
	 'response_received_count': 2,
	 'scheduler/dequeued': 2,
	 'scheduler/dequeued/disk': 2,
	 'scheduler/enqueued': 2,
	 'scheduler/enqueued/disk': 2,
	 'start_time': datetime.datetime(2014, 1, 30, 13, 53, 13, 451564)}
2014-01-30 13:53:15+0000 [barnoldlaw] INFO: Spider closed (finished)
