2014-01-30 13:54:12+0000 [scrapy] INFO: Enabled extensions: LogStats, TelnetConsole, CloseSpider, WebService, CoreStats, MemoryUsage, MemoryDebugger, SpiderState
2014-01-30 13:54:12+0000 [scrapy] INFO: Enabled downloader middlewares: HttpAuthMiddleware, DownloadTimeoutMiddleware, UserAgentMiddleware, RetryMiddleware, DefaultHeadersMiddleware, MetaRefreshMiddleware, HttpCompressionMiddleware, RedirectMiddleware, CookiesMiddleware, ChunkedTransferMiddleware, DownloaderStats
2014-01-30 13:54:12+0000 [scrapy] INFO: Enabled spider middlewares: HttpErrorMiddleware, OffsiteMiddleware, RefererMiddleware, UrlLengthMiddleware, DepthMiddleware
2014-01-30 13:54:12+0000 [scrapy] INFO: Enabled item pipelines: AllPipeline
2014-01-30 13:54:12+0000 [lawfont] INFO: Spider opened
2014-01-30 13:54:12+0000 [lawfont] INFO: Crawled 0 pages (at 0 pages/min), scraped 0 items (at 0 items/min)
2014-01-30 13:54:26+0000 [scrapy] INFO: Scraped 10 items
2014-01-30 13:55:12+0000 [lawfont] INFO: Crawled 39 pages (at 39 pages/min), scraped 30 items (at 30 items/min)
2014-01-30 13:56:12+0000 [lawfont] INFO: Crawled 79 pages (at 40 pages/min), scraped 65 items (at 35 items/min)
2014-01-30 13:57:12+0000 [lawfont] INFO: Crawled 125 pages (at 46 pages/min), scraped 106 items (at 41 items/min)
2014-01-30 13:58:12+0000 [lawfont] INFO: Crawled 169 pages (at 44 pages/min), scraped 146 items (at 40 items/min)
2014-01-30 13:59:12+0000 [lawfont] INFO: Crawled 214 pages (at 45 pages/min), scraped 185 items (at 39 items/min)
2014-01-30 14:00:12+0000 [lawfont] INFO: Crawled 253 pages (at 39 pages/min), scraped 220 items (at 35 items/min)
2014-01-30 14:01:12+0000 [lawfont] INFO: Crawled 295 pages (at 42 pages/min), scraped 258 items (at 38 items/min)
2014-01-30 14:02:12+0000 [lawfont] INFO: Crawled 326 pages (at 31 pages/min), scraped 288 items (at 30 items/min)
2014-01-30 14:03:12+0000 [lawfont] INFO: Crawled 369 pages (at 43 pages/min), scraped 331 items (at 43 items/min)
2014-01-30 14:04:12+0000 [lawfont] INFO: Crawled 408 pages (at 39 pages/min), scraped 370 items (at 39 items/min)
2014-01-30 14:05:12+0000 [lawfont] INFO: Crawled 450 pages (at 42 pages/min), scraped 410 items (at 40 items/min)
2014-01-30 14:06:12+0000 [lawfont] INFO: Crawled 491 pages (at 41 pages/min), scraped 443 items (at 33 items/min)
2014-01-30 14:07:12+0000 [lawfont] INFO: Crawled 528 pages (at 37 pages/min), scraped 473 items (at 30 items/min)
2014-01-30 14:08:12+0000 [lawfont] INFO: Crawled 563 pages (at 35 pages/min), scraped 503 items (at 30 items/min)
2014-01-30 14:09:12+0000 [lawfont] INFO: Crawled 600 pages (at 37 pages/min), scraped 537 items (at 34 items/min)
2014-01-30 14:10:12+0000 [lawfont] INFO: Crawled 642 pages (at 42 pages/min), scraped 574 items (at 37 items/min)
2014-01-30 14:11:12+0000 [lawfont] INFO: Crawled 684 pages (at 42 pages/min), scraped 613 items (at 39 items/min)
2014-01-30 14:11:33+0000 [lawfont] INFO: Closing spider (finished)
2014-01-30 14:11:33+0000 [lawfont] INFO: Dumping Scrapy stats:
	{'downloader/request_bytes': 229780,
	 'downloader/request_count': 709,
	 'downloader/request_method_count/GET': 709,
	 'downloader/response_bytes': 5945001,
	 'downloader/response_count': 709,
	 'downloader/response_status_count/200': 686,
	 'downloader/response_status_count/301': 5,
	 'downloader/response_status_count/404': 18,
	 'finish_reason': 'finished',
	 'finish_time': datetime.datetime(2014, 1, 30, 14, 11, 33, 556966),
	 'item_scraped_count': 631,
	 'memdebug/gc_garbage_count': 0,
	 'memdebug/live_refs/SpiderAll': 1,
	 'memusage/max': 69894144,
	 'memusage/startup': 44490752,
	 'request_depth_max': 28,
	 'response_received_count': 704,
	 'scheduler/dequeued': 709,
	 'scheduler/dequeued/disk': 709,
	 'scheduler/enqueued': 709,
	 'scheduler/enqueued/disk': 709,
	 'start_time': datetime.datetime(2014, 1, 30, 13, 54, 12, 263976)}
2014-01-30 14:11:33+0000 [lawfont] INFO: Spider closed (finished)
