2014-01-30 14:30:53+0000 [scrapy] INFO: Enabled extensions: LogStats, TelnetConsole, CloseSpider, WebService, CoreStats, MemoryUsage, MemoryDebugger, SpiderState
2014-01-30 14:30:53+0000 [scrapy] INFO: Enabled downloader middlewares: HttpAuthMiddleware, DownloadTimeoutMiddleware, UserAgentMiddleware, RetryMiddleware, DefaultHeadersMiddleware, MetaRefreshMiddleware, HttpCompressionMiddleware, RedirectMiddleware, CookiesMiddleware, ChunkedTransferMiddleware, DownloaderStats
2014-01-30 14:30:53+0000 [scrapy] INFO: Enabled spider middlewares: HttpErrorMiddleware, OffsiteMiddleware, RefererMiddleware, UrlLengthMiddleware, DepthMiddleware
2014-01-30 14:30:53+0000 [scrapy] INFO: Enabled item pipelines: AllPipeline
2014-01-30 14:30:53+0000 [lawprofessors] INFO: Spider opened
2014-01-30 14:30:53+0000 [lawprofessors] INFO: Crawled 0 pages (at 0 pages/min), scraped 0 items (at 0 items/min)
2014-01-30 14:31:02+0000 [scrapy] INFO: Scraped 10 items
2014-01-30 14:31:53+0000 [lawprofessors] INFO: Crawled 56 pages (at 56 pages/min), scraped 16 items (at 16 items/min)
2014-01-30 14:32:53+0000 [lawprofessors] INFO: Crawled 110 pages (at 54 pages/min), scraped 25 items (at 9 items/min)
2014-01-30 14:33:53+0000 [lawprofessors] INFO: Crawled 170 pages (at 60 pages/min), scraped 43 items (at 18 items/min)
2014-01-30 14:34:53+0000 [lawprofessors] INFO: Crawled 230 pages (at 60 pages/min), scraped 62 items (at 19 items/min)
2014-01-30 14:35:53+0000 [lawprofessors] INFO: Crawled 292 pages (at 62 pages/min), scraped 89 items (at 27 items/min)
2014-01-30 14:36:53+0000 [lawprofessors] INFO: Crawled 352 pages (at 60 pages/min), scraped 110 items (at 21 items/min)
2014-01-30 14:37:53+0000 [lawprofessors] INFO: Crawled 417 pages (at 65 pages/min), scraped 139 items (at 29 items/min)
2014-01-30 14:38:53+0000 [lawprofessors] INFO: Crawled 478 pages (at 61 pages/min), scraped 162 items (at 23 items/min)
2014-01-30 14:39:53+0000 [lawprofessors] INFO: Crawled 538 pages (at 60 pages/min), scraped 195 items (at 33 items/min)
2014-01-30 14:40:53+0000 [lawprofessors] INFO: Crawled 601 pages (at 63 pages/min), scraped 231 items (at 36 items/min)
2014-01-30 14:41:53+0000 [lawprofessors] INFO: Crawled 662 pages (at 61 pages/min), scraped 270 items (at 39 items/min)
2014-01-30 14:42:53+0000 [lawprofessors] INFO: Crawled 724 pages (at 62 pages/min), scraped 304 items (at 34 items/min)
2014-01-30 14:43:53+0000 [lawprofessors] INFO: Crawled 784 pages (at 60 pages/min), scraped 337 items (at 33 items/min)
2014-01-30 14:44:53+0000 [lawprofessors] INFO: Crawled 845 pages (at 61 pages/min), scraped 376 items (at 39 items/min)
2014-01-30 14:45:53+0000 [lawprofessors] INFO: Crawled 908 pages (at 63 pages/min), scraped 408 items (at 32 items/min)
2014-01-30 14:46:53+0000 [lawprofessors] INFO: Crawled 976 pages (at 68 pages/min), scraped 438 items (at 30 items/min)
2014-01-30 14:47:53+0000 [lawprofessors] INFO: Crawled 1034 pages (at 58 pages/min), scraped 475 items (at 37 items/min)
2014-01-30 14:48:53+0000 [lawprofessors] INFO: Crawled 1096 pages (at 62 pages/min), scraped 519 items (at 44 items/min)
2014-01-30 14:49:53+0000 [lawprofessors] INFO: Crawled 1157 pages (at 61 pages/min), scraped 561 items (at 42 items/min)
2014-01-30 14:50:53+0000 [lawprofessors] INFO: Crawled 1219 pages (at 62 pages/min), scraped 601 items (at 40 items/min)
2014-01-30 14:51:53+0000 [lawprofessors] INFO: Crawled 1280 pages (at 61 pages/min), scraped 640 items (at 39 items/min)
2014-01-30 14:52:53+0000 [lawprofessors] INFO: Crawled 1339 pages (at 59 pages/min), scraped 674 items (at 34 items/min)
2014-01-30 14:53:53+0000 [lawprofessors] INFO: Crawled 1395 pages (at 56 pages/min), scraped 701 items (at 27 items/min)
2014-01-30 14:54:53+0000 [lawprofessors] INFO: Crawled 1458 pages (at 63 pages/min), scraped 744 items (at 43 items/min)
2014-01-30 14:55:53+0000 [lawprofessors] INFO: Crawled 1520 pages (at 62 pages/min), scraped 793 items (at 49 items/min)
2014-01-30 14:56:53+0000 [lawprofessors] INFO: Crawled 1585 pages (at 65 pages/min), scraped 838 items (at 45 items/min)
2014-01-30 14:57:53+0000 [lawprofessors] INFO: Crawled 1644 pages (at 59 pages/min), scraped 875 items (at 37 items/min)
2014-01-30 14:58:53+0000 [lawprofessors] INFO: Crawled 1702 pages (at 58 pages/min), scraped 907 items (at 32 items/min)
2014-01-30 14:59:53+0000 [lawprofessors] INFO: Crawled 1762 pages (at 60 pages/min), scraped 944 items (at 37 items/min)
2014-01-30 15:00:53+0000 [lawprofessors] INFO: Crawled 1823 pages (at 61 pages/min), scraped 988 items (at 44 items/min)
2014-01-30 15:01:53+0000 [lawprofessors] INFO: Crawled 1886 pages (at 63 pages/min), scraped 1036 items (at 48 items/min)
2014-01-30 15:02:53+0000 [lawprofessors] INFO: Crawled 1946 pages (at 60 pages/min), scraped 1077 items (at 41 items/min)
2014-01-30 15:03:53+0000 [lawprofessors] INFO: Crawled 2006 pages (at 60 pages/min), scraped 1124 items (at 47 items/min)
2014-01-30 15:04:53+0000 [lawprofessors] INFO: Crawled 2064 pages (at 58 pages/min), scraped 1168 items (at 44 items/min)
2014-01-30 15:05:53+0000 [lawprofessors] INFO: Crawled 2119 pages (at 55 pages/min), scraped 1193 items (at 25 items/min)
2014-01-30 15:06:53+0000 [lawprofessors] INFO: Crawled 2173 pages (at 54 pages/min), scraped 1221 items (at 28 items/min)
2014-01-30 15:07:53+0000 [lawprofessors] INFO: Crawled 2232 pages (at 59 pages/min), scraped 1269 items (at 48 items/min)
2014-01-30 15:08:53+0000 [lawprofessors] INFO: Crawled 2291 pages (at 59 pages/min), scraped 1318 items (at 49 items/min)
2014-01-30 15:09:53+0000 [lawprofessors] INFO: Crawled 2348 pages (at 57 pages/min), scraped 1361 items (at 43 items/min)
2014-01-30 15:10:53+0000 [lawprofessors] INFO: Crawled 2408 pages (at 60 pages/min), scraped 1402 items (at 41 items/min)
2014-01-30 15:11:53+0000 [lawprofessors] INFO: Crawled 2416 pages (at 8 pages/min), scraped 1408 items (at 6 items/min)
2014-01-30 15:12:53+0000 [lawprofessors] INFO: Crawled 2465 pages (at 49 pages/min), scraped 1436 items (at 28 items/min)
2014-01-30 15:13:53+0000 [lawprofessors] INFO: Crawled 2498 pages (at 33 pages/min), scraped 1455 items (at 19 items/min)
2014-01-30 15:14:53+0000 [lawprofessors] INFO: Crawled 2522 pages (at 24 pages/min), scraped 1472 items (at 17 items/min)
2014-01-30 15:15:53+0000 [lawprofessors] INFO: Crawled 2581 pages (at 59 pages/min), scraped 1511 items (at 39 items/min)
2014-01-30 15:16:53+0000 [lawprofessors] INFO: Crawled 2640 pages (at 59 pages/min), scraped 1551 items (at 40 items/min)
2014-01-30 15:17:53+0000 [lawprofessors] INFO: Crawled 2691 pages (at 51 pages/min), scraped 1579 items (at 28 items/min)
2014-01-30 15:18:53+0000 [lawprofessors] INFO: Crawled 2748 pages (at 57 pages/min), scraped 1618 items (at 39 items/min)
2014-01-30 15:19:53+0000 [lawprofessors] INFO: Crawled 2803 pages (at 55 pages/min), scraped 1650 items (at 32 items/min)
2014-01-30 15:20:53+0000 [lawprofessors] INFO: Crawled 2860 pages (at 57 pages/min), scraped 1691 items (at 41 items/min)
2014-01-30 15:21:53+0000 [lawprofessors] INFO: Crawled 2914 pages (at 54 pages/min), scraped 1728 items (at 37 items/min)
2014-01-30 15:22:53+0000 [lawprofessors] INFO: Crawled 2965 pages (at 51 pages/min), scraped 1758 items (at 30 items/min)
2014-01-30 15:23:53+0000 [lawprofessors] INFO: Crawled 3021 pages (at 56 pages/min), scraped 1798 items (at 40 items/min)
2014-01-30 15:24:53+0000 [lawprofessors] INFO: Crawled 3072 pages (at 51 pages/min), scraped 1827 items (at 29 items/min)
2014-01-30 15:25:53+0000 [lawprofessors] INFO: Crawled 3125 pages (at 53 pages/min), scraped 1865 items (at 38 items/min)
2014-01-30 15:26:53+0000 [lawprofessors] INFO: Crawled 3181 pages (at 56 pages/min), scraped 1905 items (at 40 items/min)
2014-01-30 15:27:53+0000 [lawprofessors] INFO: Crawled 3235 pages (at 54 pages/min), scraped 1941 items (at 36 items/min)
2014-01-30 15:28:53+0000 [lawprofessors] INFO: Crawled 3289 pages (at 54 pages/min), scraped 1978 items (at 37 items/min)
2014-01-30 15:29:53+0000 [lawprofessors] INFO: Crawled 3345 pages (at 56 pages/min), scraped 2008 items (at 30 items/min)
2014-01-30 15:30:53+0000 [lawprofessors] INFO: Crawled 3401 pages (at 56 pages/min), scraped 2048 items (at 40 items/min)
2014-01-30 15:31:53+0000 [lawprofessors] INFO: Crawled 3455 pages (at 54 pages/min), scraped 2088 items (at 40 items/min)
2014-01-30 15:32:53+0000 [lawprofessors] INFO: Crawled 3511 pages (at 56 pages/min), scraped 2128 items (at 40 items/min)
2014-01-30 15:33:53+0000 [lawprofessors] INFO: Crawled 3564 pages (at 53 pages/min), scraped 2167 items (at 39 items/min)
2014-01-30 15:34:53+0000 [lawprofessors] INFO: Crawled 3620 pages (at 56 pages/min), scraped 2208 items (at 41 items/min)
2014-01-30 15:35:53+0000 [lawprofessors] INFO: Crawled 3676 pages (at 56 pages/min), scraped 2247 items (at 39 items/min)
2014-01-30 15:36:53+0000 [lawprofessors] INFO: Crawled 3733 pages (at 57 pages/min), scraped 2290 items (at 43 items/min)
2014-01-30 15:37:53+0000 [lawprofessors] INFO: Crawled 3792 pages (at 59 pages/min), scraped 2336 items (at 46 items/min)
2014-01-30 15:38:53+0000 [lawprofessors] INFO: Crawled 3851 pages (at 59 pages/min), scraped 2384 items (at 48 items/min)
2014-01-30 15:39:53+0000 [lawprofessors] INFO: Crawled 3910 pages (at 59 pages/min), scraped 2428 items (at 44 items/min)
2014-01-30 15:40:53+0000 [lawprofessors] INFO: Crawled 3966 pages (at 56 pages/min), scraped 2467 items (at 39 items/min)
2014-01-30 15:41:53+0000 [lawprofessors] INFO: Crawled 4021 pages (at 55 pages/min), scraped 2508 items (at 41 items/min)
2014-01-30 15:42:53+0000 [lawprofessors] INFO: Crawled 4071 pages (at 50 pages/min), scraped 2550 items (at 42 items/min)
2014-01-30 15:43:53+0000 [lawprofessors] INFO: Crawled 4118 pages (at 47 pages/min), scraped 2589 items (at 39 items/min)
2014-01-30 15:44:53+0000 [lawprofessors] INFO: Crawled 4163 pages (at 45 pages/min), scraped 2621 items (at 32 items/min)
2014-01-30 15:45:53+0000 [lawprofessors] INFO: Crawled 4214 pages (at 51 pages/min), scraped 2662 items (at 41 items/min)
2014-01-30 15:46:53+0000 [lawprofessors] INFO: Crawled 4272 pages (at 58 pages/min), scraped 2712 items (at 50 items/min)
2014-01-30 15:47:53+0000 [lawprofessors] INFO: Crawled 4333 pages (at 61 pages/min), scraped 2766 items (at 54 items/min)
2014-01-30 15:48:53+0000 [lawprofessors] INFO: Crawled 4392 pages (at 59 pages/min), scraped 2815 items (at 49 items/min)
2014-01-30 15:49:53+0000 [lawprofessors] INFO: Crawled 4452 pages (at 60 pages/min), scraped 2865 items (at 50 items/min)
2014-01-30 15:50:53+0000 [lawprofessors] INFO: Crawled 4510 pages (at 58 pages/min), scraped 2909 items (at 44 items/min)
2014-01-30 15:51:53+0000 [lawprofessors] INFO: Crawled 4569 pages (at 59 pages/min), scraped 2957 items (at 48 items/min)
2014-01-30 15:52:53+0000 [lawprofessors] INFO: Crawled 4628 pages (at 59 pages/min), scraped 2999 items (at 42 items/min)
2014-01-30 15:53:53+0000 [lawprofessors] INFO: Crawled 4687 pages (at 59 pages/min), scraped 3041 items (at 42 items/min)
2014-01-30 15:54:53+0000 [lawprofessors] INFO: Crawled 4746 pages (at 59 pages/min), scraped 3089 items (at 48 items/min)
2014-01-30 15:55:53+0000 [lawprofessors] INFO: Crawled 4805 pages (at 59 pages/min), scraped 3136 items (at 47 items/min)
2014-01-30 15:56:53+0000 [lawprofessors] INFO: Crawled 4862 pages (at 57 pages/min), scraped 3164 items (at 28 items/min)
2014-01-30 15:57:54+0000 [lawprofessors] INFO: Crawled 4912 pages (at 50 pages/min), scraped 3201 items (at 37 items/min)
