2014-01-30 14:45:26+0000 [scrapy] INFO: Enabled extensions: LogStats, TelnetConsole, CloseSpider, WebService, CoreStats, MemoryUsage, MemoryDebugger, SpiderState
2014-01-30 14:45:26+0000 [scrapy] INFO: Enabled downloader middlewares: HttpAuthMiddleware, DownloadTimeoutMiddleware, UserAgentMiddleware, RetryMiddleware, DefaultHeadersMiddleware, MetaRefreshMiddleware, HttpCompressionMiddleware, RedirectMiddleware, CookiesMiddleware, ChunkedTransferMiddleware, DownloaderStats
2014-01-30 14:45:26+0000 [scrapy] INFO: Enabled spider middlewares: HttpErrorMiddleware, OffsiteMiddleware, RefererMiddleware, UrlLengthMiddleware, DepthMiddleware
2014-01-30 14:45:26+0000 [scrapy] INFO: Enabled item pipelines: AllPipeline
2014-01-30 14:45:26+0000 [templegardenchambers] INFO: Spider opened
2014-01-30 14:45:26+0000 [templegardenchambers] INFO: Crawled 0 pages (at 0 pages/min), scraped 0 items (at 0 items/min)
2014-01-30 14:45:48+0000 [scrapy] INFO: Scraped 10 items
2014-01-30 14:45:56+0000 [templegardenchambers] INFO: Closing spider (finished)
2014-01-30 14:45:56+0000 [templegardenchambers] INFO: Dumping Scrapy stats:
	{'downloader/request_bytes': 5995,
	 'downloader/request_count': 20,
	 'downloader/request_method_count/GET': 20,
	 'downloader/response_bytes': 250049,
	 'downloader/response_count': 20,
	 'downloader/response_status_count/200': 16,
	 'downloader/response_status_count/302': 1,
	 'downloader/response_status_count/400': 3,
	 'finish_reason': 'finished',
	 'finish_time': datetime.datetime(2014, 1, 30, 14, 45, 56, 888097),
	 'item_scraped_count': 16,
	 'memdebug/gc_garbage_count': 0,
	 'memdebug/live_refs/SpiderAll': 1,
	 'memusage/max': 44568576,
	 'memusage/startup': 44568576,
	 'request_depth_max': 4,
	 'response_received_count': 17,
	 'scheduler/dequeued': 20,
	 'scheduler/dequeued/disk': 20,
	 'scheduler/enqueued': 20,
	 'scheduler/enqueued/disk': 20,
	 'start_time': datetime.datetime(2014, 1, 30, 14, 45, 26, 729636)}
2014-01-30 14:45:56+0000 [templegardenchambers] INFO: Spider closed (finished)
