2014-01-30 17:22:12+0000 [scrapy] INFO: Enabled extensions: LogStats, TelnetConsole, CloseSpider, WebService, CoreStats, MemoryUsage, MemoryDebugger, SpiderState
2014-01-30 17:22:12+0000 [scrapy] INFO: Enabled downloader middlewares: HttpAuthMiddleware, DownloadTimeoutMiddleware, UserAgentMiddleware, RetryMiddleware, DefaultHeadersMiddleware, MetaRefreshMiddleware, HttpCompressionMiddleware, RedirectMiddleware, CookiesMiddleware, ChunkedTransferMiddleware, DownloaderStats
2014-01-30 17:22:12+0000 [scrapy] INFO: Enabled spider middlewares: HttpErrorMiddleware, OffsiteMiddleware, RefererMiddleware, UrlLengthMiddleware, DepthMiddleware
2014-01-30 17:22:12+0000 [scrapy] INFO: Enabled item pipelines: AllPipeline
2014-01-30 17:22:12+0000 [indisputably] INFO: Spider opened
2014-01-30 17:22:12+0000 [indisputably] INFO: Crawled 0 pages (at 0 pages/min), scraped 0 items (at 0 items/min)
2014-01-30 17:22:21+0000 [scrapy] INFO: Scraped 10 items
2014-01-30 17:23:12+0000 [indisputably] INFO: Crawled 62 pages (at 62 pages/min), scraped 57 items (at 57 items/min)
2014-01-30 17:24:12+0000 [indisputably] INFO: Crawled 124 pages (at 62 pages/min), scraped 113 items (at 56 items/min)
2014-01-30 17:25:12+0000 [indisputably] INFO: Crawled 187 pages (at 63 pages/min), scraped 171 items (at 58 items/min)
2014-01-30 17:26:12+0000 [indisputably] INFO: Crawled 250 pages (at 63 pages/min), scraped 228 items (at 57 items/min)
2014-01-30 17:27:12+0000 [indisputably] INFO: Crawled 314 pages (at 64 pages/min), scraped 286 items (at 58 items/min)
2014-01-30 17:28:12+0000 [indisputably] INFO: Crawled 378 pages (at 64 pages/min), scraped 344 items (at 58 items/min)
2014-01-30 17:29:12+0000 [indisputably] INFO: Crawled 438 pages (at 60 pages/min), scraped 399 items (at 55 items/min)
2014-01-30 17:30:12+0000 [indisputably] INFO: Crawled 500 pages (at 62 pages/min), scraped 455 items (at 56 items/min)
2014-01-30 17:31:12+0000 [indisputably] INFO: Crawled 567 pages (at 67 pages/min), scraped 517 items (at 62 items/min)
2014-01-30 17:32:12+0000 [indisputably] INFO: Crawled 631 pages (at 64 pages/min), scraped 581 items (at 64 items/min)
2014-01-30 17:33:12+0000 [indisputably] INFO: Crawled 693 pages (at 62 pages/min), scraped 643 items (at 62 items/min)
2014-01-30 17:34:12+0000 [indisputably] INFO: Crawled 760 pages (at 67 pages/min), scraped 710 items (at 67 items/min)
2014-01-30 17:35:12+0000 [indisputably] INFO: Crawled 825 pages (at 65 pages/min), scraped 775 items (at 65 items/min)
2014-01-30 17:36:12+0000 [indisputably] INFO: Crawled 888 pages (at 63 pages/min), scraped 838 items (at 63 items/min)
2014-01-30 17:37:12+0000 [indisputably] INFO: Crawled 951 pages (at 63 pages/min), scraped 901 items (at 63 items/min)
2014-01-30 17:38:12+0000 [indisputably] INFO: Crawled 1015 pages (at 64 pages/min), scraped 965 items (at 64 items/min)
2014-01-30 17:39:12+0000 [indisputably] INFO: Crawled 1080 pages (at 65 pages/min), scraped 1030 items (at 65 items/min)
2014-01-30 17:40:12+0000 [indisputably] INFO: Crawled 1145 pages (at 65 pages/min), scraped 1095 items (at 65 items/min)
2014-01-30 17:41:12+0000 [indisputably] INFO: Crawled 1211 pages (at 66 pages/min), scraped 1161 items (at 66 items/min)
2014-01-30 17:42:12+0000 [indisputably] INFO: Crawled 1278 pages (at 67 pages/min), scraped 1228 items (at 67 items/min)
2014-01-30 17:43:12+0000 [indisputably] INFO: Crawled 1341 pages (at 63 pages/min), scraped 1291 items (at 63 items/min)
2014-01-30 17:44:12+0000 [indisputably] INFO: Crawled 1404 pages (at 63 pages/min), scraped 1354 items (at 63 items/min)
2014-01-30 17:45:12+0000 [indisputably] INFO: Crawled 1468 pages (at 64 pages/min), scraped 1418 items (at 64 items/min)
2014-01-30 17:46:12+0000 [indisputably] INFO: Crawled 1532 pages (at 64 pages/min), scraped 1482 items (at 64 items/min)
2014-01-30 17:47:12+0000 [indisputably] INFO: Crawled 1597 pages (at 65 pages/min), scraped 1547 items (at 65 items/min)
2014-01-30 17:48:12+0000 [indisputably] INFO: Crawled 1662 pages (at 65 pages/min), scraped 1611 items (at 64 items/min)
2014-01-30 17:49:12+0000 [indisputably] INFO: Crawled 1726 pages (at 64 pages/min), scraped 1675 items (at 64 items/min)
2014-01-30 17:50:12+0000 [indisputably] INFO: Crawled 1791 pages (at 65 pages/min), scraped 1740 items (at 65 items/min)
2014-01-30 17:51:12+0000 [indisputably] INFO: Crawled 1856 pages (at 65 pages/min), scraped 1805 items (at 65 items/min)
2014-01-30 17:52:12+0000 [indisputably] INFO: Crawled 1917 pages (at 61 pages/min), scraped 1866 items (at 61 items/min)
2014-01-30 17:53:12+0000 [indisputably] INFO: Crawled 1983 pages (at 66 pages/min), scraped 1932 items (at 66 items/min)
2014-01-30 17:54:12+0000 [indisputably] INFO: Crawled 2047 pages (at 64 pages/min), scraped 1996 items (at 64 items/min)
2014-01-30 17:54:30+0000 [indisputably] INFO: Closing spider (finished)
2014-01-30 17:54:30+0000 [indisputably] INFO: Dumping Scrapy stats:
	{'downloader/request_bytes': 663766,
	 'downloader/request_count': 2065,
	 'downloader/request_method_count/GET': 2065,
	 'downloader/response_bytes': 95162986,
	 'downloader/response_count': 2065,
	 'downloader/response_status_count/200': 2064,
	 'downloader/response_status_count/404': 1,
	 'finish_reason': 'finished',
	 'finish_time': datetime.datetime(2014, 1, 30, 17, 54, 30, 195323),
	 'item_scraped_count': 2014,
	 'memdebug/gc_garbage_count': 0,
	 'memdebug/live_refs/SpiderAll': 1,
	 'memusage/max': 135458816,
	 'memusage/startup': 44531712,
	 'request_depth_max': 53,
	 'response_received_count': 2065,
	 'scheduler/dequeued': 2065,
	 'scheduler/dequeued/disk': 2065,
	 'scheduler/enqueued': 2065,
	 'scheduler/enqueued/disk': 2065,
	 'start_time': datetime.datetime(2014, 1, 30, 17, 22, 12, 225169)}
2014-01-30 17:54:30+0000 [indisputably] INFO: Spider closed (finished)
