2014-01-31 03:10:07+0000 [scrapy] INFO: Enabled extensions: LogStats, TelnetConsole, CloseSpider, WebService, CoreStats, MemoryUsage, MemoryDebugger, SpiderState
2014-01-31 03:10:07+0000 [scrapy] INFO: Enabled downloader middlewares: HttpAuthMiddleware, DownloadTimeoutMiddleware, UserAgentMiddleware, RetryMiddleware, DefaultHeadersMiddleware, MetaRefreshMiddleware, HttpCompressionMiddleware, RedirectMiddleware, CookiesMiddleware, ChunkedTransferMiddleware, DownloaderStats
2014-01-31 03:10:07+0000 [scrapy] INFO: Enabled spider middlewares: HttpErrorMiddleware, OffsiteMiddleware, RefererMiddleware, UrlLengthMiddleware, DepthMiddleware
2014-01-31 03:10:07+0000 [scrapy] INFO: Enabled item pipelines: AllPipeline
2014-01-31 03:10:07+0000 [legalb] INFO: Spider opened
2014-01-31 03:10:07+0000 [legalb] INFO: Crawled 0 pages (at 0 pages/min), scraped 0 items (at 0 items/min)
2014-01-31 03:10:17+0000 [scrapy] INFO: Scraped 10 items
2014-01-31 03:11:07+0000 [legalb] INFO: Crawled 38 pages (at 38 pages/min), scraped 32 items (at 32 items/min)
2014-01-31 03:12:07+0000 [legalb] INFO: Crawled 74 pages (at 36 pages/min), scraped 62 items (at 30 items/min)
2014-01-31 03:13:07+0000 [legalb] INFO: Crawled 112 pages (at 38 pages/min), scraped 96 items (at 34 items/min)
2014-01-31 03:14:07+0000 [legalb] INFO: Crawled 159 pages (at 47 pages/min), scraped 143 items (at 47 items/min)
2014-01-31 03:15:07+0000 [legalb] INFO: Crawled 213 pages (at 54 pages/min), scraped 197 items (at 54 items/min)
2014-01-31 03:16:07+0000 [legalb] INFO: Crawled 262 pages (at 49 pages/min), scraped 246 items (at 49 items/min)
2014-01-31 03:17:07+0000 [legalb] INFO: Crawled 309 pages (at 47 pages/min), scraped 293 items (at 47 items/min)
2014-01-31 03:17:52+0000 [legalb] INFO: Closing spider (finished)
2014-01-31 03:17:52+0000 [legalb] INFO: Dumping Scrapy stats:
	{'downloader/request_bytes': 144069,
	 'downloader/request_count': 512,
	 'downloader/request_method_count/GET': 512,
	 'downloader/response_bytes': 975068,
	 'downloader/response_count': 512,
	 'downloader/response_status_count/200': 347,
	 'downloader/response_status_count/302': 165,
	 'finish_reason': 'finished',
	 'finish_time': datetime.datetime(2014, 1, 31, 3, 17, 52, 374946),
	 'item_scraped_count': 331,
	 'memdebug/gc_garbage_count': 0,
	 'memdebug/live_refs/SpiderAll': 1,
	 'memusage/max': 50302976,
	 'memusage/startup': 44494848,
	 'request_depth_max': 18,
	 'response_received_count': 347,
	 'scheduler/dequeued': 512,
	 'scheduler/dequeued/disk': 512,
	 'scheduler/enqueued': 512,
	 'scheduler/enqueued/disk': 512,
	 'start_time': datetime.datetime(2014, 1, 31, 3, 10, 7, 761214)}
2014-01-31 03:17:52+0000 [legalb] INFO: Spider closed (finished)
