2014-01-31 10:16:05+0000 [scrapy] INFO: Enabled extensions: LogStats, TelnetConsole, CloseSpider, WebService, CoreStats, MemoryUsage, MemoryDebugger, SpiderState
2014-01-31 10:16:05+0000 [scrapy] INFO: Enabled downloader middlewares: HttpAuthMiddleware, DownloadTimeoutMiddleware, UserAgentMiddleware, RetryMiddleware, DefaultHeadersMiddleware, MetaRefreshMiddleware, HttpCompressionMiddleware, RedirectMiddleware, CookiesMiddleware, ChunkedTransferMiddleware, DownloaderStats
2014-01-31 10:16:05+0000 [scrapy] INFO: Enabled spider middlewares: HttpErrorMiddleware, OffsiteMiddleware, RefererMiddleware, UrlLengthMiddleware, DepthMiddleware
2014-01-31 10:16:05+0000 [scrapy] INFO: Enabled item pipelines: AllPipeline
2014-01-31 10:16:05+0000 [blogscript] INFO: Spider opened
2014-01-31 10:16:05+0000 [blogscript] INFO: Crawled 0 pages (at 0 pages/min), scraped 0 items (at 0 items/min)
2014-01-31 10:16:12+0000 [blogscript] INFO: Closing spider (finished)
2014-01-31 10:16:12+0000 [blogscript] INFO: Dumping Scrapy stats:
	{'downloader/request_bytes': 495,
	 'downloader/request_count': 2,
	 'downloader/request_method_count/GET': 2,
	 'downloader/response_bytes': 1113317,
	 'downloader/response_count': 2,
	 'downloader/response_status_count/200': 2,
	 'finish_reason': 'finished',
	 'finish_time': datetime.datetime(2014, 1, 31, 10, 16, 12, 284490),
	 'item_scraped_count': 2,
	 'memdebug/gc_garbage_count': 0,
	 'memdebug/live_refs/SpiderAll': 1,
	 'memusage/max': 44519424,
	 'memusage/startup': 44519424,
	 'request_depth_max': 1,
	 'response_received_count': 2,
	 'scheduler/dequeued': 2,
	 'scheduler/dequeued/disk': 2,
	 'scheduler/enqueued': 2,
	 'scheduler/enqueued/disk': 2,
	 'start_time': datetime.datetime(2014, 1, 31, 10, 16, 5, 903960)}
2014-01-31 10:16:12+0000 [blogscript] INFO: Spider closed (finished)
