2014-01-31 12:33:20+0000 [scrapy] INFO: Enabled extensions: LogStats, TelnetConsole, CloseSpider, WebService, CoreStats, MemoryUsage, MemoryDebugger, SpiderState
2014-01-31 12:33:20+0000 [scrapy] INFO: Enabled downloader middlewares: HttpAuthMiddleware, DownloadTimeoutMiddleware, UserAgentMiddleware, RetryMiddleware, DefaultHeadersMiddleware, MetaRefreshMiddleware, HttpCompressionMiddleware, RedirectMiddleware, CookiesMiddleware, ChunkedTransferMiddleware, DownloaderStats
2014-01-31 12:33:20+0000 [scrapy] INFO: Enabled spider middlewares: HttpErrorMiddleware, OffsiteMiddleware, RefererMiddleware, UrlLengthMiddleware, DepthMiddleware
2014-01-31 12:33:20+0000 [scrapy] INFO: Enabled item pipelines: AllPipeline
2014-01-31 12:33:20+0000 [michaelscutt] INFO: Spider opened
2014-01-31 12:33:20+0000 [michaelscutt] INFO: Crawled 0 pages (at 0 pages/min), scraped 0 items (at 0 items/min)
2014-01-31 12:33:31+0000 [scrapy] INFO: Scraped 10 items
2014-01-31 12:34:23+0000 [michaelscutt] INFO: Crawled 41 pages (at 41 pages/min), scraped 36 items (at 36 items/min)
2014-01-31 12:35:25+0000 [michaelscutt] INFO: Crawled 50 pages (at 9 pages/min), scraped 43 items (at 7 items/min)
2014-01-31 12:36:21+0000 [michaelscutt] INFO: Crawled 58 pages (at 8 pages/min), scraped 50 items (at 7 items/min)
2014-01-31 12:37:22+0000 [michaelscutt] INFO: Crawled 67 pages (at 9 pages/min), scraped 57 items (at 7 items/min)
2014-01-31 12:38:21+0000 [michaelscutt] INFO: Crawled 95 pages (at 28 pages/min), scraped 83 items (at 26 items/min)
2014-01-31 12:39:24+0000 [michaelscutt] INFO: Crawled 105 pages (at 10 pages/min), scraped 92 items (at 9 items/min)
2014-01-31 12:40:26+0000 [michaelscutt] INFO: Crawled 113 pages (at 8 pages/min), scraped 99 items (at 7 items/min)
2014-01-31 12:41:24+0000 [michaelscutt] INFO: Crawled 121 pages (at 8 pages/min), scraped 107 items (at 8 items/min)
2014-01-31 12:42:22+0000 [michaelscutt] INFO: Crawled 146 pages (at 25 pages/min), scraped 133 items (at 26 items/min)
2014-01-31 12:43:29+0000 [michaelscutt] INFO: Crawled 150 pages (at 4 pages/min), scraped 137 items (at 4 items/min)
2014-01-31 12:44:28+0000 [michaelscutt] INFO: Crawled 155 pages (at 5 pages/min), scraped 142 items (at 5 items/min)
2014-01-31 12:45:20+0000 [michaelscutt] INFO: Crawled 162 pages (at 7 pages/min), scraped 149 items (at 7 items/min)
2014-01-31 12:46:22+0000 [michaelscutt] INFO: Crawled 176 pages (at 14 pages/min), scraped 163 items (at 14 items/min)
2014-01-31 12:47:30+0000 [michaelscutt] INFO: Crawled 181 pages (at 5 pages/min), scraped 168 items (at 5 items/min)
2014-01-31 12:48:31+0000 [michaelscutt] INFO: Crawled 185 pages (at 4 pages/min), scraped 172 items (at 4 items/min)
2014-01-31 12:49:21+0000 [michaelscutt] INFO: Crawled 192 pages (at 7 pages/min), scraped 179 items (at 7 items/min)
2014-01-31 12:50:29+0000 [michaelscutt] INFO: Crawled 208 pages (at 16 pages/min), scraped 194 items (at 15 items/min)
2014-01-31 12:51:26+0000 [michaelscutt] INFO: Crawled 211 pages (at 3 pages/min), scraped 198 items (at 4 items/min)
2014-01-31 12:52:30+0000 [michaelscutt] INFO: Crawled 217 pages (at 6 pages/min), scraped 203 items (at 5 items/min)
2014-01-31 12:53:20+0000 [michaelscutt] INFO: Crawled 220 pages (at 3 pages/min), scraped 207 items (at 4 items/min)
2014-01-31 12:54:29+0000 [michaelscutt] INFO: Crawled 238 pages (at 18 pages/min), scraped 224 items (at 17 items/min)
2014-01-31 12:55:25+0000 [michaelscutt] INFO: Crawled 240 pages (at 2 pages/min), scraped 227 items (at 3 items/min)
2014-01-31 12:56:24+0000 [michaelscutt] INFO: Crawled 246 pages (at 6 pages/min), scraped 232 items (at 5 items/min)
2014-01-31 12:57:20+0000 [michaelscutt] INFO: Crawled 254 pages (at 8 pages/min), scraped 241 items (at 9 items/min)
2014-01-31 12:58:35+0000 [michaelscutt] INFO: Crawled 268 pages (at 14 pages/min), scraped 255 items (at 14 items/min)
2014-01-31 12:59:31+0000 [michaelscutt] INFO: Crawled 272 pages (at 4 pages/min), scraped 258 items (at 3 items/min)
2014-01-31 13:00:31+0000 [michaelscutt] INFO: Crawled 274 pages (at 2 pages/min), scraped 261 items (at 3 items/min)
2014-01-31 13:01:22+0000 [michaelscutt] INFO: Crawled 284 pages (at 10 pages/min), scraped 270 items (at 9 items/min)
2014-01-31 13:02:21+0000 [michaelscutt] INFO: Crawled 288 pages (at 4 pages/min), scraped 275 items (at 5 items/min)
2014-01-31 13:03:21+0000 [michaelscutt] INFO: Crawled 292 pages (at 4 pages/min), scraped 278 items (at 3 items/min)
2014-01-31 13:04:37+0000 [michaelscutt] INFO: Crawled 295 pages (at 3 pages/min), scraped 282 items (at 4 items/min)
2014-01-31 13:05:28+0000 [michaelscutt] INFO: Crawled 308 pages (at 13 pages/min), scraped 294 items (at 12 items/min)
2014-01-31 13:06:27+0000 [michaelscutt] INFO: Crawled 310 pages (at 2 pages/min), scraped 297 items (at 3 items/min)
2014-01-31 13:07:25+0000 [michaelscutt] INFO: Crawled 314 pages (at 4 pages/min), scraped 300 items (at 3 items/min)
2014-01-31 13:08:37+0000 [michaelscutt] INFO: Crawled 317 pages (at 3 pages/min), scraped 304 items (at 4 items/min)
2014-01-31 13:09:25+0000 [michaelscutt] INFO: Crawled 328 pages (at 11 pages/min), scraped 315 items (at 11 items/min)
2014-01-31 13:10:30+0000 [michaelscutt] INFO: Crawled 331 pages (at 3 pages/min), scraped 318 items (at 3 items/min)
2014-01-31 13:11:27+0000 [michaelscutt] INFO: Crawled 335 pages (at 4 pages/min), scraped 321 items (at 3 items/min)
2014-01-31 13:12:32+0000 [michaelscutt] INFO: Crawled 337 pages (at 2 pages/min), scraped 324 items (at 3 items/min)
2014-01-31 13:13:25+0000 [michaelscutt] INFO: Crawled 348 pages (at 11 pages/min), scraped 334 items (at 10 items/min)
2014-01-31 13:14:31+0000 [michaelscutt] INFO: Crawled 351 pages (at 3 pages/min), scraped 337 items (at 3 items/min)
2014-01-31 13:15:31+0000 [michaelscutt] INFO: Crawled 353 pages (at 2 pages/min), scraped 340 items (at 3 items/min)
2014-01-31 13:16:31+0000 [michaelscutt] INFO: Crawled 356 pages (at 3 pages/min), scraped 343 items (at 3 items/min)
2014-01-31 13:17:39+0000 [michaelscutt] INFO: Crawled 368 pages (at 12 pages/min), scraped 355 items (at 12 items/min)
2014-01-31 13:18:20+0000 [michaelscutt] INFO: Crawled 370 pages (at 2 pages/min), scraped 357 items (at 2 items/min)
2014-01-31 13:19:24+0000 [michaelscutt] INFO: Crawled 374 pages (at 4 pages/min), scraped 360 items (at 3 items/min)
2014-01-31 13:20:25+0000 [michaelscutt] INFO: Crawled 376 pages (at 2 pages/min), scraped 363 items (at 3 items/min)
2014-01-31 13:21:23+0000 [michaelscutt] INFO: Crawled 393 pages (at 17 pages/min), scraped 380 items (at 17 items/min)
2014-01-31 13:22:33+0000 [michaelscutt] INFO: Crawled 398 pages (at 5 pages/min), scraped 384 items (at 4 items/min)
2014-01-31 13:23:26+0000 [michaelscutt] INFO: Crawled 401 pages (at 3 pages/min), scraped 387 items (at 3 items/min)
2014-01-31 13:24:24+0000 [michaelscutt] INFO: Crawled 404 pages (at 3 pages/min), scraped 390 items (at 3 items/min)
2014-01-31 13:25:29+0000 [michaelscutt] INFO: Crawled 414 pages (at 10 pages/min), scraped 401 items (at 11 items/min)
2014-01-31 13:26:31+0000 [michaelscutt] INFO: Crawled 417 pages (at 3 pages/min), scraped 404 items (at 3 items/min)
2014-01-31 13:27:35+0000 [michaelscutt] INFO: Crawled 420 pages (at 3 pages/min), scraped 407 items (at 3 items/min)
2014-01-31 13:28:32+0000 [michaelscutt] INFO: Crawled 423 pages (at 3 pages/min), scraped 410 items (at 3 items/min)
2014-01-31 13:29:27+0000 [michaelscutt] INFO: Crawled 435 pages (at 12 pages/min), scraped 421 items (at 11 items/min)
2014-01-31 13:30:26+0000 [michaelscutt] INFO: Crawled 439 pages (at 4 pages/min), scraped 425 items (at 4 items/min)
2014-01-31 13:31:23+0000 [michaelscutt] INFO: Crawled 443 pages (at 4 pages/min), scraped 430 items (at 5 items/min)
2014-01-31 13:32:50+0000 [michaelscutt] INFO: Crawled 445 pages (at 2 pages/min), scraped 432 items (at 2 items/min)
2014-01-31 13:33:25+0000 [michaelscutt] INFO: Crawled 447 pages (at 2 pages/min), scraped 434 items (at 2 items/min)
2014-01-31 13:34:27+0000 [michaelscutt] INFO: Crawled 465 pages (at 18 pages/min), scraped 451 items (at 17 items/min)
2014-01-31 13:35:28+0000 [michaelscutt] INFO: Crawled 470 pages (at 5 pages/min), scraped 456 items (at 5 items/min)
2014-01-31 13:36:29+0000 [michaelscutt] INFO: Crawled 474 pages (at 4 pages/min), scraped 461 items (at 5 items/min)
2014-01-31 13:37:20+0000 [michaelscutt] INFO: Crawled 479 pages (at 5 pages/min), scraped 465 items (at 4 items/min)
2014-01-31 13:38:20+0000 [michaelscutt] INFO: Crawled 497 pages (at 18 pages/min), scraped 484 items (at 19 items/min)
2014-01-31 13:39:20+0000 [michaelscutt] INFO: Crawled 503 pages (at 6 pages/min), scraped 489 items (at 5 items/min)
2014-01-31 13:40:20+0000 [michaelscutt] INFO: Crawled 508 pages (at 5 pages/min), scraped 495 items (at 6 items/min)
2014-01-31 13:41:20+0000 [michaelscutt] INFO: Crawled 512 pages (at 4 pages/min), scraped 499 items (at 4 items/min)
2014-01-31 13:42:28+0000 [michaelscutt] INFO: Crawled 537 pages (at 25 pages/min), scraped 524 items (at 25 items/min)
2014-01-31 13:43:21+0000 [michaelscutt] INFO: Crawled 542 pages (at 5 pages/min), scraped 529 items (at 5 items/min)
2014-01-31 13:44:27+0000 [michaelscutt] INFO: Crawled 548 pages (at 6 pages/min), scraped 534 items (at 5 items/min)
2014-01-31 13:45:22+0000 [michaelscutt] INFO: Crawled 553 pages (at 5 pages/min), scraped 539 items (at 5 items/min)
2014-01-31 13:46:22+0000 [michaelscutt] INFO: Crawled 558 pages (at 5 pages/min), scraped 544 items (at 5 items/min)
2014-01-31 13:47:28+0000 [michaelscutt] INFO: Crawled 580 pages (at 22 pages/min), scraped 566 items (at 22 items/min)
2014-01-31 13:48:28+0000 [michaelscutt] INFO: Crawled 585 pages (at 5 pages/min), scraped 571 items (at 5 items/min)
2014-01-31 13:49:26+0000 [michaelscutt] INFO: Crawled 589 pages (at 4 pages/min), scraped 576 items (at 5 items/min)
2014-01-31 13:50:20+0000 [michaelscutt] INFO: Crawled 594 pages (at 5 pages/min), scraped 580 items (at 4 items/min)
2014-01-31 13:51:21+0000 [michaelscutt] INFO: Crawled 604 pages (at 10 pages/min), scraped 590 items (at 10 items/min)
2014-01-31 13:52:24+0000 [michaelscutt] INFO: Crawled 609 pages (at 5 pages/min), scraped 596 items (at 6 items/min)
2014-01-31 13:53:22+0000 [michaelscutt] INFO: Crawled 613 pages (at 4 pages/min), scraped 600 items (at 4 items/min)
2014-01-31 13:54:20+0000 [michaelscutt] INFO: Crawled 617 pages (at 4 pages/min), scraped 604 items (at 4 items/min)
2014-01-31 13:55:20+0000 [michaelscutt] INFO: Crawled 630 pages (at 13 pages/min), scraped 617 items (at 13 items/min)
2014-01-31 13:56:22+0000 [michaelscutt] INFO: Crawled 647 pages (at 17 pages/min), scraped 634 items (at 17 items/min)
2014-01-31 13:57:24+0000 [michaelscutt] INFO: Crawled 653 pages (at 6 pages/min), scraped 639 items (at 5 items/min)
2014-01-31 13:58:20+0000 [michaelscutt] INFO: Crawled 658 pages (at 5 pages/min), scraped 645 items (at 6 items/min)
2014-01-31 13:59:22+0000 [michaelscutt] INFO: Crawled 664 pages (at 6 pages/min), scraped 650 items (at 5 items/min)
2014-01-31 14:00:21+0000 [michaelscutt] INFO: Crawled 686 pages (at 22 pages/min), scraped 672 items (at 22 items/min)
2014-01-31 14:01:29+0000 [michaelscutt] INFO: Crawled 697 pages (at 11 pages/min), scraped 683 items (at 11 items/min)
2014-01-31 14:02:28+0000 [michaelscutt] INFO: Crawled 702 pages (at 5 pages/min), scraped 688 items (at 5 items/min)
2014-01-31 14:03:29+0000 [michaelscutt] INFO: Crawled 707 pages (at 5 pages/min), scraped 693 items (at 5 items/min)
2014-01-31 14:04:20+0000 [michaelscutt] INFO: Crawled 711 pages (at 4 pages/min), scraped 697 items (at 4 items/min)
2014-01-31 14:05:26+0000 [michaelscutt] INFO: Crawled 731 pages (at 20 pages/min), scraped 717 items (at 20 items/min)
2014-01-31 14:06:21+0000 [michaelscutt] INFO: Crawled 734 pages (at 3 pages/min), scraped 721 items (at 4 items/min)
2014-01-31 14:07:27+0000 [michaelscutt] INFO: Crawled 740 pages (at 6 pages/min), scraped 727 items (at 6 items/min)
2014-01-31 14:08:20+0000 [michaelscutt] INFO: Crawled 745 pages (at 5 pages/min), scraped 731 items (at 4 items/min)
2014-01-31 14:09:21+0000 [michaelscutt] INFO: Crawled 755 pages (at 10 pages/min), scraped 742 items (at 11 items/min)
2014-01-31 14:10:27+0000 [michaelscutt] INFO: Crawled 773 pages (at 18 pages/min), scraped 759 items (at 17 items/min)
2014-01-31 14:11:31+0000 [michaelscutt] INFO: Crawled 777 pages (at 4 pages/min), scraped 764 items (at 5 items/min)
2014-01-31 14:12:23+0000 [michaelscutt] INFO: Crawled 782 pages (at 5 pages/min), scraped 768 items (at 4 items/min)
2014-01-31 14:13:26+0000 [michaelscutt] INFO: Crawled 787 pages (at 5 pages/min), scraped 773 items (at 5 items/min)
2014-01-31 14:14:21+0000 [michaelscutt] INFO: Crawled 802 pages (at 15 pages/min), scraped 789 items (at 16 items/min)
2014-01-31 14:15:29+0000 [michaelscutt] INFO: Crawled 808 pages (at 6 pages/min), scraped 795 items (at 6 items/min)
2014-01-31 14:16:20+0000 [michaelscutt] INFO: Crawled 812 pages (at 4 pages/min), scraped 799 items (at 4 items/min)
2014-01-31 14:17:20+0000 [michaelscutt] INFO: Crawled 817 pages (at 5 pages/min), scraped 804 items (at 5 items/min)
2014-01-31 14:18:29+0000 [michaelscutt] INFO: Crawled 823 pages (at 6 pages/min), scraped 810 items (at 6 items/min)
2014-01-31 14:19:21+0000 [michaelscutt] INFO: Crawled 837 pages (at 14 pages/min), scraped 824 items (at 14 items/min)
2014-01-31 14:20:20+0000 [michaelscutt] INFO: Crawled 843 pages (at 6 pages/min), scraped 830 items (at 6 items/min)
2014-01-31 14:21:25+0000 [michaelscutt] INFO: Crawled 847 pages (at 4 pages/min), scraped 833 items (at 3 items/min)
2014-01-31 14:22:27+0000 [michaelscutt] INFO: Crawled 851 pages (at 4 pages/min), scraped 838 items (at 5 items/min)
2014-01-31 14:23:20+0000 [michaelscutt] INFO: Crawled 866 pages (at 15 pages/min), scraped 850 items (at 12 items/min)
2014-01-31 14:24:20+0000 [michaelscutt] INFO: Crawled 869 pages (at 3 pages/min), scraped 854 items (at 4 items/min)
2014-01-31 14:25:23+0000 [michaelscutt] INFO: Crawled 875 pages (at 6 pages/min), scraped 860 items (at 6 items/min)
2014-01-31 14:26:20+0000 [michaelscutt] INFO: Crawled 881 pages (at 6 pages/min), scraped 865 items (at 5 items/min)
2014-01-31 14:27:20+0000 [michaelscutt] INFO: Crawled 884 pages (at 3 pages/min), scraped 868 items (at 3 items/min)
2014-01-31 14:28:27+0000 [michaelscutt] INFO: Crawled 900 pages (at 16 pages/min), scraped 882 items (at 14 items/min)
2014-01-31 14:29:39+0000 [michaelscutt] INFO: Crawled 905 pages (at 5 pages/min), scraped 886 items (at 4 items/min)
2014-01-31 14:30:21+0000 [michaelscutt] INFO: Crawled 907 pages (at 2 pages/min), scraped 889 items (at 3 items/min)
2014-01-31 14:31:26+0000 [michaelscutt] INFO: Crawled 912 pages (at 5 pages/min), scraped 894 items (at 5 items/min)
2014-01-31 14:32:20+0000 [michaelscutt] INFO: Crawled 920 pages (at 8 pages/min), scraped 901 items (at 7 items/min)
2014-01-31 14:33:27+0000 [michaelscutt] INFO: Crawled 928 pages (at 8 pages/min), scraped 908 items (at 7 items/min)
2014-01-31 14:34:21+0000 [michaelscutt] INFO: Crawled 933 pages (at 5 pages/min), scraped 913 items (at 5 items/min)
2014-01-31 14:35:29+0000 [michaelscutt] INFO: Crawled 938 pages (at 5 pages/min), scraped 918 items (at 5 items/min)
2014-01-31 14:36:22+0000 [michaelscutt] INFO: Crawled 941 pages (at 3 pages/min), scraped 920 items (at 2 items/min)
2014-01-31 14:37:22+0000 [michaelscutt] INFO: Crawled 955 pages (at 14 pages/min), scraped 933 items (at 13 items/min)
2014-01-31 14:38:24+0000 [michaelscutt] INFO: Crawled 959 pages (at 4 pages/min), scraped 938 items (at 5 items/min)
2014-01-31 14:39:20+0000 [michaelscutt] INFO: Crawled 963 pages (at 4 pages/min), scraped 941 items (at 3 items/min)
2014-01-31 14:40:29+0000 [michaelscutt] INFO: Crawled 969 pages (at 6 pages/min), scraped 946 items (at 5 items/min)
2014-01-31 14:41:20+0000 [michaelscutt] INFO: Crawled 974 pages (at 5 pages/min), scraped 949 items (at 3 items/min)
2014-01-31 14:42:27+0000 [michaelscutt] INFO: Crawled 985 pages (at 11 pages/min), scraped 960 items (at 11 items/min)
2014-01-31 14:43:25+0000 [michaelscutt] INFO: Crawled 989 pages (at 4 pages/min), scraped 963 items (at 3 items/min)
2014-01-31 14:44:27+0000 [michaelscutt] INFO: Crawled 994 pages (at 5 pages/min), scraped 968 items (at 5 items/min)
2014-01-31 14:45:34+0000 [michaelscutt] INFO: Crawled 998 pages (at 4 pages/min), scraped 971 items (at 3 items/min)
2014-01-31 14:46:24+0000 [michaelscutt] INFO: Crawled 1016 pages (at 18 pages/min), scraped 987 items (at 16 items/min)
2014-01-31 14:47:32+0000 [michaelscutt] INFO: Crawled 1020 pages (at 4 pages/min), scraped 991 items (at 4 items/min)
2014-01-31 14:48:24+0000 [michaelscutt] INFO: Crawled 1025 pages (at 5 pages/min), scraped 995 items (at 4 items/min)
2014-01-31 14:49:24+0000 [michaelscutt] INFO: Crawled 1030 pages (at 5 pages/min), scraped 1000 items (at 5 items/min)
2014-01-31 14:50:21+0000 [michaelscutt] INFO: Crawled 1033 pages (at 3 pages/min), scraped 1003 items (at 3 items/min)
2014-01-31 14:51:26+0000 [michaelscutt] INFO: Crawled 1054 pages (at 21 pages/min), scraped 1021 items (at 18 items/min)
2014-01-31 14:52:20+0000 [michaelscutt] INFO: Crawled 1057 pages (at 3 pages/min), scraped 1025 items (at 4 items/min)
2014-01-31 14:53:23+0000 [michaelscutt] INFO: Crawled 1063 pages (at 6 pages/min), scraped 1030 items (at 5 items/min)
2014-01-31 14:54:25+0000 [michaelscutt] INFO: Crawled 1066 pages (at 3 pages/min), scraped 1033 items (at 3 items/min)
2014-01-31 14:55:26+0000 [michaelscutt] INFO: Crawled 1070 pages (at 4 pages/min), scraped 1037 items (at 4 items/min)
2014-01-31 14:56:32+0000 [michaelscutt] INFO: Crawled 1090 pages (at 20 pages/min), scraped 1054 items (at 17 items/min)
2014-01-31 14:57:28+0000 [michaelscutt] INFO: Crawled 1095 pages (at 5 pages/min), scraped 1059 items (at 5 items/min)
2014-01-31 14:58:24+0000 [michaelscutt] INFO: Crawled 1101 pages (at 6 pages/min), scraped 1062 items (at 3 items/min)
2014-01-31 14:59:36+0000 [michaelscutt] INFO: Crawled 1105 pages (at 4 pages/min), scraped 1067 items (at 5 items/min)
2014-01-31 15:00:21+0000 [michaelscutt] INFO: Crawled 1110 pages (at 5 pages/min), scraped 1071 items (at 4 items/min)
2014-01-31 15:01:31+0000 [michaelscutt] INFO: Crawled 1130 pages (at 20 pages/min), scraped 1088 items (at 17 items/min)
2014-01-31 15:02:28+0000 [michaelscutt] INFO: Crawled 1133 pages (at 3 pages/min), scraped 1092 items (at 4 items/min)
2014-01-31 15:03:26+0000 [michaelscutt] INFO: Crawled 1137 pages (at 4 pages/min), scraped 1095 items (at 3 items/min)
2014-01-31 15:04:24+0000 [michaelscutt] INFO: Crawled 1142 pages (at 5 pages/min), scraped 1098 items (at 3 items/min)
2014-01-31 15:05:32+0000 [michaelscutt] INFO: Crawled 1145 pages (at 3 pages/min), scraped 1098 items (at 0 items/min)
2014-01-31 15:05:53+0000 [michaelscutt] INFO: Closing spider (finished)
2014-01-31 15:05:53+0000 [michaelscutt] INFO: Dumping Scrapy stats:
	{'downloader/exception_count': 16,
	 'downloader/exception_type_count/twisted.web._newclient.ResponseNeverReceived': 16,
	 'downloader/request_bytes': 370414,
	 'downloader/request_count': 1173,
	 'downloader/request_method_count/GET': 1173,
	 'downloader/response_bytes': 21405986,
	 'downloader/response_count': 1157,
	 'downloader/response_status_count/200': 1140,
	 'downloader/response_status_count/301': 9,
	 'downloader/response_status_count/404': 8,
	 'finish_reason': 'finished',
	 'finish_time': datetime.datetime(2014, 1, 31, 15, 5, 53, 280525),
	 'item_scraped_count': 1098,
	 'memdebug/gc_garbage_count': 0,
	 'memdebug/live_refs/SpiderAll': 1,
	 'memusage/max': 86274048,
	 'memusage/startup': 44523520,
	 'request_depth_max': 44,
	 'response_received_count': 1148,
	 'scheduler/dequeued': 1173,
	 'scheduler/dequeued/disk': 1173,
	 'scheduler/enqueued': 1173,
	 'scheduler/enqueued/disk': 1173,
	 'start_time': datetime.datetime(2014, 1, 31, 12, 33, 20, 394466)}
2014-01-31 15:05:53+0000 [michaelscutt] INFO: Spider closed (finished)
