2014-01-31 12:42:19+0000 [scrapy] INFO: Enabled extensions: LogStats, TelnetConsole, CloseSpider, WebService, CoreStats, MemoryUsage, MemoryDebugger, SpiderState
2014-01-31 12:42:21+0000 [scrapy] INFO: Enabled downloader middlewares: HttpAuthMiddleware, DownloadTimeoutMiddleware, UserAgentMiddleware, RetryMiddleware, DefaultHeadersMiddleware, MetaRefreshMiddleware, HttpCompressionMiddleware, RedirectMiddleware, CookiesMiddleware, ChunkedTransferMiddleware, DownloaderStats
2014-01-31 12:42:21+0000 [scrapy] INFO: Enabled spider middlewares: HttpErrorMiddleware, OffsiteMiddleware, RefererMiddleware, UrlLengthMiddleware, DepthMiddleware
2014-01-31 12:42:21+0000 [scrapy] INFO: Enabled item pipelines: AllPipeline
2014-01-31 12:42:21+0000 [azrights] INFO: Spider opened
2014-01-31 12:42:21+0000 [azrights] INFO: Crawled 0 pages (at 0 pages/min), scraped 0 items (at 0 items/min)
2014-01-31 12:43:21+0000 [azrights] INFO: Crawled 3 pages (at 3 pages/min), scraped 3 items (at 3 items/min)
2014-01-31 12:44:24+0000 [azrights] INFO: Crawled 8 pages (at 5 pages/min), scraped 8 items (at 5 items/min)
2014-01-31 12:44:40+0000 [scrapy] INFO: Scraped 10 items
2014-01-31 12:45:22+0000 [azrights] INFO: Crawled 14 pages (at 6 pages/min), scraped 12 items (at 4 items/min)
2014-01-31 12:46:30+0000 [azrights] INFO: Crawled 20 pages (at 6 pages/min), scraped 12 items (at 0 items/min)
2014-01-31 12:47:39+0000 [azrights] INFO: Crawled 23 pages (at 3 pages/min), scraped 12 items (at 0 items/min)
2014-01-31 12:48:28+0000 [azrights] INFO: Crawled 25 pages (at 2 pages/min), scraped 12 items (at 0 items/min)
2014-01-31 12:49:21+0000 [azrights] INFO: Crawled 29 pages (at 4 pages/min), scraped 13 items (at 1 items/min)
2014-01-31 12:50:26+0000 [azrights] INFO: Crawled 39 pages (at 10 pages/min), scraped 16 items (at 3 items/min)
2014-01-31 12:51:23+0000 [azrights] INFO: Crawled 41 pages (at 2 pages/min), scraped 16 items (at 0 items/min)
2014-01-31 12:52:30+0000 [azrights] INFO: Crawled 44 pages (at 3 pages/min), scraped 16 items (at 0 items/min)
2014-01-31 12:53:22+0000 [azrights] INFO: Crawled 47 pages (at 3 pages/min), scraped 17 items (at 1 items/min)
2014-01-31 12:54:27+0000 [azrights] INFO: Crawled 54 pages (at 7 pages/min), scraped 20 items (at 3 items/min)
2014-01-31 12:55:38+0000 [azrights] INFO: Crawled 57 pages (at 3 pages/min), scraped 20 items (at 0 items/min)
2014-01-31 12:56:21+0000 [azrights] INFO: Crawled 60 pages (at 3 pages/min), scraped 22 items (at 2 items/min)
2014-01-31 12:57:21+0000 [azrights] INFO: Crawled 64 pages (at 4 pages/min), scraped 23 items (at 1 items/min)
2014-01-31 12:58:23+0000 [azrights] INFO: Crawled 70 pages (at 6 pages/min), scraped 26 items (at 3 items/min)
2014-01-31 12:59:21+0000 [azrights] INFO: Crawled 72 pages (at 2 pages/min), scraped 27 items (at 1 items/min)
2014-01-31 13:00:22+0000 [azrights] INFO: Crawled 74 pages (at 2 pages/min), scraped 27 items (at 0 items/min)
2014-01-31 13:01:21+0000 [azrights] INFO: Crawled 79 pages (at 5 pages/min), scraped 29 items (at 2 items/min)
2014-01-31 13:02:24+0000 [azrights] INFO: Crawled 83 pages (at 4 pages/min), scraped 31 items (at 2 items/min)
2014-01-31 13:03:27+0000 [azrights] INFO: Crawled 86 pages (at 3 pages/min), scraped 31 items (at 0 items/min)
2014-01-31 13:04:41+0000 [azrights] INFO: Crawled 90 pages (at 4 pages/min), scraped 32 items (at 1 items/min)
2014-01-31 13:05:49+0000 [azrights] INFO: Crawled 96 pages (at 6 pages/min), scraped 34 items (at 2 items/min)
2014-01-31 13:06:21+0000 [azrights] INFO: Crawled 98 pages (at 2 pages/min), scraped 35 items (at 1 items/min)
2014-01-31 13:07:21+0000 [azrights] INFO: Crawled 101 pages (at 3 pages/min), scraped 36 items (at 1 items/min)
2014-01-31 13:08:48+0000 [azrights] INFO: Crawled 105 pages (at 4 pages/min), scraped 39 items (at 3 items/min)
2014-01-31 13:09:26+0000 [azrights] INFO: Crawled 111 pages (at 6 pages/min), scraped 43 items (at 4 items/min)
2014-01-31 13:10:26+0000 [azrights] INFO: Crawled 114 pages (at 3 pages/min), scraped 46 items (at 3 items/min)
2014-01-31 13:11:22+0000 [azrights] INFO: Crawled 116 pages (at 2 pages/min), scraped 47 items (at 1 items/min)
2014-01-31 13:12:22+0000 [azrights] INFO: Crawled 119 pages (at 3 pages/min), scraped 49 items (at 2 items/min)
2014-01-31 13:13:24+0000 [azrights] INFO: Crawled 126 pages (at 7 pages/min), scraped 56 items (at 7 items/min)
2014-01-31 13:14:37+0000 [azrights] INFO: Crawled 130 pages (at 4 pages/min), scraped 57 items (at 1 items/min)
2014-01-31 13:15:36+0000 [azrights] INFO: Crawled 133 pages (at 3 pages/min), scraped 60 items (at 3 items/min)
2014-01-31 13:16:33+0000 [azrights] INFO: Crawled 136 pages (at 3 pages/min), scraped 62 items (at 2 items/min)
2014-01-31 13:17:27+0000 [azrights] INFO: Crawled 142 pages (at 6 pages/min), scraped 66 items (at 4 items/min)
2014-01-31 13:18:23+0000 [azrights] INFO: Crawled 145 pages (at 3 pages/min), scraped 68 items (at 2 items/min)
2014-01-31 13:19:25+0000 [azrights] INFO: Crawled 149 pages (at 4 pages/min), scraped 71 items (at 3 items/min)
2014-01-31 13:20:22+0000 [azrights] INFO: Crawled 152 pages (at 3 pages/min), scraped 73 items (at 2 items/min)
2014-01-31 13:21:25+0000 [azrights] INFO: Crawled 160 pages (at 8 pages/min), scraped 81 items (at 8 items/min)
2014-01-31 13:22:26+0000 [azrights] INFO: Crawled 163 pages (at 3 pages/min), scraped 84 items (at 3 items/min)
2014-01-31 13:23:26+0000 [azrights] INFO: Crawled 166 pages (at 3 pages/min), scraped 87 items (at 3 items/min)
2014-01-31 13:24:25+0000 [azrights] INFO: Crawled 169 pages (at 3 pages/min), scraped 90 items (at 3 items/min)
2014-01-31 13:25:28+0000 [azrights] INFO: Crawled 175 pages (at 6 pages/min), scraped 94 items (at 4 items/min)
2014-01-31 13:26:34+0000 [azrights] INFO: Crawled 182 pages (at 7 pages/min), scraped 97 items (at 3 items/min)
2014-01-31 13:27:32+0000 [azrights] INFO: Crawled 186 pages (at 4 pages/min), scraped 100 items (at 3 items/min)
2014-01-31 13:28:28+0000 [azrights] INFO: Crawled 189 pages (at 3 pages/min), scraped 103 items (at 3 items/min)
2014-01-31 13:29:22+0000 [azrights] INFO: Crawled 196 pages (at 7 pages/min), scraped 110 items (at 7 items/min)
2014-01-31 13:30:26+0000 [azrights] INFO: Crawled 200 pages (at 4 pages/min), scraped 112 items (at 2 items/min)
2014-01-31 13:31:35+0000 [azrights] INFO: Crawled 207 pages (at 7 pages/min), scraped 116 items (at 4 items/min)
2014-01-31 13:32:46+0000 [azrights] INFO: Crawled 209 pages (at 2 pages/min), scraped 118 items (at 2 items/min)
2014-01-31 13:33:24+0000 [azrights] INFO: Crawled 211 pages (at 2 pages/min), scraped 120 items (at 2 items/min)
2014-01-31 13:34:21+0000 [azrights] INFO: Crawled 219 pages (at 8 pages/min), scraped 127 items (at 7 items/min)
2014-01-31 13:35:22+0000 [azrights] INFO: Crawled 224 pages (at 5 pages/min), scraped 130 items (at 3 items/min)
2014-01-31 13:36:29+0000 [azrights] INFO: Crawled 229 pages (at 5 pages/min), scraped 135 items (at 5 items/min)
2014-01-31 13:37:23+0000 [azrights] INFO: Crawled 234 pages (at 5 pages/min), scraped 138 items (at 3 items/min)
2014-01-31 13:38:29+0000 [azrights] INFO: Crawled 249 pages (at 15 pages/min), scraped 143 items (at 5 items/min)
2014-01-31 13:39:31+0000 [azrights] INFO: Crawled 255 pages (at 6 pages/min), scraped 146 items (at 3 items/min)
2014-01-31 13:40:32+0000 [azrights] INFO: Crawled 259 pages (at 4 pages/min), scraped 150 items (at 4 items/min)
2014-01-31 13:41:24+0000 [azrights] INFO: Crawled 263 pages (at 4 pages/min), scraped 154 items (at 4 items/min)
2014-01-31 13:42:29+0000 [azrights] INFO: Crawled 277 pages (at 14 pages/min), scraped 165 items (at 11 items/min)
2014-01-31 13:43:23+0000 [azrights] INFO: Crawled 281 pages (at 4 pages/min), scraped 169 items (at 4 items/min)
2014-01-31 13:44:23+0000 [azrights] INFO: Crawled 290 pages (at 9 pages/min), scraped 173 items (at 4 items/min)
2014-01-31 13:45:25+0000 [azrights] INFO: Crawled 299 pages (at 9 pages/min), scraped 177 items (at 4 items/min)
2014-01-31 13:46:21+0000 [azrights] INFO: Crawled 304 pages (at 5 pages/min), scraped 181 items (at 4 items/min)
2014-01-31 13:47:26+0000 [azrights] INFO: Crawled 317 pages (at 13 pages/min), scraped 191 items (at 10 items/min)
2014-01-31 13:48:21+0000 [azrights] INFO: Crawled 322 pages (at 5 pages/min), scraped 195 items (at 4 items/min)
2014-01-31 13:49:22+0000 [azrights] INFO: Crawled 330 pages (at 8 pages/min), scraped 198 items (at 3 items/min)
2014-01-31 13:50:35+0000 [azrights] INFO: Crawled 334 pages (at 4 pages/min), scraped 199 items (at 1 items/min)
2014-01-31 13:51:21+0000 [azrights] INFO: Crawled 341 pages (at 7 pages/min), scraped 203 items (at 4 items/min)
2014-01-31 13:52:21+0000 [azrights] INFO: Crawled 349 pages (at 8 pages/min), scraped 206 items (at 3 items/min)
2014-01-31 13:53:29+0000 [azrights] INFO: Crawled 355 pages (at 6 pages/min), scraped 210 items (at 4 items/min)
2014-01-31 13:54:21+0000 [azrights] INFO: Crawled 360 pages (at 5 pages/min), scraped 213 items (at 3 items/min)
2014-01-31 13:55:21+0000 [azrights] INFO: Crawled 373 pages (at 13 pages/min), scraped 218 items (at 5 items/min)
2014-01-31 13:56:21+0000 [azrights] INFO: Crawled 386 pages (at 13 pages/min), scraped 223 items (at 5 items/min)
2014-01-31 13:57:24+0000 [azrights] INFO: Crawled 394 pages (at 8 pages/min), scraped 227 items (at 4 items/min)
2014-01-31 13:58:31+0000 [azrights] INFO: Crawled 401 pages (at 7 pages/min), scraped 230 items (at 3 items/min)
2014-01-31 13:59:30+0000 [azrights] INFO: Crawled 407 pages (at 6 pages/min), scraped 234 items (at 4 items/min)
2014-01-31 14:00:21+0000 [azrights] INFO: Crawled 424 pages (at 17 pages/min), scraped 242 items (at 8 items/min)
2014-01-31 14:01:27+0000 [azrights] INFO: Crawled 434 pages (at 10 pages/min), scraped 249 items (at 7 items/min)
2014-01-31 14:02:37+0000 [azrights] INFO: Crawled 441 pages (at 7 pages/min), scraped 252 items (at 3 items/min)
2014-01-31 14:03:22+0000 [azrights] INFO: Crawled 447 pages (at 6 pages/min), scraped 252 items (at 0 items/min)
2014-01-31 14:04:22+0000 [azrights] INFO: Crawled 451 pages (at 4 pages/min), scraped 253 items (at 1 items/min)
2014-01-31 14:05:23+0000 [azrights] INFO: Crawled 464 pages (at 13 pages/min), scraped 257 items (at 4 items/min)
2014-01-31 14:06:21+0000 [azrights] INFO: Crawled 469 pages (at 5 pages/min), scraped 261 items (at 4 items/min)
2014-01-31 14:07:21+0000 [azrights] INFO: Crawled 475 pages (at 6 pages/min), scraped 262 items (at 1 items/min)
2014-01-31 14:08:21+0000 [azrights] INFO: Crawled 482 pages (at 7 pages/min), scraped 265 items (at 3 items/min)
2014-01-31 14:09:21+0000 [azrights] INFO: Crawled 489 pages (at 7 pages/min), scraped 272 items (at 7 items/min)
2014-01-31 14:10:25+0000 [azrights] INFO: Crawled 502 pages (at 13 pages/min), scraped 280 items (at 8 items/min)
2014-01-31 14:11:28+0000 [azrights] INFO: Crawled 506 pages (at 4 pages/min), scraped 284 items (at 4 items/min)
2014-01-31 14:12:29+0000 [azrights] INFO: Crawled 510 pages (at 4 pages/min), scraped 288 items (at 4 items/min)
2014-01-31 14:13:28+0000 [azrights] INFO: Crawled 516 pages (at 6 pages/min), scraped 292 items (at 4 items/min)
2014-01-31 14:14:22+0000 [azrights] INFO: Crawled 526 pages (at 10 pages/min), scraped 298 items (at 6 items/min)
2014-01-31 14:15:24+0000 [azrights] INFO: Crawled 530 pages (at 4 pages/min), scraped 301 items (at 3 items/min)
2014-01-31 14:16:21+0000 [azrights] INFO: Crawled 535 pages (at 5 pages/min), scraped 302 items (at 1 items/min)
2014-01-31 14:17:28+0000 [azrights] INFO: Crawled 541 pages (at 6 pages/min), scraped 306 items (at 4 items/min)
2014-01-31 14:18:29+0000 [azrights] INFO: Crawled 547 pages (at 6 pages/min), scraped 308 items (at 2 items/min)
2014-01-31 14:19:24+0000 [azrights] INFO: Crawled 555 pages (at 8 pages/min), scraped 312 items (at 4 items/min)
2014-01-31 14:20:31+0000 [azrights] INFO: Crawled 558 pages (at 3 pages/min), scraped 312 items (at 0 items/min)
2014-01-31 14:21:29+0000 [azrights] INFO: Crawled 565 pages (at 7 pages/min), scraped 312 items (at 0 items/min)
2014-01-31 14:22:21+0000 [azrights] INFO: Crawled 570 pages (at 5 pages/min), scraped 312 items (at 0 items/min)
2014-01-31 14:23:23+0000 [azrights] INFO: Crawled 578 pages (at 8 pages/min), scraped 317 items (at 5 items/min)
2014-01-31 14:24:22+0000 [azrights] INFO: Crawled 583 pages (at 5 pages/min), scraped 320 items (at 3 items/min)
2014-01-31 14:25:31+0000 [azrights] INFO: Crawled 589 pages (at 6 pages/min), scraped 320 items (at 0 items/min)
2014-01-31 14:26:22+0000 [azrights] INFO: Crawled 595 pages (at 6 pages/min), scraped 321 items (at 1 items/min)
2014-01-31 14:27:21+0000 [azrights] INFO: Crawled 601 pages (at 6 pages/min), scraped 326 items (at 5 items/min)
2014-01-31 14:28:25+0000 [azrights] INFO: Crawled 608 pages (at 7 pages/min), scraped 332 items (at 6 items/min)
2014-01-31 14:29:21+0000 [azrights] INFO: Crawled 613 pages (at 5 pages/min), scraped 336 items (at 4 items/min)
2014-01-31 14:30:24+0000 [azrights] INFO: Crawled 616 pages (at 3 pages/min), scraped 336 items (at 0 items/min)
2014-01-31 14:31:23+0000 [azrights] INFO: Crawled 619 pages (at 3 pages/min), scraped 338 items (at 2 items/min)
2014-01-31 14:32:22+0000 [azrights] INFO: Crawled 625 pages (at 6 pages/min), scraped 341 items (at 3 items/min)
2014-01-31 14:33:30+0000 [azrights] INFO: Crawled 629 pages (at 4 pages/min), scraped 342 items (at 1 items/min)
2014-01-31 14:34:23+0000 [azrights] INFO: Crawled 634 pages (at 5 pages/min), scraped 344 items (at 2 items/min)
2014-01-31 14:35:40+0000 [azrights] INFO: Crawled 638 pages (at 4 pages/min), scraped 344 items (at 0 items/min)
2014-01-31 14:36:25+0000 [azrights] INFO: Crawled 640 pages (at 2 pages/min), scraped 344 items (at 0 items/min)
2014-01-31 14:37:21+0000 [azrights] INFO: Crawled 652 pages (at 12 pages/min), scraped 344 items (at 0 items/min)
2014-01-31 14:38:22+0000 [azrights] INFO: Crawled 660 pages (at 8 pages/min), scraped 344 items (at 0 items/min)
2014-01-31 14:39:22+0000 [azrights] INFO: Crawled 664 pages (at 4 pages/min), scraped 346 items (at 2 items/min)
2014-01-31 14:40:22+0000 [azrights] INFO: Crawled 668 pages (at 4 pages/min), scraped 350 items (at 4 items/min)
2014-01-31 14:41:21+0000 [azrights] INFO: Crawled 672 pages (at 4 pages/min), scraped 353 items (at 3 items/min)
2014-01-31 14:42:27+0000 [azrights] INFO: Crawled 678 pages (at 6 pages/min), scraped 358 items (at 5 items/min)
2014-01-31 14:43:21+0000 [azrights] INFO: Crawled 682 pages (at 4 pages/min), scraped 361 items (at 3 items/min)
2014-01-31 14:44:22+0000 [azrights] INFO: Crawled 687 pages (at 5 pages/min), scraped 364 items (at 3 items/min)
2014-01-31 14:45:36+0000 [azrights] INFO: Crawled 690 pages (at 3 pages/min), scraped 367 items (at 3 items/min)
2014-01-31 14:46:22+0000 [azrights] INFO: Crawled 698 pages (at 8 pages/min), scraped 373 items (at 6 items/min)
2014-01-31 14:47:36+0000 [azrights] INFO: Crawled 704 pages (at 6 pages/min), scraped 377 items (at 4 items/min)
2014-01-31 14:48:29+0000 [azrights] INFO: Crawled 707 pages (at 3 pages/min), scraped 379 items (at 2 items/min)
2014-01-31 14:49:43+0000 [azrights] INFO: Crawled 711 pages (at 4 pages/min), scraped 382 items (at 3 items/min)
2014-01-31 14:50:30+0000 [azrights] INFO: Crawled 713 pages (at 2 pages/min), scraped 384 items (at 2 items/min)
2014-01-31 14:51:22+0000 [azrights] INFO: Crawled 725 pages (at 12 pages/min), scraped 389 items (at 5 items/min)
2014-01-31 14:52:34+0000 [azrights] INFO: Crawled 728 pages (at 3 pages/min), scraped 391 items (at 2 items/min)
2014-01-31 14:53:33+0000 [azrights] INFO: Crawled 731 pages (at 3 pages/min), scraped 394 items (at 3 items/min)
2014-01-31 14:54:22+0000 [azrights] INFO: Crawled 734 pages (at 3 pages/min), scraped 397 items (at 3 items/min)
2014-01-31 14:55:30+0000 [azrights] INFO: Crawled 737 pages (at 3 pages/min), scraped 400 items (at 3 items/min)
2014-01-31 14:56:28+0000 [azrights] INFO: Crawled 746 pages (at 9 pages/min), scraped 408 items (at 8 items/min)
2014-01-31 14:57:36+0000 [azrights] INFO: Crawled 751 pages (at 5 pages/min), scraped 411 items (at 3 items/min)
2014-01-31 14:58:21+0000 [azrights] INFO: Crawled 756 pages (at 5 pages/min), scraped 413 items (at 2 items/min)
2014-01-31 14:59:23+0000 [azrights] INFO: Crawled 760 pages (at 4 pages/min), scraped 416 items (at 3 items/min)
2014-01-31 15:00:34+0000 [azrights] INFO: Crawled 771 pages (at 11 pages/min), scraped 418 items (at 2 items/min)
2014-01-31 15:01:32+0000 [azrights] INFO: Crawled 780 pages (at 9 pages/min), scraped 426 items (at 8 items/min)
2014-01-31 15:02:34+0000 [azrights] INFO: Crawled 783 pages (at 3 pages/min), scraped 429 items (at 3 items/min)
2014-01-31 15:03:41+0000 [azrights] INFO: Crawled 786 pages (at 3 pages/min), scraped 432 items (at 3 items/min)
2014-01-31 15:04:22+0000 [azrights] INFO: Crawled 789 pages (at 3 pages/min), scraped 435 items (at 3 items/min)
2014-01-31 15:05:27+0000 [azrights] INFO: Crawled 794 pages (at 5 pages/min), scraped 439 items (at 4 items/min)
2014-01-31 15:06:21+0000 [azrights] INFO: Crawled 813 pages (at 19 pages/min), scraped 451 items (at 12 items/min)
2014-01-31 15:07:21+0000 [azrights] INFO: Crawled 836 pages (at 23 pages/min), scraped 456 items (at 5 items/min)
2014-01-31 15:08:21+0000 [azrights] INFO: Crawled 861 pages (at 25 pages/min), scraped 456 items (at 0 items/min)
2014-01-31 15:09:21+0000 [azrights] INFO: Crawled 885 pages (at 24 pages/min), scraped 458 items (at 2 items/min)
2014-01-31 15:10:21+0000 [azrights] INFO: Crawled 908 pages (at 23 pages/min), scraped 458 items (at 0 items/min)
2014-01-31 15:10:52+0000 [azrights] INFO: Closing spider (finished)
2014-01-31 15:10:52+0000 [azrights] INFO: Dumping Scrapy stats:
	{'downloader/request_bytes': 354292,
	 'downloader/request_count': 920,
	 'downloader/request_method_count/GET': 920,
	 'downloader/response_bytes': 64740989,
	 'downloader/response_count': 920,
	 'downloader/response_status_count/200': 738,
	 'downloader/response_status_count/404': 182,
	 'finish_reason': 'finished',
	 'finish_time': datetime.datetime(2014, 1, 31, 15, 10, 52, 256211),
	 'item_scraped_count': 459,
	 'memdebug/gc_garbage_count': 0,
	 'memdebug/live_refs/SpiderAll': 1,
	 'memusage/max': 89923584,
	 'memusage/startup': 44482560,
	 'request_depth_max': 30,
	 'response_received_count': 920,
	 'scheduler/dequeued': 920,
	 'scheduler/dequeued/disk': 920,
	 'scheduler/enqueued': 920,
	 'scheduler/enqueued/disk': 920,
	 'start_time': datetime.datetime(2014, 1, 31, 12, 42, 21, 614440)}
2014-01-31 15:10:52+0000 [azrights] INFO: Spider closed (finished)
