2014-01-31 12:58:13+0000 [scrapy] INFO: Enabled extensions: LogStats, TelnetConsole, CloseSpider, WebService, CoreStats, MemoryUsage, MemoryDebugger, SpiderState
2014-01-31 12:58:15+0000 [scrapy] INFO: Enabled downloader middlewares: HttpAuthMiddleware, DownloadTimeoutMiddleware, UserAgentMiddleware, RetryMiddleware, DefaultHeadersMiddleware, MetaRefreshMiddleware, HttpCompressionMiddleware, RedirectMiddleware, CookiesMiddleware, ChunkedTransferMiddleware, DownloaderStats
2014-01-31 12:58:15+0000 [scrapy] INFO: Enabled spider middlewares: HttpErrorMiddleware, OffsiteMiddleware, RefererMiddleware, UrlLengthMiddleware, DepthMiddleware
2014-01-31 12:58:16+0000 [scrapy] INFO: Enabled item pipelines: AllPipeline
2014-01-31 12:58:16+0000 [lblaw] INFO: Spider opened
2014-01-31 12:58:16+0000 [lblaw] INFO: Crawled 0 pages (at 0 pages/min), scraped 0 items (at 0 items/min)
2014-01-31 12:59:25+0000 [lblaw] INFO: Crawled 5 pages (at 5 pages/min), scraped 5 items (at 5 items/min)
2014-01-31 13:00:05+0000 [scrapy] INFO: Scraped 10 items
2014-01-31 13:00:16+0000 [lblaw] INFO: Crawled 10 pages (at 5 pages/min), scraped 10 items (at 5 items/min)
2014-01-31 13:01:16+0000 [lblaw] INFO: Crawled 20 pages (at 10 pages/min), scraped 19 items (at 9 items/min)
2014-01-31 13:02:16+0000 [lblaw] INFO: Crawled 31 pages (at 11 pages/min), scraped 28 items (at 9 items/min)
2014-01-31 13:03:19+0000 [lblaw] INFO: Crawled 35 pages (at 4 pages/min), scraped 29 items (at 1 items/min)
2014-01-31 13:04:27+0000 [lblaw] INFO: Crawled 40 pages (at 5 pages/min), scraped 32 items (at 3 items/min)
2014-01-31 13:05:16+0000 [lblaw] INFO: Crawled 52 pages (at 12 pages/min), scraped 39 items (at 7 items/min)
2014-01-31 13:06:21+0000 [lblaw] INFO: Crawled 59 pages (at 7 pages/min), scraped 41 items (at 2 items/min)
2014-01-31 13:07:16+0000 [lblaw] INFO: Crawled 64 pages (at 5 pages/min), scraped 44 items (at 3 items/min)
2014-01-31 13:08:22+0000 [lblaw] INFO: Crawled 68 pages (at 4 pages/min), scraped 48 items (at 4 items/min)
2014-01-31 13:09:19+0000 [lblaw] INFO: Crawled 82 pages (at 14 pages/min), scraped 53 items (at 5 items/min)
2014-01-31 13:10:25+0000 [lblaw] INFO: Crawled 87 pages (at 5 pages/min), scraped 53 items (at 0 items/min)
2014-01-31 13:11:18+0000 [lblaw] INFO: Crawled 91 pages (at 4 pages/min), scraped 53 items (at 0 items/min)
2014-01-31 13:12:25+0000 [lblaw] INFO: Crawled 96 pages (at 5 pages/min), scraped 53 items (at 0 items/min)
2014-01-31 13:13:16+0000 [lblaw] INFO: Crawled 110 pages (at 14 pages/min), scraped 55 items (at 2 items/min)
2014-01-31 13:14:16+0000 [lblaw] INFO: Crawled 116 pages (at 6 pages/min), scraped 57 items (at 2 items/min)
2014-01-31 13:15:21+0000 [lblaw] INFO: Crawled 120 pages (at 4 pages/min), scraped 57 items (at 0 items/min)
2014-01-31 13:16:16+0000 [lblaw] INFO: Crawled 124 pages (at 4 pages/min), scraped 58 items (at 1 items/min)
2014-01-31 13:17:23+0000 [lblaw] INFO: Crawled 138 pages (at 14 pages/min), scraped 60 items (at 2 items/min)
2014-01-31 13:18:18+0000 [lblaw] INFO: Crawled 142 pages (at 4 pages/min), scraped 60 items (at 0 items/min)
2014-01-31 13:19:26+0000 [lblaw] INFO: Crawled 148 pages (at 6 pages/min), scraped 62 items (at 2 items/min)
2014-01-31 13:20:18+0000 [lblaw] INFO: Crawled 152 pages (at 4 pages/min), scraped 62 items (at 0 items/min)
2014-01-31 13:21:23+0000 [lblaw] INFO: Crawled 171 pages (at 19 pages/min), scraped 76 items (at 14 items/min)
2014-01-31 13:22:18+0000 [lblaw] INFO: Crawled 176 pages (at 5 pages/min), scraped 81 items (at 5 items/min)
2014-01-31 13:23:27+0000 [lblaw] INFO: Crawled 182 pages (at 6 pages/min), scraped 87 items (at 6 items/min)
2014-01-31 13:24:25+0000 [lblaw] INFO: Crawled 187 pages (at 5 pages/min), scraped 92 items (at 5 items/min)
2014-01-31 13:25:21+0000 [lblaw] INFO: Crawled 200 pages (at 13 pages/min), scraped 105 items (at 13 items/min)
2014-01-31 13:26:24+0000 [lblaw] INFO: Crawled 205 pages (at 5 pages/min), scraped 110 items (at 5 items/min)
2014-01-31 13:27:16+0000 [lblaw] INFO: Crawled 210 pages (at 5 pages/min), scraped 114 items (at 4 items/min)
2014-01-31 13:28:23+0000 [lblaw] INFO: Crawled 214 pages (at 4 pages/min), scraped 119 items (at 5 items/min)
2014-01-31 13:29:16+0000 [lblaw] INFO: Crawled 225 pages (at 11 pages/min), scraped 130 items (at 11 items/min)
2014-01-31 13:29:55+0000 [lblaw] INFO: Closing spider (finished)
2014-01-31 13:29:56+0000 [lblaw] INFO: Dumping Scrapy stats:
	{'downloader/request_bytes': 76867,
	 'downloader/request_count': 230,
	 'downloader/request_method_count/GET': 230,
	 'downloader/response_bytes': 1491229,
	 'downloader/response_count': 230,
	 'downloader/response_status_count/200': 230,
	 'finish_reason': 'finished',
	 'finish_time': datetime.datetime(2014, 1, 31, 13, 29, 55, 113122),
	 'item_scraped_count': 135,
	 'memdebug/gc_garbage_count': 0,
	 'memdebug/live_refs/SpiderAll': 1,
	 'memusage/max': 54865920,
	 'memusage/startup': 44494848,
	 'request_depth_max': 14,
	 'response_received_count': 230,
	 'scheduler/dequeued': 230,
	 'scheduler/dequeued/disk': 230,
	 'scheduler/enqueued': 230,
	 'scheduler/enqueued/disk': 230,
	 'start_time': datetime.datetime(2014, 1, 31, 12, 58, 16, 297033)}
2014-01-31 13:29:56+0000 [lblaw] INFO: Spider closed (finished)
